1761213765.4344974 [INFO] [launch]: All log files can be found below /root/.ros/log/2025-10-23-10-02-45-433670-rodeppc-79151
1761213765.4346194 [INFO] [launch]: Default logging verbosity is set to INFO
1761213765.5367725 [INFO] [static_transform_publisher-1]: process started with pid [79154]
1761213765.5369136 [INFO] [robot_state_publisher-2]: process started with pid [79155]
1761213765.5370107 [INFO] [joint_state_publisher_gui-3]: process started with pid [79156]
1761213765.5370977 [INFO] [move_group-4]: process started with pid [79157]
1761213765.5371680 [INFO] [rviz2-5]: process started with pid [79158]
1761213765.5554960 [static_transform_publisher-1] [WARN] [1761213765.555151194] []: Old-style arguments are deprecated; see --help for new-style arguments
1761213765.5759108 [robot_state_publisher-2] [WARN] [1761213765.575655038] [kdl_parser]: The root link base_link has an inertia specified in the URDF, but KDL does not support a root link with an inertia.  As a workaround, you can add an extra dummy link to your URDF.
1761213765.5762231 [robot_state_publisher-2] [INFO] [1761213765.575760789] [robot_state_publisher]: Robot initialized
1761213765.5763943 [static_transform_publisher-1] [INFO] [1761213765.576004659] [static_transform_publisher]: Spinning until stopped - publishing transform
1761213765.5764759 [static_transform_publisher-1] translation: ('0.000000', '0.000000', '0.000000')
1761213765.5765357 [static_transform_publisher-1] rotation: ('0.000000', '0.000000', '0.000000', '1.000000')
1761213765.5765965 [static_transform_publisher-1] from 'world' to 'base_link'
1761213765.5912578 [rviz2-5] QStandardPaths: XDG_RUNTIME_DIR not set, defaulting to '/tmp/runtime-root'
1761213765.7834604 [ERROR] [move_group-4]: process has died [pid 79157, exit code -6, cmd '/opt/ros/jazzy/lib/moveit_ros_move_group/move_group --ros-args --params-file /tmp/launch_params_9s12eafg'].
1761213766.2800868 [joint_state_publisher_gui-3] QStandardPaths: XDG_RUNTIME_DIR not set, defaulting to '/tmp/runtime-root'
1761213766.2909918 [rviz2-5] [INFO] [1761213766.290818486] [rviz2]: Stereo is NOT SUPPORTED
1761213766.2912693 [rviz2-5] [INFO] [1761213766.290973336] [rviz2]: OpenGl version: 4.6 (GLSL 4.6)
1761213766.3276339 [rviz2-5] [INFO] [1761213766.327419708] [rviz2]: Stereo is NOT SUPPORTED
1761213766.3383038 [joint_state_publisher_gui-3] [INFO] [1761213766.338025325] [joint_state_publisher_gui]: Waiting for robot_description to be published on the robot_description topic...
1761213766.3490536 [joint_state_publisher_gui-3] [INFO] [1761213766.348836883] [joint_state_publisher_gui]: Centering
1761213766.4242523 [rviz2-5] Warning: class_loader.impl: SEVERE WARNING!!! A namespace collision has occurred with plugin factory for class rviz_default_plugins::displays::InteractiveMarkerDisplay. New factory will OVERWRITE existing one. This situation occurs when libraries containing plugins are directly linked against an executable (the one running right now generating this message). Please separate plugins out into their own library or just don't link against the library and use either class_loader::ClassLoader/MultiLibraryClassLoader to open.
1761213766.4244473 [rviz2-5]          at line 321 in /opt/ros/jazzy/include/class_loader/class_loader/class_loader_core.hpp
1761213766.4255407 [rviz2-5] [WARN] [1761213766.425377973] [rcl.logging_rosout]: Publisher already registered for node name: 'rviz2'. If this is due to multiple nodes with the same name then all logs for the logger named 'rviz2' will go out over the existing publisher. As soon as any node with that name is destructed it will unregister the publisher, preventing any further logs for that name from being published on the rosout topic.
1761213768.5906961 [joint_state_publisher_gui-3] [INFO] [1761213768.590494558] [joint_state_publisher_gui]: Centering
1761213768.5945442 [joint_state_publisher_gui-3] [INFO] [1761213768.594393463] [joint_state_publisher_gui]: Centering
1761213769.4791574 [rviz2-5] [ERROR] [1761213769.478894664] [rviz2.moveit.ros.motion_planning_frame]: Action server: /recognize_objects not available
1761213769.4916971 [rviz2-5] [INFO] [1761213769.491464879] [rviz2.moveit.ros.motion_planning_frame]: MoveGroup namespace changed: / -> . Reloading params.
1761213769.5029955 [rviz2-5] [WARN] [1761213769.502558997] [rcl.logging_rosout]: Publisher already registered for node name: 'rviz2'. If this is due to multiple nodes with the same name then all logs for the logger named 'rviz2' will go out over the existing publisher. As soon as any node with that name is destructed it will unregister the publisher, preventing any further logs for that name from being published on the rosout topic.
1761213769.5445604 [rviz2-5] [INFO] [1761213769.544344319] [rviz2.moveit.ros.rdf_loader]: Loaded robot model in 0.0023245 seconds
1761213769.5448930 [rviz2-5] [INFO] [1761213769.544436736] [rviz2.moveit.core.robot_model]: Loading robot model 'sekirei'...
1761213769.5449979 [rviz2-5] [INFO] [1761213769.544468016] [rviz2.moveit.core.robot_model]: No root/virtual joint specified in SRDF. Assuming fixed joint
1761213769.5450745 [rviz2-5] [WARN] [1761213769.544740272] [rviz2.moveit.core.robot_model]: Could not identify parent group for end-effector 'end_effector'
1761213769.5503516 [rviz2-5] [WARN] [1761213769.550194939] [kdl_parser]: The root link base_link has an inertia specified in the URDF, but KDL does not support a root link with an inertia.  As a workaround, you can add an extra dummy link to your URDF.
1761213769.5505815 [rviz2-5] [INFO] [1761213769.550328304] [rviz2.moveit.kinematics.kdl_kinematics_plugin]: Joint weights for group 'sekirei_arm': 1 1 1 1 1 1
1761213769.5847130 [rviz2-5] [INFO] [1761213769.584327956] [rviz2.moveit.ros.planning_scene_monitor]: Starting planning scene monitor
1761213769.5857480 [rviz2-5] [INFO] [1761213769.585578437] [rviz2.moveit.ros.planning_scene_monitor]: Listening to '/monitored_planning_scene'
1761213769.9262977 [rviz2-5] [INFO] [1761213769.926146999] [interactive_marker_display_105885912558976]: Connected on namespace: /rviz_moveit_motion_planning_display/robot_interaction_interactive_marker_topic
1761213769.9278908 [rviz2-5] [WARN] [1761213769.927812788] [kdl_parser]: The root link base_link has an inertia specified in the URDF, but KDL does not support a root link with an inertia.  As a workaround, you can add an extra dummy link to your URDF.
1761213770.4127810 [ERROR] [rviz2-5]: process has died [pid 79158, exit code -11, cmd '/opt/ros/jazzy/lib/rviz2/rviz2 -d /root/ros_ws/install/sekirei_moveit_config/share/sekirei_moveit_config/config/moveit.rviz --ros-args -r __node:=rviz2 --params-file /tmp/launch_params_44miuix8'].
1761213773.5776372 [WARNING] [launch]: user interrupted with ctrl-c (SIGINT)
1761213773.5790596 [static_transform_publisher-1] [INFO] [1761213773.577519219] [rclcpp]: signal_handler(signum=2)
1761213773.5792565 [robot_state_publisher-2] [INFO] [1761213773.577529506] [rclcpp]: signal_handler(signum=2)
1761213773.5853903 [ERROR] [joint_state_publisher_gui-3]: process has died [pid 79156, exit code -2, cmd '/opt/ros/jazzy/lib/joint_state_publisher_gui/joint_state_publisher_gui --ros-args -r __node:=joint_state_publisher_gui'].
1761213773.6891749 [INFO] [static_transform_publisher-1]: process has finished cleanly [pid 79154]
1761213773.6918111 [INFO] [robot_state_publisher-2]: process has finished cleanly [pid 79155]
