[0.000000] (-) TimerEvent: {}
[0.000448] (micro_ros_setup) JobQueued: {'identifier': 'micro_ros_setup', 'dependencies': OrderedDict()}
[0.000662] (micro_ros_setup) JobStarted: {'identifier': 'micro_ros_setup'}
[0.007763] (micro_ros_setup) JobProgress: {'identifier': 'micro_ros_setup', 'progress': 'cmake'}
[0.008471] (micro_ros_setup) JobProgress: {'identifier': 'micro_ros_setup', 'progress': 'build'}
[0.008929] (micro_ros_setup) Command: {'cmd': ['/usr/bin/cmake', '--build', '/root/microros_ws/build/micro_ros_setup', '--', '-j16', '-l16'], 'cwd': '/root/microros_ws/build/micro_ros_setup', 'env': OrderedDict({'USER': 'root', 'CCACHE_DIR': '/root/.ccache', 'HOSTNAME': 'rodeppc', 'SHLVL': '5', 'LD_LIBRARY_PATH': '/opt/ros/jazzy/opt/rviz_ogre_vendor/lib:/opt/ros/jazzy/lib/x86_64-linux-gnu:/opt/ros/jazzy/opt/gz_math_vendor/lib:/opt/ros/jazzy/opt/gz_utils_vendor/lib:/opt/ros/jazzy/opt/gz_cmake_vendor/lib:/opt/ros/jazzy/lib', 'HOME': '/root', 'OLDPWD': '/root', 'ROS_PYTHON_VERSION': '3', 'CCACHE_MAXSIZE': '30G', 'ROS_DISTRO': 'jazzy', '_': '/usr/bin/colcon', 'ROS_VERSION': '2', 'TERM': 'xterm', 'PATH': '/opt/ros/jazzy/bin:/usr/lib/ccache:/usr/local/sbin:/usr/local/bin:/usr/sbin:/usr/bin:/sbin:/bin', 'DISPLAY': ':0', 'LANG': 'C.UTF-8', 'ROS_DOMAIN_ID': '0', 'AMENT_PREFIX_PATH': '/opt/ros/jazzy', 'DEBIAN_FRONTEND': 'noninteractive', 'ROS_AUTOMATIC_DISCOVERY_RANGE': 'SUBNET', 'PWD': '/root/microros_ws/build/micro_ros_setup', 'LC_ALL': 'C.UTF-8', 'PYTHONPATH': '/opt/ros/jazzy/lib/python3.12/site-packages', 'COLCON': '1', 'CMAKE_PREFIX_PATH': '/opt/ros/jazzy/opt/gz_math_vendor:/opt/ros/jazzy/opt/gz_utils_vendor:/opt/ros/jazzy/opt/gz_cmake_vendor:/opt/ros/jazzy'}), 'shell': False}
[0.037730] (micro_ros_setup) CommandEnded: {'returncode': 0}
[0.038550] (micro_ros_setup) JobProgress: {'identifier': 'micro_ros_setup', 'progress': 'install'}
[0.044377] (micro_ros_setup) Command: {'cmd': ['/usr/bin/cmake', '--install', '/root/microros_ws/build/micro_ros_setup'], 'cwd': '/root/microros_ws/build/micro_ros_setup', 'env': OrderedDict({'USER': 'root', 'CCACHE_DIR': '/root/.ccache', 'HOSTNAME': 'rodeppc', 'SHLVL': '5', 'LD_LIBRARY_PATH': '/opt/ros/jazzy/opt/rviz_ogre_vendor/lib:/opt/ros/jazzy/lib/x86_64-linux-gnu:/opt/ros/jazzy/opt/gz_math_vendor/lib:/opt/ros/jazzy/opt/gz_utils_vendor/lib:/opt/ros/jazzy/opt/gz_cmake_vendor/lib:/opt/ros/jazzy/lib', 'HOME': '/root', 'OLDPWD': '/root', 'ROS_PYTHON_VERSION': '3', 'CCACHE_MAXSIZE': '30G', 'ROS_DISTRO': 'jazzy', '_': '/usr/bin/colcon', 'ROS_VERSION': '2', 'TERM': 'xterm', 'PATH': '/opt/ros/jazzy/bin:/usr/lib/ccache:/usr/local/sbin:/usr/local/bin:/usr/sbin:/usr/bin:/sbin:/bin', 'DISPLAY': ':0', 'LANG': 'C.UTF-8', 'ROS_DOMAIN_ID': '0', 'AMENT_PREFIX_PATH': '/opt/ros/jazzy', 'DEBIAN_FRONTEND': 'noninteractive', 'ROS_AUTOMATIC_DISCOVERY_RANGE': 'SUBNET', 'PWD': '/root/microros_ws/build/micro_ros_setup', 'LC_ALL': 'C.UTF-8', 'PYTHONPATH': '/opt/ros/jazzy/lib/python3.12/site-packages', 'COLCON': '1', 'CMAKE_PREFIX_PATH': '/opt/ros/jazzy/opt/gz_math_vendor:/opt/ros/jazzy/opt/gz_utils_vendor:/opt/ros/jazzy/opt/gz_cmake_vendor:/opt/ros/jazzy'}), 'shell': False}
[0.049712] (micro_ros_setup) StdoutLine: {'line': b'-- Install configuration: ""\n'}
[0.049894] (micro_ros_setup) StdoutLine: {'line': b'-- Up-to-date: /root/microros_ws/install/micro_ros_setup/share/ament_index/resource_index/package_run_dependencies/micro_ros_setup\n'}
[0.050051] (micro_ros_setup) StdoutLine: {'line': b'-- Up-to-date: /root/microros_ws/install/micro_ros_setup/share/ament_index/resource_index/parent_prefix_path/micro_ros_setup\n'}
[0.050125] (micro_ros_setup) StdoutLine: {'line': b'-- Up-to-date: /root/microros_ws/install/micro_ros_setup/share/micro_ros_setup/environment/ament_prefix_path.sh\n'}
[0.050200] (micro_ros_setup) StdoutLine: {'line': b'-- Up-to-date: /root/microros_ws/install/micro_ros_setup/share/micro_ros_setup/environment/ament_prefix_path.dsv\n'}
[0.050274] (micro_ros_setup) StdoutLine: {'line': b'-- Up-to-date: /root/microros_ws/install/micro_ros_setup/share/micro_ros_setup/environment/path.sh\n'}
[0.050344] (micro_ros_setup) StdoutLine: {'line': b'-- Up-to-date: /root/microros_ws/install/micro_ros_setup/share/micro_ros_setup/environment/path.dsv\n'}
[0.050424] (micro_ros_setup) StdoutLine: {'line': b'-- Up-to-date: /root/microros_ws/install/micro_ros_setup/share/micro_ros_setup/local_setup.bash\n'}
[0.050495] (micro_ros_setup) StdoutLine: {'line': b'-- Up-to-date: /root/microros_ws/install/micro_ros_setup/share/micro_ros_setup/local_setup.sh\n'}
[0.050567] (micro_ros_setup) StdoutLine: {'line': b'-- Up-to-date: /root/microros_ws/install/micro_ros_setup/share/micro_ros_setup/local_setup.zsh\n'}
[0.050637] (micro_ros_setup) StdoutLine: {'line': b'-- Up-to-date: /root/microros_ws/install/micro_ros_setup/share/micro_ros_setup/local_setup.dsv\n'}
[0.050706] (micro_ros_setup) StdoutLine: {'line': b'-- Up-to-date: /root/microros_ws/install/micro_ros_setup/share/micro_ros_setup/package.dsv\n'}
[0.050774] (micro_ros_setup) StdoutLine: {'line': b'-- Up-to-date: /root/microros_ws/install/micro_ros_setup/share/ament_index/resource_index/packages/micro_ros_setup\n'}
[0.050964] (micro_ros_setup) StdoutLine: {'line': b'-- Up-to-date: /root/microros_ws/install/micro_ros_setup/share/micro_ros_setup/cmake/micro_ros_setupConfig.cmake\n'}
[0.051143] (micro_ros_setup) StdoutLine: {'line': b'-- Up-to-date: /root/microros_ws/install/micro_ros_setup/share/micro_ros_setup/cmake/micro_ros_setupConfig-version.cmake\n'}
[0.051214] (micro_ros_setup) StdoutLine: {'line': b'-- Up-to-date: /root/microros_ws/install/micro_ros_setup/share/micro_ros_setup/package.xml\n'}
[0.051284] (micro_ros_setup) StdoutLine: {'line': b'-- Up-to-date: /root/microros_ws/install/micro_ros_setup/./config\n'}
[0.051407] (micro_ros_setup) StdoutLine: {'line': b'-- Up-to-date: /root/microros_ws/install/micro_ros_setup/./config/freertos\n'}
[0.051479] (micro_ros_setup) StdoutLine: {'line': b'-- Up-to-date: /root/microros_ws/install/micro_ros_setup/./config/freertos/dev_ros2_packages.txt\n'}
[0.051552] (micro_ros_setup) StdoutLine: {'line': b'-- Up-to-date: /root/microros_ws/install/micro_ros_setup/./config/freertos/nucleo_f767zi\n'}
[0.051620] (micro_ros_setup) StdoutLine: {'line': b'-- Up-to-date: /root/microros_ws/install/micro_ros_setup/./config/freertos/nucleo_f767zi/configure.sh\n'}
[0.051690] (micro_ros_setup) StdoutLine: {'line': b'-- Up-to-date: /root/microros_ws/install/micro_ros_setup/./config/freertos/nucleo_f767zi/create.sh\n'}
[0.051751] (micro_ros_setup) StdoutLine: {'line': b'-- Up-to-date: /root/microros_ws/install/micro_ros_setup/./config/freertos/nucleo_f767zi/client_uros_packages.repos\n'}
[0.051821] (micro_ros_setup) StdoutLine: {'line': b'-- Up-to-date: /root/microros_ws/install/micro_ros_setup/./config/freertos/nucleo_f767zi/flash.sh\n'}
[0.052022] (micro_ros_setup) StdoutLine: {'line': b'-- Up-to-date: /root/microros_ws/install/micro_ros_setup/./config/freertos/nucleo_f767zi/board.repos\n'}
[0.052085] (micro_ros_setup) StdoutLine: {'line': b'-- Up-to-date: /root/microros_ws/install/micro_ros_setup/./config/freertos/nucleo_f767zi/package.xml\n'}
[0.052138] (micro_ros_setup) StdoutLine: {'line': b'-- Up-to-date: /root/microros_ws/install/micro_ros_setup/./config/freertos/nucleo_f767zi/build.sh\n'}
[0.052189] (micro_ros_setup) StdoutLine: {'line': b'-- Up-to-date: /root/microros_ws/install/micro_ros_setup/./config/freertos/nucleo_f767zi/client-colcon.meta\n'}
[0.052240] (micro_ros_setup) StdoutLine: {'line': b'-- Up-to-date: /root/microros_ws/install/micro_ros_setup/./config/freertos/nucleo_f446ze\n'}
[0.052290] (micro_ros_setup) StdoutLine: {'line': b'-- Up-to-date: /root/microros_ws/install/micro_ros_setup/./config/freertos/nucleo_f446ze/configure.sh\n'}
[0.052341] (micro_ros_setup) StdoutLine: {'line': b'-- Up-to-date: /root/microros_ws/install/micro_ros_setup/./config/freertos/nucleo_f446ze/create.sh\n'}
[0.052390] (micro_ros_setup) StdoutLine: {'line': b'-- Up-to-date: /root/microros_ws/install/micro_ros_setup/./config/freertos/nucleo_f446ze/client_uros_packages.repos\n'}
[0.052440] (micro_ros_setup) StdoutLine: {'line': b'-- Up-to-date: /root/microros_ws/install/micro_ros_setup/./config/freertos/nucleo_f446ze/flash.sh\n'}
[0.052497] (micro_ros_setup) StdoutLine: {'line': b'-- Up-to-date: /root/microros_ws/install/micro_ros_setup/./config/freertos/nucleo_f446ze/board.repos\n'}
[0.052548] (micro_ros_setup) StdoutLine: {'line': b'-- Up-to-date: /root/microros_ws/install/micro_ros_setup/./config/freertos/nucleo_f446ze/package.xml\n'}
[0.052621] (micro_ros_setup) StdoutLine: {'line': b'-- Up-to-date: /root/microros_ws/install/micro_ros_setup/./config/freertos/nucleo_f446ze/build.sh\n'}
[0.052676] (micro_ros_setup) StdoutLine: {'line': b'-- Up-to-date: /root/microros_ws/install/micro_ros_setup/./config/freertos/nucleo_f446ze/client-colcon.meta\n'}
[0.052730] (micro_ros_setup) StdoutLine: {'line': b'-- Up-to-date: /root/microros_ws/install/micro_ros_setup/./config/freertos/olimex-stm32-e407\n'}
[0.052784] (micro_ros_setup) StdoutLine: {'line': b'-- Up-to-date: /root/microros_ws/install/micro_ros_setup/./config/freertos/olimex-stm32-e407/configure.sh\n'}
[0.052905] (micro_ros_setup) StdoutLine: {'line': b'-- Up-to-date: /root/microros_ws/install/micro_ros_setup/./config/freertos/olimex-stm32-e407/create.sh\n'}
[0.053006] (micro_ros_setup) StdoutLine: {'line': b'-- Up-to-date: /root/microros_ws/install/micro_ros_setup/./config/freertos/olimex-stm32-e407/client_uros_packages.repos\n'}
[0.053096] (micro_ros_setup) StdoutLine: {'line': b'-- Up-to-date: /root/microros_ws/install/micro_ros_setup/./config/freertos/olimex-stm32-e407/flash.sh\n'}
[0.053150] (micro_ros_setup) StdoutLine: {'line': b'-- Up-to-date: /root/microros_ws/install/micro_ros_setup/./config/freertos/olimex-stm32-e407/board.repos\n'}
[0.053289] (micro_ros_setup) StdoutLine: {'line': b'-- Up-to-date: /root/microros_ws/install/micro_ros_setup/./config/freertos/olimex-stm32-e407/package.xml\n'}
[0.053345] (micro_ros_setup) StdoutLine: {'line': b'-- Up-to-date: /root/microros_ws/install/micro_ros_setup/./config/freertos/olimex-stm32-e407/build.sh\n'}
[0.053474] (micro_ros_setup) StdoutLine: {'line': b'-- Up-to-date: /root/microros_ws/install/micro_ros_setup/./config/freertos/olimex-stm32-e407/client-colcon.meta\n'}
[0.053529] (micro_ros_setup) StdoutLine: {'line': b'-- Up-to-date: /root/microros_ws/install/micro_ros_setup/./config/freertos/dev_uros_packages.repos\n'}
[0.053583] (micro_ros_setup) StdoutLine: {'line': b'-- Up-to-date: /root/microros_ws/install/micro_ros_setup/./config/freertos/list_apps.sh\n'}
[0.053636] (micro_ros_setup) StdoutLine: {'line': b'-- Up-to-date: /root/microros_ws/install/micro_ros_setup/./config/freertos/nucleo_f446re\n'}
[0.053689] (micro_ros_setup) StdoutLine: {'line': b'-- Up-to-date: /root/microros_ws/install/micro_ros_setup/./config/freertos/nucleo_f446re/configure.sh\n'}
[0.053742] (micro_ros_setup) StdoutLine: {'line': b'-- Up-to-date: /root/microros_ws/install/micro_ros_setup/./config/freertos/nucleo_f446re/create.sh\n'}
[0.053796] (micro_ros_setup) StdoutLine: {'line': b'-- Up-to-date: /root/microros_ws/install/micro_ros_setup/./config/freertos/nucleo_f446re/client_uros_packages.repos\n'}
[0.053951] (micro_ros_setup) StdoutLine: {'line': b'-- Up-to-date: /root/microros_ws/install/micro_ros_setup/./config/freertos/nucleo_f446re/flash.sh\n'}
[0.054127] (micro_ros_setup) StdoutLine: {'line': b'-- Up-to-date: /root/microros_ws/install/micro_ros_setup/./config/freertos/nucleo_f446re/board.repos\n'}
[0.054182] (micro_ros_setup) StdoutLine: {'line': b'-- Up-to-date: /root/microros_ws/install/micro_ros_setup/./config/freertos/nucleo_f446re/package.xml\n'}
[0.054236] (micro_ros_setup) StdoutLine: {'line': b'-- Up-to-date: /root/microros_ws/install/micro_ros_setup/./config/freertos/nucleo_f446re/build.sh\n'}
[0.054289] (micro_ros_setup) StdoutLine: {'line': b'-- Up-to-date: /root/microros_ws/install/micro_ros_setup/./config/freertos/nucleo_f446re/client-colcon.meta\n'}
[0.054341] (micro_ros_setup) StdoutLine: {'line': b'-- Up-to-date: /root/microros_ws/install/micro_ros_setup/./config/freertos/crazyflie21\n'}
[0.054394] (micro_ros_setup) StdoutLine: {'line': b'-- Up-to-date: /root/microros_ws/install/micro_ros_setup/./config/freertos/crazyflie21/configure.sh\n'}
[0.054552] (micro_ros_setup) StdoutLine: {'line': b'-- Up-to-date: /root/microros_ws/install/micro_ros_setup/./config/freertos/crazyflie21/create.sh\n'}
[0.054607] (micro_ros_setup) StdoutLine: {'line': b'-- Up-to-date: /root/microros_ws/install/micro_ros_setup/./config/freertos/crazyflie21/client_uros_packages.repos\n'}
[0.054661] (micro_ros_setup) StdoutLine: {'line': b'-- Up-to-date: /root/microros_ws/install/micro_ros_setup/./config/freertos/crazyflie21/flash.sh\n'}
[0.054714] (micro_ros_setup) StdoutLine: {'line': b'-- Up-to-date: /root/microros_ws/install/micro_ros_setup/./config/freertos/crazyflie21/board.repos\n'}
[0.054768] (micro_ros_setup) StdoutLine: {'line': b'-- Up-to-date: /root/microros_ws/install/micro_ros_setup/./config/freertos/crazyflie21/package.xml\n'}
[0.054821] (micro_ros_setup) StdoutLine: {'line': b'-- Up-to-date: /root/microros_ws/install/micro_ros_setup/./config/freertos/crazyflie21/build.sh\n'}
[0.054970] (micro_ros_setup) StdoutLine: {'line': b'-- Up-to-date: /root/microros_ws/install/micro_ros_setup/./config/freertos/crazyflie21/client-colcon.meta\n'}
[0.055048] (micro_ros_setup) StdoutLine: {'line': b'-- Up-to-date: /root/microros_ws/install/micro_ros_setup/./config/freertos/nucleo_f746zg\n'}
[0.055102] (micro_ros_setup) StdoutLine: {'line': b'-- Up-to-date: /root/microros_ws/install/micro_ros_setup/./config/freertos/nucleo_f746zg/configure.sh\n'}
[0.055155] (micro_ros_setup) StdoutLine: {'line': b'-- Up-to-date: /root/microros_ws/install/micro_ros_setup/./config/freertos/nucleo_f746zg/create.sh\n'}
[0.055209] (micro_ros_setup) StdoutLine: {'line': b'-- Up-to-date: /root/microros_ws/install/micro_ros_setup/./config/freertos/nucleo_f746zg/client_uros_packages.repos\n'}
[0.055277] (micro_ros_setup) StdoutLine: {'line': b'-- Up-to-date: /root/microros_ws/install/micro_ros_setup/./config/freertos/nucleo_f746zg/flash.sh\n'}
[0.055332] (micro_ros_setup) StdoutLine: {'line': b'-- Up-to-date: /root/microros_ws/install/micro_ros_setup/./config/freertos/nucleo_f746zg/board.repos\n'}
[0.055387] (micro_ros_setup) StdoutLine: {'line': b'-- Up-to-date: /root/microros_ws/install/micro_ros_setup/./config/freertos/nucleo_f746zg/package.xml\n'}
[0.055440] (micro_ros_setup) StdoutLine: {'line': b'-- Up-to-date: /root/microros_ws/install/micro_ros_setup/./config/freertos/nucleo_f746zg/build.sh\n'}
[0.055494] (micro_ros_setup) StdoutLine: {'line': b'-- Up-to-date: /root/microros_ws/install/micro_ros_setup/./config/freertos/nucleo_f746zg/client-colcon.meta\n'}
[0.055546] (micro_ros_setup) StdoutLine: {'line': b'-- Up-to-date: /root/microros_ws/install/micro_ros_setup/./config/freertos/esp32\n'}
[0.055599] (micro_ros_setup) StdoutLine: {'line': b'-- Up-to-date: /root/microros_ws/install/micro_ros_setup/./config/freertos/esp32/configure.sh\n'}
[0.055651] (micro_ros_setup) StdoutLine: {'line': b'-- Up-to-date: /root/microros_ws/install/micro_ros_setup/./config/freertos/esp32/create.sh\n'}
[0.055705] (micro_ros_setup) StdoutLine: {'line': b'-- Up-to-date: /root/microros_ws/install/micro_ros_setup/./config/freertos/esp32/client_uros_packages.repos\n'}
[0.055758] (micro_ros_setup) StdoutLine: {'line': b'-- Up-to-date: /root/microros_ws/install/micro_ros_setup/./config/freertos/esp32/flash.sh\n'}
[0.055810] (micro_ros_setup) StdoutLine: {'line': b'-- Up-to-date: /root/microros_ws/install/micro_ros_setup/./config/freertos/esp32/board.repos\n'}
[0.055985] (micro_ros_setup) StdoutLine: {'line': b'-- Up-to-date: /root/microros_ws/install/micro_ros_setup/./config/freertos/esp32/package.xml\n'}
[0.056048] (micro_ros_setup) StdoutLine: {'line': b'-- Up-to-date: /root/microros_ws/install/micro_ros_setup/./config/freertos/esp32/build.sh\n'}
[0.056240] (micro_ros_setup) StdoutLine: {'line': b'-- Up-to-date: /root/microros_ws/install/micro_ros_setup/./config/freertos/esp32/client-colcon.meta\n'}
[0.056294] (micro_ros_setup) StdoutLine: {'line': b'-- Up-to-date: /root/microros_ws/install/micro_ros_setup/./config/freertos/esp32/README.md\n'}
[0.056347] (micro_ros_setup) StdoutLine: {'line': b'-- Up-to-date: /root/microros_ws/install/micro_ros_setup/./config/host\n'}
[0.056436] (micro_ros_setup) StdoutLine: {'line': b'-- Up-to-date: /root/microros_ws/install/micro_ros_setup/./config/host/dev_ros2_packages.txt\n'}
[0.056490] (micro_ros_setup) StdoutLine: {'line': b'-- Up-to-date: /root/microros_ws/install/micro_ros_setup/./config/host/dev_uros_packages.repos\n'}
[0.056543] (micro_ros_setup) StdoutLine: {'line': b'-- Up-to-date: /root/microros_ws/install/micro_ros_setup/./config/host/generic\n'}
[0.056596] (micro_ros_setup) StdoutLine: {'line': b'-- Up-to-date: /root/microros_ws/install/micro_ros_setup/./config/host/generic/create.sh\n'}
[0.056649] (micro_ros_setup) StdoutLine: {'line': b'-- Up-to-date: /root/microros_ws/install/micro_ros_setup/./config/host/generic/flash.sh\n'}
[0.056702] (micro_ros_setup) StdoutLine: {'line': b'-- Up-to-date: /root/microros_ws/install/micro_ros_setup/./config/host/generic/package.xml\n'}
[0.056754] (micro_ros_setup) StdoutLine: {'line': b'-- Up-to-date: /root/microros_ws/install/micro_ros_setup/./config/host/generic/build.sh\n'}
[0.056807] (micro_ros_setup) StdoutLine: {'line': b'-- Up-to-date: /root/microros_ws/install/micro_ros_setup/./config/host/generic/client-host-colcon.meta\n'}
[0.056935] (micro_ros_setup) StdoutLine: {'line': b'-- Up-to-date: /root/microros_ws/install/micro_ros_setup/./config/host/generic/client_host_packages.repos\n'}
[0.057100] (micro_ros_setup) StdoutLine: {'line': b'-- Up-to-date: /root/microros_ws/install/micro_ros_setup/./config/host/client_ros2_packages.txt\n'}
[0.057154] (micro_ros_setup) StdoutLine: {'line': b'-- Up-to-date: /root/microros_ws/install/micro_ros_setup/./config/android\n'}
[0.057207] (micro_ros_setup) StdoutLine: {'line': b'-- Up-to-date: /root/microros_ws/install/micro_ros_setup/./config/android/dev_ros2_packages.txt\n'}
[0.057260] (micro_ros_setup) StdoutLine: {'line': b'-- Up-to-date: /root/microros_ws/install/micro_ros_setup/./config/android/dev_uros_packages.repos\n'}
[0.057314] (micro_ros_setup) StdoutLine: {'line': b'-- Up-to-date: /root/microros_ws/install/micro_ros_setup/./config/android/generic\n'}
[0.057366] (micro_ros_setup) StdoutLine: {'line': b'-- Up-to-date: /root/microros_ws/install/micro_ros_setup/./config/android/generic/create.sh\n'}
[0.057420] (micro_ros_setup) StdoutLine: {'line': b'-- Up-to-date: /root/microros_ws/install/micro_ros_setup/./config/android/generic/client_uros_packages.repos\n'}
[0.057472] (micro_ros_setup) StdoutLine: {'line': b'-- Up-to-date: /root/microros_ws/install/micro_ros_setup/./config/android/generic/flash.sh\n'}
[0.057525] (micro_ros_setup) StdoutLine: {'line': b'-- Up-to-date: /root/microros_ws/install/micro_ros_setup/./config/android/generic/package.xml\n'}
[0.057577] (micro_ros_setup) StdoutLine: {'line': b'-- Up-to-date: /root/microros_ws/install/micro_ros_setup/./config/android/generic/build.sh\n'}
[0.057630] (micro_ros_setup) StdoutLine: {'line': b'-- Up-to-date: /root/microros_ws/install/micro_ros_setup/./config/android/generic/client-colcon.meta\n'}
[0.057683] (micro_ros_setup) StdoutLine: {'line': b'-- Up-to-date: /root/microros_ws/install/micro_ros_setup/./config/utils.sh\n'}
[0.057736] (micro_ros_setup) StdoutLine: {'line': b'-- Up-to-date: /root/microros_ws/install/micro_ros_setup/./config/client_uros_packages.repos\n'}
[0.057788] (micro_ros_setup) StdoutLine: {'line': b'-- Up-to-date: /root/microros_ws/install/micro_ros_setup/./config/zephyr\n'}
[0.057934] (micro_ros_setup) StdoutLine: {'line': b'-- Up-to-date: /root/microros_ws/install/micro_ros_setup/./config/zephyr/dev_ros2_packages.txt\n'}
[0.058073] (micro_ros_setup) StdoutLine: {'line': b'-- Up-to-date: /root/microros_ws/install/micro_ros_setup/./config/zephyr/dev_uros_packages.repos\n'}
[0.058129] (micro_ros_setup) StdoutLine: {'line': b'-- Up-to-date: /root/microros_ws/install/micro_ros_setup/./config/zephyr/list_apps.sh\n'}
[0.058182] (micro_ros_setup) StdoutLine: {'line': b'-- Up-to-date: /root/microros_ws/install/micro_ros_setup/./config/zephyr/generic\n'}
[0.058235] (micro_ros_setup) StdoutLine: {'line': b'-- Up-to-date: /root/microros_ws/install/micro_ros_setup/./config/zephyr/generic/configure.sh\n'}
[0.058293] (micro_ros_setup) StdoutLine: {'line': b'-- Up-to-date: /root/microros_ws/install/micro_ros_setup/./config/zephyr/generic/create.sh\n'}
[0.058347] (micro_ros_setup) StdoutLine: {'line': b'-- Up-to-date: /root/microros_ws/install/micro_ros_setup/./config/zephyr/generic/client_uros_packages.repos\n'}
[0.058405] (micro_ros_setup) StdoutLine: {'line': b'-- Up-to-date: /root/microros_ws/install/micro_ros_setup/./config/zephyr/generic/flash.sh\n'}
[0.058458] (micro_ros_setup) StdoutLine: {'line': b'-- Up-to-date: /root/microros_ws/install/micro_ros_setup/./config/zephyr/generic/board.repos\n'}
[0.058511] (micro_ros_setup) StdoutLine: {'line': b'-- Up-to-date: /root/microros_ws/install/micro_ros_setup/./config/zephyr/generic/package.xml\n'}
[0.058565] (micro_ros_setup) StdoutLine: {'line': b'-- Up-to-date: /root/microros_ws/install/micro_ros_setup/./config/zephyr/generic/build.sh\n'}
[0.058618] (micro_ros_setup) StdoutLine: {'line': b'-- Up-to-date: /root/microros_ws/install/micro_ros_setup/./config/zephyr/generic/client-colcon.meta\n'}
[0.058670] (micro_ros_setup) StdoutLine: {'line': b'-- Up-to-date: /root/microros_ws/install/micro_ros_setup/./config/zephyr/generic/supported_platforms\n'}
[0.058723] (micro_ros_setup) StdoutLine: {'line': b'-- Up-to-date: /root/microros_ws/install/micro_ros_setup/./config/generate_lib\n'}
[0.058777] (micro_ros_setup) StdoutLine: {'line': b'-- Up-to-date: /root/microros_ws/install/micro_ros_setup/./config/generate_lib/dev_ros2_packages.txt\n'}
[0.058858] (micro_ros_setup) StdoutLine: {'line': b'-- Up-to-date: /root/microros_ws/install/micro_ros_setup/./config/generate_lib/dev_uros_packages.repos\n'}
[0.059046] (micro_ros_setup) StdoutLine: {'line': b'-- Up-to-date: /root/microros_ws/install/micro_ros_setup/./config/generate_lib/generic\n'}
[0.059102] (micro_ros_setup) StdoutLine: {'line': b'-- Up-to-date: /root/microros_ws/install/micro_ros_setup/./config/generate_lib/generic/create.sh\n'}
[0.059164] (micro_ros_setup) StdoutLine: {'line': b'-- Up-to-date: /root/microros_ws/install/micro_ros_setup/./config/generate_lib/generic/client_uros_packages.repos\n'}
[0.059217] (micro_ros_setup) StdoutLine: {'line': b'-- Up-to-date: /root/microros_ws/install/micro_ros_setup/./config/generate_lib/generic/flash.sh\n'}
[0.059270] (micro_ros_setup) StdoutLine: {'line': b'-- Up-to-date: /root/microros_ws/install/micro_ros_setup/./config/generate_lib/generic/demo_toolchain.cmake\n'}
[0.059324] (micro_ros_setup) StdoutLine: {'line': b'-- Up-to-date: /root/microros_ws/install/micro_ros_setup/./config/generate_lib/generic/package.xml\n'}
[0.059377] (micro_ros_setup) StdoutLine: {'line': b'-- Up-to-date: /root/microros_ws/install/micro_ros_setup/./config/generate_lib/generic/build.sh\n'}
[0.059430] (micro_ros_setup) StdoutLine: {'line': b'-- Up-to-date: /root/microros_ws/install/micro_ros_setup/./config/generate_lib/generic/client-colcon.meta\n'}
[0.059484] (micro_ros_setup) StdoutLine: {'line': b'-- Up-to-date: /root/microros_ws/install/micro_ros_setup/./config/agent_uros_packages.repos\n'}
[0.059537] (micro_ros_setup) StdoutLine: {'line': b'-- Up-to-date: /root/microros_ws/install/micro_ros_setup/./config/agent_ros2_packages.txt\n'}
[0.059591] (micro_ros_setup) StdoutLine: {'line': b'-- Up-to-date: /root/microros_ws/install/micro_ros_setup/./config/raspbian\n'}
[0.059644] (micro_ros_setup) StdoutLine: {'line': b'-- Up-to-date: /root/microros_ws/install/micro_ros_setup/./config/raspbian/dev_ros2_packages.txt\n'}
[0.059697] (micro_ros_setup) StdoutLine: {'line': b'-- Up-to-date: /root/microros_ws/install/micro_ros_setup/./config/raspbian/dev_uros_packages.repos\n'}
[0.059749] (micro_ros_setup) StdoutLine: {'line': b'-- Up-to-date: /root/microros_ws/install/micro_ros_setup/./config/raspbian/generic\n'}
[0.059802] (micro_ros_setup) StdoutLine: {'line': b'-- Up-to-date: /root/microros_ws/install/micro_ros_setup/./config/raspbian/generic/configure.sh\n'}
[0.059982] (micro_ros_setup) StdoutLine: {'line': b'-- Up-to-date: /root/microros_ws/install/micro_ros_setup/./config/raspbian/generic/create.sh\n'}
[0.060051] (micro_ros_setup) StdoutLine: {'line': b'-- Up-to-date: /root/microros_ws/install/micro_ros_setup/./config/raspbian/generic/client_uros_packages.repos\n'}
[0.060105] (micro_ros_setup) StdoutLine: {'line': b'-- Up-to-date: /root/microros_ws/install/micro_ros_setup/./config/raspbian/generic/flash.sh\n'}
[0.060159] (micro_ros_setup) StdoutLine: {'line': b'-- Up-to-date: /root/microros_ws/install/micro_ros_setup/./config/raspbian/generic/build.sh\n'}
[0.060213] (micro_ros_setup) StdoutLine: {'line': b'-- Up-to-date: /root/microros_ws/install/micro_ros_setup/./config/raspbian/generic/client-colcon.meta\n'}
[0.060266] (micro_ros_setup) StdoutLine: {'line': b'-- Up-to-date: /root/microros_ws/install/micro_ros_setup/./config/raspbian/generic/supported_platforms\n'}
[0.060319] (micro_ros_setup) StdoutLine: {'line': b'-- Up-to-date: /root/microros_ws/install/micro_ros_setup/./config/client_ros2_packages.txt\n'}
[0.060372] (micro_ros_setup) StdoutLine: {'line': b'-- Up-to-date: /root/microros_ws/install/micro_ros_setup/lib/micro_ros_setup/create_ws.sh\n'}
[0.060425] (micro_ros_setup) StdoutLine: {'line': b'-- Up-to-date: /root/microros_ws/install/micro_ros_setup/lib/micro_ros_setup/create_agent_ws.sh\n'}
[0.060481] (micro_ros_setup) StdoutLine: {'line': b'-- Up-to-date: /root/microros_ws/install/micro_ros_setup/lib/micro_ros_setup/create_firmware_ws.sh\n'}
[0.060535] (micro_ros_setup) StdoutLine: {'line': b'-- Up-to-date: /root/microros_ws/install/micro_ros_setup/lib/micro_ros_setup/configure_firmware.sh\n'}
[0.060589] (micro_ros_setup) StdoutLine: {'line': b'-- Up-to-date: /root/microros_ws/install/micro_ros_setup/lib/micro_ros_setup/flash_firmware.sh\n'}
[0.060642] (micro_ros_setup) StdoutLine: {'line': b'-- Up-to-date: /root/microros_ws/install/micro_ros_setup/lib/micro_ros_setup/build_firmware.sh\n'}
[0.060694] (micro_ros_setup) StdoutLine: {'line': b'-- Up-to-date: /root/microros_ws/install/micro_ros_setup/lib/micro_ros_setup/build_agent.sh\n'}
[0.060747] (micro_ros_setup) StdoutLine: {'line': b'-- Up-to-date: /root/microros_ws/install/micro_ros_setup/lib/micro_ros_setup/yaml_filter.py\n'}
[0.060800] (micro_ros_setup) StdoutLine: {'line': b'-- Up-to-date: /root/microros_ws/install/micro_ros_setup/lib/micro_ros_setup/clean_env.sh\n'}
[0.061010] (micro_ros_setup) StdoutLine: {'line': b'-- Up-to-date: /root/microros_ws/install/micro_ros_setup/lib/micro_ros_setup/component\n'}
[0.061107] (micro_ros_setup) CommandEnded: {'returncode': 0}
[0.073050] (micro_ros_setup) JobEnded: {'identifier': 'micro_ros_setup', 'rc': 0}
[0.073624] (-) EventReactorShutdown: {}
