1761212547.9248879 [INFO] [launch]: All log files can be found below /root/.ros/log/2025-10-23-09-42-27-924158-rodeppc-72779
1761212547.9250977 [INFO] [launch]: Default logging verbosity is set to INFO
1761212548.0404055 [INFO] [static_transform_publisher-1]: process started with pid [72782]
1761212548.0405536 [INFO] [robot_state_publisher-2]: process started with pid [72783]
1761212548.0406473 [INFO] [joint_state_publisher_gui-3]: process started with pid [72784]
1761212548.0407245 [INFO] [move_group-4]: process started with pid [72785]
1761212548.0408008 [INFO] [rviz2-5]: process started with pid [72786]
1761212548.0581164 [static_transform_publisher-1] [WARN] [1761212548.057878220] []: Old-style arguments are deprecated; see --help for new-style arguments
1761212548.0833943 [static_transform_publisher-1] [INFO] [1761212548.082692733] [static_transform_publisher]: Spinning until stopped - publishing transform
1761212548.0837436 [static_transform_publisher-1] translation: ('0.000000', '0.000000', '0.000000')
1761212548.0838532 [static_transform_publisher-1] rotation: ('0.000000', '0.000000', '0.000000', '1.000000')
1761212548.0839591 [static_transform_publisher-1] from 'world' to 'base_link'
1761212548.0906973 [robot_state_publisher-2] [WARN] [1761212548.090476358] [kdl_parser]: The root link base_link has an inertia specified in the URDF, but KDL does not support a root link with an inertia.  As a workaround, you can add an extra dummy link to your URDF.
1761212548.0910189 [robot_state_publisher-2] [INFO] [1761212548.090585817] [robot_state_publisher]: Robot initialized
1761212548.0990336 [rviz2-5] QStandardPaths: XDG_RUNTIME_DIR not set, defaulting to '/tmp/runtime-root'
1761212548.3498707 [ERROR] [move_group-4]: process has died [pid 72785, exit code -6, cmd '/opt/ros/jazzy/lib/moveit_ros_move_group/move_group --ros-args --params-file /tmp/launch_params_ovrc1j6y --params-file /tmp/launch_params_2z1ae2zm --params-file /tmp/launch_params_i_3xv2lx --params-file /tmp/launch_params_fzs_njgc --params-file /tmp/launch_params_zifz18ig --params-file /tmp/launch_params_dfrmryft --params-file /tmp/launch_params_tbb187xc'].
1761212548.8180451 [joint_state_publisher_gui-3] QStandardPaths: XDG_RUNTIME_DIR not set, defaulting to '/tmp/runtime-root'
1761212548.8293223 [rviz2-5] [INFO] [1761212548.829043694] [rviz2]: Stereo is NOT SUPPORTED
1761212548.8296790 [rviz2-5] [INFO] [1761212548.829284034] [rviz2]: OpenGl version: 4.6 (GLSL 4.6)
1761212548.8499277 [rviz2-5] [INFO] [1761212548.849680745] [rviz2]: Stereo is NOT SUPPORTED
1761212548.8847234 [joint_state_publisher_gui-3] [INFO] [1761212548.884365336] [joint_state_publisher_gui]: Waiting for robot_description to be published on the robot_description topic...
1761212548.9006965 [joint_state_publisher_gui-3] [INFO] [1761212548.900537251] [joint_state_publisher_gui]: Centering
1761212548.9652412 [rviz2-5] Warning: class_loader.impl: SEVERE WARNING!!! A namespace collision has occurred with plugin factory for class rviz_default_plugins::displays::InteractiveMarkerDisplay. New factory will OVERWRITE existing one. This situation occurs when libraries containing plugins are directly linked against an executable (the one running right now generating this message). Please separate plugins out into their own library or just don't link against the library and use either class_loader::ClassLoader/MultiLibraryClassLoader to open.
1761212548.9656279 [rviz2-5]          at line 321 in /opt/ros/jazzy/include/class_loader/class_loader/class_loader_core.hpp
1761212548.9663765 [rviz2-5] [WARN] [1761212548.966283497] [rcl.logging_rosout]: Publisher already registered for node name: 'rviz2'. If this is due to multiple nodes with the same name then all logs for the logger named 'rviz2' will go out over the existing publisher. As soon as any node with that name is destructed it will unregister the publisher, preventing any further logs for that name from being published on the rosout topic.
1761212549.0322032 [joint_state_publisher_gui-3] [INFO] [1761212549.031754891] [joint_state_publisher_gui]: Centering
1761212551.2294862 [joint_state_publisher_gui-3] [INFO] [1761212551.229302220] [joint_state_publisher_gui]: Centering
1761212552.0037022 [rviz2-5] [ERROR] [1761212552.003257904] [rviz2.moveit.ros.motion_planning_frame]: Action server: /recognize_objects not available
1761212552.0153117 [rviz2-5] [INFO] [1761212552.015111837] [rviz2.moveit.ros.motion_planning_frame]: MoveGroup namespace changed: / -> . Reloading params.
1761212552.0258117 [rviz2-5] [WARN] [1761212552.025641113] [rcl.logging_rosout]: Publisher already registered for node name: 'rviz2'. If this is due to multiple nodes with the same name then all logs for the logger named 'rviz2' will go out over the existing publisher. As soon as any node with that name is destructed it will unregister the publisher, preventing any further logs for that name from being published on the rosout topic.
1761212552.0622530 [rviz2-5] [INFO] [1761212552.062068086] [rviz2.moveit.ros.rdf_loader]: Loaded robot model in 0.00277878 seconds
1761212552.0624852 [rviz2-5] [INFO] [1761212552.062163918] [rviz2.moveit.core.robot_model]: Loading robot model 'sekirei'...
1761212552.0625477 [rviz2-5] [INFO] [1761212552.062197665] [rviz2.moveit.core.robot_model]: No root/virtual joint specified in SRDF. Assuming fixed joint
1761212552.0626872 [rviz2-5] [WARN] [1761212552.062480028] [rviz2.moveit.core.robot_model]: Could not identify parent group for end-effector 'end_effector'
1761212552.0676193 [rviz2-5] [WARN] [1761212552.067225911] [rviz2.moveit.ros.robot_model_loader]: No kinematics plugins defined. Fill and load kinematics.yaml!
1761212552.0855768 [rviz2-5] [INFO] [1761212552.085264995] [rviz2.moveit.ros.planning_scene_monitor]: Starting planning scene monitor
1761212552.0863447 [rviz2-5] [INFO] [1761212552.086207370] [rviz2.moveit.ros.planning_scene_monitor]: Listening to '/monitored_planning_scene'
1761212552.4376531 [rviz2-5] [INFO] [1761212552.437453782] [interactive_marker_display_110501171121808]: Connected on namespace: /rviz_moveit_motion_planning_display/robot_interaction_interactive_marker_topic
1761212552.4396837 [rviz2-5] [WARN] [1761212552.439493195] [kdl_parser]: The root link base_link has an inertia specified in the URDF, but KDL does not support a root link with an inertia.  As a workaround, you can add an extra dummy link to your URDF.
1761212552.4399920 [rviz2-5] [INFO] [1761212552.439736277] [rviz2.moveit.ros.robot_interaction]: No active joints or end effectors found for group 'sekirei_arm'. Make sure that kinematics.yaml is loaded in this node's namespace.
1761212552.4778883 [rviz2-5] [INFO] [1761212552.477418693] [interactive_marker_display_110501171121808]: Sending request for interactive markers
1761212552.4972196 [rviz2-5] [INFO] [1761212552.496958204] [interactive_marker_display_110501171121808]: Service response received for initialization
1761212557.4432342 [rviz2-5] [INFO] [1761212557.442823221] [rviz2.moveit.ros.planning_scene_monitor]: Failed to call service get_planning_scene, have you launched move_group or called psm.providePlanningSceneService()?
1761212557.4440351 [rviz2-5] [INFO] [1761212557.443003024] [rviz2.moveit.ros.motion_planning_frame]: group sekirei_arm
1761212557.4443400 [rviz2-5] [INFO] [1761212557.443024904] [rviz2.moveit.ros.motion_planning_frame]: Constructing new MoveGroup connection for group 'sekirei_arm' in namespace ''
1761212567.8708520 [WARNING] [launch]: user interrupted with ctrl-c (SIGINT)
1761212567.8735135 [rviz2-5] [INFO] [1761212567.870581434] [rclcpp]: signal_handler(signum=2)
1761212567.8738682 [static_transform_publisher-1] [INFO] [1761212567.870685123] [rclcpp]: signal_handler(signum=2)
1761212567.8741789 [robot_state_publisher-2] [INFO] [1761212567.870692118] [rclcpp]: signal_handler(signum=2)
1761212567.8743880 [rviz2-5] [ERROR] [1761212567.873814225] [rviz2.rclcpp_action]: Error in destruction of rcl action client handle: action client implementation is invalid, at ./src/rcl_action/action_client.c:491
1761212567.8788676 [rviz2-5] terminate called without an active exception
1761212567.8815646 [ERROR] [joint_state_publisher_gui-3]: process has died [pid 72784, exit code -2, cmd '/opt/ros/jazzy/lib/joint_state_publisher_gui/joint_state_publisher_gui --ros-args -r __node:=joint_state_publisher_gui'].
1761212567.9816468 [INFO] [static_transform_publisher-1]: process has finished cleanly [pid 72782]
1761212567.9826274 [INFO] [robot_state_publisher-2]: process has finished cleanly [pid 72783]
1761212568.1212633 [WARNING] [launch]: user interrupted with ctrl-c (SIGINT) again, ignoring...
1761212568.2629125 [WARNING] [launch]: user interrupted with ctrl-c (SIGINT) again, ignoring...
1761212568.4061604 [ERROR] [rviz2-5]: process has died [pid 72786, exit code -6, cmd '/opt/ros/jazzy/lib/rviz2/rviz2 -d /root/ros_ws/install/sekirei_moveit_config/share/sekirei_moveit_config/config/moveit.rviz --ros-args -r __node:=rviz2 --params-file /tmp/launch_params_i0c5bh8o'].
