1761212763.5695648 [INFO] [launch]: All log files can be found below /root/.ros/log/2025-10-23-09-46-03-568899-rodeppc-73179
1761212763.5696990 [INFO] [launch]: Default logging verbosity is set to INFO
1761212763.6735246 [INFO] [static_transform_publisher-1]: process started with pid [73182]
1761212763.6736581 [INFO] [robot_state_publisher-2]: process started with pid [73183]
1761212763.6738245 [INFO] [joint_state_publisher_gui-3]: process started with pid [73184]
1761212763.6739450 [INFO] [move_group-4]: process started with pid [73185]
1761212763.6740475 [INFO] [rviz2-5]: process started with pid [73186]
1761212763.6913705 [static_transform_publisher-1] [WARN] [1761212763.691148513] []: Old-style arguments are deprecated; see --help for new-style arguments
1761212763.7110326 [static_transform_publisher-1] [INFO] [1761212763.710714318] [static_transform_publisher]: Spinning until stopped - publishing transform
1761212763.7112479 [static_transform_publisher-1] translation: ('0.000000', '0.000000', '0.000000')
1761212763.7113657 [static_transform_publisher-1] rotation: ('0.000000', '0.000000', '0.000000', '1.000000')
1761212763.7114727 [static_transform_publisher-1] from 'world' to 'base_link'
1761212763.7133451 [robot_state_publisher-2] [WARN] [1761212763.713205969] [kdl_parser]: The root link base_link has an inertia specified in the URDF, but KDL does not support a root link with an inertia.  As a workaround, you can add an extra dummy link to your URDF.
1761212763.7135758 [robot_state_publisher-2] [INFO] [1761212763.713298791] [robot_state_publisher]: Robot initialized
1761212763.7243149 [rviz2-5] QStandardPaths: XDG_RUNTIME_DIR not set, defaulting to '/tmp/runtime-root'
1761212763.9171591 [ERROR] [move_group-4]: process has died [pid 73185, exit code -6, cmd '/opt/ros/jazzy/lib/moveit_ros_move_group/move_group --ros-args --params-file /tmp/launch_params_mvgzlebh --params-file /tmp/launch_params_ndibkaj3 --params-file /tmp/launch_params_mdwnmv9b --params-file /tmp/launch_params_lau21d2e --params-file /tmp/launch_params_0mqd27s5 --params-file /tmp/launch_params_cnxiuoyi --params-file /tmp/launch_params_byfm48qg'].
1761212764.3913300 [joint_state_publisher_gui-3] QStandardPaths: XDG_RUNTIME_DIR not set, defaulting to '/tmp/runtime-root'
1761212764.4007492 [rviz2-5] [INFO] [1761212764.400608461] [rviz2]: Stereo is NOT SUPPORTED
1761212764.4009864 [rviz2-5] [INFO] [1761212764.400741838] [rviz2]: OpenGl version: 4.6 (GLSL 4.6)
1761212764.4357538 [rviz2-5] [INFO] [1761212764.435601498] [rviz2]: Stereo is NOT SUPPORTED
1761212764.4460921 [joint_state_publisher_gui-3] [INFO] [1761212764.445922274] [joint_state_publisher_gui]: Waiting for robot_description to be published on the robot_description topic...
1761212764.4563692 [joint_state_publisher_gui-3] [INFO] [1761212764.456222643] [joint_state_publisher_gui]: Centering
1761212764.5424566 [rviz2-5] Warning: class_loader.impl: SEVERE WARNING!!! A namespace collision has occurred with plugin factory for class rviz_default_plugins::displays::InteractiveMarkerDisplay. New factory will OVERWRITE existing one. This situation occurs when libraries containing plugins are directly linked against an executable (the one running right now generating this message). Please separate plugins out into their own library or just don't link against the library and use either class_loader::ClassLoader/MultiLibraryClassLoader to open.
1761212764.5431018 [rviz2-5]          at line 321 in /opt/ros/jazzy/include/class_loader/class_loader/class_loader_core.hpp
1761212764.5437882 [rviz2-5] [WARN] [1761212764.543637334] [rcl.logging_rosout]: Publisher already registered for node name: 'rviz2'. If this is due to multiple nodes with the same name then all logs for the logger named 'rviz2' will go out over the existing publisher. As soon as any node with that name is destructed it will unregister the publisher, preventing any further logs for that name from being published on the rosout topic.
1761212766.6981258 [joint_state_publisher_gui-3] [INFO] [1761212766.697986546] [joint_state_publisher_gui]: Centering
1761212766.7006545 [joint_state_publisher_gui-3] [INFO] [1761212766.700518127] [joint_state_publisher_gui]: Centering
1761212767.5791042 [rviz2-5] [ERROR] [1761212767.578830610] [rviz2.moveit.ros.motion_planning_frame]: Action server: /recognize_objects not available
1761212767.5894301 [rviz2-5] [INFO] [1761212767.589299828] [rviz2.moveit.ros.motion_planning_frame]: MoveGroup namespace changed: / -> . Reloading params.
1761212767.5982730 [rviz2-5] [WARN] [1761212767.598137872] [rcl.logging_rosout]: Publisher already registered for node name: 'rviz2'. If this is due to multiple nodes with the same name then all logs for the logger named 'rviz2' will go out over the existing publisher. As soon as any node with that name is destructed it will unregister the publisher, preventing any further logs for that name from being published on the rosout topic.
1761212767.6469419 [rviz2-5] [INFO] [1761212767.646743539] [rviz2.moveit.ros.rdf_loader]: Loaded robot model in 0.0025224 seconds
1761212767.6471932 [rviz2-5] [INFO] [1761212767.646830997] [rviz2.moveit.core.robot_model]: Loading robot model 'sekirei'...
1761212767.6472747 [rviz2-5] [INFO] [1761212767.646847986] [rviz2.moveit.core.robot_model]: No root/virtual joint specified in SRDF. Assuming fixed joint
1761212767.6473398 [rviz2-5] [WARN] [1761212767.647064200] [rviz2.moveit.core.robot_model]: Could not identify parent group for end-effector 'end_effector'
1761212767.6510341 [rviz2-5] [WARN] [1761212767.650872695] [rviz2.moveit.ros.robot_model_loader]: No kinematics plugins defined. Fill and load kinematics.yaml!
1761212767.6784983 [rviz2-5] [INFO] [1761212767.678242991] [rviz2.moveit.ros.planning_scene_monitor]: Starting planning scene monitor
1761212767.6790888 [rviz2-5] [INFO] [1761212767.678993744] [rviz2.moveit.ros.planning_scene_monitor]: Listening to '/monitored_planning_scene'
1761212767.9963505 [rviz2-5] [INFO] [1761212767.996206893] [interactive_marker_display_102243176931456]: Connected on namespace: /rviz_moveit_motion_planning_display/robot_interaction_interactive_marker_topic
1761212767.9979837 [rviz2-5] [WARN] [1761212767.997911205] [kdl_parser]: The root link base_link has an inertia specified in the URDF, but KDL does not support a root link with an inertia.  As a workaround, you can add an extra dummy link to your URDF.
1761212767.9981596 [rviz2-5] [INFO] [1761212767.998057383] [rviz2.moveit.ros.robot_interaction]: No active joints or end effectors found for group 'sekirei_arm'. Make sure that kinematics.yaml is loaded in this node's namespace.
1761212768.0423040 [rviz2-5] [INFO] [1761212768.041976059] [interactive_marker_display_102243176931456]: Sending request for interactive markers
1761212768.0776606 [rviz2-5] [INFO] [1761212768.077459844] [interactive_marker_display_102243176931456]: Service response received for initialization
1761212773.0014775 [rviz2-5] [INFO] [1761212773.001309339] [rviz2.moveit.ros.planning_scene_monitor]: Failed to call service get_planning_scene, have you launched move_group or called psm.providePlanningSceneService()?
1761212773.0018265 [rviz2-5] [INFO] [1761212773.001407286] [rviz2.moveit.ros.motion_planning_frame]: group sekirei_arm
1761212773.0019917 [rviz2-5] [INFO] [1761212773.001415005] [rviz2.moveit.ros.motion_planning_frame]: Constructing new MoveGroup connection for group 'sekirei_arm' in namespace ''
1761212833.0146298 [rviz2-5] [INFO] [1761212833.014460622] [rviz2.moveit.ros.move_group_interface]: Ready to take commands for planning group sekirei_arm.
1761213203.5813334 [INFO] [joint_state_publisher_gui-3]: process has finished cleanly [pid 73184]
1761213206.1501591 [rviz2-5] [ERROR] [1761213206.149932281] [rviz2.moveit.ros.background_processing]: Exception caught while processing action 'Frame::changePlanningGroup': std::future_error: Broken promise
1761213206.1582878 [rviz2-5] [INFO] [1761213206.158069774] [rviz2.moveit.ros.planning_scene_monitor]: Stopping planning scene monitor
1761213206.3187275 [INFO] [rviz2-5]: process has finished cleanly [pid 73186]
1761213248.9717305 [WARNING] [launch]: user interrupted with ctrl-c (SIGINT)
1761213248.9735267 [static_transform_publisher-1] [INFO] [1761213248.971289775] [rclcpp]: signal_handler(signum=2)
1761213248.9736745 [robot_state_publisher-2] [INFO] [1761213248.971335222] [rclcpp]: signal_handler(signum=2)
1761213249.0786552 [INFO] [static_transform_publisher-1]: process has finished cleanly [pid 73182]
1761213249.0791533 [INFO] [robot_state_publisher-2]: process has finished cleanly [pid 73183]
