1761293947.6357884 [INFO] [launch]: All log files can be found below /root/.ros/log/2025-10-24-08-19-07-635086-rodeppc-129777
1761293947.6360018 [INFO] [launch]: Default logging verbosity is set to INFO
1761293947.7609718 [INFO] [static_transform_publisher-1]: process started with pid [129780]
1761293947.7610996 [INFO] [robot_state_publisher-2]: process started with pid [129781]
1761293947.7611811 [INFO] [joint_state_publisher-3]: process started with pid [129782]
1761293947.7612522 [INFO] [move_group-4]: process started with pid [129783]
1761293947.7613275 [INFO] [rviz2-5]: process started with pid [129784]
1761293947.7797534 [static_transform_publisher-1] [WARN] [1761293947.779383986] []: Old-style arguments are deprecated; see --help for new-style arguments
1761293947.8010638 [static_transform_publisher-1] [INFO] [1761293947.800703384] [static_transform_publisher]: Spinning until stopped - publishing transform
1761293947.8013535 [static_transform_publisher-1] translation: ('0.000000', '0.000000', '0.000000')
1761293947.8015027 [static_transform_publisher-1] rotation: ('0.000000', '0.000000', '0.000000', '1.000000')
1761293947.8016226 [static_transform_publisher-1] from 'world' to 'base_link'
1761293947.8046288 [robot_state_publisher-2] [WARN] [1761293947.804488582] [kdl_parser]: The root link base_link has an inertia specified in the URDF, but KDL does not support a root link with an inertia.  As a workaround, you can add an extra dummy link to your URDF.
1761293947.8048651 [robot_state_publisher-2] [INFO] [1761293947.804606289] [robot_state_publisher]: Robot initialized
1761293947.8171747 [rviz2-5] QStandardPaths: XDG_RUNTIME_DIR not set, defaulting to '/tmp/runtime-root'
1761293948.0360396 [joint_state_publisher-3] [INFO] [1761293948.035884647] [joint_state_publisher]: Waiting for robot_description to be published on the robot_description topic...
1761293948.5498130 [rviz2-5] [INFO] [1761293948.549438950] [rviz2]: Stereo is NOT SUPPORTED
1761293948.5501440 [rviz2-5] [INFO] [1761293948.549630411] [rviz2]: OpenGl version: 4.6 (GLSL 4.6)
1761293948.5966680 [rviz2-5] [INFO] [1761293948.596118295] [rviz2]: Stereo is NOT SUPPORTED
1761293948.6855896 [rviz2-5] Warning: class_loader.impl: SEVERE WARNING!!! A namespace collision has occurred with plugin factory for class rviz_default_plugins::displays::InteractiveMarkerDisplay. New factory will OVERWRITE existing one. This situation occurs when libraries containing plugins are directly linked against an executable (the one running right now generating this message). Please separate plugins out into their own library or just don't link against the library and use either class_loader::ClassLoader/MultiLibraryClassLoader to open.
1761293948.6858139 [rviz2-5]          at line 321 in /opt/ros/jazzy/include/class_loader/class_loader/class_loader_core.hpp
1761293948.6863923 [rviz2-5] [WARN] [1761293948.686219398] [rcl.logging_rosout]: Publisher already registered for node name: 'rviz2'. If this is due to multiple nodes with the same name then all logs for the logger named 'rviz2' will go out over the existing publisher. As soon as any node with that name is destructed it will unregister the publisher, preventing any further logs for that name from being published on the rosout topic.
1761293951.7184536 [rviz2-5] [ERROR] [1761293951.717616504] [rviz2.moveit.ros.motion_planning_frame]: Action server: /recognize_objects not available
1761293951.7345929 [rviz2-5] [INFO] [1761293951.734408824] [rviz2.moveit.ros.motion_planning_frame]: MoveGroup namespace changed: / -> . Reloading params.
1761293951.7430220 [rviz2-5] [ERROR] [1761293951.742843081] [rviz2]: PluginlibFactory: The plugin for class 'rviz_visual_tools/RvizVisualToolsGui' failed to load. Error: According to the loaded plugin descriptions the class rviz_visual_tools/RvizVisualToolsGui with base class type rviz_common::Panel does not exist. Declared types are 
1761293951.7900624 [rviz2-5] [INFO] [1761293951.789802635] [rviz2.moveit.ros.rdf_loader]: Loaded robot model in 0.00311411 seconds
1761293951.7905328 [rviz2-5] [INFO] [1761293951.789943091] [rviz2.moveit.core.robot_model]: Loading robot model 'sekirei'...
1761293951.7906408 [rviz2-5] [INFO] [1761293951.789993203] [rviz2.moveit.core.robot_model]: No root/virtual joint specified in SRDF. Assuming fixed joint
1761293951.7909050 [rviz2-5] [WARN] [1761293951.790467593] [rviz2.moveit.core.robot_model]: Could not identify parent group for end-effector 'end_effector'
1761293951.8004093 [rviz2-5] [WARN] [1761293951.800038178] [kdl_parser]: The root link base_link has an inertia specified in the URDF, but KDL does not support a root link with an inertia.  As a workaround, you can add an extra dummy link to your URDF.
1761293951.8008049 [rviz2-5] [INFO] [1761293951.800468594] [rviz2.moveit.kinematics.kdl_kinematics_plugin]: Joint weights for group 'sekirei_arm': 1 1 1 1 1 1
1761293951.8458204 [rviz2-5] [INFO] [1761293951.845587672] [rviz2.moveit.ros.planning_scene_monitor]: Starting planning scene monitor
1761293951.8469181 [rviz2-5] [INFO] [1761293951.846757656] [rviz2.moveit.ros.planning_scene_monitor]: Listening to '/monitored_planning_scene'
1761293952.2755933 [rviz2-5] [INFO] [1761293952.275407265] [interactive_marker_display_95549978571344]: Connected on namespace: /rviz_moveit_motion_planning_display/robot_interaction_interactive_marker_topic
1761293952.2773676 [rviz2-5] [WARN] [1761293952.277264536] [kdl_parser]: The root link base_link has an inertia specified in the URDF, but KDL does not support a root link with an inertia.  As a workaround, you can add an extra dummy link to your URDF.
1761293952.2886257 [rviz2-5] [INFO] [1761293952.288342147] [rviz2.moveit.ros.motion_planning_frame]: group sekirei_arm
1761293952.2888088 [rviz2-5] [INFO] [1761293952.288389693] [rviz2.moveit.ros.motion_planning_frame]: Constructing new MoveGroup connection for group 'sekirei_arm' in namespace ''
1761293952.3053415 [rviz2-5] [INFO] [1761293952.304880803] [rviz2.moveit.ros.move_group_interface]: Ready to take commands for planning group sekirei_arm.
1761293952.3414583 [rviz2-5] [INFO] [1761293952.341159992] [interactive_marker_display_95549978571344]: Sending request for interactive markers
1761293952.3734052 [rviz2-5] [INFO] [1761293952.373181354] [interactive_marker_display_95549978571344]: Service response received for initialization
1761293960.5273073 [rviz2-5] [INFO] [1761293960.526632783] [rviz2.moveit.ros.move_group_interface]: MoveGroup action client/server ready
1761293960.5302181 [rviz2-5] [INFO] [1761293960.529563100] [rviz2.moveit.ros.move_group_interface]: Planning request accepted
1761293960.5639231 [rviz2-5] [INFO] [1761293960.563850069] [rviz2.moveit.ros.move_group_interface]: Planning request complete!
1761293960.5644200 [rviz2-5] [INFO] [1761293960.564345757] [rviz2.moveit.ros.move_group_interface]: time taken to generate plan: 0.0193453 seconds
1761293961.7697160 [rviz2-5] [INFO] [1761293961.768142717] [rviz2.moveit.ros.move_group_interface]: Plan and Execute request accepted
1761293961.8604662 [rviz2-5] [INFO] [1761293961.860054887] [rviz2.moveit.ros.move_group_interface]: Plan and Execute request aborted
1761293961.8605895 [rviz2-5] [ERROR] [1761293961.860322594] [rviz2.moveit.ros.move_group_interface]: MoveGroupInterface::move() failed or timeout reached
1761293968.6977675 [rviz2-5] [INFO] [1761293968.697134284] [rviz2.moveit.ros.planning_scene_monitor]: Stopping planning scene monitor
1761293968.8931944 [INFO] [rviz2-5]: process has finished cleanly [pid 129784]
1761293969.8662467 [WARNING] [launch]: user interrupted with ctrl-c (SIGINT)
1761293969.8761103 [static_transform_publisher-1] [INFO] [1761293969.865812028] [rclcpp]: signal_handler(signum=2)
1761293969.8769593 [robot_state_publisher-2] [INFO] [1761293969.865807653] [rclcpp]: signal_handler(signum=2)
1761293969.9986434 [INFO] [static_transform_publisher-1]: process has finished cleanly [pid 129780]
1761293970.0055344 [INFO] [robot_state_publisher-2]: process has finished cleanly [pid 129781]
1761293970.0484033 [ERROR] [move_group-4]: process has died [pid 129783, exit code -11, cmd '/opt/ros/jazzy/lib/moveit_ros_move_group/move_group --ros-args -r __ns:=/ --params-file /tmp/launch_params_j4xd1qzx'].
1761293970.0504661 [INFO] [joint_state_publisher-3]: process has finished cleanly [pid 129782]
