1761293509.1408150 [INFO] [launch]: All log files can be found below /root/.ros/log/2025-10-24-08-11-49-140192-rodeppc-118573
1761293509.1409135 [INFO] [launch]: Default logging verbosity is set to INFO
1761293509.2397771 [INFO] [static_transform_publisher-1]: process started with pid [118576]
1761293509.2398865 [INFO] [robot_state_publisher-2]: process started with pid [118577]
1761293509.2399576 [INFO] [joint_state_publisher_gui-3]: process started with pid [118578]
1761293509.2400334 [INFO] [move_group-4]: process started with pid [118579]
1761293509.2400961 [INFO] [rviz2-5]: process started with pid [118580]
1761293509.2570686 [static_transform_publisher-1] [WARN] [1761293509.256812705] []: Old-style arguments are deprecated; see --help for new-style arguments
1761293509.2760198 [static_transform_publisher-1] [INFO] [1761293509.275795405] [static_transform_publisher]: Spinning until stopped - publishing transform
1761293509.2761862 [static_transform_publisher-1] translation: ('0.000000', '0.000000', '0.000000')
1761293509.2762673 [static_transform_publisher-1] rotation: ('0.000000', '0.000000', '0.000000', '1.000000')
1761293509.2763383 [static_transform_publisher-1] from 'world' to 'base_link'
1761293509.2780807 [robot_state_publisher-2] [WARN] [1761293509.277961295] [kdl_parser]: The root link base_link has an inertia specified in the URDF, but KDL does not support a root link with an inertia.  As a workaround, you can add an extra dummy link to your URDF.
1761293509.2782602 [robot_state_publisher-2] [INFO] [1761293509.278040291] [robot_state_publisher]: Robot initialized
1761293509.2830408 [rviz2-5] QStandardPaths: XDG_RUNTIME_DIR not set, defaulting to '/tmp/runtime-root'
1761293509.9627228 [joint_state_publisher_gui-3] QStandardPaths: XDG_RUNTIME_DIR not set, defaulting to '/tmp/runtime-root'
1761293509.9734654 [rviz2-5] [INFO] [1761293509.973311757] [rviz2]: Stereo is NOT SUPPORTED
1761293509.9736929 [rviz2-5] [INFO] [1761293509.973439183] [rviz2]: OpenGl version: 4.6 (GLSL 4.6)
1761293510.0027575 [rviz2-5] [INFO] [1761293510.002602045] [rviz2]: Stereo is NOT SUPPORTED
1761293510.0152271 [joint_state_publisher_gui-3] [INFO] [1761293510.015060227] [joint_state_publisher_gui]: Waiting for robot_description to be published on the robot_description topic...
1761293510.0238461 [joint_state_publisher_gui-3] [INFO] [1761293510.023662188] [joint_state_publisher_gui]: Centering
1761293510.0970030 [rviz2-5] Warning: class_loader.impl: SEVERE WARNING!!! A namespace collision has occurred with plugin factory for class rviz_default_plugins::displays::InteractiveMarkerDisplay. New factory will OVERWRITE existing one. This situation occurs when libraries containing plugins are directly linked against an executable (the one running right now generating this message). Please separate plugins out into their own library or just don't link against the library and use either class_loader::ClassLoader/MultiLibraryClassLoader to open.
1761293510.0973117 [rviz2-5]          at line 321 in /opt/ros/jazzy/include/class_loader/class_loader/class_loader_core.hpp
1761293510.0980902 [rviz2-5] [WARN] [1761293510.097904728] [rcl.logging_rosout]: Publisher already registered for node name: 'rviz2'. If this is due to multiple nodes with the same name then all logs for the logger named 'rviz2' will go out over the existing publisher. As soon as any node with that name is destructed it will unregister the publisher, preventing any further logs for that name from being published on the rosout topic.
1761293510.1737664 [joint_state_publisher_gui-3] [INFO] [1761293510.173581769] [joint_state_publisher_gui]: Centering
1761293510.2771716 [joint_state_publisher_gui-3] [INFO] [1761293510.276738568] [joint_state_publisher_gui]: Centering
1761293513.1385303 [rviz2-5] [ERROR] [1761293513.137856816] [rviz2.moveit.ros.motion_planning_frame]: Action server: /recognize_objects not available
1761293513.1579819 [rviz2-5] [INFO] [1761293513.157820977] [rviz2.moveit.ros.motion_planning_frame]: MoveGroup namespace changed: / -> . Reloading params.
1761293513.1655538 [rviz2-5] [ERROR] [1761293513.165405219] [rviz2]: PluginlibFactory: The plugin for class 'rviz_visual_tools/RvizVisualToolsGui' failed to load. Error: According to the loaded plugin descriptions the class rviz_visual_tools/RvizVisualToolsGui with base class type rviz_common::Panel does not exist. Declared types are 
1761293513.2062595 [rviz2-5] [INFO] [1761293513.205938298] [rviz2.moveit.ros.rdf_loader]: Loaded robot model in 0.00298154 seconds
1761293513.2066240 [rviz2-5] [INFO] [1761293513.206060377] [rviz2.moveit.core.robot_model]: Loading robot model 'sekirei'...
1761293513.2068160 [rviz2-5] [INFO] [1761293513.206462560] [rviz2.moveit.core.robot_model]: No root/virtual joint specified in SRDF. Assuming fixed joint
1761293513.2069848 [rviz2-5] [WARN] [1761293513.206689454] [rviz2.moveit.core.robot_model]: Could not identify parent group for end-effector 'end_effector'
1761293513.2137055 [rviz2-5] [WARN] [1761293513.213388777] [kdl_parser]: The root link base_link has an inertia specified in the URDF, but KDL does not support a root link with an inertia.  As a workaround, you can add an extra dummy link to your URDF.
1761293513.2141852 [rviz2-5] [INFO] [1761293513.213611307] [rviz2.moveit.kinematics.kdl_kinematics_plugin]: Joint weights for group 'sekirei_arm': 1 1 1 1 1 1
1761293513.2449191 [rviz2-5] [INFO] [1761293513.244581583] [rviz2.moveit.ros.planning_scene_monitor]: Starting planning scene monitor
1761293513.2457626 [rviz2-5] [INFO] [1761293513.245608930] [rviz2.moveit.ros.planning_scene_monitor]: Listening to '/monitored_planning_scene'
1761293513.6123676 [rviz2-5] [INFO] [1761293513.612206317] [interactive_marker_display_100687109073760]: Connected on namespace: /rviz_moveit_motion_planning_display/robot_interaction_interactive_marker_topic
1761293513.6139746 [rviz2-5] [WARN] [1761293513.613892593] [kdl_parser]: The root link base_link has an inertia specified in the URDF, but KDL does not support a root link with an inertia.  As a workaround, you can add an extra dummy link to your URDF.
1761293513.6189778 [rviz2-5] [INFO] [1761293513.618577664] [rviz2.moveit.ros.motion_planning_frame]: group sekirei_arm
1761293513.6192949 [rviz2-5] [INFO] [1761293513.618639501] [rviz2.moveit.ros.motion_planning_frame]: Constructing new MoveGroup connection for group 'sekirei_arm' in namespace ''
1761293513.6318064 [rviz2-5] [INFO] [1761293513.631519671] [rviz2.moveit.ros.move_group_interface]: Ready to take commands for planning group sekirei_arm.
1761293513.6623719 [rviz2-5] [INFO] [1761293513.662058106] [interactive_marker_display_100687109073760]: Sending request for interactive markers
1761293513.6952338 [rviz2-5] [INFO] [1761293513.695016342] [interactive_marker_display_100687109073760]: Service response received for initialization
1761293543.5259514 [rviz2-5] [INFO] [1761293543.525416551] [rviz2.moveit.ros.motion_planning_frame]: Connect to database: {host: 127.0.0.1, port: 33829}
1761293543.5382652 [rviz2-5] [ERROR] [1761293543.537905707] [warehouse_ros.database_loader]: Exception while loading database plugin 'warehouse_ros_mongo::MongoDatabaseConnection': According to the loaded plugin descriptions the class warehouse_ros_mongo::MongoDatabaseConnection with base class type warehouse_ros::DatabaseConnection does not exist. Declared types are 
1761293543.5385127 [rviz2-5] 
1761293545.4854286 [rviz2-5] [INFO] [1761293545.484732187] [rviz2.moveit.ros.move_group_interface]: MoveGroup action client/server ready
1761293545.4888930 [rviz2-5] [INFO] [1761293545.488189311] [rviz2.moveit.ros.move_group_interface]: Planning request accepted
1761293545.5874374 [rviz2-5] [INFO] [1761293545.587272941] [rviz2.moveit.ros.move_group_interface]: Planning request complete!
1761293545.5875857 [rviz2-5] [INFO] [1761293545.587294630] [rviz2.moveit.ros.move_group_interface]: time taken to generate plan: 0.0506046 seconds
1761293547.1684630 [rviz2-5] [INFO] [1761293547.166065971] [rviz2.moveit.ros.move_group_interface]: Execute request accepted
1761293547.1697679 [rviz2-5] [INFO] [1761293547.166838389] [rviz2.moveit.ros.move_group_interface]: Execute request aborted
1761293547.1700420 [rviz2-5] [ERROR] [1761293547.166933320] [rviz2.moveit.ros.move_group_interface]: MoveGroupInterface::execute() failed or timeout reached
1761293548.1686466 [rviz2-5] [INFO] [1761293548.167995400] [rviz2.moveit.ros.move_group_interface]: MoveGroup action client/server ready
1761293548.1712132 [rviz2-5] [INFO] [1761293548.169388617] [rviz2.moveit.ros.move_group_interface]: Planning request accepted
1761293548.2734418 [rviz2-5] [INFO] [1761293548.273183269] [rviz2.moveit.ros.move_group_interface]: Planning request complete!
1761293548.2740803 [rviz2-5] [INFO] [1761293548.273974101] [rviz2.moveit.ros.move_group_interface]: time taken to generate plan: 0.0506524 seconds
1761293550.7493436 [rviz2-5] [INFO] [1761293550.748611354] [rviz2.moveit.ros.move_group_interface]: MoveGroup action client/server ready
1761293550.7624071 [rviz2-5] [INFO] [1761293550.749996109] [rviz2.moveit.ros.move_group_interface]: Planning request accepted
1761293555.8219302 [rviz2-5] [INFO] [1761293555.821607228] [rviz2.moveit.ros.move_group_interface]: Planning request aborted
1761293555.8227100 [rviz2-5] [ERROR] [1761293555.822561692] [rviz2.moveit.ros.move_group_interface]: MoveGroupInterface::plan() failed or timeout reached
1761293556.9022470 [rviz2-5] [INFO] [1761293556.901626087] [rviz2.moveit.ros.move_group_interface]: MoveGroup action client/server ready
1761293556.9044821 [rviz2-5] [INFO] [1761293556.902842806] [rviz2.moveit.ros.move_group_interface]: Planning request accepted
1761293556.9884610 [rviz2-5] [INFO] [1761293556.988336370] [rviz2.moveit.ros.move_group_interface]: Planning request complete!
1761293556.9892800 [rviz2-5] [INFO] [1761293556.989101275] [rviz2.moveit.ros.move_group_interface]: time taken to generate plan: 0.0658257 seconds
1761293560.9299879 [rviz2-5] [INFO] [1761293560.926368479] [rviz2.moveit.ros.move_group_interface]: Execute request accepted
1761293560.9308124 [rviz2-5] [INFO] [1761293560.926909303] [rviz2.moveit.ros.move_group_interface]: Execute request aborted
1761293560.9311516 [rviz2-5] [ERROR] [1761293560.927776148] [rviz2.moveit.ros.move_group_interface]: MoveGroupInterface::execute() failed or timeout reached
1761293561.9293768 [rviz2-5] [INFO] [1761293561.928677872] [rviz2.moveit.ros.move_group_interface]: MoveGroup action client/server ready
1761293561.9317870 [rviz2-5] [INFO] [1761293561.929810850] [rviz2.moveit.ros.move_group_interface]: Planning request accepted
1761293562.0720425 [rviz2-5] [INFO] [1761293562.071850379] [rviz2.moveit.ros.move_group_interface]: Planning request complete!
1761293562.0727630 [rviz2-5] [INFO] [1761293562.072655607] [rviz2.moveit.ros.move_group_interface]: time taken to generate plan: 0.0482864 seconds
1761293698.5756409 [ERROR] [rviz2-5]: process has died [pid 118580, exit code -11, cmd '/opt/ros/jazzy/lib/rviz2/rviz2 -d /root/ros_ws/install/sekirei_moveit_config/share/sekirei_moveit_config/config/moveit.rviz --ros-args -r __node:=rviz2 --params-file /tmp/launch_params_q_y9e21x'].
1761293701.3286734 [INFO] [joint_state_publisher_gui-3]: process has finished cleanly [pid 118578]
1761293702.8918073 [WARNING] [launch]: user interrupted with ctrl-c (SIGINT)
1761293702.8939981 [robot_state_publisher-2] [INFO] [1761293702.891622036] [rclcpp]: signal_handler(signum=2)
1761293702.8941960 [static_transform_publisher-1] [INFO] [1761293702.891626272] [rclcpp]: signal_handler(signum=2)
1761293703.0068326 [INFO] [static_transform_publisher-1]: process has finished cleanly [pid 118576]
1761293703.0097561 [INFO] [robot_state_publisher-2]: process has finished cleanly [pid 118577]
1761293703.0543871 [ERROR] [move_group-4]: process has died [pid 118579, exit code -11, cmd '/opt/ros/jazzy/lib/moveit_ros_move_group/move_group --ros-args -r __ns:=/ --params-file /tmp/launch_params_ycv01vd8'].
