1761293847.5754347 [INFO] [launch]: All log files can be found below /root/.ros/log/2025-10-24-08-17-27-574534-rodeppc-124222
1761293847.5756149 [INFO] [launch]: Default logging verbosity is set to INFO
1761293847.6869705 [INFO] [static_transform_publisher-1]: process started with pid [124225]
1761293847.6871338 [INFO] [robot_state_publisher-2]: process started with pid [124226]
1761293847.6872077 [INFO] [move_group-3]: process started with pid [124227]
1761293847.6872704 [INFO] [rviz2-4]: process started with pid [124228]
1761293847.7026606 [static_transform_publisher-1] [WARN] [1761293847.702369706] []: Old-style arguments are deprecated; see --help for new-style arguments
1761293847.7227089 [static_transform_publisher-1] [INFO] [1761293847.722430086] [static_transform_publisher]: Spinning until stopped - publishing transform
1761293847.7228580 [static_transform_publisher-1] translation: ('0.000000', '0.000000', '0.000000')
1761293847.7229285 [static_transform_publisher-1] rotation: ('0.000000', '0.000000', '0.000000', '1.000000')
1761293847.7229874 [static_transform_publisher-1] from 'world' to 'base_link'
1761293847.7264042 [robot_state_publisher-2] [WARN] [1761293847.726181066] [kdl_parser]: The root link base_link has an inertia specified in the URDF, but KDL does not support a root link with an inertia.  As a workaround, you can add an extra dummy link to your URDF.
1761293847.7266846 [robot_state_publisher-2] [INFO] [1761293847.726288578] [robot_state_publisher]: Robot initialized
1761293847.7458797 [rviz2-4] QStandardPaths: XDG_RUNTIME_DIR not set, defaulting to '/tmp/runtime-root'
1761293848.4641750 [rviz2-4] [INFO] [1761293848.463868494] [rviz2]: Stereo is NOT SUPPORTED
1761293848.4643669 [rviz2-4] [INFO] [1761293848.463997525] [rviz2]: OpenGl version: 4.6 (GLSL 4.6)
1761293848.4907165 [rviz2-4] [INFO] [1761293848.490535861] [rviz2]: Stereo is NOT SUPPORTED
1761293848.5726364 [rviz2-4] Warning: class_loader.impl: SEVERE WARNING!!! A namespace collision has occurred with plugin factory for class rviz_default_plugins::displays::InteractiveMarkerDisplay. New factory will OVERWRITE existing one. This situation occurs when libraries containing plugins are directly linked against an executable (the one running right now generating this message). Please separate plugins out into their own library or just don't link against the library and use either class_loader::ClassLoader/MultiLibraryClassLoader to open.
1761293848.5728598 [rviz2-4]          at line 321 in /opt/ros/jazzy/include/class_loader/class_loader/class_loader_core.hpp
1761293848.5735404 [rviz2-4] [WARN] [1761293848.573326733] [rcl.logging_rosout]: Publisher already registered for node name: 'rviz2'. If this is due to multiple nodes with the same name then all logs for the logger named 'rviz2' will go out over the existing publisher. As soon as any node with that name is destructed it will unregister the publisher, preventing any further logs for that name from being published on the rosout topic.
1761293851.6043549 [rviz2-4] [ERROR] [1761293851.603578326] [rviz2.moveit.ros.motion_planning_frame]: Action server: /recognize_objects not available
1761293851.6188037 [rviz2-4] [INFO] [1761293851.618615543] [rviz2.moveit.ros.motion_planning_frame]: MoveGroup namespace changed: / -> . Reloading params.
1761293851.6273644 [rviz2-4] [ERROR] [1761293851.627054092] [rviz2]: PluginlibFactory: The plugin for class 'rviz_visual_tools/RvizVisualToolsGui' failed to load. Error: According to the loaded plugin descriptions the class rviz_visual_tools/RvizVisualToolsGui with base class type rviz_common::Panel does not exist. Declared types are 
1761293851.6607234 [rviz2-4] [INFO] [1761293851.660532709] [rviz2.moveit.ros.rdf_loader]: Loaded robot model in 0.00187703 seconds
1761293851.6608295 [rviz2-4] [INFO] [1761293851.660583252] [rviz2.moveit.core.robot_model]: Loading robot model 'sekirei'...
1761293851.6611240 [rviz2-4] [INFO] [1761293851.660601743] [rviz2.moveit.core.robot_model]: No root/virtual joint specified in SRDF. Assuming fixed joint
1761293851.6613131 [rviz2-4] [WARN] [1761293851.660786961] [rviz2.moveit.core.robot_model]: Could not identify parent group for end-effector 'end_effector'
1761293851.6671052 [rviz2-4] [WARN] [1761293851.666771598] [kdl_parser]: The root link base_link has an inertia specified in the URDF, but KDL does not support a root link with an inertia.  As a workaround, you can add an extra dummy link to your URDF.
1761293851.6674404 [rviz2-4] [INFO] [1761293851.667029519] [rviz2.moveit.kinematics.kdl_kinematics_plugin]: Joint weights for group 'sekirei_arm': 1 1 1 1 1 1
1761293851.7057281 [rviz2-4] [INFO] [1761293851.705467689] [rviz2.moveit.ros.planning_scene_monitor]: Starting planning scene monitor
1761293851.7067795 [rviz2-4] [INFO] [1761293851.706611579] [rviz2.moveit.ros.planning_scene_monitor]: Listening to '/monitored_planning_scene'
1761293852.1231887 [rviz2-4] [INFO] [1761293852.122871202] [interactive_marker_display_109245758086368]: Connected on namespace: /rviz_moveit_motion_planning_display/robot_interaction_interactive_marker_topic
1761293852.1252289 [rviz2-4] [WARN] [1761293852.125096621] [kdl_parser]: The root link base_link has an inertia specified in the URDF, but KDL does not support a root link with an inertia.  As a workaround, you can add an extra dummy link to your URDF.
1761293852.1965201 [rviz2-4] [INFO] [1761293852.195963330] [interactive_marker_display_109245758086368]: Sending request for interactive markers
1761293852.2298641 [rviz2-4] [INFO] [1761293852.229373401] [interactive_marker_display_109245758086368]: Service response received for initialization
1761293857.1360452 [rviz2-4] [INFO] [1761293857.135366360] [rviz2.moveit.ros.planning_scene_monitor]: Failed to call service get_planning_scene, have you launched move_group or called psm.providePlanningSceneService()?
1761293857.1371076 [rviz2-4] [INFO] [1761293857.135570906] [rviz2.moveit.ros.motion_planning_frame]: group sekirei_arm
1761293857.1374469 [rviz2-4] [INFO] [1761293857.135701714] [rviz2.moveit.ros.motion_planning_frame]: Constructing new MoveGroup connection for group 'sekirei_arm' in namespace ''
1761293857.9225540 [ERROR] [move_group-3]: process has died [pid 124227, exit code -6, cmd '/opt/ros/jazzy/lib/moveit_ros_move_group/move_group --ros-args -r __ns:=/ --params-file /tmp/launch_params_jsfzdj1r'].
1761293863.4752076 [rviz2-4] [ERROR] [1761293863.474919538] [rviz2.rclcpp_action]: Error in destruction of rcl action client handle: action client implementation is invalid, at ./src/rcl_action/action_client.c:491
1761293863.4872484 [rviz2-4] terminate called without an active exception
1761293864.1334658 [ERROR] [rviz2-4]: process has died [pid 124228, exit code -6, cmd '/opt/ros/jazzy/lib/rviz2/rviz2 -d /root/ros_ws/install/sekirei_moveit_config/share/sekirei_moveit_config/config/moveit.rviz --ros-args -r __node:=rviz2 --params-file /tmp/launch_params_p68lolbd'].
1761293898.7275105 [WARNING] [launch]: user interrupted with ctrl-c (SIGINT)
1761293898.7289670 [robot_state_publisher-2] [INFO] [1761293898.727312920] [rclcpp]: signal_handler(signum=2)
1761293898.7291834 [static_transform_publisher-1] [INFO] [1761293898.727313017] [rclcpp]: signal_handler(signum=2)
1761293898.8371439 [INFO] [static_transform_publisher-1]: process has finished cleanly [pid 124225]
1761293898.8377326 [INFO] [robot_state_publisher-2]: process has finished cleanly [pid 124226]
