1761292849.4526649 [INFO] [launch]: All log files can be found below /root/.ros/log/2025-10-24-08-00-49-451943-rodeppc-101509
1761292849.4527602 [INFO] [launch]: Default logging verbosity is set to INFO
1761292849.5520298 [INFO] [static_transform_publisher-1]: process started with pid [101513]
1761292849.5521936 [INFO] [robot_state_publisher-2]: process started with pid [101514]
1761292849.5523090 [INFO] [joint_state_publisher_gui-3]: process started with pid [101515]
1761292849.5523930 [INFO] [move_group-4]: process started with pid [101516]
1761292849.5524747 [INFO] [rviz2-5]: process started with pid [101517]
1761292849.5690033 [static_transform_publisher-1] [WARN] [1761292849.568799941] []: Old-style arguments are deprecated; see --help for new-style arguments
1761292849.5878406 [static_transform_publisher-1] [INFO] [1761292849.587637833] [static_transform_publisher]: Spinning until stopped - publishing transform
1761292849.5879612 [static_transform_publisher-1] translation: ('0.000000', '0.000000', '0.000000')
1761292849.5880156 [static_transform_publisher-1] rotation: ('0.000000', '0.000000', '0.000000', '1.000000')
1761292849.5880666 [static_transform_publisher-1] from 'world' to 'base_link'
1761292849.5901685 [robot_state_publisher-2] [WARN] [1761292849.590007670] [kdl_parser]: The root link base_link has an inertia specified in the URDF, but KDL does not support a root link with an inertia.  As a workaround, you can add an extra dummy link to your URDF.
1761292849.5903544 [robot_state_publisher-2] [INFO] [1761292849.590095663] [robot_state_publisher]: Robot initialized
1761292849.5951488 [rviz2-5] QStandardPaths: XDG_RUNTIME_DIR not set, defaulting to '/tmp/runtime-root'
1761292850.2552063 [joint_state_publisher_gui-3] QStandardPaths: XDG_RUNTIME_DIR not set, defaulting to '/tmp/runtime-root'
1761292850.2651017 [rviz2-5] [INFO] [1761292850.264933825] [rviz2]: Stereo is NOT SUPPORTED
1761292850.2653329 [rviz2-5] [INFO] [1761292850.265057041] [rviz2]: OpenGl version: 4.6 (GLSL 4.6)
1761292850.2896063 [rviz2-5] [INFO] [1761292850.289435326] [rviz2]: Stereo is NOT SUPPORTED
1761292850.3086050 [joint_state_publisher_gui-3] [INFO] [1761292850.308452254] [joint_state_publisher_gui]: Waiting for robot_description to be published on the robot_description topic...
1761292850.3176572 [joint_state_publisher_gui-3] [INFO] [1761292850.317515733] [joint_state_publisher_gui]: Centering
1761292850.3815660 [rviz2-5] Warning: class_loader.impl: SEVERE WARNING!!! A namespace collision has occurred with plugin factory for class rviz_default_plugins::displays::InteractiveMarkerDisplay. New factory will OVERWRITE existing one. This situation occurs when libraries containing plugins are directly linked against an executable (the one running right now generating this message). Please separate plugins out into their own library or just don't link against the library and use either class_loader::ClassLoader/MultiLibraryClassLoader to open.
1761292850.3820679 [rviz2-5]          at line 321 in /opt/ros/jazzy/include/class_loader/class_loader/class_loader_core.hpp
1761292850.3829277 [rviz2-5] [WARN] [1761292850.382758015] [rcl.logging_rosout]: Publisher already registered for node name: 'rviz2'. If this is due to multiple nodes with the same name then all logs for the logger named 'rviz2' will go out over the existing publisher. As soon as any node with that name is destructed it will unregister the publisher, preventing any further logs for that name from being published on the rosout topic.
1761292850.4682553 [joint_state_publisher_gui-3] [INFO] [1761292850.467972732] [joint_state_publisher_gui]: Centering
1761292850.4717939 [joint_state_publisher_gui-3] [INFO] [1761292850.471567650] [joint_state_publisher_gui]: Centering
1761292850.5721016 [joint_state_publisher_gui-3] [INFO] [1761292850.571743735] [joint_state_publisher_gui]: Centering
1761292850.6707082 [ERROR] [move_group-4]: process has died [pid 101516, exit code -6, cmd '/opt/ros/jazzy/lib/moveit_ros_move_group/move_group --ros-args -r __ns:=/ --params-file /tmp/launch_params_fvcahwrq'].
1761292853.4222739 [rviz2-5] [ERROR] [1761292853.421721790] [rviz2.moveit.ros.motion_planning_frame]: Action server: /recognize_objects not available
1761292853.4526963 [rviz2-5] [INFO] [1761292853.452523341] [rviz2.moveit.ros.motion_planning_frame]: MoveGroup namespace changed: / -> . Reloading params.
1761292853.4644201 [rviz2-5] [ERROR] [1761292853.464263236] [rviz2]: PluginlibFactory: The plugin for class 'rviz_visual_tools/RvizVisualToolsGui' failed to load. Error: According to the loaded plugin descriptions the class rviz_visual_tools/RvizVisualToolsGui with base class type rviz_common::Panel does not exist. Declared types are 
1761292853.5152044 [rviz2-5] [INFO] [1761292853.515012962] [rviz2.moveit.ros.rdf_loader]: Loaded robot model in 0.00364231 seconds
1761292853.5154972 [rviz2-5] [INFO] [1761292853.515110728] [rviz2.moveit.core.robot_model]: Loading robot model 'sekirei'...
1761292853.5156035 [rviz2-5] [INFO] [1761292853.515132550] [rviz2.moveit.core.robot_model]: No root/virtual joint specified in SRDF. Assuming fixed joint
1761292853.5157790 [rviz2-5] [WARN] [1761292853.515372671] [rviz2.moveit.core.robot_model]: Could not identify parent group for end-effector 'end_effector'
1761292853.5269396 [rviz2-5] [WARN] [1761292853.526760470] [kdl_parser]: The root link base_link has an inertia specified in the URDF, but KDL does not support a root link with an inertia.  As a workaround, you can add an extra dummy link to your URDF.
1761292853.5272284 [rviz2-5] [INFO] [1761292853.526911292] [rviz2.moveit.kinematics.kdl_kinematics_plugin]: Joint weights for group 'sekirei_arm': 1 1 1 1 1 1
1761292853.5573120 [rviz2-5] [INFO] [1761292853.557113601] [rviz2.moveit.ros.planning_scene_monitor]: Starting planning scene monitor
1761292853.5586004 [rviz2-5] [INFO] [1761292853.558498060] [rviz2.moveit.ros.planning_scene_monitor]: Listening to '/monitored_planning_scene'
1761292853.8869646 [rviz2-5] [INFO] [1761292853.886819817] [interactive_marker_display_95094128023664]: Connected on namespace: /rviz_moveit_motion_planning_display/robot_interaction_interactive_marker_topic
1761292853.8886361 [rviz2-5] [WARN] [1761292853.888571143] [kdl_parser]: The root link base_link has an inertia specified in the URDF, but KDL does not support a root link with an inertia.  As a workaround, you can add an extra dummy link to your URDF.
1761292853.9269087 [rviz2-5] [INFO] [1761292853.926635468] [interactive_marker_display_95094128023664]: Sending request for interactive markers
1761292853.9609072 [rviz2-5] [INFO] [1761292853.960716960] [interactive_marker_display_95094128023664]: Service response received for initialization
1761292858.8936799 [rviz2-5] [INFO] [1761292858.893211103] [rviz2.moveit.ros.planning_scene_monitor]: Failed to call service get_planning_scene, have you launched move_group or called psm.providePlanningSceneService()?
1761292858.8946593 [rviz2-5] [INFO] [1761292858.893453062] [rviz2.moveit.ros.motion_planning_frame]: group sekirei_arm
1761292858.8951254 [rviz2-5] [INFO] [1761292858.893502086] [rviz2.moveit.ros.motion_planning_frame]: Constructing new MoveGroup connection for group 'sekirei_arm' in namespace ''
1761292918.9391513 [rviz2-5] [INFO] [1761292918.938672520] [rviz2.moveit.ros.move_group_interface]: Ready to take commands for planning group sekirei_arm.
1761293033.5929353 [WARNING] [launch]: user interrupted with ctrl-c (SIGINT)
1761293033.5981998 [rviz2-5] [INFO] [1761293033.592315102] [rclcpp]: signal_handler(signum=2)
1761293033.5983934 [robot_state_publisher-2] [INFO] [1761293033.592618167] [rclcpp]: signal_handler(signum=2)
1761293033.5985489 [static_transform_publisher-1] [INFO] [1761293033.592633452] [rclcpp]: signal_handler(signum=2)
1761293033.6051459 [ERROR] [joint_state_publisher_gui-3]: process has died [pid 101515, exit code -2, cmd '/opt/ros/jazzy/lib/joint_state_publisher_gui/joint_state_publisher_gui --ros-args -r __node:=joint_state_publisher_gui'].
1761293033.6085598 [rviz2-5] [WARN] [1761293033.608277789] [interactive_marker_display_95094128023664]: Server not available while running, resetting
1761293033.6403153 [rviz2-5] [ERROR] [1761293033.640149200] [rviz2.moveit.ros.background_processing]: Exception caught while processing action 'Frame::changePlanningGroup': std::future_error: Broken promise
1761293033.6482108 [rviz2-5] [INFO] [1761293033.647992863] [rviz2.moveit.ros.planning_scene_monitor]: Stopping planning scene monitor
1761293033.7056713 [INFO] [static_transform_publisher-1]: process has finished cleanly [pid 101513]
1761293033.7061360 [INFO] [robot_state_publisher-2]: process has finished cleanly [pid 101514]
1761293033.7868140 [INFO] [rviz2-5]: process has finished cleanly [pid 101517]
