1761290564.3019388 [INFO] [launch]: All log files can be found below /root/.ros/log/2025-10-24-07-22-44-301119-rodeppc-72511
1761290564.3020315 [INFO] [launch]: Default logging verbosity is set to INFO
1761290564.4078114 [INFO] [static_transform_publisher-1]: process started with pid [72514]
1761290564.4079602 [INFO] [robot_state_publisher-2]: process started with pid [72515]
1761290564.4081314 [INFO] [joint_state_publisher_gui-3]: process started with pid [72516]
1761290564.4082568 [INFO] [move_group-4]: process started with pid [72517]
1761290564.4083745 [INFO] [rviz2-5]: process started with pid [72518]
1761290564.4257734 [static_transform_publisher-1] [WARN] [1761290564.425370877] []: Old-style arguments are deprecated; see --help for new-style arguments
1761290564.4428687 [static_transform_publisher-1] [INFO] [1761290564.442617999] [static_transform_publisher]: Spinning until stopped - publishing transform
1761290564.4430211 [static_transform_publisher-1] translation: ('0.000000', '0.000000', '0.000000')
1761290564.4430852 [static_transform_publisher-1] rotation: ('0.000000', '0.000000', '0.000000', '1.000000')
1761290564.4431312 [static_transform_publisher-1] from 'world' to 'base_link'
1761290564.4455869 [robot_state_publisher-2] [WARN] [1761290564.445300034] [kdl_parser]: The root link base_link has an inertia specified in the URDF, but KDL does not support a root link with an inertia.  As a workaround, you can add an extra dummy link to your URDF.
1761290564.4459198 [robot_state_publisher-2] [INFO] [1761290564.445454640] [robot_state_publisher]: Robot initialized
1761290564.4672978 [rviz2-5] QStandardPaths: XDG_RUNTIME_DIR not set, defaulting to '/tmp/runtime-root'
1761290565.1612902 [joint_state_publisher_gui-3] QStandardPaths: XDG_RUNTIME_DIR not set, defaulting to '/tmp/runtime-root'
1761290565.1660721 [rviz2-5] [INFO] [1761290565.165892784] [rviz2]: Stereo is NOT SUPPORTED
1761290565.1664476 [rviz2-5] [INFO] [1761290565.166035423] [rviz2]: OpenGl version: 4.6 (GLSL 4.6)
1761290565.2030289 [rviz2-5] [INFO] [1761290565.202878952] [rviz2]: Stereo is NOT SUPPORTED
1761290565.2200456 [joint_state_publisher_gui-3] [INFO] [1761290565.219889501] [joint_state_publisher_gui]: Waiting for robot_description to be published on the robot_description topic...
1761290565.2352798 [joint_state_publisher_gui-3] [INFO] [1761290565.235071326] [joint_state_publisher_gui]: Centering
1761290565.3385284 [rviz2-5] Warning: class_loader.impl: SEVERE WARNING!!! A namespace collision has occurred with plugin factory for class rviz_default_plugins::displays::InteractiveMarkerDisplay. New factory will OVERWRITE existing one. This situation occurs when libraries containing plugins are directly linked against an executable (the one running right now generating this message). Please separate plugins out into their own library or just don't link against the library and use either class_loader::ClassLoader/MultiLibraryClassLoader to open.
1761290565.3388932 [rviz2-5]          at line 321 in /opt/ros/jazzy/include/class_loader/class_loader/class_loader_core.hpp
1761290565.3397925 [rviz2-5] [WARN] [1761290565.339510022] [rcl.logging_rosout]: Publisher already registered for node name: 'rviz2'. If this is due to multiple nodes with the same name then all logs for the logger named 'rviz2' will go out over the existing publisher. As soon as any node with that name is destructed it will unregister the publisher, preventing any further logs for that name from being published on the rosout topic.
1761290565.3699634 [joint_state_publisher_gui-3] [INFO] [1761290565.369695119] [joint_state_publisher_gui]: Centering
1761290565.5814543 [ERROR] [move_group-4]: process has died [pid 72517, exit code -6, cmd '/opt/ros/jazzy/lib/moveit_ros_move_group/move_group --ros-args -r __ns:=/ --params-file /tmp/launch_params_x9qe5rss'].
1761290568.3794270 [rviz2-5] [ERROR] [1761290568.379202730] [rviz2.moveit.ros.motion_planning_frame]: Action server: /recognize_objects not available
1761290568.4017386 [rviz2-5] [INFO] [1761290568.401468105] [rviz2.moveit.ros.motion_planning_frame]: MoveGroup namespace changed: / -> . Reloading params.
1761290568.4157310 [rviz2-5] [ERROR] [1761290568.415491194] [rviz2]: PluginlibFactory: The plugin for class 'rviz_visual_tools/RvizVisualToolsGui' failed to load. Error: According to the loaded plugin descriptions the class rviz_visual_tools/RvizVisualToolsGui with base class type rviz_common::Panel does not exist. Declared types are 
1761290568.4496059 [rviz2-5] [INFO] [1761290568.449410385] [rviz2.moveit.ros.rdf_loader]: Loaded robot model in 0.00273654 seconds
1761290568.4499538 [rviz2-5] [INFO] [1761290568.449498956] [rviz2.moveit.core.robot_model]: Loading robot model 'sekirei'...
1761290568.4500468 [rviz2-5] [INFO] [1761290568.449516722] [rviz2.moveit.core.robot_model]: No root/virtual joint specified in SRDF. Assuming fixed joint
1761290568.4501226 [rviz2-5] [WARN] [1761290568.449731470] [rviz2.moveit.core.robot_model]: Could not identify parent group for end-effector 'end_effector'
1761290568.4593081 [rviz2-5] [WARN] [1761290568.459157289] [kdl_parser]: The root link base_link has an inertia specified in the URDF, but KDL does not support a root link with an inertia.  As a workaround, you can add an extra dummy link to your URDF.
1761290568.4595659 [rviz2-5] [INFO] [1761290568.459325188] [rviz2.moveit.kinematics.kdl_kinematics_plugin]: Joint weights for group 'sekirei_arm': 1 1 1 1 1 1
1761290568.4887185 [rviz2-5] [INFO] [1761290568.488458489] [rviz2.moveit.ros.planning_scene_monitor]: Starting planning scene monitor
1761290568.4908457 [rviz2-5] [INFO] [1761290568.490624601] [rviz2.moveit.ros.planning_scene_monitor]: Listening to '/monitored_planning_scene'
1761290568.8965998 [rviz2-5] [INFO] [1761290568.896284759] [interactive_marker_display_109379127404736]: Connected on namespace: /rviz_moveit_motion_planning_display/robot_interaction_interactive_marker_topic
1761290568.8989623 [rviz2-5] [WARN] [1761290568.898875834] [kdl_parser]: The root link base_link has an inertia specified in the URDF, but KDL does not support a root link with an inertia.  As a workaround, you can add an extra dummy link to your URDF.
1761290568.9496286 [rviz2-5] [INFO] [1761290568.949411145] [interactive_marker_display_109379127404736]: Sending request for interactive markers
1761290568.9830718 [rviz2-5] [INFO] [1761290568.982872736] [interactive_marker_display_109379127404736]: Service response received for initialization
1761290573.9050059 [rviz2-5] [INFO] [1761290573.904431456] [rviz2.moveit.ros.planning_scene_monitor]: Failed to call service get_planning_scene, have you launched move_group or called psm.providePlanningSceneService()?
1761290573.9062655 [rviz2-5] [INFO] [1761290573.904700205] [rviz2.moveit.ros.motion_planning_frame]: group sekirei_arm
1761290573.9066217 [rviz2-5] [INFO] [1761290573.904754304] [rviz2.moveit.ros.motion_planning_frame]: Constructing new MoveGroup connection for group 'sekirei_arm' in namespace ''
1761290592.5852559 [rviz2-5] [ERROR] [1761290592.585020315] [rviz2.rclcpp_action]: Error in destruction of rcl action client handle: action client implementation is invalid, at ./src/rcl_action/action_client.c:491
1761290592.5900197 [rviz2-5] terminate called without an active exception
1761290593.3434255 [ERROR] [rviz2-5]: process has died [pid 72518, exit code -6, cmd '/opt/ros/jazzy/lib/rviz2/rviz2 -d /root/ros_ws/install/sekirei_moveit_config/share/sekirei_moveit_config/config/moveit.rviz --ros-args -r __node:=rviz2 --params-file /tmp/launch_params_fe8x6rjp'].
1761290940.3454254 [INFO] [joint_state_publisher_gui-3]: process has finished cleanly [pid 72516]
