1761137107.9014053 [INFO] [launch]: All log files can be found below /root/.ros/log/2025-10-22-12-45-07-900816-rodeppc-9111
1761137107.9015553 [INFO] [launch]: Default logging verbosity is set to INFO
1761137107.9452531 [INFO] [velodyne_driver_node-1]: process started with pid [9114]
1761137107.9848478 [velodyne_driver_node-1] [INFO] [1761137107.984530518] [velodyne_driver_node]: Velodyne VLP-16 rotating at 600.000000 RPM
1761137107.9850321 [velodyne_driver_node-1] [INFO] [1761137107.984628531] [velodyne_driver_node]: publishing 76 packets per scan
1761137107.9851303 [velodyne_driver_node-1] [INFO] [1761137107.984634386] [velodyne_driver_node]: Cut at specific angle feature deactivated.
1761137107.9852047 [velodyne_driver_node-1] [INFO] [1761137107.984638016] [velodyne_driver_node]: expected frequency: 9.921 (Hz)
1761137107.9853961 [velodyne_driver_node-1] [INFO] [1761137107.984699167] [velodyne_driver_node]: Only accepting packets from IP address: 192.168.1.201
1761137107.9854522 [velodyne_driver_node-1] [INFO] [1761137107.984706819] [velodyne_driver_node]: Opening UDP socket: port 2368
1761137108.9882307 [velodyne_driver_node-1] [WARN] [1761137108.987471733] [velodyne_driver_node]: Velodyne poll() timeout
1761137109.9892013 [velodyne_driver_node-1] [WARN] [1761137109.988562042] [velodyne_driver_node]: Velodyne poll() timeout
1761137110.9910560 [velodyne_driver_node-1] [WARN] [1761137110.990346570] [velodyne_driver_node]: Velodyne poll() timeout
1761137111.9926462 [velodyne_driver_node-1] [WARN] [1761137111.991977793] [velodyne_driver_node]: Velodyne poll() timeout
1761137112.9943609 [velodyne_driver_node-1] [WARN] [1761137112.993745123] [velodyne_driver_node]: Velodyne poll() timeout
1761137113.9951961 [velodyne_driver_node-1] [WARN] [1761137113.994579968] [velodyne_driver_node]: Velodyne poll() timeout
1761137114.9965725 [velodyne_driver_node-1] [WARN] [1761137114.995861488] [velodyne_driver_node]: Velodyne poll() timeout
1761137115.9978101 [velodyne_driver_node-1] [WARN] [1761137115.997107695] [velodyne_driver_node]: Velodyne poll() timeout
1761137116.9982305 [velodyne_driver_node-1] [WARN] [1761137116.997580278] [velodyne_driver_node]: Velodyne poll() timeout
1761137117.1450708 [WARNING] [launch]: user interrupted with ctrl-c (SIGINT)
1761137117.1478844 [velodyne_driver_node-1] [INFO] [1761137117.144564730] [rclcpp]: signal_handler(signum=2)
1761137117.6575494 [WARNING] [launch]: user interrupted with ctrl-c (SIGINT) again, ignoring...
1761137117.6582887 [velodyne_driver_node-1] [INFO] [1761137117.657160807] [rclcpp]: signal_handler(signum=2)
1761137117.9991181 [velodyne_driver_node-1] [WARN] [1761137117.998477335] [velodyne_driver_node]: Velodyne poll() timeout
1761137118.0407674 [WARNING] [launch]: user interrupted with ctrl-c (SIGINT) again, ignoring...
1761137118.0451531 [ERROR] [velodyne_driver_node-1]: process has died [pid 9114, exit code -2, cmd '/opt/ros/jazzy/lib/velodyne_driver/velodyne_driver_node --ros-args --params-file /opt/ros/jazzy/share/velodyne_driver/config/VLP16-velodyne_driver_node-params.yaml'].
