[WARN] [1761293509.312923209] [move_group]: Using default pipeline 'ompl'
[INFO] [1761293509.314587971] [moveit.moveit.ros.rdf_loader]: Loaded robot model in 0.00147956 seconds
[INFO] [1761293509.314629309] [moveit.moveit.core.robot_model]: Loading robot model 'sekirei'...
[INFO] [1761293509.314644263] [moveit.moveit.core.robot_model]: No root/virtual joint specified in SRDF. Assuming fixed joint
[WARN] [1761293509.314747092] [moveit.moveit.core.robot_model]: Could not identify parent group for end-effector 'end_effector'
[WARN] [1761293509.317885544] [kdl_parser]: The root link base_link has an inertia specified in the URDF, but KDL does not support a root link with an inertia.  As a workaround, you can add an extra dummy link to your URDF.
[INFO] [1761293509.317946376] [moveit.moveit.kinematics.kdl_kinematics_plugin]: Joint weights for group 'sekirei_arm': 1 1 1 1 1 1
[INFO] [1761293509.336572198] [moveit.moveit.ros.planning_scene_monitor]: Publishing maintained planning scene on 'monitored_planning_scene'
[INFO] [1761293509.336679396] [moveit.moveit.ros.moveit_cpp]: Listening to 'joint_states' for joint states
[INFO] [1761293509.337243292] [moveit.moveit.ros.current_state_monitor]: Listening to joint states on topic 'joint_states'
[INFO] [1761293509.337518778] [moveit.moveit.ros.planning_scene_monitor]: Listening to '/attached_collision_object' for attached collision objects
[INFO] [1761293509.337531223] [moveit.moveit.ros.planning_scene_monitor]: Stopping existing planning scene publisher.
[INFO] [1761293509.337620797] [moveit.moveit.ros.planning_scene_monitor]: Stopped publishing maintained planning scene.
[INFO] [1761293509.337780333] [moveit.moveit.ros.planning_scene_monitor]: Publishing maintained planning scene on 'monitored_planning_scene'
[INFO] [1761293509.337817228] [moveit.moveit.ros.planning_scene_monitor]: Starting planning scene monitor
[INFO] [1761293509.338257412] [moveit.moveit.ros.planning_scene_monitor]: Listening to '/planning_scene'
[INFO] [1761293509.338270389] [moveit.moveit.ros.planning_scene_monitor]: Starting world geometry update monitor for collision objects, attached objects, octomap updates.
[INFO] [1761293509.338492398] [moveit.moveit.ros.planning_scene_monitor]: Listening to 'collision_object'
[INFO] [1761293509.338773181] [moveit.moveit.ros.planning_scene_monitor]: Listening to 'planning_scene_world' for planning scene world geometry
[WARN] [1761293509.339223213] [moveit.moveit.ros.occupancy_map_monitor]: Resolution not specified for Octomap. Assuming resolution = 0.1 instead
[ERROR] [1761293509.339237721] [moveit.moveit.ros.occupancy_map_monitor]: No 3D sensor plugin(s) defined for octomap updates
[INFO] [1761293510.433387163] [moveit.moveit.ros.planning_pipeline]: Successfully loaded planner 'OMPL'
[INFO] [1761293510.435117825] [move_group]: Try loading adapter 'default_planning_request_adapters/ResolveConstraintFrames'
[INFO] [1761293510.435948467] [move_group]: Loaded adapter 'default_planning_request_adapters/ResolveConstraintFrames'
[INFO] [1761293510.435959928] [move_group]: Try loading adapter 'default_planning_request_adapters/ValidateWorkspaceBounds'
[INFO] [1761293510.436226218] [move_group]: Loaded adapter 'default_planning_request_adapters/ValidateWorkspaceBounds'
[INFO] [1761293510.436237027] [move_group]: Try loading adapter 'default_planning_request_adapters/CheckStartStateBounds'
[INFO] [1761293510.436256292] [move_group]: Loaded adapter 'default_planning_request_adapters/CheckStartStateBounds'
[INFO] [1761293510.436261352] [move_group]: Try loading adapter 'default_planning_request_adapters/CheckStartStateCollision'
[INFO] [1761293510.436270584] [move_group]: Loaded adapter 'default_planning_request_adapters/CheckStartStateCollision'
[WARN] [1761293510.436274905] [moveit.moveit.ros.planning_pipeline]: No planning response adapter names specified.
[ERROR] [1761293510.449085572] [moveit.moveit.plugins.simple_controller_manager]: No controller_names specified.
[INFO] [1761293510.449207247] [moveit.moveit.plugins.simple_controller_manager]: Returned 0 controllers in list
[INFO] [1761293510.449223223] [moveit.moveit.plugins.simple_controller_manager]: Returned 0 controllers in list
[INFO] [1761293510.449667200] [moveit.moveit.ros.trajectory_execution_manager]: Trajectory execution is managing controllers
[INFO] [1761293510.449682860] [move_group]: MoveGroup debug mode is ON
[INFO] [1761293510.464475691] [moveit.moveit.ros.move_group.executable]: 

********************************************************
* MoveGroup using: 
*     - apply_planning_scene_service
*     - clear_octomap_service
*     - get_group_urdf
*     - load_geometry_from_file
*     - CartesianPathService
*     - execute_trajectory_action
*     - get_planning_scene_service
*     - kinematics_service
*     - move_action
*     - motion_plan_service
*     - query_planners_service
*     - state_validation_service
*     - save_geometry_to_file
********************************************************

[INFO] [1761293510.464518864] [moveit.moveit.ros.move_group.context]: MoveGroup context using pipeline ompl
[INFO] [1761293510.464529364] [moveit.moveit.ros.move_group.context]: MoveGroup context initialization complete
[INFO] [1761293545.487462132] [moveit.moveit.ros.move_group.move_action]: MoveGroupMoveAction: Received request
[INFO] [1761293545.488607986] [moveit.moveit.ros.move_group.move_action]: executing..
[INFO] [1761293545.520201274] [moveit.moveit.ros.move_group.move_action]: Planning request received for MoveGroup action. Forwarding to planning pipeline.
[INFO] [1761293545.520358773] [moveit.moveit.ros.move_group.capability]: Using planning pipeline 'ompl'
[INFO] [1761293545.521029866] [move_group]: Calling PlanningRequestAdapter 'ResolveConstraintFrames'
[INFO] [1761293545.521192052] [move_group]: Calling PlanningRequestAdapter 'ValidateWorkspaceBounds'
[INFO] [1761293545.521265893] [move_group]: Calling PlanningRequestAdapter 'CheckStartStateBounds'
[INFO] [1761293545.521384256] [move_group]: Calling PlanningRequestAdapter 'CheckStartStateCollision'
[INFO] [1761293545.523735190] [moveit.moveit.planners.ompl.model_based_planning_context]: Planner configuration 'sekirei_arm[RRT]' will use planner 'geometric::RRT'. Additional configuration parameters will be set when the planner is constructed.
[INFO] [1761293545.535635372] [move_group]: Calling Planner 'OMPL'
[INFO] [1761293545.586756172] [moveit.moveit.ros.move_group.move_action]: Motion plan was computed successfully.
[INFO] [1761293547.165878029] [moveit.moveit.ros.move_group.clear_octomap_service]: Execution request received
[INFO] [1761293547.166060898] [moveit.moveit.plugins.simple_controller_manager]: Returned 0 controllers in list
[INFO] [1761293547.166154839] [moveit.moveit.plugins.simple_controller_manager]: Returned 0 controllers in list
[INFO] [1761293547.166216368] [moveit.moveit.plugins.simple_controller_manager]: Returned 0 controllers in list
[INFO] [1761293547.166281939] [moveit.moveit.plugins.simple_controller_manager]: Returned 0 controllers in list
[ERROR] [1761293547.166319962] [moveit.moveit.ros.trajectory_execution_manager]: Unable to identify any set of controllers that can actuate the specified joints: [ arm_joint1 arm_joint2 arm_joint3 arm_joint4 arm_joint5 arm_joint6 ]
[ERROR] [1761293547.166391295] [moveit.moveit.ros.trajectory_execution_manager]: Known controllers and their joints:

[INFO] [1761293548.168784386] [moveit.moveit.ros.move_group.move_action]: MoveGroupMoveAction: Received request
[INFO] [1761293548.169338658] [moveit.moveit.ros.move_group.move_action]: executing..
[INFO] [1761293548.219885300] [moveit.moveit.ros.move_group.move_action]: Planning request received for MoveGroup action. Forwarding to planning pipeline.
[INFO] [1761293548.220041030] [moveit.moveit.ros.move_group.capability]: Using planning pipeline 'ompl'
[INFO] [1761293548.220345214] [move_group]: Calling PlanningRequestAdapter 'ResolveConstraintFrames'
[INFO] [1761293548.220442340] [move_group]: Calling PlanningRequestAdapter 'ValidateWorkspaceBounds'
[INFO] [1761293548.220488848] [move_group]: Calling PlanningRequestAdapter 'CheckStartStateBounds'
[INFO] [1761293548.220560450] [move_group]: Calling PlanningRequestAdapter 'CheckStartStateCollision'
[INFO] [1761293548.221799888] [moveit.moveit.planners.ompl.model_based_planning_context]: Planner configuration 'sekirei_arm[RRT]' will use planner 'geometric::RRT'. Additional configuration parameters will be set when the planner is constructed.
[INFO] [1761293548.222147444] [move_group]: Calling Planner 'OMPL'
[INFO] [1761293548.272967434] [moveit.moveit.ros.move_group.move_action]: Motion plan was computed successfully.
[INFO] [1761293550.749550008] [moveit.moveit.ros.move_group.move_action]: MoveGroupMoveAction: Received request
[INFO] [1761293550.749959240] [moveit.moveit.ros.move_group.move_action]: executing..
[INFO] [1761293550.819279659] [moveit.moveit.ros.move_group.move_action]: Planning request received for MoveGroup action. Forwarding to planning pipeline.
[INFO] [1761293550.819394232] [moveit.moveit.ros.move_group.capability]: Using planning pipeline 'ompl'
[INFO] [1761293550.819525333] [move_group]: Calling PlanningRequestAdapter 'ResolveConstraintFrames'
[INFO] [1761293550.819578015] [move_group]: Calling PlanningRequestAdapter 'ValidateWorkspaceBounds'
[INFO] [1761293550.819591101] [move_group]: Calling PlanningRequestAdapter 'CheckStartStateBounds'
[INFO] [1761293550.819627204] [move_group]: Calling PlanningRequestAdapter 'CheckStartStateCollision'
[INFO] [1761293550.819922780] [moveit.moveit.planners.ompl.model_based_planning_context]: Planner configuration 'sekirei_arm[RRT]' will use planner 'geometric::RRT'. Additional configuration parameters will be set when the planner is constructed.
[INFO] [1761293550.819973276] [move_group]: Calling Planner 'OMPL'
[INFO] [1761293550.836581894] [moveit.moveit.core.kinematic_constraints]: Constraint satisfied:: Joint name: 'arm_joint1', actual value: -1.839052, desired value: -1.838970, tolerance_above: 0.000100, tolerance_below: 0.000100
[INFO] [1761293550.836756022] [moveit.moveit.core.kinematic_constraints]: Constraint satisfied:: Joint name: 'arm_joint2', actual value: -2.257072, desired value: -2.257146, tolerance_above: 0.000100, tolerance_below: 0.000100
[INFO] [1761293550.836788203] [moveit.moveit.core.kinematic_constraints]: Constraint satisfied:: Joint name: 'arm_joint3', actual value: 2.017484, desired value: 2.017422, tolerance_above: 0.000100, tolerance_below: 0.000100
[INFO] [1761293550.836805870] [moveit.moveit.core.kinematic_constraints]: Constraint satisfied:: Joint name: 'arm_joint4', actual value: -0.921151, desired value: -0.921233, tolerance_above: 0.000100, tolerance_below: 0.000100
[INFO] [1761293550.836822277] [moveit.moveit.core.kinematic_constraints]: Constraint satisfied:: Joint name: 'arm_joint5', actual value: 0.497339, desired value: 0.497287, tolerance_above: 0.000100, tolerance_below: 0.000100
[INFO] [1761293550.836837700] [moveit.moveit.core.kinematic_constraints]: Constraint satisfied:: Joint name: 'arm_joint6', actual value: -1.786598, desired value: -1.786696, tolerance_above: 0.000100, tolerance_below: 0.000100
[INFO] [1761293550.836911749] [moveit.moveit.core.moveit_collision_detection_fcl]: Found a contact between 'gui_t265_link' (type 'Robot link') and 'arm2_link' (type 'Robot link'), which constitutes a collision. Contact information is not stored.
[INFO] [1761293550.836935672] [moveit.moveit.core.moveit_collision_detection_fcl]: Collision checking is considered complete (collision was found and 0 contacts are stored)
[WARN] [1761293555.821111374] [moveit.moveit.planners.ompl.planner_manager]: ./src/ompl/tools/multiplan/src/ParallelPlan.cpp:138 - ParallelPlan::solve(): Unable to find solution by any of the threads in 5.001078 seconds
[ERROR] [1761293555.821269815] [moveit.moveit.planners.ompl.model_based_planning_context]: Unable to solve the planning problem
[ERROR] [1761293555.821339508] [move_group]: Planner 'OMPL' failed with error code FAILURE
[ERROR] [1761293555.821360936] [moveit.moveit.ros.move_group.move_action]: Generating a plan with planning pipeline failed.
[INFO] [1761293555.821380422] [moveit.moveit.ros.move_group.move_action]: FAILURE
[INFO] [1761293556.902359150] [moveit.moveit.ros.move_group.move_action]: MoveGroupMoveAction: Received request
[INFO] [1761293556.902814454] [moveit.moveit.ros.move_group.move_action]: executing..
[INFO] [1761293556.919929561] [moveit.moveit.ros.move_group.move_action]: Planning request received for MoveGroup action. Forwarding to planning pipeline.
[INFO] [1761293556.920061164] [moveit.moveit.ros.move_group.capability]: Using planning pipeline 'ompl'
[INFO] [1761293556.920384636] [move_group]: Calling PlanningRequestAdapter 'ResolveConstraintFrames'
[INFO] [1761293556.920473178] [move_group]: Calling PlanningRequestAdapter 'ValidateWorkspaceBounds'
[INFO] [1761293556.920519036] [move_group]: Calling PlanningRequestAdapter 'CheckStartStateBounds'
[INFO] [1761293556.920606255] [move_group]: Calling PlanningRequestAdapter 'CheckStartStateCollision'
[INFO] [1761293556.921623763] [moveit.moveit.planners.ompl.model_based_planning_context]: Planner configuration 'sekirei_arm[RRT]' will use planner 'geometric::RRT'. Additional configuration parameters will be set when the planner is constructed.
[INFO] [1761293556.921851960] [move_group]: Calling Planner 'OMPL'
[INFO] [1761293556.987954624] [moveit.moveit.ros.move_group.move_action]: Motion plan was computed successfully.
[INFO] [1761293560.926210596] [moveit.moveit.ros.move_group.clear_octomap_service]: Execution request received
[INFO] [1761293560.926333269] [moveit.moveit.plugins.simple_controller_manager]: Returned 0 controllers in list
[INFO] [1761293560.926370604] [moveit.moveit.plugins.simple_controller_manager]: Returned 0 controllers in list
[INFO] [1761293560.926406148] [moveit.moveit.plugins.simple_controller_manager]: Returned 0 controllers in list
[INFO] [1761293560.926433158] [moveit.moveit.plugins.simple_controller_manager]: Returned 0 controllers in list
[ERROR] [1761293560.926454295] [moveit.moveit.ros.trajectory_execution_manager]: Unable to identify any set of controllers that can actuate the specified joints: [ arm_joint1 arm_joint2 arm_joint3 arm_joint4 arm_joint5 arm_joint6 ]
[ERROR] [1761293560.926517296] [moveit.moveit.ros.trajectory_execution_manager]: Known controllers and their joints:

[INFO] [1761293561.929359909] [moveit.moveit.ros.move_group.move_action]: MoveGroupMoveAction: Received request
[INFO] [1761293561.929812337] [moveit.moveit.ros.move_group.move_action]: executing..
[INFO] [1761293562.019947417] [moveit.moveit.ros.move_group.move_action]: Planning request received for MoveGroup action. Forwarding to planning pipeline.
[INFO] [1761293562.020138480] [moveit.moveit.ros.move_group.capability]: Using planning pipeline 'ompl'
[INFO] [1761293562.020420380] [move_group]: Calling PlanningRequestAdapter 'ResolveConstraintFrames'
[INFO] [1761293562.020536616] [move_group]: Calling PlanningRequestAdapter 'ValidateWorkspaceBounds'
[INFO] [1761293562.020609033] [move_group]: Calling PlanningRequestAdapter 'CheckStartStateBounds'
[INFO] [1761293562.020708033] [move_group]: Calling PlanningRequestAdapter 'CheckStartStateCollision'
[INFO] [1761293562.022522347] [moveit.moveit.planners.ompl.model_based_planning_context]: Planner configuration 'sekirei_arm[RRT]' will use planner 'geometric::RRT'. Additional configuration parameters will be set when the planner is constructed.
[INFO] [1761293562.022816633] [move_group]: Calling Planner 'OMPL'
[INFO] [1761293562.071481611] [moveit.moveit.ros.move_group.move_action]: Motion plan was computed successfully.
[INFO] [1761293702.891622221] [rclcpp]: signal_handler(signum=2)
