[WARN] [1761293068.939662705] [move_group]: Using default pipeline 'ompl'
[INFO] [1761293068.941450200] [moveit.moveit.ros.rdf_loader]: Loaded robot model in 0.00158374 seconds
[INFO] [1761293068.941492313] [moveit.moveit.core.robot_model]: Loading robot model 'sekirei'...
[INFO] [1761293068.941504431] [moveit.moveit.core.robot_model]: No root/virtual joint specified in SRDF. Assuming fixed joint
[WARN] [1761293068.941636027] [moveit.moveit.core.robot_model]: Could not identify parent group for end-effector 'end_effector'
[WARN] [1761293068.944870026] [kdl_parser]: The root link base_link has an inertia specified in the URDF, but KDL does not support a root link with an inertia.  As a workaround, you can add an extra dummy link to your URDF.
[INFO] [1761293068.944932946] [moveit.moveit.kinematics.kdl_kinematics_plugin]: Joint weights for group 'sekirei_arm': 1 1 1 1 1 1
[INFO] [1761293068.963817139] [moveit.moveit.ros.planning_scene_monitor]: Publishing maintained planning scene on 'monitored_planning_scene'
[INFO] [1761293068.963916878] [moveit.moveit.ros.moveit_cpp]: Listening to 'joint_states' for joint states
[INFO] [1761293068.964541078] [moveit.moveit.ros.current_state_monitor]: Listening to joint states on topic 'joint_states'
[INFO] [1761293068.964839732] [moveit.moveit.ros.planning_scene_monitor]: Listening to '/attached_collision_object' for attached collision objects
[INFO] [1761293068.964852293] [moveit.moveit.ros.planning_scene_monitor]: Stopping existing planning scene publisher.
[INFO] [1761293068.964918409] [moveit.moveit.ros.planning_scene_monitor]: Stopped publishing maintained planning scene.
[INFO] [1761293068.965161933] [moveit.moveit.ros.planning_scene_monitor]: Publishing maintained planning scene on 'monitored_planning_scene'
[INFO] [1761293068.965208383] [moveit.moveit.ros.planning_scene_monitor]: Starting planning scene monitor
[INFO] [1761293068.965693099] [moveit.moveit.ros.planning_scene_monitor]: Listening to '/planning_scene'
[INFO] [1761293068.965708008] [moveit.moveit.ros.planning_scene_monitor]: Starting world geometry update monitor for collision objects, attached objects, octomap updates.
[INFO] [1761293068.966013087] [moveit.moveit.ros.planning_scene_monitor]: Listening to 'collision_object'
[INFO] [1761293068.966318302] [moveit.moveit.ros.planning_scene_monitor]: Listening to 'planning_scene_world' for planning scene world geometry
[WARN] [1761293068.966743350] [moveit.moveit.ros.occupancy_map_monitor]: Resolution not specified for Octomap. Assuming resolution = 0.1 instead
[ERROR] [1761293068.966758162] [moveit.moveit.ros.occupancy_map_monitor]: No 3D sensor plugin(s) defined for octomap updates
[INFO] [1761293071.370384241] [moveit.moveit.ros.planning_pipeline]: Successfully loaded planner 'OMPL'
[INFO] [1761293071.372260081] [move_group]: Try loading adapter 'default_planner_request_adapters/AddTimeOptimalParameterization'
[FATAL] [1761293071.372299670] [move_group]: Exception while loading planning adapter plugin 'default_planner_request_adapters/AddTimeOptimalParameterization': According to the loaded plugin descriptions the class default_planner_request_adapters/AddTimeOptimalParameterization with base class type planning_interface::PlanningRequestAdapter does not exist. Declared types are  default_planning_request_adapters/CheckForStackedConstraints default_planning_request_adapters/CheckStartStateBounds default_planning_request_adapters/CheckStartStateCollision default_planning_request_adapters/ResolveConstraintFrames default_planning_request_adapters/ValidateWorkspaceBounds
