[WARN] [1761220073.867711282] [move_group]: Falling back to using the the move_group node namespace (deprecated behavior).
[INFO] [1761220073.869400378] [move_group.moveit.moveit.ros.rdf_loader]: Loaded robot model in 0.00148149 seconds
[INFO] [1761220073.869438284] [move_group.moveit.moveit.core.robot_model]: Loading robot model 'sekirei'...
[INFO] [1761220073.869450378] [move_group.moveit.moveit.core.robot_model]: No root/virtual joint specified in SRDF. Assuming fixed joint
[WARN] [1761220073.869551624] [move_group.moveit.moveit.core.robot_model]: Could not identify parent group for end-effector 'end_effector'
[WARN] [1761220073.872599523] [kdl_parser]: The root link base_link has an inertia specified in the URDF, but KDL does not support a root link with an inertia.  As a workaround, you can add an extra dummy link to your URDF.
[INFO] [1761220073.872661560] [move_group.moveit.moveit.kinematics.kdl_kinematics_plugin]: Joint weights for group 'sekirei_arm': 1 1 1 1 1 1
[INFO] [1761220073.891982349] [move_group.moveit.moveit.ros.planning_scene_monitor]: Publishing maintained planning scene on 'monitored_planning_scene'
[INFO] [1761220073.892092627] [move_group.moveit.moveit.ros.moveit_cpp]: Listening to 'joint_states' for joint states
[INFO] [1761220073.892757773] [move_group.moveit.moveit.ros.current_state_monitor]: Listening to joint states on topic 'joint_states'
[INFO] [1761220073.893065917] [move_group.moveit.moveit.ros.planning_scene_monitor]: Listening to '/attached_collision_object' for attached collision objects
[INFO] [1761220073.893084854] [move_group.moveit.moveit.ros.planning_scene_monitor]: Stopping existing planning scene publisher.
[INFO] [1761220073.893161734] [move_group.moveit.moveit.ros.planning_scene_monitor]: Stopped publishing maintained planning scene.
[INFO] [1761220073.893400898] [move_group.moveit.moveit.ros.planning_scene_monitor]: Publishing maintained planning scene on 'monitored_planning_scene'
[INFO] [1761220073.893452952] [move_group.moveit.moveit.ros.planning_scene_monitor]: Starting planning scene monitor
[INFO] [1761220073.893975876] [move_group.moveit.moveit.ros.planning_scene_monitor]: Listening to '/planning_scene'
[INFO] [1761220073.893992474] [move_group.moveit.moveit.ros.planning_scene_monitor]: Starting world geometry update monitor for collision objects, attached objects, octomap updates.
[INFO] [1761220073.894308928] [move_group.moveit.moveit.ros.planning_scene_monitor]: Listening to 'collision_object'
[INFO] [1761220073.894553690] [move_group.moveit.moveit.ros.planning_scene_monitor]: Listening to 'planning_scene_world' for planning scene world geometry
[WARN] [1761220073.894888559] [move_group.moveit.moveit.ros.occupancy_map_monitor]: Resolution not specified for Octomap. Assuming resolution = 0.1 instead
[ERROR] [1761220073.894901389] [move_group.moveit.moveit.ros.occupancy_map_monitor]: No 3D sensor plugin(s) defined for octomap updates
