[WARN] [1761292849.629355607] [move_group]: Using default pipeline 'ompl'
[INFO] [1761292849.631029307] [moveit.moveit.ros.rdf_loader]: Loaded robot model in 0.00146335 seconds
[INFO] [1761292849.631069655] [moveit.moveit.core.robot_model]: Loading robot model 'sekirei'...
[INFO] [1761292849.631085315] [moveit.moveit.core.robot_model]: No root/virtual joint specified in SRDF. Assuming fixed joint
[WARN] [1761292849.631185900] [moveit.moveit.core.robot_model]: Could not identify parent group for end-effector 'end_effector'
[WARN] [1761292849.634586689] [kdl_parser]: The root link base_link has an inertia specified in the URDF, but KDL does not support a root link with an inertia.  As a workaround, you can add an extra dummy link to your URDF.
[INFO] [1761292849.634648966] [moveit.moveit.kinematics.kdl_kinematics_plugin]: Joint weights for group 'sekirei_arm': 1 1 1 1 1 1
[INFO] [1761292849.654632438] [moveit.moveit.ros.planning_scene_monitor]: Publishing maintained planning scene on 'monitored_planning_scene'
[INFO] [1761292849.654742238] [moveit.moveit.ros.moveit_cpp]: Listening to 'joint_states' for joint states
[INFO] [1761292849.655390874] [moveit.moveit.ros.current_state_monitor]: Listening to joint states on topic 'joint_states'
[INFO] [1761292849.655755400] [moveit.moveit.ros.planning_scene_monitor]: Listening to '/attached_collision_object' for attached collision objects
[INFO] [1761292849.655769455] [moveit.moveit.ros.planning_scene_monitor]: Stopping existing planning scene publisher.
[INFO] [1761292849.655833494] [moveit.moveit.ros.planning_scene_monitor]: Stopped publishing maintained planning scene.
[INFO] [1761292849.656071343] [moveit.moveit.ros.planning_scene_monitor]: Publishing maintained planning scene on 'monitored_planning_scene'
[INFO] [1761292849.656125723] [moveit.moveit.ros.planning_scene_monitor]: Starting planning scene monitor
[INFO] [1761292849.656634447] [moveit.moveit.ros.planning_scene_monitor]: Listening to '/planning_scene'
[INFO] [1761292849.656646192] [moveit.moveit.ros.planning_scene_monitor]: Starting world geometry update monitor for collision objects, attached objects, octomap updates.
[INFO] [1761292849.656896131] [moveit.moveit.ros.planning_scene_monitor]: Listening to 'collision_object'
[INFO] [1761292849.657168131] [moveit.moveit.ros.planning_scene_monitor]: Listening to 'planning_scene_world' for planning scene world geometry
[WARN] [1761292849.657639052] [moveit.moveit.ros.occupancy_map_monitor]: Resolution not specified for Octomap. Assuming resolution = 0.1 instead
[ERROR] [1761292849.657656801] [moveit.moveit.ros.occupancy_map_monitor]: No 3D sensor plugin(s) defined for octomap updates
