[WARN] [1761293947.854181080] [move_group]: Using default pipeline 'ompl'
[INFO] [1761293947.856056965] [moveit.moveit.ros.rdf_loader]: Loaded robot model in 0.00162598 seconds
[INFO] [1761293947.856141070] [moveit.moveit.core.robot_model]: Loading robot model 'sekirei'...
[INFO] [1761293947.856158354] [moveit.moveit.core.robot_model]: No root/virtual joint specified in SRDF. Assuming fixed joint
[WARN] [1761293947.856286701] [moveit.moveit.core.robot_model]: Could not identify parent group for end-effector 'end_effector'
[WARN] [1761293947.860176291] [kdl_parser]: The root link base_link has an inertia specified in the URDF, but KDL does not support a root link with an inertia.  As a workaround, you can add an extra dummy link to your URDF.
[INFO] [1761293947.860250940] [moveit.moveit.kinematics.kdl_kinematics_plugin]: Joint weights for group 'sekirei_arm': 1 1 1 1 1 1
[INFO] [1761293947.883209101] [moveit.moveit.ros.planning_scene_monitor]: Publishing maintained planning scene on 'monitored_planning_scene'
[INFO] [1761293947.883326696] [moveit.moveit.ros.moveit_cpp]: Listening to 'joint_states' for joint states
[INFO] [1761293947.884411350] [moveit.moveit.ros.current_state_monitor]: Listening to joint states on topic 'joint_states'
[INFO] [1761293947.885436373] [moveit.moveit.ros.planning_scene_monitor]: Listening to '/attached_collision_object' for attached collision objects
[INFO] [1761293947.885472953] [moveit.moveit.ros.planning_scene_monitor]: Stopping existing planning scene publisher.
[INFO] [1761293947.885660935] [moveit.moveit.ros.planning_scene_monitor]: Stopped publishing maintained planning scene.
[INFO] [1761293947.886228149] [moveit.moveit.ros.planning_scene_monitor]: Publishing maintained planning scene on 'monitored_planning_scene'
[INFO] [1761293947.886347030] [moveit.moveit.ros.planning_scene_monitor]: Starting planning scene monitor
[INFO] [1761293947.887294173] [moveit.moveit.ros.planning_scene_monitor]: Listening to '/planning_scene'
[INFO] [1761293947.887324615] [moveit.moveit.ros.planning_scene_monitor]: Starting world geometry update monitor for collision objects, attached objects, octomap updates.
[INFO] [1761293947.887941610] [moveit.moveit.ros.planning_scene_monitor]: Listening to 'collision_object'
[INFO] [1761293947.888455364] [moveit.moveit.ros.planning_scene_monitor]: Listening to 'planning_scene_world' for planning scene world geometry
[WARN] [1761293947.888901320] [moveit.moveit.ros.occupancy_map_monitor]: Resolution not specified for Octomap. Assuming resolution = 0.1 instead
[ERROR] [1761293947.888917804] [moveit.moveit.ros.occupancy_map_monitor]: No 3D sensor plugin(s) defined for octomap updates
[INFO] [1761293949.358802041] [moveit.moveit.ros.planning_pipeline]: Successfully loaded planner 'OMPL'
[INFO] [1761293949.360544163] [move_group]: Try loading adapter 'default_planning_request_adapters/ResolveConstraintFrames'
[INFO] [1761293949.361421813] [move_group]: Loaded adapter 'default_planning_request_adapters/ResolveConstraintFrames'
[INFO] [1761293949.361433943] [move_group]: Try loading adapter 'default_planning_request_adapters/ValidateWorkspaceBounds'
[INFO] [1761293949.361639429] [move_group]: Loaded adapter 'default_planning_request_adapters/ValidateWorkspaceBounds'
[INFO] [1761293949.361650039] [move_group]: Try loading adapter 'default_planning_request_adapters/CheckStartStateBounds'
[INFO] [1761293949.361676240] [move_group]: Loaded adapter 'default_planning_request_adapters/CheckStartStateBounds'
[INFO] [1761293949.361683228] [move_group]: Try loading adapter 'default_planning_request_adapters/CheckStartStateCollision'
[INFO] [1761293949.361697004] [move_group]: Loaded adapter 'default_planning_request_adapters/CheckStartStateCollision'
[WARN] [1761293949.361703486] [moveit.moveit.ros.planning_pipeline]: No planning response adapter names specified.
[ERROR] [1761293949.378127328] [moveit.moveit.plugins.simple_controller_manager]: No controller_names specified.
[INFO] [1761293949.378321472] [moveit.moveit.plugins.simple_controller_manager]: Returned 0 controllers in list
[INFO] [1761293949.378340965] [moveit.moveit.plugins.simple_controller_manager]: Returned 0 controllers in list
[INFO] [1761293949.379151927] [moveit.moveit.ros.trajectory_execution_manager]: Trajectory execution is managing controllers
[INFO] [1761293949.379179348] [move_group]: MoveGroup debug mode is ON
[INFO] [1761293949.399260010] [moveit.moveit.ros.move_group.executable]: 

********************************************************
* MoveGroup using: 
*     - apply_planning_scene_service
*     - clear_octomap_service
*     - get_group_urdf
*     - load_geometry_from_file
*     - CartesianPathService
*     - execute_trajectory_action
*     - get_planning_scene_service
*     - kinematics_service
*     - move_action
*     - motion_plan_service
*     - query_planners_service
*     - state_validation_service
*     - save_geometry_to_file
********************************************************

[INFO] [1761293949.399324365] [moveit.moveit.ros.move_group.context]: MoveGroup context using pipeline ompl
[INFO] [1761293949.399335506] [moveit.moveit.ros.move_group.context]: MoveGroup context initialization complete
[INFO] [1761293960.529052052] [moveit.moveit.ros.move_group.move_action]: MoveGroupMoveAction: Received request
[INFO] [1761293960.529943265] [moveit.moveit.ros.move_group.move_action]: executing..
[INFO] [1761293960.540858054] [moveit.moveit.ros.move_group.move_action]: Planning request received for MoveGroup action. Forwarding to planning pipeline.
[INFO] [1761293960.540977547] [moveit.moveit.ros.move_group.capability]: Using planning pipeline 'ompl'
[INFO] [1761293960.541389355] [move_group]: Calling PlanningRequestAdapter 'ResolveConstraintFrames'
[INFO] [1761293960.541440606] [move_group]: Calling PlanningRequestAdapter 'ValidateWorkspaceBounds'
[INFO] [1761293960.541455073] [move_group]: Calling PlanningRequestAdapter 'CheckStartStateBounds'
[INFO] [1761293960.541498774] [move_group]: Calling PlanningRequestAdapter 'CheckStartStateCollision'
[INFO] [1761293960.542698632] [moveit.moveit.planners.ompl.model_based_planning_context]: Planner configuration 'sekirei_arm' will use planner 'geometric::RRTConnect'. Additional configuration parameters will be set when the planner is constructed.
[INFO] [1761293960.542969999] [move_group]: Calling Planner 'OMPL'
[WARN] [1761293960.563118623] [moveit.moveit.ros.planning_pipeline]: The planner plugin did not fill out the 'planner_id' field of the MotionPlanResponse. Setting it to the planner ID name of the MotionPlanRequest assuming that the planner plugin does warn you if it does not use the requested planner.
[INFO] [1761293960.563284924] [moveit.moveit.ros.move_group.move_action]: Motion plan was computed successfully.
[INFO] [1761293961.767643189] [moveit.moveit.ros.move_group.move_action]: MoveGroupMoveAction: Received request
[INFO] [1761293961.767982539] [moveit.moveit.ros.move_group.move_action]: executing..
[INFO] [1761293961.839802325] [moveit.moveit.ros.move_group.move_action]: Combined planning and execution request received for MoveGroup action. Forwarding to planning and execution pipeline.
[INFO] [1761293961.839920125] [moveit.moveit.ros.plan_execution]: Planning attempt 1 of at most 1
[INFO] [1761293961.840007173] [moveit.moveit.ros.move_group.capability]: Using planning pipeline 'ompl'
[INFO] [1761293961.840057539] [move_group]: Calling PlanningRequestAdapter 'ResolveConstraintFrames'
[INFO] [1761293961.840072942] [move_group]: Calling PlanningRequestAdapter 'ValidateWorkspaceBounds'
[INFO] [1761293961.840097231] [move_group]: Calling PlanningRequestAdapter 'CheckStartStateBounds'
[INFO] [1761293961.840114826] [move_group]: Calling PlanningRequestAdapter 'CheckStartStateCollision'
[INFO] [1761293961.840446423] [moveit.moveit.planners.ompl.model_based_planning_context]: Planner configuration 'sekirei_arm' will use planner 'geometric::RRTConnect'. Additional configuration parameters will be set when the planner is constructed.
[INFO] [1761293961.840578730] [move_group]: Calling Planner 'OMPL'
[WARN] [1761293961.858990632] [moveit.moveit.ros.planning_pipeline]: The planner plugin did not fill out the 'planner_id' field of the MotionPlanResponse. Setting it to the planner ID name of the MotionPlanRequest assuming that the planner plugin does warn you if it does not use the requested planner.
[INFO] [1761293961.859241196] [moveit.moveit.plugins.simple_controller_manager]: Returned 0 controllers in list
[INFO] [1761293961.859257182] [moveit.moveit.plugins.simple_controller_manager]: Returned 0 controllers in list
[INFO] [1761293961.859270442] [moveit.moveit.plugins.simple_controller_manager]: Returned 0 controllers in list
[INFO] [1761293961.859277070] [moveit.moveit.plugins.simple_controller_manager]: Returned 0 controllers in list
[ERROR] [1761293961.859290473] [moveit.moveit.ros.trajectory_execution_manager]: Unable to identify any set of controllers that can actuate the specified joints: [ arm_joint1 arm_joint2 arm_joint3 arm_joint4 arm_joint5 arm_joint6 ]
[ERROR] [1761293961.859376025] [moveit.moveit.ros.trajectory_execution_manager]: Known controllers and their joints:

[ERROR] [1761293961.859392390] [moveit.moveit.ros.plan_execution]: Apparently trajectory initialization failed
[INFO] [1761293961.859507651] [moveit.moveit.ros.move_group.move_action]: CONTROL_FAILED
[INFO] [1761293969.865841168] [rclcpp]: signal_handler(signum=2)
