[WARN] [1761293369.834471829] [move_group]: Using default pipeline 'ompl'
[INFO] [1761293369.836358000] [moveit.moveit.ros.rdf_loader]: Loaded robot model in 0.0016435 seconds
[INFO] [1761293369.836400499] [moveit.moveit.core.robot_model]: Loading robot model 'sekirei'...
[INFO] [1761293369.836411849] [moveit.moveit.core.robot_model]: No root/virtual joint specified in SRDF. Assuming fixed joint
[WARN] [1761293369.836524464] [moveit.moveit.core.robot_model]: Could not identify parent group for end-effector 'end_effector'
[WARN] [1761293369.839789866] [kdl_parser]: The root link base_link has an inertia specified in the URDF, but KDL does not support a root link with an inertia.  As a workaround, you can add an extra dummy link to your URDF.
[INFO] [1761293369.839852062] [moveit.moveit.kinematics.kdl_kinematics_plugin]: Joint weights for group 'sekirei_arm': 1 1 1 1 1 1
[INFO] [1761293369.860507172] [moveit.moveit.ros.planning_scene_monitor]: Publishing maintained planning scene on 'monitored_planning_scene'
[INFO] [1761293369.860613657] [moveit.moveit.ros.moveit_cpp]: Listening to 'joint_states' for joint states
[INFO] [1761293369.861287343] [moveit.moveit.ros.current_state_monitor]: Listening to joint states on topic 'joint_states'
[INFO] [1761293369.861658031] [moveit.moveit.ros.planning_scene_monitor]: Listening to '/attached_collision_object' for attached collision objects
[INFO] [1761293369.861675218] [moveit.moveit.ros.planning_scene_monitor]: Stopping existing planning scene publisher.
[INFO] [1761293369.861760274] [moveit.moveit.ros.planning_scene_monitor]: Stopped publishing maintained planning scene.
[INFO] [1761293369.862049993] [moveit.moveit.ros.planning_scene_monitor]: Publishing maintained planning scene on 'monitored_planning_scene'
[INFO] [1761293369.862114919] [moveit.moveit.ros.planning_scene_monitor]: Starting planning scene monitor
[INFO] [1761293369.862793523] [moveit.moveit.ros.planning_scene_monitor]: Listening to '/planning_scene'
[INFO] [1761293369.862806185] [moveit.moveit.ros.planning_scene_monitor]: Starting world geometry update monitor for collision objects, attached objects, octomap updates.
[INFO] [1761293369.863085845] [moveit.moveit.ros.planning_scene_monitor]: Listening to 'collision_object'
[INFO] [1761293369.863366276] [moveit.moveit.ros.planning_scene_monitor]: Listening to 'planning_scene_world' for planning scene world geometry
[WARN] [1761293369.863736422] [moveit.moveit.ros.occupancy_map_monitor]: Resolution not specified for Octomap. Assuming resolution = 0.1 instead
[ERROR] [1761293369.863750571] [moveit.moveit.ros.occupancy_map_monitor]: No 3D sensor plugin(s) defined for octomap updates
[INFO] [1761293373.532996270] [moveit.moveit.ros.planning_pipeline]: Successfully loaded planner 'OMPL'
[INFO] [1761293373.534680481] [move_group]: Try loading adapter 'default_planning_request_adapters/ResolveConstraintFrames'
[INFO] [1761293373.535554418] [move_group]: Loaded adapter 'default_planning_request_adapters/ResolveConstraintFrames'
[INFO] [1761293373.535566684] [move_group]: Try loading adapter 'default_planning_request_adapters/ValidateWorkspaceBounds'
[INFO] [1761293373.535753389] [move_group]: Loaded adapter 'default_planning_request_adapters/ValidateWorkspaceBounds'
[INFO] [1761293373.535765148] [move_group]: Try loading adapter 'default_planning_request_adapters/CheckStartStateBounds'
[INFO] [1761293373.535785317] [move_group]: Loaded adapter 'default_planning_request_adapters/CheckStartStateBounds'
[INFO] [1761293373.535790506] [move_group]: Try loading adapter 'default_planning_request_adapters/CheckStartStateCollision'
[INFO] [1761293373.535799444] [move_group]: Loaded adapter 'default_planning_request_adapters/CheckStartStateCollision'
[WARN] [1761293373.535803205] [moveit.moveit.ros.planning_pipeline]: No planning response adapter names specified.
[ERROR] [1761293373.550551687] [moveit.moveit.plugins.simple_controller_manager]: No controller_names specified.
[INFO] [1761293373.550680887] [moveit.moveit.plugins.simple_controller_manager]: Returned 0 controllers in list
[INFO] [1761293373.550697329] [moveit.moveit.plugins.simple_controller_manager]: Returned 0 controllers in list
[INFO] [1761293373.551245021] [moveit.moveit.ros.trajectory_execution_manager]: Trajectory execution is managing controllers
[INFO] [1761293373.551262028] [move_group]: MoveGroup debug mode is ON
[INFO] [1761293373.568383328] [moveit.moveit.ros.move_group.executable]: 

********************************************************
* MoveGroup using: 
*     - apply_planning_scene_service
*     - clear_octomap_service
*     - get_group_urdf
*     - load_geometry_from_file
*     - CartesianPathService
*     - execute_trajectory_action
*     - get_planning_scene_service
*     - kinematics_service
*     - move_action
*     - motion_plan_service
*     - query_planners_service
*     - state_validation_service
*     - save_geometry_to_file
********************************************************

[INFO] [1761293373.568433757] [moveit.moveit.ros.move_group.context]: MoveGroup context using pipeline ompl
[INFO] [1761293373.568443782] [moveit.moveit.ros.move_group.context]: MoveGroup context initialization complete
[INFO] [1761293409.774582672] [moveit.moveit.ros.move_group.move_action]: MoveGroupMoveAction: Received request
[INFO] [1761293409.775801718] [moveit.moveit.ros.move_group.move_action]: executing..
[INFO] [1761293409.819183888] [moveit.moveit.ros.move_group.move_action]: Planning request received for MoveGroup action. Forwarding to planning pipeline.
[INFO] [1761293409.819241286] [moveit.moveit.ros.move_group.capability]: Using planning pipeline 'ompl'
[INFO] [1761293409.819458392] [move_group]: Calling PlanningRequestAdapter 'ResolveConstraintFrames'
[INFO] [1761293409.819501508] [move_group]: Calling PlanningRequestAdapter 'ValidateWorkspaceBounds'
[INFO] [1761293409.819515094] [move_group]: Calling PlanningRequestAdapter 'CheckStartStateBounds'
[INFO] [1761293409.819545940] [move_group]: Calling PlanningRequestAdapter 'CheckStartStateCollision'
[INFO] [1761293409.832615325] [moveit.moveit.planners.ompl.model_based_planning_context]: Planner configuration 'sekirei_arm' will use planner 'geometric::RRTConnect'. Additional configuration parameters will be set when the planner is constructed.
[INFO] [1761293409.833312005] [move_group]: Calling Planner 'OMPL'
[WARN] [1761293409.849898560] [moveit.moveit.ros.planning_pipeline]: The planner plugin did not fill out the 'planner_id' field of the MotionPlanResponse. Setting it to the planner ID name of the MotionPlanRequest assuming that the planner plugin does warn you if it does not use the requested planner.
[INFO] [1761293409.850050020] [moveit.moveit.ros.move_group.move_action]: Motion plan was computed successfully.
[INFO] [1761293411.998001244] [moveit.moveit.ros.move_group.clear_octomap_service]: Execution request received
[INFO] [1761293411.998233783] [moveit.moveit.plugins.simple_controller_manager]: Returned 0 controllers in list
[INFO] [1761293411.998312895] [moveit.moveit.plugins.simple_controller_manager]: Returned 0 controllers in list
[INFO] [1761293411.998360191] [moveit.moveit.plugins.simple_controller_manager]: Returned 0 controllers in list
[INFO] [1761293411.998387310] [moveit.moveit.plugins.simple_controller_manager]: Returned 0 controllers in list
[ERROR] [1761293411.998420665] [moveit.moveit.ros.trajectory_execution_manager]: Unable to identify any set of controllers that can actuate the specified joints: [ arm_joint1 arm_joint2 arm_joint3 arm_joint4 arm_joint5 arm_joint6 ]
[ERROR] [1761293411.998486782] [moveit.moveit.ros.trajectory_execution_manager]: Known controllers and their joints:

[INFO] [1761293413.708934701] [moveit.moveit.ros.move_group.move_action]: MoveGroupMoveAction: Received request
[INFO] [1761293413.709509435] [moveit.moveit.ros.move_group.move_action]: executing..
[INFO] [1761293413.719823948] [moveit.moveit.ros.move_group.move_action]: Combined planning and execution request received for MoveGroup action. Forwarding to planning and execution pipeline.
[INFO] [1761293413.720162174] [moveit.moveit.ros.plan_execution]: Planning attempt 1 of at most 1
[INFO] [1761293413.720423403] [moveit.moveit.ros.move_group.capability]: Using planning pipeline 'ompl'
[INFO] [1761293413.720731475] [move_group]: Calling PlanningRequestAdapter 'ResolveConstraintFrames'
[INFO] [1761293413.720827076] [move_group]: Calling PlanningRequestAdapter 'ValidateWorkspaceBounds'
[INFO] [1761293413.720878861] [move_group]: Calling PlanningRequestAdapter 'CheckStartStateBounds'
[INFO] [1761293413.720942445] [move_group]: Calling PlanningRequestAdapter 'CheckStartStateCollision'
[INFO] [1761293413.721831402] [moveit.moveit.planners.ompl.model_based_planning_context]: Planner configuration 'sekirei_arm' will use planner 'geometric::RRTConnect'. Additional configuration parameters will be set when the planner is constructed.
[INFO] [1761293413.722197331] [move_group]: Calling Planner 'OMPL'
[WARN] [1761293413.759268678] [moveit.moveit.ros.planning_pipeline]: The planner plugin did not fill out the 'planner_id' field of the MotionPlanResponse. Setting it to the planner ID name of the MotionPlanRequest assuming that the planner plugin does warn you if it does not use the requested planner.
[INFO] [1761293413.759606075] [moveit.moveit.plugins.simple_controller_manager]: Returned 0 controllers in list
[INFO] [1761293413.759657465] [moveit.moveit.plugins.simple_controller_manager]: Returned 0 controllers in list
[INFO] [1761293413.759693647] [moveit.moveit.plugins.simple_controller_manager]: Returned 0 controllers in list
[INFO] [1761293413.759719804] [moveit.moveit.plugins.simple_controller_manager]: Returned 0 controllers in list
[ERROR] [1761293413.759740117] [moveit.moveit.ros.trajectory_execution_manager]: Unable to identify any set of controllers that can actuate the specified joints: [ arm_joint1 arm_joint2 arm_joint3 arm_joint4 arm_joint5 arm_joint6 ]
[ERROR] [1761293413.759824656] [moveit.moveit.ros.trajectory_execution_manager]: Known controllers and their joints:

[ERROR] [1761293413.759862566] [moveit.moveit.ros.plan_execution]: Apparently trajectory initialization failed
[INFO] [1761293413.759997072] [moveit.moveit.ros.move_group.move_action]: CONTROL_FAILED
[INFO] [1761293414.249725698] [moveit.moveit.ros.move_group.move_action]: MoveGroupMoveAction: Received request
[INFO] [1761293414.250217490] [moveit.moveit.ros.move_group.move_action]: executing..
[INFO] [1761293414.319731402] [moveit.moveit.ros.move_group.move_action]: Combined planning and execution request received for MoveGroup action. Forwarding to planning and execution pipeline.
[INFO] [1761293414.319930185] [moveit.moveit.ros.plan_execution]: Planning attempt 1 of at most 1
[INFO] [1761293414.320135909] [moveit.moveit.ros.move_group.capability]: Using planning pipeline 'ompl'
[INFO] [1761293414.320359146] [move_group]: Calling PlanningRequestAdapter 'ResolveConstraintFrames'
[INFO] [1761293414.320450085] [move_group]: Calling PlanningRequestAdapter 'ValidateWorkspaceBounds'
[INFO] [1761293414.320534611] [move_group]: Calling PlanningRequestAdapter 'CheckStartStateBounds'
[INFO] [1761293414.320622451] [move_group]: Calling PlanningRequestAdapter 'CheckStartStateCollision'
[INFO] [1761293414.321382846] [moveit.moveit.planners.ompl.model_based_planning_context]: Planner configuration 'sekirei_arm' will use planner 'geometric::RRTConnect'. Additional configuration parameters will be set when the planner is constructed.
[INFO] [1761293414.321630314] [move_group]: Calling Planner 'OMPL'
[WARN] [1761293414.357811677] [moveit.moveit.ros.planning_pipeline]: The planner plugin did not fill out the 'planner_id' field of the MotionPlanResponse. Setting it to the planner ID name of the MotionPlanRequest assuming that the planner plugin does warn you if it does not use the requested planner.
[INFO] [1761293414.358147589] [moveit.moveit.plugins.simple_controller_manager]: Returned 0 controllers in list
[INFO] [1761293414.358207155] [moveit.moveit.plugins.simple_controller_manager]: Returned 0 controllers in list
[INFO] [1761293414.358264720] [moveit.moveit.plugins.simple_controller_manager]: Returned 0 controllers in list
[INFO] [1761293414.358291606] [moveit.moveit.plugins.simple_controller_manager]: Returned 0 controllers in list
[ERROR] [1761293414.358313040] [moveit.moveit.ros.trajectory_execution_manager]: Unable to identify any set of controllers that can actuate the specified joints: [ arm_joint1 arm_joint2 arm_joint3 arm_joint4 arm_joint5 arm_joint6 ]
[ERROR] [1761293414.358392620] [moveit.moveit.ros.trajectory_execution_manager]: Known controllers and their joints:

[ERROR] [1761293414.358446442] [moveit.moveit.ros.plan_execution]: Apparently trajectory initialization failed
[INFO] [1761293414.358577737] [moveit.moveit.ros.move_group.move_action]: CONTROL_FAILED
[INFO] [1761293414.555413519] [moveit.moveit.ros.move_group.move_action]: MoveGroupMoveAction: Received request
[INFO] [1761293414.555589694] [moveit.moveit.ros.move_group.move_action]: executing..
[INFO] [1761293414.619086636] [moveit.moveit.ros.move_group.move_action]: Combined planning and execution request received for MoveGroup action. Forwarding to planning and execution pipeline.
[INFO] [1761293414.619188708] [moveit.moveit.ros.plan_execution]: Planning attempt 1 of at most 1
[INFO] [1761293414.619219609] [moveit.moveit.ros.move_group.capability]: Using planning pipeline 'ompl'
[INFO] [1761293414.619312110] [move_group]: Calling PlanningRequestAdapter 'ResolveConstraintFrames'
[INFO] [1761293414.619326752] [move_group]: Calling PlanningRequestAdapter 'ValidateWorkspaceBounds'
[INFO] [1761293414.619360531] [move_group]: Calling PlanningRequestAdapter 'CheckStartStateBounds'
[INFO] [1761293414.619375537] [move_group]: Calling PlanningRequestAdapter 'CheckStartStateCollision'
[INFO] [1761293414.619737598] [moveit.moveit.planners.ompl.model_based_planning_context]: Planner configuration 'sekirei_arm' will use planner 'geometric::RRTConnect'. Additional configuration parameters will be set when the planner is constructed.
[INFO] [1761293414.619818554] [move_group]: Calling Planner 'OMPL'
[WARN] [1761293414.634996669] [moveit.moveit.ros.planning_pipeline]: The planner plugin did not fill out the 'planner_id' field of the MotionPlanResponse. Setting it to the planner ID name of the MotionPlanRequest assuming that the planner plugin does warn you if it does not use the requested planner.
[INFO] [1761293414.635155162] [moveit.moveit.plugins.simple_controller_manager]: Returned 0 controllers in list
[INFO] [1761293414.635172001] [moveit.moveit.plugins.simple_controller_manager]: Returned 0 controllers in list
[INFO] [1761293414.635183336] [moveit.moveit.plugins.simple_controller_manager]: Returned 0 controllers in list
[INFO] [1761293414.635189953] [moveit.moveit.plugins.simple_controller_manager]: Returned 0 controllers in list
[ERROR] [1761293414.635195725] [moveit.moveit.ros.trajectory_execution_manager]: Unable to identify any set of controllers that can actuate the specified joints: [ arm_joint1 arm_joint2 arm_joint3 arm_joint4 arm_joint5 arm_joint6 ]
[ERROR] [1761293414.635223054] [moveit.moveit.ros.trajectory_execution_manager]: Known controllers and their joints:

[ERROR] [1761293414.635232688] [moveit.moveit.ros.plan_execution]: Apparently trajectory initialization failed
[INFO] [1761293414.635282048] [moveit.moveit.ros.move_group.move_action]: CONTROL_FAILED
[INFO] [1761293418.299381514] [moveit.moveit.ros.move_group.move_action]: MoveGroupMoveAction: Received request
[INFO] [1761293418.299560010] [moveit.moveit.ros.move_group.move_action]: executing..
[INFO] [1761293418.319675892] [moveit.moveit.ros.move_group.move_action]: Planning request received for MoveGroup action. Forwarding to planning pipeline.
[INFO] [1761293418.319823949] [moveit.moveit.ros.move_group.capability]: Using planning pipeline 'ompl'
[INFO] [1761293418.320056596] [move_group]: Calling PlanningRequestAdapter 'ResolveConstraintFrames'
[INFO] [1761293418.320179282] [move_group]: Calling PlanningRequestAdapter 'ValidateWorkspaceBounds'
[INFO] [1761293418.320227380] [move_group]: Calling PlanningRequestAdapter 'CheckStartStateBounds'
[INFO] [1761293418.320301308] [move_group]: Calling PlanningRequestAdapter 'CheckStartStateCollision'
[INFO] [1761293418.320939149] [moveit.moveit.planners.ompl.model_based_planning_context]: Planner configuration 'sekirei_arm' will use planner 'geometric::RRTConnect'. Additional configuration parameters will be set when the planner is constructed.
[INFO] [1761293418.321160470] [move_group]: Calling Planner 'OMPL'
[WARN] [1761293418.341155061] [moveit.moveit.ros.planning_pipeline]: The planner plugin did not fill out the 'planner_id' field of the MotionPlanResponse. Setting it to the planner ID name of the MotionPlanRequest assuming that the planner plugin does warn you if it does not use the requested planner.
[INFO] [1761293418.341218739] [moveit.moveit.ros.move_group.move_action]: Motion plan was computed successfully.
[INFO] [1761293420.279698782] [moveit.moveit.ros.move_group.move_action]: MoveGroupMoveAction: Received request
[INFO] [1761293420.280055465] [moveit.moveit.ros.move_group.move_action]: executing..
[INFO] [1761293420.319865488] [moveit.moveit.ros.move_group.move_action]: Planning request received for MoveGroup action. Forwarding to planning pipeline.
[INFO] [1761293420.320027175] [moveit.moveit.ros.move_group.capability]: Using planning pipeline 'ompl'
[INFO] [1761293420.320308408] [move_group]: Calling PlanningRequestAdapter 'ResolveConstraintFrames'
[INFO] [1761293420.320423733] [move_group]: Calling PlanningRequestAdapter 'ValidateWorkspaceBounds'
[INFO] [1761293420.320497788] [move_group]: Calling PlanningRequestAdapter 'CheckStartStateBounds'
[INFO] [1761293420.320600616] [move_group]: Calling PlanningRequestAdapter 'CheckStartStateCollision'
[INFO] [1761293420.321317529] [moveit.moveit.planners.ompl.model_based_planning_context]: Planner configuration 'sekirei_arm' will use planner 'geometric::RRTConnect'. Additional configuration parameters will be set when the planner is constructed.
[INFO] [1761293420.321542861] [move_group]: Calling Planner 'OMPL'
[WARN] [1761293420.363261826] [moveit.moveit.ros.planning_pipeline]: The planner plugin did not fill out the 'planner_id' field of the MotionPlanResponse. Setting it to the planner ID name of the MotionPlanRequest assuming that the planner plugin does warn you if it does not use the requested planner.
[INFO] [1761293420.363509541] [moveit.moveit.ros.move_group.move_action]: Motion plan was computed successfully.
[INFO] [1761293420.839598889] [moveit.moveit.ros.move_group.move_action]: MoveGroupMoveAction: Received request
[INFO] [1761293420.839821268] [moveit.moveit.ros.move_group.move_action]: executing..
[INFO] [1761293420.919700857] [moveit.moveit.ros.move_group.move_action]: Planning request received for MoveGroup action. Forwarding to planning pipeline.
[INFO] [1761293420.919865780] [moveit.moveit.ros.move_group.capability]: Using planning pipeline 'ompl'
[INFO] [1761293420.920138718] [move_group]: Calling PlanningRequestAdapter 'ResolveConstraintFrames'
[INFO] [1761293420.920231388] [move_group]: Calling PlanningRequestAdapter 'ValidateWorkspaceBounds'
[INFO] [1761293420.920280741] [move_group]: Calling PlanningRequestAdapter 'CheckStartStateBounds'
[INFO] [1761293420.920353125] [move_group]: Calling PlanningRequestAdapter 'CheckStartStateCollision'
[INFO] [1761293420.921061176] [moveit.moveit.planners.ompl.model_based_planning_context]: Planner configuration 'sekirei_arm' will use planner 'geometric::RRTConnect'. Additional configuration parameters will be set when the planner is constructed.
[INFO] [1761293420.921359427] [move_group]: Calling Planner 'OMPL'
[WARN] [1761293420.968072399] [moveit.moveit.ros.planning_pipeline]: The planner plugin did not fill out the 'planner_id' field of the MotionPlanResponse. Setting it to the planner ID name of the MotionPlanRequest assuming that the planner plugin does warn you if it does not use the requested planner.
[INFO] [1761293420.968335016] [moveit.moveit.ros.move_group.move_action]: Motion plan was computed successfully.
[INFO] [1761293422.189351665] [moveit.moveit.ros.move_group.clear_octomap_service]: Execution request received
[INFO] [1761293422.189466051] [moveit.moveit.plugins.simple_controller_manager]: Returned 0 controllers in list
[INFO] [1761293422.189504212] [moveit.moveit.plugins.simple_controller_manager]: Returned 0 controllers in list
[INFO] [1761293422.189539261] [moveit.moveit.plugins.simple_controller_manager]: Returned 0 controllers in list
[INFO] [1761293422.189566982] [moveit.moveit.plugins.simple_controller_manager]: Returned 0 controllers in list
[ERROR] [1761293422.189588523] [moveit.moveit.ros.trajectory_execution_manager]: Unable to identify any set of controllers that can actuate the specified joints: [ arm_joint1 arm_joint2 arm_joint3 arm_joint4 arm_joint5 arm_joint6 ]
[ERROR] [1761293422.189675754] [moveit.moveit.ros.trajectory_execution_manager]: Known controllers and their joints:

[INFO] [1761293434.300432351] [moveit.moveit.ros.move_group.move_action]: MoveGroupMoveAction: Received request
[INFO] [1761293434.300610735] [moveit.moveit.ros.move_group.move_action]: executing..
[INFO] [1761293434.319087557] [moveit.moveit.ros.move_group.move_action]: Planning request received for MoveGroup action. Forwarding to planning pipeline.
[INFO] [1761293434.319183263] [moveit.moveit.ros.move_group.capability]: Using planning pipeline 'ompl'
[INFO] [1761293434.319254770] [move_group]: Calling PlanningRequestAdapter 'ResolveConstraintFrames'
[INFO] [1761293434.319279343] [move_group]: Calling PlanningRequestAdapter 'ValidateWorkspaceBounds'
[INFO] [1761293434.319290080] [move_group]: Calling PlanningRequestAdapter 'CheckStartStateBounds'
[INFO] [1761293434.319367380] [move_group]: Calling PlanningRequestAdapter 'CheckStartStateCollision'
[INFO] [1761293434.319700852] [moveit.moveit.planners.ompl.model_based_planning_context]: Planner configuration 'sekirei_arm' will use planner 'geometric::RRTConnect'. Additional configuration parameters will be set when the planner is constructed.
[INFO] [1761293434.319757102] [move_group]: Calling Planner 'OMPL'
[WARN] [1761293434.335275807] [moveit.moveit.ros.planning_pipeline]: The planner plugin did not fill out the 'planner_id' field of the MotionPlanResponse. Setting it to the planner ID name of the MotionPlanRequest assuming that the planner plugin does warn you if it does not use the requested planner.
[INFO] [1761293434.335387873] [moveit.moveit.ros.move_group.move_action]: Motion plan was computed successfully.
[INFO] [1761293435.708447014] [moveit.moveit.ros.move_group.clear_octomap_service]: Execution request received
[INFO] [1761293435.708498366] [moveit.moveit.plugins.simple_controller_manager]: Returned 0 controllers in list
[INFO] [1761293435.708510590] [moveit.moveit.plugins.simple_controller_manager]: Returned 0 controllers in list
[INFO] [1761293435.708521822] [moveit.moveit.plugins.simple_controller_manager]: Returned 0 controllers in list
[INFO] [1761293435.708529186] [moveit.moveit.plugins.simple_controller_manager]: Returned 0 controllers in list
[ERROR] [1761293435.708535429] [moveit.moveit.ros.trajectory_execution_manager]: Unable to identify any set of controllers that can actuate the specified joints: [ arm_joint1 arm_joint2 arm_joint3 arm_joint4 arm_joint5 arm_joint6 ]
[ERROR] [1761293435.708560497] [moveit.moveit.ros.trajectory_execution_manager]: Known controllers and their joints:

[INFO] [1761293436.425416517] [moveit.moveit.ros.move_group.move_action]: MoveGroupMoveAction: Received request
[INFO] [1761293436.425947316] [moveit.moveit.ros.move_group.move_action]: executing..
[INFO] [1761293436.519825495] [moveit.moveit.ros.move_group.move_action]: Combined planning and execution request received for MoveGroup action. Forwarding to planning and execution pipeline.
[INFO] [1761293436.520004051] [moveit.moveit.ros.plan_execution]: Planning attempt 1 of at most 1
[INFO] [1761293436.520177648] [moveit.moveit.ros.move_group.capability]: Using planning pipeline 'ompl'
[INFO] [1761293436.520364049] [move_group]: Calling PlanningRequestAdapter 'ResolveConstraintFrames'
[INFO] [1761293436.520416865] [move_group]: Calling PlanningRequestAdapter 'ValidateWorkspaceBounds'
[INFO] [1761293436.520455561] [move_group]: Calling PlanningRequestAdapter 'CheckStartStateBounds'
[INFO] [1761293436.520505538] [move_group]: Calling PlanningRequestAdapter 'CheckStartStateCollision'
[INFO] [1761293436.521308439] [moveit.moveit.planners.ompl.model_based_planning_context]: Planner configuration 'sekirei_arm' will use planner 'geometric::RRTConnect'. Additional configuration parameters will be set when the planner is constructed.
[INFO] [1761293436.521567104] [move_group]: Calling Planner 'OMPL'
[WARN] [1761293436.538981216] [moveit.moveit.ros.planning_pipeline]: The planner plugin did not fill out the 'planner_id' field of the MotionPlanResponse. Setting it to the planner ID name of the MotionPlanRequest assuming that the planner plugin does warn you if it does not use the requested planner.
[INFO] [1761293436.539122198] [moveit.moveit.plugins.simple_controller_manager]: Returned 0 controllers in list
[INFO] [1761293436.539139730] [moveit.moveit.plugins.simple_controller_manager]: Returned 0 controllers in list
[INFO] [1761293436.539149197] [moveit.moveit.plugins.simple_controller_manager]: Returned 0 controllers in list
[INFO] [1761293436.539156626] [moveit.moveit.plugins.simple_controller_manager]: Returned 0 controllers in list
[ERROR] [1761293436.539161699] [moveit.moveit.ros.trajectory_execution_manager]: Unable to identify any set of controllers that can actuate the specified joints: [ arm_joint1 arm_joint2 arm_joint3 arm_joint4 arm_joint5 arm_joint6 ]
[ERROR] [1761293436.539205759] [moveit.moveit.ros.trajectory_execution_manager]: Known controllers and their joints:

[ERROR] [1761293436.539215527] [moveit.moveit.ros.plan_execution]: Apparently trajectory initialization failed
[INFO] [1761293436.539261872] [moveit.moveit.ros.move_group.move_action]: CONTROL_FAILED
[INFO] [1761293460.687269120] [rclcpp]: signal_handler(signum=2)
