[WARN] [1761294652.116474686] [move_group]: Using default pipeline 'ompl'
[INFO] [1761294652.118473735] [moveit.moveit.ros.rdf_loader]: Loaded robot model in 0.00176615 seconds
[INFO] [1761294652.118525098] [moveit.moveit.core.robot_model]: Loading robot model 'sekirei'...
[INFO] [1761294652.118537094] [moveit.moveit.core.robot_model]: No root/virtual joint specified in SRDF. Assuming fixed joint
[WARN] [1761294652.118647397] [moveit.moveit.core.robot_model]: Could not identify parent group for end-effector 'end_effector'
[WARN] [1761294652.122367173] [kdl_parser]: The root link base_link has an inertia specified in the URDF, but KDL does not support a root link with an inertia.  As a workaround, you can add an extra dummy link to your URDF.
[INFO] [1761294652.122446887] [moveit.moveit.kinematics.kdl_kinematics_plugin]: Joint weights for group 'sekirei_arm': 1 1 1 1 1 1
[INFO] [1761294652.145281291] [moveit.moveit.ros.planning_scene_monitor]: Publishing maintained planning scene on 'monitored_planning_scene'
[INFO] [1761294652.145483322] [moveit.moveit.ros.moveit_cpp]: Listening to 'joint_states' for joint states
[INFO] [1761294652.146325403] [moveit.moveit.ros.current_state_monitor]: Listening to joint states on topic 'joint_states'
[INFO] [1761294652.146620870] [moveit.moveit.ros.planning_scene_monitor]: Listening to '/attached_collision_object' for attached collision objects
[INFO] [1761294652.146633510] [moveit.moveit.ros.planning_scene_monitor]: Stopping existing planning scene publisher.
[INFO] [1761294652.146696928] [moveit.moveit.ros.planning_scene_monitor]: Stopped publishing maintained planning scene.
[INFO] [1761294652.146871028] [moveit.moveit.ros.planning_scene_monitor]: Publishing maintained planning scene on 'monitored_planning_scene'
[INFO] [1761294652.146919394] [moveit.moveit.ros.planning_scene_monitor]: Starting planning scene monitor
[INFO] [1761294652.147369170] [moveit.moveit.ros.planning_scene_monitor]: Listening to '/planning_scene'
[INFO] [1761294652.147381627] [moveit.moveit.ros.planning_scene_monitor]: Starting world geometry update monitor for collision objects, attached objects, octomap updates.
[INFO] [1761294652.147583402] [moveit.moveit.ros.planning_scene_monitor]: Listening to 'collision_object'
[INFO] [1761294652.147784999] [moveit.moveit.ros.planning_scene_monitor]: Listening to 'planning_scene_world' for planning scene world geometry
[WARN] [1761294652.148155547] [moveit.moveit.ros.occupancy_map_monitor]: Resolution not specified for Octomap. Assuming resolution = 0.1 instead
[ERROR] [1761294652.148197707] [moveit.moveit.ros.occupancy_map_monitor]: No 3D sensor plugin(s) defined for octomap updates
[INFO] [1761294652.629176557] [moveit.moveit.ros.planning_pipeline]: Successfully loaded planner 'OMPL'
[INFO] [1761294652.630938363] [move_group]: Try loading adapter 'default_planning_request_adapters/ResolveConstraintFrames'
[INFO] [1761294652.631879085] [move_group]: Loaded adapter 'default_planning_request_adapters/ResolveConstraintFrames'
[INFO] [1761294652.631892153] [move_group]: Try loading adapter 'default_planning_request_adapters/ValidateWorkspaceBounds'
[INFO] [1761294652.632022297] [move_group]: Loaded adapter 'default_planning_request_adapters/ValidateWorkspaceBounds'
[INFO] [1761294652.632030335] [move_group]: Try loading adapter 'default_planning_request_adapters/CheckStartStateBounds'
[INFO] [1761294652.632048466] [move_group]: Loaded adapter 'default_planning_request_adapters/CheckStartStateBounds'
[INFO] [1761294652.632053314] [move_group]: Try loading adapter 'default_planning_request_adapters/CheckStartStateCollision'
[INFO] [1761294652.632062470] [move_group]: Loaded adapter 'default_planning_request_adapters/CheckStartStateCollision'
[WARN] [1761294652.632066279] [moveit.moveit.ros.planning_pipeline]: No planning response adapter names specified.
[ERROR] [1761294652.642946008] [moveit.moveit.plugins.simple_controller_manager]: No controller_names specified.
[INFO] [1761294652.643088358] [moveit.moveit.plugins.simple_controller_manager]: Returned 0 controllers in list
[INFO] [1761294652.643105285] [moveit.moveit.plugins.simple_controller_manager]: Returned 0 controllers in list
[INFO] [1761294652.643596628] [moveit.moveit.ros.trajectory_execution_manager]: Trajectory execution is managing controllers
[INFO] [1761294652.643616919] [move_group]: MoveGroup debug mode is ON
[INFO] [1761294652.657215777] [moveit.moveit.ros.move_group.executable]: 

********************************************************
* MoveGroup using: 
*     - apply_planning_scene_service
*     - clear_octomap_service
*     - get_group_urdf
*     - load_geometry_from_file
*     - CartesianPathService
*     - execute_trajectory_action
*     - get_planning_scene_service
*     - kinematics_service
*     - move_action
*     - motion_plan_service
*     - query_planners_service
*     - state_validation_service
*     - save_geometry_to_file
********************************************************

[INFO] [1761294652.657256994] [moveit.moveit.ros.move_group.context]: MoveGroup context using pipeline ompl
[INFO] [1761294652.657266986] [moveit.moveit.ros.move_group.context]: MoveGroup context initialization complete
[INFO] [1761294689.160152057] [moveit.moveit.ros.move_group.move_action]: MoveGroupMoveAction: Received request
[INFO] [1761294689.160881189] [moveit.moveit.ros.move_group.move_action]: executing..
[INFO] [1761294689.202517136] [moveit.moveit.ros.move_group.move_action]: Planning request received for MoveGroup action. Forwarding to planning pipeline.
[INFO] [1761294689.202570727] [moveit.moveit.ros.move_group.capability]: Using planning pipeline 'ompl'
[INFO] [1761294689.202735854] [move_group]: Calling PlanningRequestAdapter 'ResolveConstraintFrames'
[INFO] [1761294689.202777038] [move_group]: Calling PlanningRequestAdapter 'ValidateWorkspaceBounds'
[INFO] [1761294689.202790840] [move_group]: Calling PlanningRequestAdapter 'CheckStartStateBounds'
[INFO] [1761294689.202839973] [move_group]: Calling PlanningRequestAdapter 'CheckStartStateCollision'
[INFO] [1761294689.203935791] [moveit.moveit.planners.ompl.model_based_planning_context]: Planner configuration 'sekirei_arm' will use planner 'geometric::RRTConnect'. Additional configuration parameters will be set when the planner is constructed.
[INFO] [1761294689.204246017] [move_group]: Calling Planner 'OMPL'
[WARN] [1761294689.218453840] [moveit.moveit.ros.planning_pipeline]: The planner plugin did not fill out the 'planner_id' field of the MotionPlanResponse. Setting it to the planner ID name of the MotionPlanRequest assuming that the planner plugin does warn you if it does not use the requested planner.
[INFO] [1761294689.218507064] [moveit.moveit.ros.move_group.move_action]: Motion plan was computed successfully.
[INFO] [1761294980.496350602] [rclcpp]: signal_handler(signum=15)
