[WARN] [1761213776.420278782] [move_group]: Using default pipeline 'ompl'
[INFO] [1761213776.422381419] [move_group.moveit.moveit.ros.rdf_loader]: Loaded robot model in 0.00182349 seconds
[INFO] [1761213776.422538453] [move_group.moveit.moveit.core.robot_model]: Loading robot model 'sekirei'...
[INFO] [1761213776.422566811] [move_group.moveit.moveit.core.robot_model]: No root/virtual joint specified in SRDF. Assuming fixed joint
[WARN] [1761213776.422775168] [move_group.moveit.moveit.core.robot_model]: Could not identify parent group for end-effector 'end_effector'
[WARN] [1761213776.426915881] [kdl_parser]: The root link base_link has an inertia specified in the URDF, but KDL does not support a root link with an inertia.  As a workaround, you can add an extra dummy link to your URDF.
[INFO] [1761213776.427002783] [move_group.moveit.moveit.kinematics.kdl_kinematics_plugin]: Joint weights for group 'sekirei_arm': 1 1 1 1 1 1
[INFO] [1761213776.451552281] [move_group.moveit.moveit.ros.planning_scene_monitor]: Publishing maintained planning scene on 'monitored_planning_scene'
[INFO] [1761213776.451714930] [move_group.moveit.moveit.ros.moveit_cpp]: Listening to 'joint_states' for joint states
[INFO] [1761213776.452910725] [move_group.moveit.moveit.ros.current_state_monitor]: Listening to joint states on topic 'joint_states'
[INFO] [1761213776.453583046] [move_group.moveit.moveit.ros.planning_scene_monitor]: Listening to '/attached_collision_object' for attached collision objects
[INFO] [1761213776.453607229] [move_group.moveit.moveit.ros.planning_scene_monitor]: Stopping existing planning scene publisher.
[INFO] [1761213776.453742306] [move_group.moveit.moveit.ros.planning_scene_monitor]: Stopped publishing maintained planning scene.
[INFO] [1761213776.454327074] [move_group.moveit.moveit.ros.planning_scene_monitor]: Publishing maintained planning scene on 'monitored_planning_scene'
[INFO] [1761213776.454427294] [move_group.moveit.moveit.ros.planning_scene_monitor]: Starting planning scene monitor
[INFO] [1761213776.455035010] [move_group.moveit.moveit.ros.planning_scene_monitor]: Listening to '/planning_scene'
[INFO] [1761213776.455060155] [move_group.moveit.moveit.ros.planning_scene_monitor]: Starting world geometry update monitor for collision objects, attached objects, octomap updates.
[INFO] [1761213776.455474444] [move_group.moveit.moveit.ros.planning_scene_monitor]: Listening to 'collision_object'
[INFO] [1761213776.455888017] [move_group.moveit.moveit.ros.planning_scene_monitor]: Listening to 'planning_scene_world' for planning scene world geometry
[WARN] [1761213776.456404622] [move_group.moveit.moveit.ros.occupancy_map_monitor]: Resolution not specified for Octomap. Assuming resolution = 0.1 instead
[ERROR] [1761213776.456421601] [move_group.moveit.moveit.ros.occupancy_map_monitor]: No 3D sensor plugin(s) defined for octomap updates
