[WARN] [1761293847.766702189] [move_group]: Using default pipeline 'ompl'
[INFO] [1761293847.768771566] [moveit.moveit.ros.rdf_loader]: Loaded robot model in 0.00178974 seconds
[INFO] [1761293847.768826204] [moveit.moveit.core.robot_model]: Loading robot model 'sekirei'...
[INFO] [1761293847.768841432] [moveit.moveit.core.robot_model]: No root/virtual joint specified in SRDF. Assuming fixed joint
[WARN] [1761293847.768965338] [moveit.moveit.core.robot_model]: Could not identify parent group for end-effector 'end_effector'
[WARN] [1761293847.772433669] [kdl_parser]: The root link base_link has an inertia specified in the URDF, but KDL does not support a root link with an inertia.  As a workaround, you can add an extra dummy link to your URDF.
[INFO] [1761293847.772506924] [moveit.moveit.kinematics.kdl_kinematics_plugin]: Joint weights for group 'sekirei_arm': 1 1 1 1 1 1
[INFO] [1761293847.804177187] [moveit.moveit.ros.planning_scene_monitor]: Publishing maintained planning scene on 'monitored_planning_scene'
[INFO] [1761293847.804395599] [moveit.moveit.ros.moveit_cpp]: Listening to 'joint_states' for joint states
[INFO] [1761293847.805758098] [moveit.moveit.ros.current_state_monitor]: Listening to joint states on topic 'joint_states'
[INFO] [1761293847.806487056] [moveit.moveit.ros.planning_scene_monitor]: Listening to '/attached_collision_object' for attached collision objects
[INFO] [1761293847.806518332] [moveit.moveit.ros.planning_scene_monitor]: Stopping existing planning scene publisher.
[INFO] [1761293847.806681225] [moveit.moveit.ros.planning_scene_monitor]: Stopped publishing maintained planning scene.
[INFO] [1761293847.807196712] [moveit.moveit.ros.planning_scene_monitor]: Publishing maintained planning scene on 'monitored_planning_scene'
[INFO] [1761293847.807302378] [moveit.moveit.ros.planning_scene_monitor]: Starting planning scene monitor
[INFO] [1761293847.807790515] [moveit.moveit.ros.planning_scene_monitor]: Listening to '/planning_scene'
[INFO] [1761293847.807817261] [moveit.moveit.ros.planning_scene_monitor]: Starting world geometry update monitor for collision objects, attached objects, octomap updates.
[INFO] [1761293847.809011231] [moveit.moveit.ros.planning_scene_monitor]: Listening to 'collision_object'
[INFO] [1761293847.809543289] [moveit.moveit.ros.planning_scene_monitor]: Listening to 'planning_scene_world' for planning scene world geometry
[WARN] [1761293847.810185522] [moveit.moveit.ros.occupancy_map_monitor]: Resolution not specified for Octomap. Assuming resolution = 0.1 instead
[ERROR] [1761293847.810210786] [moveit.moveit.ros.occupancy_map_monitor]: No 3D sensor plugin(s) defined for octomap updates
[INFO] [1761293857.812627842] [moveit.moveit.ros.current_state_monitor]: Didn't receive robot state (joint angles) with recent timestamp within 10.000000 seconds. Requested time 1761293847.812528, but latest received state has time 0.000000.
Check clock synchronization if your are running ROS across multiple machines!
[FATAL] [1761293857.812709625] [moveit.moveit.ros.moveit_cpp]: Unable to configure planning scene monitor
