[WARN] [1761290947.693611044] [move_group]: Using default pipeline 'ompl'
[INFO] [1761290947.695943306] [moveit.moveit.ros.rdf_loader]: Loaded robot model in 0.00201332 seconds
[INFO] [1761290947.695996017] [moveit.moveit.core.robot_model]: Loading robot model 'sekirei'...
[INFO] [1761290947.696009227] [moveit.moveit.core.robot_model]: No root/virtual joint specified in SRDF. Assuming fixed joint
[WARN] [1761290947.696127289] [moveit.moveit.core.robot_model]: Could not identify parent group for end-effector 'end_effector'
[WARN] [1761290947.700796533] [kdl_parser]: The root link base_link has an inertia specified in the URDF, but KDL does not support a root link with an inertia.  As a workaround, you can add an extra dummy link to your URDF.
[INFO] [1761290947.701022228] [moveit.moveit.kinematics.kdl_kinematics_plugin]: Joint weights for group 'sekirei_arm': 1 1 1 1 1 1
[INFO] [1761290947.724568822] [moveit.moveit.ros.planning_scene_monitor]: Publishing maintained planning scene on 'monitored_planning_scene'
[INFO] [1761290947.724778936] [moveit.moveit.ros.moveit_cpp]: Listening to 'joint_states' for joint states
[INFO] [1761290947.725926704] [moveit.moveit.ros.current_state_monitor]: Listening to joint states on topic 'joint_states'
[INFO] [1761290947.726643773] [moveit.moveit.ros.planning_scene_monitor]: Listening to '/attached_collision_object' for attached collision objects
[INFO] [1761290947.726667436] [moveit.moveit.ros.planning_scene_monitor]: Stopping existing planning scene publisher.
[INFO] [1761290947.726807651] [moveit.moveit.ros.planning_scene_monitor]: Stopped publishing maintained planning scene.
[INFO] [1761290947.727258072] [moveit.moveit.ros.planning_scene_monitor]: Publishing maintained planning scene on 'monitored_planning_scene'
[INFO] [1761290947.727375093] [moveit.moveit.ros.planning_scene_monitor]: Starting planning scene monitor
[INFO] [1761290947.727795227] [moveit.moveit.ros.planning_scene_monitor]: Listening to '/planning_scene'
[INFO] [1761290947.727819555] [moveit.moveit.ros.planning_scene_monitor]: Starting world geometry update monitor for collision objects, attached objects, octomap updates.
[INFO] [1761290947.728586939] [moveit.moveit.ros.planning_scene_monitor]: Listening to 'collision_object'
[INFO] [1761290947.728894334] [moveit.moveit.ros.planning_scene_monitor]: Listening to 'planning_scene_world' for planning scene world geometry
[WARN] [1761290947.729343560] [moveit.moveit.ros.occupancy_map_monitor]: Resolution not specified for Octomap. Assuming resolution = 0.1 instead
[ERROR] [1761290947.729360180] [moveit.moveit.ros.occupancy_map_monitor]: No 3D sensor plugin(s) defined for octomap updates
