[WARN] [1761294165.209446521] [move_group]: Using default pipeline 'ompl'
[INFO] [1761294165.212401038] [moveit.moveit.ros.rdf_loader]: Loaded robot model in 0.00249671 seconds
[INFO] [1761294165.212459523] [moveit.moveit.core.robot_model]: Loading robot model 'sekirei'...
[INFO] [1761294165.212475463] [moveit.moveit.core.robot_model]: No root/virtual joint specified in SRDF. Assuming fixed joint
[WARN] [1761294165.212583673] [moveit.moveit.core.robot_model]: Could not identify parent group for end-effector 'end_effector'
[WARN] [1761294165.218228082] [kdl_parser]: The root link base_link has an inertia specified in the URDF, but KDL does not support a root link with an inertia.  As a workaround, you can add an extra dummy link to your URDF.
[INFO] [1761294165.218360372] [moveit.moveit.kinematics.kdl_kinematics_plugin]: Joint weights for group 'sekirei_arm': 1 1 1 1 1 1
[INFO] [1761294165.252519180] [moveit.moveit.ros.planning_scene_monitor]: Publishing maintained planning scene on 'monitored_planning_scene'
[INFO] [1761294165.252687812] [moveit.moveit.ros.moveit_cpp]: Listening to 'joint_states' for joint states
[INFO] [1761294165.254307905] [moveit.moveit.ros.current_state_monitor]: Listening to joint states on topic 'joint_states'
[INFO] [1761294165.255384782] [moveit.moveit.ros.planning_scene_monitor]: Listening to '/attached_collision_object' for attached collision objects
[INFO] [1761294165.255413186] [moveit.moveit.ros.planning_scene_monitor]: Stopping existing planning scene publisher.
[INFO] [1761294165.255506979] [moveit.moveit.ros.planning_scene_monitor]: Stopped publishing maintained planning scene.
[INFO] [1761294165.256027403] [moveit.moveit.ros.planning_scene_monitor]: Publishing maintained planning scene on 'monitored_planning_scene'
[INFO] [1761294165.256164994] [moveit.moveit.ros.planning_scene_monitor]: Starting planning scene monitor
[INFO] [1761294165.256708202] [moveit.moveit.ros.planning_scene_monitor]: Listening to '/planning_scene'
[INFO] [1761294165.256740474] [moveit.moveit.ros.planning_scene_monitor]: Starting world geometry update monitor for collision objects, attached objects, octomap updates.
[INFO] [1761294165.258296537] [moveit.moveit.ros.planning_scene_monitor]: Listening to 'collision_object'
[INFO] [1761294165.258948484] [moveit.moveit.ros.planning_scene_monitor]: Listening to 'planning_scene_world' for planning scene world geometry
[WARN] [1761294165.259582838] [moveit.moveit.ros.occupancy_map_monitor]: Resolution not specified for Octomap. Assuming resolution = 0.1 instead
[ERROR] [1761294165.259608459] [moveit.moveit.ros.occupancy_map_monitor]: No 3D sensor plugin(s) defined for octomap updates
[INFO] [1761294165.837494658] [moveit.moveit.ros.planning_pipeline]: Successfully loaded planner 'OMPL'
[INFO] [1761294165.839222480] [move_group]: Try loading adapter 'default_planning_request_adapters/ResolveConstraintFrames'
[INFO] [1761294165.840014391] [move_group]: Loaded adapter 'default_planning_request_adapters/ResolveConstraintFrames'
[INFO] [1761294165.840026279] [move_group]: Try loading adapter 'default_planning_request_adapters/ValidateWorkspaceBounds'
[INFO] [1761294165.840331166] [move_group]: Loaded adapter 'default_planning_request_adapters/ValidateWorkspaceBounds'
[INFO] [1761294165.840344366] [move_group]: Try loading adapter 'default_planning_request_adapters/CheckStartStateBounds'
[INFO] [1761294165.840375917] [move_group]: Loaded adapter 'default_planning_request_adapters/CheckStartStateBounds'
[INFO] [1761294165.840384661] [move_group]: Try loading adapter 'default_planning_request_adapters/CheckStartStateCollision'
[INFO] [1761294165.840395092] [move_group]: Loaded adapter 'default_planning_request_adapters/CheckStartStateCollision'
[WARN] [1761294165.840398891] [moveit.moveit.ros.planning_pipeline]: No planning response adapter names specified.
[ERROR] [1761294165.855450933] [moveit.moveit.plugins.simple_controller_manager]: No controller_names specified.
[INFO] [1761294165.855580530] [moveit.moveit.plugins.simple_controller_manager]: Returned 0 controllers in list
[INFO] [1761294165.855596438] [moveit.moveit.plugins.simple_controller_manager]: Returned 0 controllers in list
[INFO] [1761294165.856106753] [moveit.moveit.ros.trajectory_execution_manager]: Trajectory execution is managing controllers
[INFO] [1761294165.856124917] [move_group]: MoveGroup debug mode is ON
[INFO] [1761294165.871376168] [moveit.moveit.ros.move_group.executable]: 

********************************************************
* MoveGroup using: 
*     - apply_planning_scene_service
*     - clear_octomap_service
*     - get_group_urdf
*     - load_geometry_from_file
*     - CartesianPathService
*     - execute_trajectory_action
*     - get_planning_scene_service
*     - kinematics_service
*     - move_action
*     - motion_plan_service
*     - query_planners_service
*     - state_validation_service
*     - save_geometry_to_file
********************************************************

[INFO] [1761294165.871420028] [moveit.moveit.ros.move_group.context]: MoveGroup context using pipeline ompl
[INFO] [1761294165.871429832] [moveit.moveit.ros.move_group.context]: MoveGroup context initialization complete
[INFO] [1761294240.860221934] [moveit.moveit.ros.move_group.move_action]: MoveGroupMoveAction: Received request
[INFO] [1761294240.860807663] [moveit.moveit.ros.move_group.move_action]: executing..
[INFO] [1761294240.892633441] [moveit.moveit.ros.move_group.move_action]: Planning request received for MoveGroup action. Forwarding to planning pipeline.
[INFO] [1761294240.892808061] [moveit.moveit.ros.move_group.capability]: Using planning pipeline 'ompl'
[INFO] [1761294240.893462103] [move_group]: Calling PlanningRequestAdapter 'ResolveConstraintFrames'
[INFO] [1761294240.893585937] [move_group]: Calling PlanningRequestAdapter 'ValidateWorkspaceBounds'
[INFO] [1761294240.893602749] [move_group]: Calling PlanningRequestAdapter 'CheckStartStateBounds'
[INFO] [1761294240.893649352] [move_group]: Calling PlanningRequestAdapter 'CheckStartStateCollision'
[INFO] [1761294240.895355045] [moveit.moveit.planners.ompl.model_based_planning_context]: Planner configuration 'sekirei_arm' will use planner 'geometric::RRTConnect'. Additional configuration parameters will be set when the planner is constructed.
[INFO] [1761294240.895823412] [move_group]: Calling Planner 'OMPL'
[WARN] [1761294240.912830415] [moveit.moveit.ros.planning_pipeline]: The planner plugin did not fill out the 'planner_id' field of the MotionPlanResponse. Setting it to the planner ID name of the MotionPlanRequest assuming that the planner plugin does warn you if it does not use the requested planner.
[INFO] [1761294240.912955964] [moveit.moveit.ros.move_group.move_action]: Motion plan was computed successfully.
[INFO] [1761294247.450954591] [moveit.moveit.ros.move_group.cartesian_path_service_capability]: Received request to compute Cartesian path
[INFO] [1761294247.451221069] [moveit.moveit.ros.move_group.cartesian_path_service_capability]: Attempting to follow 1 waypoints for link 'arm6_link' using a step of 0.010000 m and jump threshold 0.000000 (in global reference frame)
[ERROR] [1761294247.505343659] [moveit.moveit.core.time_optimal_trajectory_generation]: No acceleration limit was defined for joint arm_joint1! You have to define acceleration limits in the URDF or joint_limits.yaml
[INFO] [1761294247.505413451] [moveit.moveit.ros.move_group.cartesian_path_service_capability]: Computed Cartesian path with 1 points (followed 0.000000% of requested trajectory)
[INFO] [1761294248.442639508] [moveit.moveit.ros.move_group.cartesian_path_service_capability]: Received request to compute Cartesian path
[INFO] [1761294248.442876846] [moveit.moveit.ros.move_group.cartesian_path_service_capability]: Attempting to follow 1 waypoints for link 'arm6_link' using a step of 0.010000 m and jump threshold 0.000000 (in global reference frame)
[ERROR] [1761294248.499717014] [moveit.moveit.core.time_optimal_trajectory_generation]: No acceleration limit was defined for joint arm_joint1! You have to define acceleration limits in the URDF or joint_limits.yaml
[INFO] [1761294248.499830195] [moveit.moveit.ros.move_group.cartesian_path_service_capability]: Computed Cartesian path with 1 points (followed 0.000000% of requested trajectory)
[INFO] [1761294249.050054476] [moveit.moveit.ros.move_group.cartesian_path_service_capability]: Received request to compute Cartesian path
[INFO] [1761294249.050273325] [moveit.moveit.ros.move_group.cartesian_path_service_capability]: Attempting to follow 1 waypoints for link 'arm6_link' using a step of 0.010000 m and jump threshold 0.000000 (in global reference frame)
[ERROR] [1761294249.104688014] [moveit.moveit.core.time_optimal_trajectory_generation]: No acceleration limit was defined for joint arm_joint1! You have to define acceleration limits in the URDF or joint_limits.yaml
[INFO] [1761294249.104761704] [moveit.moveit.ros.move_group.cartesian_path_service_capability]: Computed Cartesian path with 1 points (followed 0.000000% of requested trajectory)
[INFO] [1761294251.263701971] [moveit.moveit.ros.move_group.cartesian_path_service_capability]: Received request to compute Cartesian path
[INFO] [1761294251.264011069] [moveit.moveit.ros.move_group.cartesian_path_service_capability]: Attempting to follow 1 waypoints for link 'arm6_link' using a step of 0.010000 m and jump threshold 0.000000 (in global reference frame)
[ERROR] [1761294251.317952142] [moveit.moveit.core.time_optimal_trajectory_generation]: No acceleration limit was defined for joint arm_joint1! You have to define acceleration limits in the URDF or joint_limits.yaml
[INFO] [1761294251.318046121] [moveit.moveit.ros.move_group.cartesian_path_service_capability]: Computed Cartesian path with 1 points (followed 0.000000% of requested trajectory)
[INFO] [1761294251.743577888] [moveit.moveit.ros.move_group.cartesian_path_service_capability]: Received request to compute Cartesian path
[INFO] [1761294251.743803079] [moveit.moveit.ros.move_group.cartesian_path_service_capability]: Attempting to follow 1 waypoints for link 'arm6_link' using a step of 0.010000 m and jump threshold 0.000000 (in global reference frame)
[ERROR] [1761294251.794974316] [moveit.moveit.core.time_optimal_trajectory_generation]: No acceleration limit was defined for joint arm_joint1! You have to define acceleration limits in the URDF or joint_limits.yaml
[INFO] [1761294251.795091683] [moveit.moveit.ros.move_group.cartesian_path_service_capability]: Computed Cartesian path with 1 points (followed 0.000000% of requested trajectory)
[INFO] [1761294253.731826315] [moveit.moveit.ros.move_group.move_action]: MoveGroupMoveAction: Received request
[INFO] [1761294253.732454904] [moveit.moveit.ros.move_group.move_action]: executing..
[INFO] [1761294253.792721925] [moveit.moveit.ros.move_group.move_action]: Planning request received for MoveGroup action. Forwarding to planning pipeline.
[INFO] [1761294253.792825499] [moveit.moveit.ros.move_group.capability]: Using planning pipeline 'ompl'
[INFO] [1761294253.793034624] [move_group]: Calling PlanningRequestAdapter 'ResolveConstraintFrames'
[INFO] [1761294253.793114287] [move_group]: Calling PlanningRequestAdapter 'ValidateWorkspaceBounds'
[INFO] [1761294253.793129761] [move_group]: Calling PlanningRequestAdapter 'CheckStartStateBounds'
[INFO] [1761294253.793170848] [move_group]: Calling PlanningRequestAdapter 'CheckStartStateCollision'
[INFO] [1761294253.793570281] [moveit.moveit.planners.ompl.model_based_planning_context]: Planner configuration 'sekirei_arm' will use planner 'geometric::RRTConnect'. Additional configuration parameters will be set when the planner is constructed.
[INFO] [1761294253.793663508] [move_group]: Calling Planner 'OMPL'
[WARN] [1761294253.810435913] [moveit.moveit.ros.planning_pipeline]: The planner plugin did not fill out the 'planner_id' field of the MotionPlanResponse. Setting it to the planner ID name of the MotionPlanRequest assuming that the planner plugin does warn you if it does not use the requested planner.
[INFO] [1761294253.810704438] [moveit.moveit.ros.move_group.move_action]: Motion plan was computed successfully.
[INFO] [1761294255.940850428] [moveit.moveit.ros.move_group.move_action]: MoveGroupMoveAction: Received request
[INFO] [1761294255.941290632] [moveit.moveit.ros.move_group.move_action]: executing..
[INFO] [1761294255.993497503] [moveit.moveit.ros.move_group.move_action]: Planning request received for MoveGroup action. Forwarding to planning pipeline.
[INFO] [1761294255.993587029] [moveit.moveit.ros.move_group.capability]: Using planning pipeline 'ompl'
[INFO] [1761294255.993670052] [move_group]: Calling PlanningRequestAdapter 'ResolveConstraintFrames'
[INFO] [1761294255.993691076] [move_group]: Calling PlanningRequestAdapter 'ValidateWorkspaceBounds'
[INFO] [1761294255.993708701] [move_group]: Calling PlanningRequestAdapter 'CheckStartStateBounds'
[INFO] [1761294255.993728950] [move_group]: Calling PlanningRequestAdapter 'CheckStartStateCollision'
[INFO] [1761294255.994031259] [moveit.moveit.planners.ompl.model_based_planning_context]: Planner configuration 'sekirei_arm' will use planner 'geometric::RRTConnect'. Additional configuration parameters will be set when the planner is constructed.
[INFO] [1761294255.994117981] [move_group]: Calling Planner 'OMPL'
[WARN] [1761294256.010122040] [moveit.moveit.ros.planning_pipeline]: The planner plugin did not fill out the 'planner_id' field of the MotionPlanResponse. Setting it to the planner ID name of the MotionPlanRequest assuming that the planner plugin does warn you if it does not use the requested planner.
[INFO] [1761294256.010212174] [moveit.moveit.ros.move_group.move_action]: Motion plan was computed successfully.
[INFO] [1761294256.452074524] [moveit.moveit.ros.move_group.move_action]: MoveGroupMoveAction: Received request
[INFO] [1761294256.452311571] [moveit.moveit.ros.move_group.move_action]: executing..
[INFO] [1761294256.493567963] [moveit.moveit.ros.move_group.move_action]: Planning request received for MoveGroup action. Forwarding to planning pipeline.
[INFO] [1761294256.493799884] [moveit.moveit.ros.move_group.capability]: Using planning pipeline 'ompl'
[INFO] [1761294256.493982258] [move_group]: Calling PlanningRequestAdapter 'ResolveConstraintFrames'
[INFO] [1761294256.494027963] [move_group]: Calling PlanningRequestAdapter 'ValidateWorkspaceBounds'
[INFO] [1761294256.494042909] [move_group]: Calling PlanningRequestAdapter 'CheckStartStateBounds'
[INFO] [1761294256.494108638] [move_group]: Calling PlanningRequestAdapter 'CheckStartStateCollision'
[INFO] [1761294256.494784078] [moveit.moveit.planners.ompl.model_based_planning_context]: Planner configuration 'sekirei_arm' will use planner 'geometric::RRTConnect'. Additional configuration parameters will be set when the planner is constructed.
[INFO] [1761294256.494901363] [move_group]: Calling Planner 'OMPL'
[WARN] [1761294256.512450659] [moveit.moveit.ros.planning_pipeline]: The planner plugin did not fill out the 'planner_id' field of the MotionPlanResponse. Setting it to the planner ID name of the MotionPlanRequest assuming that the planner plugin does warn you if it does not use the requested planner.
[INFO] [1761294256.512526042] [moveit.moveit.ros.move_group.move_action]: Motion plan was computed successfully.
[INFO] [1761294256.985127334] [moveit.moveit.ros.move_group.move_action]: MoveGroupMoveAction: Received request
[INFO] [1761294256.985521431] [moveit.moveit.ros.move_group.move_action]: executing..
[INFO] [1761294256.993659062] [moveit.moveit.ros.move_group.move_action]: Planning request received for MoveGroup action. Forwarding to planning pipeline.
[INFO] [1761294256.993784623] [moveit.moveit.ros.move_group.capability]: Using planning pipeline 'ompl'
[INFO] [1761294256.993918276] [move_group]: Calling PlanningRequestAdapter 'ResolveConstraintFrames'
[INFO] [1761294256.993943539] [move_group]: Calling PlanningRequestAdapter 'ValidateWorkspaceBounds'
[INFO] [1761294256.993955917] [move_group]: Calling PlanningRequestAdapter 'CheckStartStateBounds'
[INFO] [1761294256.993983213] [move_group]: Calling PlanningRequestAdapter 'CheckStartStateCollision'
[INFO] [1761294256.994376713] [moveit.moveit.planners.ompl.model_based_planning_context]: Planner configuration 'sekirei_arm' will use planner 'geometric::RRTConnect'. Additional configuration parameters will be set when the planner is constructed.
[INFO] [1761294256.994528120] [move_group]: Calling Planner 'OMPL'
[WARN] [1761294257.011861452] [moveit.moveit.ros.planning_pipeline]: The planner plugin did not fill out the 'planner_id' field of the MotionPlanResponse. Setting it to the planner ID name of the MotionPlanRequest assuming that the planner plugin does warn you if it does not use the requested planner.
[INFO] [1761294257.011939609] [moveit.moveit.ros.move_group.move_action]: Motion plan was computed successfully.
[INFO] [1761294257.704431744] [moveit.moveit.ros.move_group.move_action]: MoveGroupMoveAction: Received request
[INFO] [1761294257.704848378] [moveit.moveit.ros.move_group.move_action]: executing..
[INFO] [1761294257.792462485] [moveit.moveit.ros.move_group.move_action]: Planning request received for MoveGroup action. Forwarding to planning pipeline.
[INFO] [1761294257.792564395] [moveit.moveit.ros.move_group.capability]: Using planning pipeline 'ompl'
[INFO] [1761294257.792734734] [move_group]: Calling PlanningRequestAdapter 'ResolveConstraintFrames'
[INFO] [1761294257.792770795] [move_group]: Calling PlanningRequestAdapter 'ValidateWorkspaceBounds'
[INFO] [1761294257.792788293] [move_group]: Calling PlanningRequestAdapter 'CheckStartStateBounds'
[INFO] [1761294257.792821114] [move_group]: Calling PlanningRequestAdapter 'CheckStartStateCollision'
[INFO] [1761294257.793133750] [moveit.moveit.planners.ompl.model_based_planning_context]: Planner configuration 'sekirei_arm' will use planner 'geometric::RRTConnect'. Additional configuration parameters will be set when the planner is constructed.
[INFO] [1761294257.793224134] [move_group]: Calling Planner 'OMPL'
[WARN] [1761294257.808725527] [moveit.moveit.ros.planning_pipeline]: The planner plugin did not fill out the 'planner_id' field of the MotionPlanResponse. Setting it to the planner ID name of the MotionPlanRequest assuming that the planner plugin does warn you if it does not use the requested planner.
[INFO] [1761294257.808840494] [moveit.moveit.ros.move_group.move_action]: Motion plan was computed successfully.
[INFO] [1761294258.709747803] [moveit.moveit.ros.move_group.move_action]: MoveGroupMoveAction: Received request
[INFO] [1761294258.710141031] [moveit.moveit.ros.move_group.move_action]: executing..
[INFO] [1761294258.792886118] [moveit.moveit.ros.move_group.move_action]: Planning request received for MoveGroup action. Forwarding to planning pipeline.
[INFO] [1761294258.792994539] [moveit.moveit.ros.move_group.capability]: Using planning pipeline 'ompl'
[INFO] [1761294258.793173735] [move_group]: Calling PlanningRequestAdapter 'ResolveConstraintFrames'
[INFO] [1761294258.793207107] [move_group]: Calling PlanningRequestAdapter 'ValidateWorkspaceBounds'
[INFO] [1761294258.793239984] [move_group]: Calling PlanningRequestAdapter 'CheckStartStateBounds'
[INFO] [1761294258.793272459] [move_group]: Calling PlanningRequestAdapter 'CheckStartStateCollision'
[INFO] [1761294258.793801970] [moveit.moveit.planners.ompl.model_based_planning_context]: Planner configuration 'sekirei_arm' will use planner 'geometric::RRTConnect'. Additional configuration parameters will be set when the planner is constructed.
[INFO] [1761294258.793906573] [move_group]: Calling Planner 'OMPL'
[WARN] [1761294258.810504939] [moveit.moveit.ros.planning_pipeline]: The planner plugin did not fill out the 'planner_id' field of the MotionPlanResponse. Setting it to the planner ID name of the MotionPlanRequest assuming that the planner plugin does warn you if it does not use the requested planner.
[INFO] [1761294258.810625517] [moveit.moveit.ros.move_group.move_action]: Motion plan was computed successfully.
[INFO] [1761294259.306778228] [moveit.moveit.ros.move_group.move_action]: MoveGroupMoveAction: Received request
[INFO] [1761294259.307109620] [moveit.moveit.ros.move_group.move_action]: executing..
[INFO] [1761294259.393030600] [moveit.moveit.ros.move_group.move_action]: Planning request received for MoveGroup action. Forwarding to planning pipeline.
[INFO] [1761294259.393162892] [moveit.moveit.ros.move_group.capability]: Using planning pipeline 'ompl'
[INFO] [1761294259.393284221] [move_group]: Calling PlanningRequestAdapter 'ResolveConstraintFrames'
[INFO] [1761294259.393312673] [move_group]: Calling PlanningRequestAdapter 'ValidateWorkspaceBounds'
[INFO] [1761294259.393324939] [move_group]: Calling PlanningRequestAdapter 'CheckStartStateBounds'
[INFO] [1761294259.393351096] [move_group]: Calling PlanningRequestAdapter 'CheckStartStateCollision'
[INFO] [1761294259.393828253] [moveit.moveit.planners.ompl.model_based_planning_context]: Planner configuration 'sekirei_arm' will use planner 'geometric::RRTConnect'. Additional configuration parameters will be set when the planner is constructed.
[INFO] [1761294259.393921574] [move_group]: Calling Planner 'OMPL'
[WARN] [1761294259.411930863] [moveit.moveit.ros.planning_pipeline]: The planner plugin did not fill out the 'planner_id' field of the MotionPlanResponse. Setting it to the planner ID name of the MotionPlanRequest assuming that the planner plugin does warn you if it does not use the requested planner.
[INFO] [1761294259.412018855] [moveit.moveit.ros.move_group.move_action]: Motion plan was computed successfully.
[INFO] [1761294259.925129587] [moveit.moveit.ros.move_group.move_action]: MoveGroupMoveAction: Received request
[INFO] [1761294259.925654004] [moveit.moveit.ros.move_group.move_action]: executing..
[INFO] [1761294259.993922741] [moveit.moveit.ros.move_group.move_action]: Planning request received for MoveGroup action. Forwarding to planning pipeline.
[INFO] [1761294259.994159521] [moveit.moveit.ros.move_group.capability]: Using planning pipeline 'ompl'
[INFO] [1761294259.994405376] [move_group]: Calling PlanningRequestAdapter 'ResolveConstraintFrames'
[INFO] [1761294259.994531241] [move_group]: Calling PlanningRequestAdapter 'ValidateWorkspaceBounds'
[INFO] [1761294259.994560275] [move_group]: Calling PlanningRequestAdapter 'CheckStartStateBounds'
[INFO] [1761294259.994609413] [move_group]: Calling PlanningRequestAdapter 'CheckStartStateCollision'
[INFO] [1761294259.995185072] [moveit.moveit.planners.ompl.model_based_planning_context]: Planner configuration 'sekirei_arm' will use planner 'geometric::RRTConnect'. Additional configuration parameters will be set when the planner is constructed.
[INFO] [1761294259.995300481] [move_group]: Calling Planner 'OMPL'
[WARN] [1761294260.010430924] [moveit.moveit.ros.planning_pipeline]: The planner plugin did not fill out the 'planner_id' field of the MotionPlanResponse. Setting it to the planner ID name of the MotionPlanRequest assuming that the planner plugin does warn you if it does not use the requested planner.
[INFO] [1761294260.010469701] [moveit.moveit.ros.move_group.move_action]: Motion plan was computed successfully.
[INFO] [1761294339.127689567] [rclcpp]: signal_handler(signum=2)
