[WARN] [1761220682.778842742] [move_group]: Falling back to using the the move_group node namespace (deprecated behavior).
[INFO] [1761220682.781303274] [move_group.moveit.moveit.ros.rdf_loader]: Loaded robot model in 0.00220631 seconds
[INFO] [1761220682.781362034] [move_group.moveit.moveit.core.robot_model]: Loading robot model 'sekirei'...
[INFO] [1761220682.781375007] [move_group.moveit.moveit.core.robot_model]: No root/virtual joint specified in SRDF. Assuming fixed joint
[WARN] [1761220682.781489822] [move_group.moveit.moveit.core.robot_model]: Could not identify parent group for end-effector 'end_effector'
[WARN] [1761220682.785799209] [kdl_parser]: The root link base_link has an inertia specified in the URDF, but KDL does not support a root link with an inertia.  As a workaround, you can add an extra dummy link to your URDF.
[INFO] [1761220682.785887744] [move_group.moveit.moveit.kinematics.kdl_kinematics_plugin]: Joint weights for group 'sekirei_arm': 1 1 1 1 1 1
[INFO] [1761220682.813319218] [move_group.moveit.moveit.ros.planning_scene_monitor]: Publishing maintained planning scene on 'monitored_planning_scene'
[INFO] [1761220682.813454145] [move_group.moveit.moveit.ros.moveit_cpp]: Listening to 'joint_states' for joint states
[INFO] [1761220682.814265537] [move_group.moveit.moveit.ros.current_state_monitor]: Listening to joint states on topic 'joint_states'
[INFO] [1761220682.814779139] [move_group.moveit.moveit.ros.planning_scene_monitor]: Listening to '/attached_collision_object' for attached collision objects
[INFO] [1761220682.814802216] [move_group.moveit.moveit.ros.planning_scene_monitor]: Stopping existing planning scene publisher.
[INFO] [1761220682.814898899] [move_group.moveit.moveit.ros.planning_scene_monitor]: Stopped publishing maintained planning scene.
[INFO] [1761220682.815373182] [move_group.moveit.moveit.ros.planning_scene_monitor]: Publishing maintained planning scene on 'monitored_planning_scene'
[INFO] [1761220682.815469118] [move_group.moveit.moveit.ros.planning_scene_monitor]: Starting planning scene monitor
[INFO] [1761220682.816199711] [move_group.moveit.moveit.ros.planning_scene_monitor]: Listening to '/planning_scene'
[INFO] [1761220682.816213288] [move_group.moveit.moveit.ros.planning_scene_monitor]: Starting world geometry update monitor for collision objects, attached objects, octomap updates.
[INFO] [1761220682.816485243] [move_group.moveit.moveit.ros.planning_scene_monitor]: Listening to 'collision_object'
[INFO] [1761220682.816756219] [move_group.moveit.moveit.ros.planning_scene_monitor]: Listening to 'planning_scene_world' for planning scene world geometry
[WARN] [1761220682.817114493] [move_group.moveit.moveit.ros.occupancy_map_monitor]: Resolution not specified for Octomap. Assuming resolution = 0.1 instead
[ERROR] [1761220682.817128465] [move_group.moveit.moveit.ros.occupancy_map_monitor]: No 3D sensor plugin(s) defined for octomap updates
