[WARN] [1761218104.621046300] [move_group]: Using default pipeline 'ompl'
[INFO] [1761218104.623490624] [move_group.moveit.moveit.ros.rdf_loader]: Loaded robot model in 0.00221943 seconds
[INFO] [1761218104.623568642] [move_group.moveit.moveit.core.robot_model]: Loading robot model 'sekirei'...
[INFO] [1761218104.623584946] [move_group.moveit.moveit.core.robot_model]: No root/virtual joint specified in SRDF. Assuming fixed joint
[WARN] [1761218104.623767338] [move_group.moveit.moveit.core.robot_model]: Could not identify parent group for end-effector 'end_effector'
[WARN] [1761218104.628051533] [kdl_parser]: The root link base_link has an inertia specified in the URDF, but KDL does not support a root link with an inertia.  As a workaround, you can add an extra dummy link to your URDF.
[INFO] [1761218104.628143374] [move_group.moveit.moveit.kinematics.kdl_kinematics_plugin]: Joint weights for group 'sekirei_arm': 1 1 1 1 1 1
[INFO] [1761218104.651461266] [move_group.moveit.moveit.ros.planning_scene_monitor]: Publishing maintained planning scene on 'monitored_planning_scene'
[INFO] [1761218104.651581491] [move_group.moveit.moveit.ros.moveit_cpp]: Listening to 'joint_states' for joint states
[INFO] [1761218104.652278849] [move_group.moveit.moveit.ros.current_state_monitor]: Listening to joint states on topic 'joint_states'
[INFO] [1761218104.652663777] [move_group.moveit.moveit.ros.planning_scene_monitor]: Listening to '/attached_collision_object' for attached collision objects
[INFO] [1761218104.652703489] [move_group.moveit.moveit.ros.planning_scene_monitor]: Stopping existing planning scene publisher.
[INFO] [1761218104.652794683] [move_group.moveit.moveit.ros.planning_scene_monitor]: Stopped publishing maintained planning scene.
[INFO] [1761218104.653265368] [move_group.moveit.moveit.ros.planning_scene_monitor]: Publishing maintained planning scene on 'monitored_planning_scene'
[INFO] [1761218104.653351268] [move_group.moveit.moveit.ros.planning_scene_monitor]: Starting planning scene monitor
[INFO] [1761218104.654109016] [move_group.moveit.moveit.ros.planning_scene_monitor]: Listening to '/planning_scene'
[INFO] [1761218104.654123766] [move_group.moveit.moveit.ros.planning_scene_monitor]: Starting world geometry update monitor for collision objects, attached objects, octomap updates.
[INFO] [1761218104.654399702] [move_group.moveit.moveit.ros.planning_scene_monitor]: Listening to 'collision_object'
[INFO] [1761218104.654675350] [move_group.moveit.moveit.ros.planning_scene_monitor]: Listening to 'planning_scene_world' for planning scene world geometry
[WARN] [1761218104.655054658] [move_group.moveit.moveit.ros.occupancy_map_monitor]: Resolution not specified for Octomap. Assuming resolution = 0.1 instead
[ERROR] [1761218104.655069895] [move_group.moveit.moveit.ros.occupancy_map_monitor]: No 3D sensor plugin(s) defined for octomap updates
