[WARN] [1761295084.066475261] [move_group]: Using default pipeline 'ompl'
[INFO] [1761295084.069261705] [moveit.moveit.ros.rdf_loader]: Loaded robot model in 0.00247719 seconds
[INFO] [1761295084.069323590] [moveit.moveit.core.robot_model]: Loading robot model 'sekirei'...
[INFO] [1761295084.069345446] [moveit.moveit.core.robot_model]: No root/virtual joint specified in SRDF. Assuming fixed joint
[WARN] [1761295084.069498932] [moveit.moveit.core.robot_model]: Could not identify parent group for end-effector 'end_effector'
[WARN] [1761295084.074897684] [kdl_parser]: The root link base_link has an inertia specified in the URDF, but KDL does not support a root link with an inertia.  As a workaround, you can add an extra dummy link to your URDF.
[INFO] [1761295084.075006141] [moveit.moveit.kinematics.kdl_kinematics_plugin]: Joint weights for group 'sekirei_arm': 1 1 1 1 1 1
[INFO] [1761295084.114189540] [moveit.moveit.ros.planning_scene_monitor]: Publishing maintained planning scene on 'monitored_planning_scene'
[INFO] [1761295084.114370883] [moveit.moveit.ros.moveit_cpp]: Listening to 'joint_states' for joint states
[INFO] [1761295084.115823299] [moveit.moveit.ros.current_state_monitor]: Listening to joint states on topic 'joint_states'
[INFO] [1761295084.116741056] [moveit.moveit.ros.planning_scene_monitor]: Listening to '/attached_collision_object' for attached collision objects
[INFO] [1761295084.116761148] [moveit.moveit.ros.planning_scene_monitor]: Stopping existing planning scene publisher.
[INFO] [1761295084.116839032] [moveit.moveit.ros.planning_scene_monitor]: Stopped publishing maintained planning scene.
[INFO] [1761295084.117472144] [moveit.moveit.ros.planning_scene_monitor]: Publishing maintained planning scene on 'monitored_planning_scene'
[INFO] [1761295084.117541452] [moveit.moveit.ros.planning_scene_monitor]: Starting planning scene monitor
[INFO] [1761295084.119183686] [moveit.moveit.ros.planning_scene_monitor]: Listening to '/planning_scene'
[INFO] [1761295084.119217259] [moveit.moveit.ros.planning_scene_monitor]: Starting world geometry update monitor for collision objects, attached objects, octomap updates.
[INFO] [1761295084.119950776] [moveit.moveit.ros.planning_scene_monitor]: Listening to 'collision_object'
[INFO] [1761295084.120279189] [moveit.moveit.ros.planning_scene_monitor]: Listening to 'planning_scene_world' for planning scene world geometry
[WARN] [1761295084.120647759] [moveit.moveit.ros.occupancy_map_monitor]: Resolution not specified for Octomap. Assuming resolution = 0.1 instead
[ERROR] [1761295084.120662214] [moveit.moveit.ros.occupancy_map_monitor]: No 3D sensor plugin(s) defined for octomap updates
[INFO] [1761295084.477334454] [moveit.moveit.ros.planning_pipeline]: Successfully loaded planner 'OMPL'
[INFO] [1761295084.478876018] [move_group]: Try loading adapter 'default_planning_request_adapters/ResolveConstraintFrames'
[INFO] [1761295084.479630326] [move_group]: Loaded adapter 'default_planning_request_adapters/ResolveConstraintFrames'
[INFO] [1761295084.479642546] [move_group]: Try loading adapter 'default_planning_request_adapters/ValidateWorkspaceBounds'
[INFO] [1761295084.479800169] [move_group]: Loaded adapter 'default_planning_request_adapters/ValidateWorkspaceBounds'
[INFO] [1761295084.479808350] [move_group]: Try loading adapter 'default_planning_request_adapters/CheckStartStateBounds'
[INFO] [1761295084.479827206] [move_group]: Loaded adapter 'default_planning_request_adapters/CheckStartStateBounds'
[INFO] [1761295084.479832005] [move_group]: Try loading adapter 'default_planning_request_adapters/CheckStartStateCollision'
[INFO] [1761295084.479841587] [move_group]: Loaded adapter 'default_planning_request_adapters/CheckStartStateCollision'
[WARN] [1761295084.479845134] [moveit.moveit.ros.planning_pipeline]: No planning response adapter names specified.
[ERROR] [1761295084.494651229] [moveit.moveit.plugins.simple_controller_manager]: No controller_names specified.
[INFO] [1761295084.494771988] [moveit.moveit.plugins.simple_controller_manager]: Returned 0 controllers in list
[INFO] [1761295084.494787866] [moveit.moveit.plugins.simple_controller_manager]: Returned 0 controllers in list
[INFO] [1761295084.495254359] [moveit.moveit.ros.trajectory_execution_manager]: Trajectory execution is managing controllers
[INFO] [1761295084.495271926] [move_group]: MoveGroup debug mode is ON
[INFO] [1761295084.510502566] [moveit.moveit.ros.move_group.executable]: 

********************************************************
* MoveGroup using: 
*     - apply_planning_scene_service
*     - clear_octomap_service
*     - get_group_urdf
*     - load_geometry_from_file
*     - CartesianPathService
*     - execute_trajectory_action
*     - get_planning_scene_service
*     - kinematics_service
*     - move_action
*     - motion_plan_service
*     - query_planners_service
*     - state_validation_service
*     - save_geometry_to_file
********************************************************

[INFO] [1761295084.510545380] [moveit.moveit.ros.move_group.context]: MoveGroup context using pipeline ompl
[INFO] [1761295084.510554775] [moveit.moveit.ros.move_group.context]: MoveGroup context initialization complete
[INFO] [1761295099.146349619] [moveit.moveit.ros.move_group.move_action]: MoveGroupMoveAction: Received request
[INFO] [1761295099.146928400] [moveit.moveit.ros.move_group.move_action]: executing..
[INFO] [1761295099.162928351] [moveit.moveit.ros.move_group.move_action]: Combined planning and execution request received for MoveGroup action. Forwarding to planning and execution pipeline.
[WARN] [1761295099.163183490] [moveit.moveit.ros.move_group.capability]: Execution of motions should always start at the robot's current state. Ignoring the state supplied as start state in the motion planning request
[WARN] [1761295099.163218322] [moveit.moveit.ros.move_group.capability]: Execution of motions should always start at the robot's current state. Ignoring the state supplied as difference in the planning scene diff
[INFO] [1761295099.163250813] [moveit.moveit.ros.plan_execution]: Planning attempt 1 of at most 1
[INFO] [1761295099.164063534] [move_group]: Calling PlanningRequestAdapter 'ResolveConstraintFrames'
[INFO] [1761295099.164304694] [move_group]: Calling PlanningRequestAdapter 'ValidateWorkspaceBounds'
[WARN] [1761295099.164328202] [moveit.moveit.ros.validate_workspace_bounds]: It looks like the planning volume was not specified. Using default values.
[INFO] [1761295099.164366389] [move_group]: Calling PlanningRequestAdapter 'CheckStartStateBounds'
[INFO] [1761295099.164440282] [move_group]: Calling PlanningRequestAdapter 'CheckStartStateCollision'
[INFO] [1761295099.165770233] [moveit.moveit.planners.ompl.model_based_planning_context]: Planner configuration 'sekirei_arm' will use planner 'geometric::RRTConnect'. Additional configuration parameters will be set when the planner is constructed.
[INFO] [1761295099.166121561] [move_group]: Calling Planner 'OMPL'
[WARN] [1761295099.404772717] [moveit.moveit.ros.planning_pipeline]: The planner plugin did not fill out the 'planner_id' field of the MotionPlanResponse. Setting it to the planner ID name of the MotionPlanRequest assuming that the planner plugin does warn you if it does not use the requested planner.
[INFO] [1761295099.405374072] [moveit.moveit.plugins.simple_controller_manager]: Returned 0 controllers in list
[INFO] [1761295099.405412703] [moveit.moveit.plugins.simple_controller_manager]: Returned 0 controllers in list
[INFO] [1761295099.405438797] [moveit.moveit.plugins.simple_controller_manager]: Returned 0 controllers in list
[INFO] [1761295099.405451791] [moveit.moveit.plugins.simple_controller_manager]: Returned 0 controllers in list
[ERROR] [1761295099.405479050] [moveit.moveit.ros.trajectory_execution_manager]: Unable to identify any set of controllers that can actuate the specified joints: [ arm_joint1 arm_joint2 arm_joint3 arm_joint4 arm_joint5 arm_joint6 ]
[ERROR] [1761295099.405548911] [moveit.moveit.ros.trajectory_execution_manager]: Known controllers and their joints:

[ERROR] [1761295099.405572388] [moveit.moveit.ros.plan_execution]: Apparently trajectory initialization failed
[INFO] [1761295099.405735569] [moveit.moveit.ros.move_group.move_action]: CONTROL_FAILED
[ERROR] [1761295164.739694317] [moveit.moveit.core.conversions]: Found empty JointState message
[ERROR] [1761295186.603957743] [moveit.moveit.core.conversions]: Found empty JointState message
[INFO] [1761295373.616563264] [moveit.moveit.ros.move_group.move_action]: MoveGroupMoveAction: Received request
[INFO] [1761295373.616740237] [moveit.moveit.ros.move_group.move_action]: executing..
[INFO] [1761295373.662836492] [moveit.moveit.ros.move_group.move_action]: Planning request received for MoveGroup action. Forwarding to planning pipeline.
[INFO] [1761295373.662918555] [moveit.moveit.ros.move_group.capability]: Using planning pipeline 'ompl'
[INFO] [1761295373.663041976] [move_group]: Calling PlanningRequestAdapter 'ResolveConstraintFrames'
[INFO] [1761295373.663072792] [move_group]: Calling PlanningRequestAdapter 'ValidateWorkspaceBounds'
[INFO] [1761295373.663105080] [move_group]: Calling PlanningRequestAdapter 'CheckStartStateBounds'
[INFO] [1761295373.663133280] [move_group]: Calling PlanningRequestAdapter 'CheckStartStateCollision'
[INFO] [1761295373.663718506] [moveit.moveit.planners.ompl.model_based_planning_context]: Planner configuration 'sekirei_arm' will use planner 'geometric::RRTConnect'. Additional configuration parameters will be set when the planner is constructed.
[INFO] [1761295373.663794082] [move_group]: Calling Planner 'OMPL'
[WARN] [1761295373.678456329] [moveit.moveit.ros.planning_pipeline]: The planner plugin did not fill out the 'planner_id' field of the MotionPlanResponse. Setting it to the planner ID name of the MotionPlanRequest assuming that the planner plugin does warn you if it does not use the requested planner.
[INFO] [1761295373.678540562] [moveit.moveit.ros.move_group.move_action]: Motion plan was computed successfully.
[INFO] [1761295374.463858759] [moveit.moveit.ros.move_group.move_action]: MoveGroupMoveAction: Received request
[INFO] [1761295374.464102103] [moveit.moveit.ros.move_group.move_action]: executing..
[INFO] [1761295374.562839640] [moveit.moveit.ros.move_group.move_action]: Planning request received for MoveGroup action. Forwarding to planning pipeline.
[INFO] [1761295374.562893959] [moveit.moveit.ros.move_group.capability]: Using planning pipeline 'ompl'
[INFO] [1761295374.562972930] [move_group]: Calling PlanningRequestAdapter 'ResolveConstraintFrames'
[INFO] [1761295374.562999293] [move_group]: Calling PlanningRequestAdapter 'ValidateWorkspaceBounds'
[INFO] [1761295374.563013746] [move_group]: Calling PlanningRequestAdapter 'CheckStartStateBounds'
[INFO] [1761295374.563036413] [move_group]: Calling PlanningRequestAdapter 'CheckStartStateCollision'
[INFO] [1761295374.563278163] [moveit.moveit.planners.ompl.model_based_planning_context]: Planner configuration 'sekirei_arm' will use planner 'geometric::RRTConnect'. Additional configuration parameters will be set when the planner is constructed.
[INFO] [1761295374.563348098] [move_group]: Calling Planner 'OMPL'
[WARN] [1761295374.566908916] [moveit.moveit.ros.planning_pipeline]: The planner plugin did not fill out the 'planner_id' field of the MotionPlanResponse. Setting it to the planner ID name of the MotionPlanRequest assuming that the planner plugin does warn you if it does not use the requested planner.
[INFO] [1761295374.566939212] [moveit.moveit.ros.move_group.move_action]: Motion plan was computed successfully.
[INFO] [1761295374.799701235] [moveit.moveit.ros.move_group.move_action]: MoveGroupMoveAction: Received request
[INFO] [1761295374.799885770] [moveit.moveit.ros.move_group.move_action]: executing..
[INFO] [1761295374.863161197] [moveit.moveit.ros.move_group.move_action]: Planning request received for MoveGroup action. Forwarding to planning pipeline.
[INFO] [1761295374.863338613] [moveit.moveit.ros.move_group.capability]: Using planning pipeline 'ompl'
[INFO] [1761295374.863548006] [move_group]: Calling PlanningRequestAdapter 'ResolveConstraintFrames'
[INFO] [1761295374.863590845] [move_group]: Calling PlanningRequestAdapter 'ValidateWorkspaceBounds'
[INFO] [1761295374.863609990] [move_group]: Calling PlanningRequestAdapter 'CheckStartStateBounds'
[INFO] [1761295374.863683155] [move_group]: Calling PlanningRequestAdapter 'CheckStartStateCollision'
[INFO] [1761295374.864374880] [moveit.moveit.planners.ompl.model_based_planning_context]: Planner configuration 'sekirei_arm' will use planner 'geometric::RRTConnect'. Additional configuration parameters will be set when the planner is constructed.
[INFO] [1761295374.864452964] [move_group]: Calling Planner 'OMPL'
[WARN] [1761295374.878051078] [moveit.moveit.ros.planning_pipeline]: The planner plugin did not fill out the 'planner_id' field of the MotionPlanResponse. Setting it to the planner ID name of the MotionPlanRequest assuming that the planner plugin does warn you if it does not use the requested planner.
[INFO] [1761295374.878174992] [moveit.moveit.ros.move_group.move_action]: Motion plan was computed successfully.
[INFO] [1761295374.971799606] [moveit.moveit.ros.move_group.move_action]: MoveGroupMoveAction: Received request
[INFO] [1761295374.972052728] [moveit.moveit.ros.move_group.move_action]: executing..
[INFO] [1761295375.062475055] [moveit.moveit.ros.move_group.move_action]: Planning request received for MoveGroup action. Forwarding to planning pipeline.
[INFO] [1761295375.062578537] [moveit.moveit.ros.move_group.capability]: Using planning pipeline 'ompl'
[INFO] [1761295375.062690396] [move_group]: Calling PlanningRequestAdapter 'ResolveConstraintFrames'
[INFO] [1761295375.062712252] [move_group]: Calling PlanningRequestAdapter 'ValidateWorkspaceBounds'
[INFO] [1761295375.062722967] [move_group]: Calling PlanningRequestAdapter 'CheckStartStateBounds'
[INFO] [1761295375.062785203] [move_group]: Calling PlanningRequestAdapter 'CheckStartStateCollision'
[INFO] [1761295375.063014379] [moveit.moveit.planners.ompl.model_based_planning_context]: Planner configuration 'sekirei_arm' will use planner 'geometric::RRTConnect'. Additional configuration parameters will be set when the planner is constructed.
[INFO] [1761295375.063125771] [move_group]: Calling Planner 'OMPL'
[WARN] [1761295375.076773564] [moveit.moveit.ros.planning_pipeline]: The planner plugin did not fill out the 'planner_id' field of the MotionPlanResponse. Setting it to the planner ID name of the MotionPlanRequest assuming that the planner plugin does warn you if it does not use the requested planner.
[INFO] [1761295375.076833757] [moveit.moveit.ros.move_group.move_action]: Motion plan was computed successfully.
[INFO] [1761295375.149351482] [moveit.moveit.ros.move_group.move_action]: MoveGroupMoveAction: Received request
[INFO] [1761295375.149631946] [moveit.moveit.ros.move_group.move_action]: executing..
[INFO] [1761295375.162819190] [moveit.moveit.ros.move_group.move_action]: Planning request received for MoveGroup action. Forwarding to planning pipeline.
[INFO] [1761295375.162892110] [moveit.moveit.ros.move_group.capability]: Using planning pipeline 'ompl'
[INFO] [1761295375.162949427] [move_group]: Calling PlanningRequestAdapter 'ResolveConstraintFrames'
[INFO] [1761295375.162982893] [move_group]: Calling PlanningRequestAdapter 'ValidateWorkspaceBounds'
[INFO] [1761295375.162994883] [move_group]: Calling PlanningRequestAdapter 'CheckStartStateBounds'
[INFO] [1761295375.163013539] [move_group]: Calling PlanningRequestAdapter 'CheckStartStateCollision'
[INFO] [1761295375.163287593] [moveit.moveit.planners.ompl.model_based_planning_context]: Planner configuration 'sekirei_arm' will use planner 'geometric::RRTConnect'. Additional configuration parameters will be set when the planner is constructed.
[INFO] [1761295375.163343515] [move_group]: Calling Planner 'OMPL'
[WARN] [1761295375.176613811] [moveit.moveit.ros.planning_pipeline]: The planner plugin did not fill out the 'planner_id' field of the MotionPlanResponse. Setting it to the planner ID name of the MotionPlanRequest assuming that the planner plugin does warn you if it does not use the requested planner.
[INFO] [1761295375.176656395] [moveit.moveit.ros.move_group.move_action]: Motion plan was computed successfully.
[INFO] [1761295375.279510024] [moveit.moveit.ros.move_group.move_action]: MoveGroupMoveAction: Received request
[INFO] [1761295375.279703929] [moveit.moveit.ros.move_group.move_action]: executing..
[INFO] [1761295375.363266088] [moveit.moveit.ros.move_group.move_action]: Planning request received for MoveGroup action. Forwarding to planning pipeline.
[INFO] [1761295375.363317894] [moveit.moveit.ros.move_group.capability]: Using planning pipeline 'ompl'
[INFO] [1761295375.363435360] [move_group]: Calling PlanningRequestAdapter 'ResolveConstraintFrames'
[INFO] [1761295375.363454528] [move_group]: Calling PlanningRequestAdapter 'ValidateWorkspaceBounds'
[INFO] [1761295375.363465487] [move_group]: Calling PlanningRequestAdapter 'CheckStartStateBounds'
[INFO] [1761295375.363530657] [move_group]: Calling PlanningRequestAdapter 'CheckStartStateCollision'
[INFO] [1761295375.363799147] [moveit.moveit.planners.ompl.model_based_planning_context]: Planner configuration 'sekirei_arm' will use planner 'geometric::RRTConnect'. Additional configuration parameters will be set when the planner is constructed.
[INFO] [1761295375.363856677] [move_group]: Calling Planner 'OMPL'
[WARN] [1761295375.377661163] [moveit.moveit.ros.planning_pipeline]: The planner plugin did not fill out the 'planner_id' field of the MotionPlanResponse. Setting it to the planner ID name of the MotionPlanRequest assuming that the planner plugin does warn you if it does not use the requested planner.
[INFO] [1761295375.377768561] [moveit.moveit.ros.move_group.move_action]: Motion plan was computed successfully.
[INFO] [1761295375.433110383] [moveit.moveit.ros.move_group.move_action]: MoveGroupMoveAction: Received request
[INFO] [1761295375.433290064] [moveit.moveit.ros.move_group.move_action]: executing..
[INFO] [1761295375.462750208] [moveit.moveit.ros.move_group.move_action]: Planning request received for MoveGroup action. Forwarding to planning pipeline.
[INFO] [1761295375.462876260] [moveit.moveit.ros.move_group.capability]: Using planning pipeline 'ompl'
[INFO] [1761295375.462950635] [move_group]: Calling PlanningRequestAdapter 'ResolveConstraintFrames'
[INFO] [1761295375.462969204] [move_group]: Calling PlanningRequestAdapter 'ValidateWorkspaceBounds'
[INFO] [1761295375.462979174] [move_group]: Calling PlanningRequestAdapter 'CheckStartStateBounds'
[INFO] [1761295375.462998696] [move_group]: Calling PlanningRequestAdapter 'CheckStartStateCollision'
[INFO] [1761295375.463256908] [moveit.moveit.planners.ompl.model_based_planning_context]: Planner configuration 'sekirei_arm' will use planner 'geometric::RRTConnect'. Additional configuration parameters will be set when the planner is constructed.
[INFO] [1761295375.463309548] [move_group]: Calling Planner 'OMPL'
[WARN] [1761295375.476889052] [moveit.moveit.ros.planning_pipeline]: The planner plugin did not fill out the 'planner_id' field of the MotionPlanResponse. Setting it to the planner ID name of the MotionPlanRequest assuming that the planner plugin does warn you if it does not use the requested planner.
[INFO] [1761295375.476951747] [moveit.moveit.ros.move_group.move_action]: Motion plan was computed successfully.
[INFO] [1761295375.587099942] [moveit.moveit.ros.move_group.move_action]: MoveGroupMoveAction: Received request
[INFO] [1761295375.587322224] [moveit.moveit.ros.move_group.move_action]: executing..
[INFO] [1761295375.662534550] [moveit.moveit.ros.move_group.move_action]: Planning request received for MoveGroup action. Forwarding to planning pipeline.
[INFO] [1761295375.662659429] [moveit.moveit.ros.move_group.capability]: Using planning pipeline 'ompl'
[INFO] [1761295375.662827211] [move_group]: Calling PlanningRequestAdapter 'ResolveConstraintFrames'
[INFO] [1761295375.662876057] [move_group]: Calling PlanningRequestAdapter 'ValidateWorkspaceBounds'
[INFO] [1761295375.662892658] [move_group]: Calling PlanningRequestAdapter 'CheckStartStateBounds'
[INFO] [1761295375.662922872] [move_group]: Calling PlanningRequestAdapter 'CheckStartStateCollision'
[INFO] [1761295375.663346670] [moveit.moveit.planners.ompl.model_based_planning_context]: Planner configuration 'sekirei_arm' will use planner 'geometric::RRTConnect'. Additional configuration parameters will be set when the planner is constructed.
[INFO] [1761295375.663424943] [move_group]: Calling Planner 'OMPL'
[WARN] [1761295375.676398717] [moveit.moveit.ros.planning_pipeline]: The planner plugin did not fill out the 'planner_id' field of the MotionPlanResponse. Setting it to the planner ID name of the MotionPlanRequest assuming that the planner plugin does warn you if it does not use the requested planner.
[INFO] [1761295375.676451039] [moveit.moveit.ros.move_group.move_action]: Motion plan was computed successfully.
[INFO] [1761295463.808719586] [moveit.moveit.ros.move_group.move_action]: MoveGroupMoveAction: Received request
[INFO] [1761295463.808901196] [moveit.moveit.ros.move_group.move_action]: executing..
[INFO] [1761295463.862697649] [moveit.moveit.ros.move_group.move_action]: Planning request received for MoveGroup action. Forwarding to planning pipeline.
[INFO] [1761295463.862793075] [moveit.moveit.ros.move_group.capability]: Using planning pipeline 'ompl'
[INFO] [1761295463.862858381] [move_group]: Calling PlanningRequestAdapter 'ResolveConstraintFrames'
[INFO] [1761295463.862880759] [move_group]: Calling PlanningRequestAdapter 'ValidateWorkspaceBounds'
[INFO] [1761295463.862890952] [move_group]: Calling PlanningRequestAdapter 'CheckStartStateBounds'
[INFO] [1761295463.862914528] [move_group]: Calling PlanningRequestAdapter 'CheckStartStateCollision'
[INFO] [1761295463.863194958] [moveit.moveit.planners.ompl.model_based_planning_context]: Planner configuration 'sekirei_arm' will use planner 'geometric::RRTConnect'. Additional configuration parameters will be set when the planner is constructed.
[INFO] [1761295463.863260913] [move_group]: Calling Planner 'OMPL'
[WARN] [1761295463.876539909] [moveit.moveit.ros.planning_pipeline]: The planner plugin did not fill out the 'planner_id' field of the MotionPlanResponse. Setting it to the planner ID name of the MotionPlanRequest assuming that the planner plugin does warn you if it does not use the requested planner.
[INFO] [1761295463.876577655] [moveit.moveit.ros.move_group.move_action]: Motion plan was computed successfully.
[INFO] [1761295463.963374375] [moveit.moveit.ros.move_group.move_action]: MoveGroupMoveAction: Received request
[INFO] [1761295463.963617226] [moveit.moveit.ros.move_group.move_action]: executing..
[INFO] [1761295464.062653923] [moveit.moveit.ros.move_group.move_action]: Planning request received for MoveGroup action. Forwarding to planning pipeline.
[INFO] [1761295464.062725271] [moveit.moveit.ros.move_group.capability]: Using planning pipeline 'ompl'
[INFO] [1761295464.062816120] [move_group]: Calling PlanningRequestAdapter 'ResolveConstraintFrames'
[INFO] [1761295464.062891972] [move_group]: Calling PlanningRequestAdapter 'ValidateWorkspaceBounds'
[INFO] [1761295464.062907519] [move_group]: Calling PlanningRequestAdapter 'CheckStartStateBounds'
[INFO] [1761295464.062929275] [move_group]: Calling PlanningRequestAdapter 'CheckStartStateCollision'
[INFO] [1761295464.063275793] [moveit.moveit.planners.ompl.model_based_planning_context]: Planner configuration 'sekirei_arm' will use planner 'geometric::RRTConnect'. Additional configuration parameters will be set when the planner is constructed.
[INFO] [1761295464.063346881] [move_group]: Calling Planner 'OMPL'
[WARN] [1761295464.076627564] [moveit.moveit.ros.planning_pipeline]: The planner plugin did not fill out the 'planner_id' field of the MotionPlanResponse. Setting it to the planner ID name of the MotionPlanRequest assuming that the planner plugin does warn you if it does not use the requested planner.
[INFO] [1761295464.076664099] [moveit.moveit.ros.move_group.move_action]: Motion plan was computed successfully.
[INFO] [1761295464.104809329] [moveit.moveit.ros.move_group.move_action]: MoveGroupMoveAction: Received request
[INFO] [1761295464.104971666] [moveit.moveit.ros.move_group.move_action]: executing..
[INFO] [1761295464.163448067] [moveit.moveit.ros.move_group.move_action]: Planning request received for MoveGroup action. Forwarding to planning pipeline.
[INFO] [1761295464.163621583] [moveit.moveit.ros.move_group.capability]: Using planning pipeline 'ompl'
[INFO] [1761295464.163839150] [move_group]: Calling PlanningRequestAdapter 'ResolveConstraintFrames'
[INFO] [1761295464.163920416] [move_group]: Calling PlanningRequestAdapter 'ValidateWorkspaceBounds'
[INFO] [1761295464.163967467] [move_group]: Calling PlanningRequestAdapter 'CheckStartStateBounds'
[INFO] [1761295464.164036903] [move_group]: Calling PlanningRequestAdapter 'CheckStartStateCollision'
[INFO] [1761295464.164787903] [moveit.moveit.planners.ompl.model_based_planning_context]: Planner configuration 'sekirei_arm' will use planner 'geometric::RRTConnect'. Additional configuration parameters will be set when the planner is constructed.
[INFO] [1761295464.165057794] [move_group]: Calling Planner 'OMPL'
[WARN] [1761295464.179520907] [moveit.moveit.ros.planning_pipeline]: The planner plugin did not fill out the 'planner_id' field of the MotionPlanResponse. Setting it to the planner ID name of the MotionPlanRequest assuming that the planner plugin does warn you if it does not use the requested planner.
[INFO] [1761295464.179610617] [moveit.moveit.ros.move_group.move_action]: Motion plan was computed successfully.
[INFO] [1761295464.264568985] [moveit.moveit.ros.move_group.move_action]: MoveGroupMoveAction: Received request
[INFO] [1761295464.264799335] [moveit.moveit.ros.move_group.move_action]: executing..
[INFO] [1761295464.362566445] [moveit.moveit.ros.move_group.move_action]: Planning request received for MoveGroup action. Forwarding to planning pipeline.
[INFO] [1761295464.362629606] [moveit.moveit.ros.move_group.capability]: Using planning pipeline 'ompl'
[INFO] [1761295464.362722571] [move_group]: Calling PlanningRequestAdapter 'ResolveConstraintFrames'
[INFO] [1761295464.362752778] [move_group]: Calling PlanningRequestAdapter 'ValidateWorkspaceBounds'
[INFO] [1761295464.362768498] [move_group]: Calling PlanningRequestAdapter 'CheckStartStateBounds'
[INFO] [1761295464.362792263] [move_group]: Calling PlanningRequestAdapter 'CheckStartStateCollision'
[INFO] [1761295464.363088327] [moveit.moveit.planners.ompl.model_based_planning_context]: Planner configuration 'sekirei_arm' will use planner 'geometric::RRTConnect'. Additional configuration parameters will be set when the planner is constructed.
[INFO] [1761295464.363151915] [move_group]: Calling Planner 'OMPL'
[WARN] [1761295464.376366971] [moveit.moveit.ros.planning_pipeline]: The planner plugin did not fill out the 'planner_id' field of the MotionPlanResponse. Setting it to the planner ID name of the MotionPlanRequest assuming that the planner plugin does warn you if it does not use the requested planner.
[INFO] [1761295464.376403798] [moveit.moveit.ros.move_group.move_action]: Motion plan was computed successfully.
[INFO] [1761295464.395546589] [moveit.moveit.ros.move_group.move_action]: MoveGroupMoveAction: Received request
[INFO] [1761295464.395759462] [moveit.moveit.ros.move_group.move_action]: executing..
[INFO] [1761295464.462674109] [moveit.moveit.ros.move_group.move_action]: Planning request received for MoveGroup action. Forwarding to planning pipeline.
[INFO] [1761295464.462725712] [moveit.moveit.ros.move_group.capability]: Using planning pipeline 'ompl'
[INFO] [1761295464.462827898] [move_group]: Calling PlanningRequestAdapter 'ResolveConstraintFrames'
[INFO] [1761295464.462857515] [move_group]: Calling PlanningRequestAdapter 'ValidateWorkspaceBounds'
[INFO] [1761295464.462874134] [move_group]: Calling PlanningRequestAdapter 'CheckStartStateBounds'
[INFO] [1761295464.462901598] [move_group]: Calling PlanningRequestAdapter 'CheckStartStateCollision'
[INFO] [1761295464.463408680] [moveit.moveit.planners.ompl.model_based_planning_context]: Planner configuration 'sekirei_arm' will use planner 'geometric::RRTConnect'. Additional configuration parameters will be set when the planner is constructed.
[INFO] [1761295464.463537582] [move_group]: Calling Planner 'OMPL'
[WARN] [1761295464.477260408] [moveit.moveit.ros.planning_pipeline]: The planner plugin did not fill out the 'planner_id' field of the MotionPlanResponse. Setting it to the planner ID name of the MotionPlanRequest assuming that the planner plugin does warn you if it does not use the requested planner.
[INFO] [1761295464.477307912] [moveit.moveit.ros.move_group.move_action]: Motion plan was computed successfully.
[INFO] [1761295464.529028534] [moveit.moveit.ros.move_group.move_action]: MoveGroupMoveAction: Received request
[INFO] [1761295464.529186409] [moveit.moveit.ros.move_group.move_action]: executing..
[INFO] [1761295464.562527732] [moveit.moveit.ros.move_group.move_action]: Planning request received for MoveGroup action. Forwarding to planning pipeline.
[INFO] [1761295464.562612956] [moveit.moveit.ros.move_group.capability]: Using planning pipeline 'ompl'
[INFO] [1761295464.562683176] [move_group]: Calling PlanningRequestAdapter 'ResolveConstraintFrames'
[INFO] [1761295464.562702027] [move_group]: Calling PlanningRequestAdapter 'ValidateWorkspaceBounds'
[INFO] [1761295464.562712369] [move_group]: Calling PlanningRequestAdapter 'CheckStartStateBounds'
[INFO] [1761295464.562731361] [move_group]: Calling PlanningRequestAdapter 'CheckStartStateCollision'
[INFO] [1761295464.562934151] [moveit.moveit.planners.ompl.model_based_planning_context]: Planner configuration 'sekirei_arm' will use planner 'geometric::RRTConnect'. Additional configuration parameters will be set when the planner is constructed.
[INFO] [1761295464.562987764] [move_group]: Calling Planner 'OMPL'
[WARN] [1761295464.576696815] [moveit.moveit.ros.planning_pipeline]: The planner plugin did not fill out the 'planner_id' field of the MotionPlanResponse. Setting it to the planner ID name of the MotionPlanRequest assuming that the planner plugin does warn you if it does not use the requested planner.
[INFO] [1761295464.576741499] [moveit.moveit.ros.move_group.move_action]: Motion plan was computed successfully.
[INFO] [1761295469.105318343] [moveit.moveit.ros.move_group.move_action]: MoveGroupMoveAction: Received request
[INFO] [1761295469.105708430] [moveit.moveit.ros.move_group.move_action]: executing..
[INFO] [1761295469.162681292] [moveit.moveit.ros.move_group.move_action]: Planning request received for MoveGroup action. Forwarding to planning pipeline.
[INFO] [1761295469.162741041] [moveit.moveit.ros.move_group.capability]: Using planning pipeline 'ompl'
[INFO] [1761295469.162806504] [move_group]: Calling PlanningRequestAdapter 'ResolveConstraintFrames'
[INFO] [1761295469.162828470] [move_group]: Calling PlanningRequestAdapter 'ValidateWorkspaceBounds'
[INFO] [1761295469.162839193] [move_group]: Calling PlanningRequestAdapter 'CheckStartStateBounds'
[INFO] [1761295469.162856503] [move_group]: Calling PlanningRequestAdapter 'CheckStartStateCollision'
[INFO] [1761295469.163121219] [moveit.moveit.planners.ompl.model_based_planning_context]: Planner configuration 'sekirei_arm' will use planner 'geometric::RRTConnect'. Additional configuration parameters will be set when the planner is constructed.
[INFO] [1761295469.163182531] [move_group]: Calling Planner 'OMPL'
[WARN] [1761295469.180611717] [moveit.moveit.ros.planning_pipeline]: The planner plugin did not fill out the 'planner_id' field of the MotionPlanResponse. Setting it to the planner ID name of the MotionPlanRequest assuming that the planner plugin does warn you if it does not use the requested planner.
[INFO] [1761295469.180689395] [moveit.moveit.ros.move_group.move_action]: Motion plan was computed successfully.
[INFO] [1761295469.613150104] [moveit.moveit.ros.move_group.move_action]: MoveGroupMoveAction: Received request
[INFO] [1761295469.613569825] [moveit.moveit.ros.move_group.move_action]: executing..
[INFO] [1761295469.662670685] [moveit.moveit.ros.move_group.move_action]: Planning request received for MoveGroup action. Forwarding to planning pipeline.
[INFO] [1761295469.662761574] [moveit.moveit.ros.move_group.capability]: Using planning pipeline 'ompl'
[INFO] [1761295469.662844607] [move_group]: Calling PlanningRequestAdapter 'ResolveConstraintFrames'
[INFO] [1761295469.662865185] [move_group]: Calling PlanningRequestAdapter 'ValidateWorkspaceBounds'
[INFO] [1761295469.662876295] [move_group]: Calling PlanningRequestAdapter 'CheckStartStateBounds'
[INFO] [1761295469.662896173] [move_group]: Calling PlanningRequestAdapter 'CheckStartStateCollision'
[INFO] [1761295469.663277856] [moveit.moveit.planners.ompl.model_based_planning_context]: Planner configuration 'sekirei_arm' will use planner 'geometric::RRTConnect'. Additional configuration parameters will be set when the planner is constructed.
[INFO] [1761295469.663368087] [move_group]: Calling Planner 'OMPL'
[WARN] [1761295469.679892281] [moveit.moveit.ros.planning_pipeline]: The planner plugin did not fill out the 'planner_id' field of the MotionPlanResponse. Setting it to the planner ID name of the MotionPlanRequest assuming that the planner plugin does warn you if it does not use the requested planner.
[INFO] [1761295469.680013671] [moveit.moveit.ros.move_group.move_action]: Motion plan was computed successfully.
[INFO] [1761295469.769057533] [moveit.moveit.ros.move_group.move_action]: MoveGroupMoveAction: Received request
[INFO] [1761295469.769189590] [moveit.moveit.ros.move_group.move_action]: executing..
[INFO] [1761295469.862602705] [moveit.moveit.ros.move_group.move_action]: Planning request received for MoveGroup action. Forwarding to planning pipeline.
[INFO] [1761295469.862680395] [moveit.moveit.ros.move_group.capability]: Using planning pipeline 'ompl'
[INFO] [1761295469.862766276] [move_group]: Calling PlanningRequestAdapter 'ResolveConstraintFrames'
[INFO] [1761295469.862787205] [move_group]: Calling PlanningRequestAdapter 'ValidateWorkspaceBounds'
[INFO] [1761295469.862798102] [move_group]: Calling PlanningRequestAdapter 'CheckStartStateBounds'
[INFO] [1761295469.862816233] [move_group]: Calling PlanningRequestAdapter 'CheckStartStateCollision'
[INFO] [1761295469.863064676] [moveit.moveit.planners.ompl.model_based_planning_context]: Planner configuration 'sekirei_arm' will use planner 'geometric::RRTConnect'. Additional configuration parameters will be set when the planner is constructed.
[INFO] [1761295469.863219163] [move_group]: Calling Planner 'OMPL'
[WARN] [1761295469.879004024] [moveit.moveit.ros.planning_pipeline]: The planner plugin did not fill out the 'planner_id' field of the MotionPlanResponse. Setting it to the planner ID name of the MotionPlanRequest assuming that the planner plugin does warn you if it does not use the requested planner.
[INFO] [1761295469.879082864] [moveit.moveit.ros.move_group.move_action]: Motion plan was computed successfully.
[INFO] [1761295469.923286056] [moveit.moveit.ros.move_group.move_action]: MoveGroupMoveAction: Received request
[INFO] [1761295469.923559172] [moveit.moveit.ros.move_group.move_action]: executing..
[INFO] [1761295469.962525748] [moveit.moveit.ros.move_group.move_action]: Planning request received for MoveGroup action. Forwarding to planning pipeline.
[INFO] [1761295469.962649773] [moveit.moveit.ros.move_group.capability]: Using planning pipeline 'ompl'
[INFO] [1761295469.962732719] [move_group]: Calling PlanningRequestAdapter 'ResolveConstraintFrames'
[INFO] [1761295469.962776201] [move_group]: Calling PlanningRequestAdapter 'ValidateWorkspaceBounds'
[INFO] [1761295469.962791722] [move_group]: Calling PlanningRequestAdapter 'CheckStartStateBounds'
[INFO] [1761295469.962814029] [move_group]: Calling PlanningRequestAdapter 'CheckStartStateCollision'
[INFO] [1761295469.963166560] [moveit.moveit.planners.ompl.model_based_planning_context]: Planner configuration 'sekirei_arm' will use planner 'geometric::RRTConnect'. Additional configuration parameters will be set when the planner is constructed.
[INFO] [1761295469.963222621] [move_group]: Calling Planner 'OMPL'
[WARN] [1761295469.979841139] [moveit.moveit.ros.planning_pipeline]: The planner plugin did not fill out the 'planner_id' field of the MotionPlanResponse. Setting it to the planner ID name of the MotionPlanRequest assuming that the planner plugin does warn you if it does not use the requested planner.
[INFO] [1761295469.979960708] [moveit.moveit.ros.move_group.move_action]: Motion plan was computed successfully.
[INFO] [1761295470.081957040] [moveit.moveit.ros.move_group.move_action]: MoveGroupMoveAction: Received request
[INFO] [1761295470.082398627] [moveit.moveit.ros.move_group.move_action]: executing..
[INFO] [1761295470.162744165] [moveit.moveit.ros.move_group.move_action]: Planning request received for MoveGroup action. Forwarding to planning pipeline.
[INFO] [1761295470.162789697] [moveit.moveit.ros.move_group.capability]: Using planning pipeline 'ompl'
[INFO] [1761295470.162860711] [move_group]: Calling PlanningRequestAdapter 'ResolveConstraintFrames'
[INFO] [1761295470.162882208] [move_group]: Calling PlanningRequestAdapter 'ValidateWorkspaceBounds'
[INFO] [1761295470.162893241] [move_group]: Calling PlanningRequestAdapter 'CheckStartStateBounds'
[INFO] [1761295470.162912018] [move_group]: Calling PlanningRequestAdapter 'CheckStartStateCollision'
[INFO] [1761295470.163190394] [moveit.moveit.planners.ompl.model_based_planning_context]: Planner configuration 'sekirei_arm' will use planner 'geometric::RRTConnect'. Additional configuration parameters will be set when the planner is constructed.
[INFO] [1761295470.163249147] [move_group]: Calling Planner 'OMPL'
[WARN] [1761295470.181640522] [moveit.moveit.ros.planning_pipeline]: The planner plugin did not fill out the 'planner_id' field of the MotionPlanResponse. Setting it to the planner ID name of the MotionPlanRequest assuming that the planner plugin does warn you if it does not use the requested planner.
[INFO] [1761295470.181692623] [moveit.moveit.ros.move_group.move_action]: Motion plan was computed successfully.
[INFO] [1761295470.985149934] [moveit.moveit.ros.move_group.clear_octomap_service]: Execution request received
[INFO] [1761295470.985195583] [moveit.moveit.plugins.simple_controller_manager]: Returned 0 controllers in list
[INFO] [1761295470.985209121] [moveit.moveit.plugins.simple_controller_manager]: Returned 0 controllers in list
[INFO] [1761295470.985264554] [moveit.moveit.plugins.simple_controller_manager]: Returned 0 controllers in list
[INFO] [1761295470.985272659] [moveit.moveit.plugins.simple_controller_manager]: Returned 0 controllers in list
[ERROR] [1761295470.985277779] [moveit.moveit.ros.trajectory_execution_manager]: Unable to identify any set of controllers that can actuate the specified joints: [ arm_joint1 arm_joint2 arm_joint3 arm_joint4 arm_joint5 arm_joint6 ]
[ERROR] [1761295470.985285398] [moveit.moveit.ros.trajectory_execution_manager]: Known controllers and their joints:

[INFO] [1761295471.521398658] [moveit.moveit.ros.move_group.move_action]: MoveGroupMoveAction: Received request
[INFO] [1761295471.521638853] [moveit.moveit.ros.move_group.move_action]: executing..
[INFO] [1761295471.562969940] [moveit.moveit.ros.move_group.move_action]: Combined planning and execution request received for MoveGroup action. Forwarding to planning and execution pipeline.
[INFO] [1761295471.563168352] [moveit.moveit.ros.plan_execution]: Planning attempt 1 of at most 1
[INFO] [1761295471.563219981] [moveit.moveit.ros.move_group.capability]: Using planning pipeline 'ompl'
[INFO] [1761295471.563299125] [move_group]: Calling PlanningRequestAdapter 'ResolveConstraintFrames'
[INFO] [1761295471.563318933] [move_group]: Calling PlanningRequestAdapter 'ValidateWorkspaceBounds'
[INFO] [1761295471.563330011] [move_group]: Calling PlanningRequestAdapter 'CheckStartStateBounds'
[INFO] [1761295471.563346509] [move_group]: Calling PlanningRequestAdapter 'CheckStartStateCollision'
[INFO] [1761295471.563673211] [moveit.moveit.planners.ompl.model_based_planning_context]: Planner configuration 'sekirei_arm' will use planner 'geometric::RRTConnect'. Additional configuration parameters will be set when the planner is constructed.
[INFO] [1761295471.563739134] [move_group]: Calling Planner 'OMPL'
[WARN] [1761295471.579648175] [moveit.moveit.ros.planning_pipeline]: The planner plugin did not fill out the 'planner_id' field of the MotionPlanResponse. Setting it to the planner ID name of the MotionPlanRequest assuming that the planner plugin does warn you if it does not use the requested planner.
[INFO] [1761295471.579865997] [moveit.moveit.plugins.simple_controller_manager]: Returned 0 controllers in list
[INFO] [1761295471.579888432] [moveit.moveit.plugins.simple_controller_manager]: Returned 0 controllers in list
[INFO] [1761295471.579904549] [moveit.moveit.plugins.simple_controller_manager]: Returned 0 controllers in list
[INFO] [1761295471.579911891] [moveit.moveit.plugins.simple_controller_manager]: Returned 0 controllers in list
[ERROR] [1761295471.579919075] [moveit.moveit.ros.trajectory_execution_manager]: Unable to identify any set of controllers that can actuate the specified joints: [ arm_joint1 arm_joint2 arm_joint3 arm_joint4 arm_joint5 arm_joint6 ]
[ERROR] [1761295471.579981779] [moveit.moveit.ros.trajectory_execution_manager]: Known controllers and their joints:

[ERROR] [1761295471.579993752] [moveit.moveit.ros.plan_execution]: Apparently trajectory initialization failed
[INFO] [1761295471.580033738] [moveit.moveit.ros.move_group.move_action]: CONTROL_FAILED
[INFO] [1761295472.987028388] [moveit.moveit.ros.move_group.move_action]: MoveGroupMoveAction: Received request
[INFO] [1761295472.987393414] [moveit.moveit.ros.move_group.move_action]: executing..
[INFO] [1761295473.062786855] [moveit.moveit.ros.move_group.move_action]: Planning request received for MoveGroup action. Forwarding to planning pipeline.
[INFO] [1761295473.062881850] [moveit.moveit.ros.move_group.capability]: Using planning pipeline 'ompl'
[INFO] [1761295473.062974308] [move_group]: Calling PlanningRequestAdapter 'ResolveConstraintFrames'
[INFO] [1761295473.063017087] [move_group]: Calling PlanningRequestAdapter 'ValidateWorkspaceBounds'
[INFO] [1761295473.063029029] [move_group]: Calling PlanningRequestAdapter 'CheckStartStateBounds'
[INFO] [1761295473.063050348] [move_group]: Calling PlanningRequestAdapter 'CheckStartStateCollision'
[INFO] [1761295473.063330258] [moveit.moveit.planners.ompl.model_based_planning_context]: Planner configuration 'sekirei_arm' will use planner 'geometric::RRTConnect'. Additional configuration parameters will be set when the planner is constructed.
[INFO] [1761295473.063391879] [move_group]: Calling Planner 'OMPL'
[WARN] [1761295473.081131881] [moveit.moveit.ros.planning_pipeline]: The planner plugin did not fill out the 'planner_id' field of the MotionPlanResponse. Setting it to the planner ID name of the MotionPlanRequest assuming that the planner plugin does warn you if it does not use the requested planner.
[INFO] [1761295473.081175256] [moveit.moveit.ros.move_group.move_action]: Motion plan was computed successfully.
[INFO] [1761295473.082131398] [moveit.moveit.ros.move_group.move_action]: MoveGroupMoveAction: Received request
[INFO] [1761295473.082317598] [moveit.moveit.ros.move_group.move_action]: executing..
[INFO] [1761295473.162541823] [moveit.moveit.ros.move_group.move_action]: Planning request received for MoveGroup action. Forwarding to planning pipeline.
[INFO] [1761295473.162597234] [moveit.moveit.ros.move_group.capability]: Using planning pipeline 'ompl'
[INFO] [1761295473.162667759] [move_group]: Calling PlanningRequestAdapter 'ResolveConstraintFrames'
[INFO] [1761295473.162732049] [move_group]: Calling PlanningRequestAdapter 'ValidateWorkspaceBounds'
[INFO] [1761295473.162746793] [move_group]: Calling PlanningRequestAdapter 'CheckStartStateBounds'
[INFO] [1761295473.162775710] [move_group]: Calling PlanningRequestAdapter 'CheckStartStateCollision'
[INFO] [1761295473.163069109] [moveit.moveit.planners.ompl.model_based_planning_context]: Planner configuration 'sekirei_arm' will use planner 'geometric::RRTConnect'. Additional configuration parameters will be set when the planner is constructed.
[INFO] [1761295473.163187314] [move_group]: Calling Planner 'OMPL'
[WARN] [1761295473.178537652] [moveit.moveit.ros.planning_pipeline]: The planner plugin did not fill out the 'planner_id' field of the MotionPlanResponse. Setting it to the planner ID name of the MotionPlanRequest assuming that the planner plugin does warn you if it does not use the requested planner.
[INFO] [1761295473.178607898] [moveit.moveit.ros.move_group.move_action]: Motion plan was computed successfully.
[INFO] [1761295473.180294491] [moveit.moveit.ros.move_group.move_action]: MoveGroupMoveAction: Received request
[INFO] [1761295473.180448791] [moveit.moveit.ros.move_group.move_action]: executing..
[INFO] [1761295473.262606103] [moveit.moveit.ros.move_group.move_action]: Planning request received for MoveGroup action. Forwarding to planning pipeline.
[INFO] [1761295473.262664575] [moveit.moveit.ros.move_group.capability]: Using planning pipeline 'ompl'
[INFO] [1761295473.262742340] [move_group]: Calling PlanningRequestAdapter 'ResolveConstraintFrames'
[INFO] [1761295473.262763532] [move_group]: Calling PlanningRequestAdapter 'ValidateWorkspaceBounds'
[INFO] [1761295473.262774735] [move_group]: Calling PlanningRequestAdapter 'CheckStartStateBounds'
[INFO] [1761295473.262797291] [move_group]: Calling PlanningRequestAdapter 'CheckStartStateCollision'
[INFO] [1761295473.263093884] [moveit.moveit.planners.ompl.model_based_planning_context]: Planner configuration 'sekirei_arm' will use planner 'geometric::RRTConnect'. Additional configuration parameters will be set when the planner is constructed.
[INFO] [1761295473.263185357] [move_group]: Calling Planner 'OMPL'
[WARN] [1761295473.280307017] [moveit.moveit.ros.planning_pipeline]: The planner plugin did not fill out the 'planner_id' field of the MotionPlanResponse. Setting it to the planner ID name of the MotionPlanRequest assuming that the planner plugin does warn you if it does not use the requested planner.
[INFO] [1761295473.280353300] [moveit.moveit.ros.move_group.move_action]: Motion plan was computed successfully.
[INFO] [1761295473.281510685] [moveit.moveit.ros.move_group.move_action]: MoveGroupMoveAction: Received request
[INFO] [1761295473.281835929] [moveit.moveit.ros.move_group.move_action]: executing..
[INFO] [1761295473.363031215] [moveit.moveit.ros.move_group.move_action]: Planning request received for MoveGroup action. Forwarding to planning pipeline.
[INFO] [1761295473.363209149] [moveit.moveit.ros.move_group.capability]: Using planning pipeline 'ompl'
[INFO] [1761295473.363393222] [move_group]: Calling PlanningRequestAdapter 'ResolveConstraintFrames'
[INFO] [1761295473.363426009] [move_group]: Calling PlanningRequestAdapter 'ValidateWorkspaceBounds'
[INFO] [1761295473.363437494] [move_group]: Calling PlanningRequestAdapter 'CheckStartStateBounds'
[INFO] [1761295473.363469267] [move_group]: Calling PlanningRequestAdapter 'CheckStartStateCollision'
[INFO] [1761295473.363915216] [moveit.moveit.planners.ompl.model_based_planning_context]: Planner configuration 'sekirei_arm' will use planner 'geometric::RRTConnect'. Additional configuration parameters will be set when the planner is constructed.
[INFO] [1761295473.364022975] [move_group]: Calling Planner 'OMPL'
[WARN] [1761295473.380355461] [moveit.moveit.ros.planning_pipeline]: The planner plugin did not fill out the 'planner_id' field of the MotionPlanResponse. Setting it to the planner ID name of the MotionPlanRequest assuming that the planner plugin does warn you if it does not use the requested planner.
[INFO] [1761295473.380392211] [moveit.moveit.ros.move_group.move_action]: Motion plan was computed successfully.
[INFO] [1761295482.154534692] [moveit.moveit.ros.move_group.move_action]: MoveGroupMoveAction: Received request
[INFO] [1761295482.154741962] [moveit.moveit.ros.move_group.move_action]: executing..
[INFO] [1761295482.163142942] [moveit.moveit.ros.move_group.move_action]: Planning request received for MoveGroup action. Forwarding to planning pipeline.
[INFO] [1761295482.163258873] [moveit.moveit.ros.move_group.capability]: Using planning pipeline 'ompl'
[INFO] [1761295482.163367793] [move_group]: Calling PlanningRequestAdapter 'ResolveConstraintFrames'
[INFO] [1761295482.163398477] [move_group]: Calling PlanningRequestAdapter 'ValidateWorkspaceBounds'
[INFO] [1761295482.163413858] [move_group]: Calling PlanningRequestAdapter 'CheckStartStateBounds'
[INFO] [1761295482.163444922] [move_group]: Calling PlanningRequestAdapter 'CheckStartStateCollision'
[INFO] [1761295482.163789797] [moveit.moveit.planners.ompl.model_based_planning_context]: Planner configuration 'sekirei_arm' will use planner 'geometric::RRTConnect'. Additional configuration parameters will be set when the planner is constructed.
[INFO] [1761295482.163874268] [move_group]: Calling Planner 'OMPL'
[WARN] [1761295482.179944167] [moveit.moveit.ros.planning_pipeline]: The planner plugin did not fill out the 'planner_id' field of the MotionPlanResponse. Setting it to the planner ID name of the MotionPlanRequest assuming that the planner plugin does warn you if it does not use the requested planner.
[INFO] [1761295482.180002438] [moveit.moveit.ros.move_group.move_action]: Motion plan was computed successfully.
[INFO] [1761295482.625280807] [moveit.moveit.ros.move_group.move_action]: MoveGroupMoveAction: Received request
[INFO] [1761295482.625628551] [moveit.moveit.ros.move_group.move_action]: executing..
[INFO] [1761295482.662905623] [moveit.moveit.ros.move_group.move_action]: Planning request received for MoveGroup action. Forwarding to planning pipeline.
[INFO] [1761295482.663010736] [moveit.moveit.ros.move_group.capability]: Using planning pipeline 'ompl'
[INFO] [1761295482.663160310] [move_group]: Calling PlanningRequestAdapter 'ResolveConstraintFrames'
[INFO] [1761295482.663205881] [move_group]: Calling PlanningRequestAdapter 'ValidateWorkspaceBounds'
[INFO] [1761295482.663228004] [move_group]: Calling PlanningRequestAdapter 'CheckStartStateBounds'
[INFO] [1761295482.663276973] [move_group]: Calling PlanningRequestAdapter 'CheckStartStateCollision'
[INFO] [1761295482.663901162] [moveit.moveit.planners.ompl.model_based_planning_context]: Planner configuration 'sekirei_arm' will use planner 'geometric::RRTConnect'. Additional configuration parameters will be set when the planner is constructed.
[INFO] [1761295482.663991921] [move_group]: Calling Planner 'OMPL'
[WARN] [1761295482.680705834] [moveit.moveit.ros.planning_pipeline]: The planner plugin did not fill out the 'planner_id' field of the MotionPlanResponse. Setting it to the planner ID name of the MotionPlanRequest assuming that the planner plugin does warn you if it does not use the requested planner.
[INFO] [1761295482.680816437] [moveit.moveit.ros.move_group.move_action]: Motion plan was computed successfully.
[INFO] [1761295482.810164459] [moveit.moveit.ros.move_group.move_action]: MoveGroupMoveAction: Received request
[INFO] [1761295482.810486493] [moveit.moveit.ros.move_group.move_action]: executing..
[INFO] [1761295482.862945592] [moveit.moveit.ros.move_group.move_action]: Planning request received for MoveGroup action. Forwarding to planning pipeline.
[INFO] [1761295482.863016883] [moveit.moveit.ros.move_group.capability]: Using planning pipeline 'ompl'
[INFO] [1761295482.863119106] [move_group]: Calling PlanningRequestAdapter 'ResolveConstraintFrames'
[INFO] [1761295482.863180651] [move_group]: Calling PlanningRequestAdapter 'ValidateWorkspaceBounds'
[INFO] [1761295482.863212231] [move_group]: Calling PlanningRequestAdapter 'CheckStartStateBounds'
[INFO] [1761295482.863252143] [move_group]: Calling PlanningRequestAdapter 'CheckStartStateCollision'
[INFO] [1761295482.863682347] [moveit.moveit.planners.ompl.model_based_planning_context]: Planner configuration 'sekirei_arm' will use planner 'geometric::RRTConnect'. Additional configuration parameters will be set when the planner is constructed.
[INFO] [1761295482.863871944] [move_group]: Calling Planner 'OMPL'
[WARN] [1761295482.880863803] [moveit.moveit.ros.planning_pipeline]: The planner plugin did not fill out the 'planner_id' field of the MotionPlanResponse. Setting it to the planner ID name of the MotionPlanRequest assuming that the planner plugin does warn you if it does not use the requested planner.
[INFO] [1761295482.880964210] [moveit.moveit.ros.move_group.move_action]: Motion plan was computed successfully.
[INFO] [1761295482.963175871] [moveit.moveit.ros.move_group.move_action]: MoveGroupMoveAction: Received request
[INFO] [1761295482.963422220] [moveit.moveit.ros.move_group.move_action]: executing..
[INFO] [1761295483.062541916] [moveit.moveit.ros.move_group.move_action]: Planning request received for MoveGroup action. Forwarding to planning pipeline.
[INFO] [1761295483.062607359] [moveit.moveit.ros.move_group.capability]: Using planning pipeline 'ompl'
[INFO] [1761295483.062719733] [move_group]: Calling PlanningRequestAdapter 'ResolveConstraintFrames'
[INFO] [1761295483.062739208] [move_group]: Calling PlanningRequestAdapter 'ValidateWorkspaceBounds'
[INFO] [1761295483.062748922] [move_group]: Calling PlanningRequestAdapter 'CheckStartStateBounds'
[INFO] [1761295483.062768192] [move_group]: Calling PlanningRequestAdapter 'CheckStartStateCollision'
[INFO] [1761295483.063013164] [moveit.moveit.planners.ompl.model_based_planning_context]: Planner configuration 'sekirei_arm' will use planner 'geometric::RRTConnect'. Additional configuration parameters will be set when the planner is constructed.
[INFO] [1761295483.063070257] [move_group]: Calling Planner 'OMPL'
[WARN] [1761295483.079276776] [moveit.moveit.ros.planning_pipeline]: The planner plugin did not fill out the 'planner_id' field of the MotionPlanResponse. Setting it to the planner ID name of the MotionPlanRequest assuming that the planner plugin does warn you if it does not use the requested planner.
[INFO] [1761295483.079339517] [moveit.moveit.ros.move_group.move_action]: Motion plan was computed successfully.
[INFO] [1761295483.130746711] [moveit.moveit.ros.move_group.move_action]: MoveGroupMoveAction: Received request
[INFO] [1761295483.130947598] [moveit.moveit.ros.move_group.move_action]: executing..
[INFO] [1761295483.162904493] [moveit.moveit.ros.move_group.move_action]: Planning request received for MoveGroup action. Forwarding to planning pipeline.
[INFO] [1761295483.162984630] [moveit.moveit.ros.move_group.capability]: Using planning pipeline 'ompl'
[INFO] [1761295483.163088694] [move_group]: Calling PlanningRequestAdapter 'ResolveConstraintFrames'
[INFO] [1761295483.163131229] [move_group]: Calling PlanningRequestAdapter 'ValidateWorkspaceBounds'
[INFO] [1761295483.163142136] [move_group]: Calling PlanningRequestAdapter 'CheckStartStateBounds'
[INFO] [1761295483.163163761] [move_group]: Calling PlanningRequestAdapter 'CheckStartStateCollision'
[INFO] [1761295483.163525664] [moveit.moveit.planners.ompl.model_based_planning_context]: Planner configuration 'sekirei_arm' will use planner 'geometric::RRTConnect'. Additional configuration parameters will be set when the planner is constructed.
[INFO] [1761295483.163590442] [move_group]: Calling Planner 'OMPL'
[WARN] [1761295483.178915711] [moveit.moveit.ros.planning_pipeline]: The planner plugin did not fill out the 'planner_id' field of the MotionPlanResponse. Setting it to the planner ID name of the MotionPlanRequest assuming that the planner plugin does warn you if it does not use the requested planner.
[INFO] [1761295483.178956433] [moveit.moveit.ros.move_group.move_action]: Motion plan was computed successfully.
[INFO] [1761299805.701812304] [rclcpp]: signal_handler(signum=15)
