[WARN] [1761219367.519812113] [move_group]: Using default pipeline 'ompl'
[INFO] [1761219367.521426078] [move_group.moveit.moveit.ros.rdf_loader]: Loaded robot model in 0.00142961 seconds
[INFO] [1761219367.521463569] [move_group.moveit.moveit.core.robot_model]: Loading robot model 'sekirei'...
[INFO] [1761219367.521474713] [move_group.moveit.moveit.core.robot_model]: No root/virtual joint specified in SRDF. Assuming fixed joint
[WARN] [1761219367.521576204] [move_group.moveit.moveit.core.robot_model]: Could not identify parent group for end-effector 'end_effector'
[WARN] [1761219367.524575223] [kdl_parser]: The root link base_link has an inertia specified in the URDF, but KDL does not support a root link with an inertia.  As a workaround, you can add an extra dummy link to your URDF.
[INFO] [1761219367.524635400] [move_group.moveit.moveit.kinematics.kdl_kinematics_plugin]: Joint weights for group 'sekirei_arm': 1 1 1 1 1 1
[INFO] [1761219367.543907578] [move_group.moveit.moveit.ros.planning_scene_monitor]: Publishing maintained planning scene on 'monitored_planning_scene'
[INFO] [1761219367.544018229] [move_group.moveit.moveit.ros.moveit_cpp]: Listening to 'joint_states' for joint states
[INFO] [1761219367.544614192] [move_group.moveit.moveit.ros.current_state_monitor]: Listening to joint states on topic 'joint_states'
[INFO] [1761219367.544925502] [move_group.moveit.moveit.ros.planning_scene_monitor]: Listening to '/attached_collision_object' for attached collision objects
[INFO] [1761219367.544938094] [move_group.moveit.moveit.ros.planning_scene_monitor]: Stopping existing planning scene publisher.
[INFO] [1761219367.544993121] [move_group.moveit.moveit.ros.planning_scene_monitor]: Stopped publishing maintained planning scene.
[INFO] [1761219367.545197214] [move_group.moveit.moveit.ros.planning_scene_monitor]: Publishing maintained planning scene on 'monitored_planning_scene'
[INFO] [1761219367.545257592] [move_group.moveit.moveit.ros.planning_scene_monitor]: Starting planning scene monitor
[INFO] [1761219367.545798465] [move_group.moveit.moveit.ros.planning_scene_monitor]: Listening to '/planning_scene'
[INFO] [1761219367.545815001] [move_group.moveit.moveit.ros.planning_scene_monitor]: Starting world geometry update monitor for collision objects, attached objects, octomap updates.
[INFO] [1761219367.546100793] [move_group.moveit.moveit.ros.planning_scene_monitor]: Listening to 'collision_object'
[INFO] [1761219367.546385291] [move_group.moveit.moveit.ros.planning_scene_monitor]: Listening to 'planning_scene_world' for planning scene world geometry
[WARN] [1761219367.546717795] [move_group.moveit.moveit.ros.occupancy_map_monitor]: Resolution not specified for Octomap. Assuming resolution = 0.1 instead
[ERROR] [1761219367.546731302] [move_group.moveit.moveit.ros.occupancy_map_monitor]: No 3D sensor plugin(s) defined for octomap updates
