[INFO] [1761294404.227569570] [rviz2]: Stereo is NOT SUPPORTED
[INFO] [1761294404.227902622] [rviz2]: OpenGl version: 4.6 (GLSL 4.6)
[INFO] [1761294404.255418864] [rviz2]: Stereo is NOT SUPPORTED
[WARN] [1761294404.356034893] [rcl.logging_rosout]: Publisher already registered for node name: 'rviz2'. If this is due to multiple nodes with the same name then all logs for the logger named 'rviz2' will go out over the existing publisher. As soon as any node with that name is destructed it will unregister the publisher, preventing any further logs for that name from being published on the rosout topic.
[ERROR] [1761294407.389911780] [rviz2.moveit.ros.motion_planning_frame]: Action server: /recognize_objects not available
[INFO] [1761294407.402521727] [rviz2.moveit.ros.motion_planning_frame]: MoveGroup namespace changed: / -> . Reloading params.
[ERROR] [1761294407.411909150] [rviz2]: PluginlibFactory: The plugin for class 'moveit_rviz_plugin/MotionPlanning' failed to load. Error: According to the loaded plugin descriptions the class moveit_rviz_plugin/MotionPlanning with base class type rviz_common::Panel does not exist. Declared types are 
[INFO] [1761294407.448233109] [rviz2.moveit.ros.rdf_loader]: Loaded robot model in 0.00283722 seconds
[INFO] [1761294407.448324804] [rviz2.moveit.core.robot_model]: Loading robot model 'sekirei'...
[INFO] [1761294407.448345711] [rviz2.moveit.core.robot_model]: No root/virtual joint specified in SRDF. Assuming fixed joint
[WARN] [1761294407.448644652] [rviz2.moveit.core.robot_model]: Could not identify parent group for end-effector 'end_effector'
[WARN] [1761294407.457467706] [kdl_parser]: The root link base_link has an inertia specified in the URDF, but KDL does not support a root link with an inertia.  As a workaround, you can add an extra dummy link to your URDF.
[INFO] [1761294407.457718352] [rviz2.moveit.kinematics.kdl_kinematics_plugin]: Joint weights for group 'sekirei_arm': 1 1 1 1 1 1
[INFO] [1761294407.505471264] [rviz2.moveit.ros.planning_scene_monitor]: Starting planning scene monitor
[INFO] [1761294407.507334551] [rviz2.moveit.ros.planning_scene_monitor]: Listening to '/monitored_planning_scene'
[INFO] [1761294407.934583651] [interactive_marker_display_103673926564736]: Connected on namespace: /rviz_moveit_motion_planning_display/robot_interaction_interactive_marker_topic
[WARN] [1761294407.936453085] [kdl_parser]: The root link base_link has an inertia specified in the URDF, but KDL does not support a root link with an inertia.  As a workaround, you can add an extra dummy link to your URDF.
[INFO] [1761294407.941863118] [rviz2.moveit.ros.motion_planning_frame]: group sekirei_arm
[INFO] [1761294407.941967478] [rviz2.moveit.ros.motion_planning_frame]: Constructing new MoveGroup connection for group 'sekirei_arm' in namespace ''
[INFO] [1761294407.962106848] [rviz2.moveit.ros.move_group_interface]: Ready to take commands for planning group sekirei_arm.
[INFO] [1761294407.991037090] [interactive_marker_display_103673926564736]: Sending request for interactive markers
[INFO] [1761294408.059876605] [interactive_marker_display_103673926564736]: Service response received for initialization
[INFO] [1761294419.509599182] [rviz2.moveit.ros.move_group_interface]: MoveGroup action client/server ready
[INFO] [1761294419.510970732] [rviz2.moveit.ros.move_group_interface]: Planning request accepted
[INFO] [1761294419.537411470] [rviz2.moveit.ros.move_group_interface]: Planning request complete!
[INFO] [1761294419.537679088] [rviz2.moveit.ros.move_group_interface]: time taken to generate plan: 0.0137256 seconds
[INFO] [1761294484.479349205] [rviz2.moveit.ros.move_group_interface]: MoveGroup action client/server ready
[INFO] [1761294484.480499682] [rviz2.moveit.ros.move_group_interface]: Planning request accepted
[INFO] [1761294484.539949241] [rviz2.moveit.ros.move_group_interface]: Planning request complete!
[INFO] [1761294484.540814858] [rviz2.moveit.ros.move_group_interface]: time taken to generate plan: 0.0179281 seconds
[INFO] [1761294484.892362209] [rviz2.moveit.ros.move_group_interface]: MoveGroup action client/server ready
[INFO] [1761294484.893021553] [rviz2.moveit.ros.move_group_interface]: Planning request accepted
[INFO] [1761294484.938374214] [rviz2.moveit.ros.move_group_interface]: Planning request complete!
[INFO] [1761294484.939166778] [rviz2.moveit.ros.move_group_interface]: time taken to generate plan: 0.016195 seconds
[INFO] [1761294485.044920948] [rviz2.moveit.ros.move_group_interface]: MoveGroup action client/server ready
[INFO] [1761294485.046394022] [rviz2.moveit.ros.move_group_interface]: Planning request accepted
[INFO] [1761294485.137223372] [rviz2.moveit.ros.move_group_interface]: Planning request complete!
[INFO] [1761294485.138001456] [rviz2.moveit.ros.move_group_interface]: time taken to generate plan: 0.015045 seconds
[INFO] [1761294485.204186643] [rviz2.moveit.ros.move_group_interface]: MoveGroup action client/server ready
[INFO] [1761294485.205065429] [rviz2.moveit.ros.move_group_interface]: Planning request accepted
[INFO] [1761294485.247550646] [rviz2.moveit.ros.move_group_interface]: Planning request complete!
[INFO] [1761294485.248051737] [rviz2.moveit.ros.move_group_interface]: time taken to generate plan: 0.0259138 seconds
[INFO] [1761294485.347785183] [rviz2.moveit.ros.move_group_interface]: MoveGroup action client/server ready
[INFO] [1761294485.348801176] [rviz2.moveit.ros.move_group_interface]: Planning request accepted
[INFO] [1761294485.427594435] [rviz2.moveit.ros.move_group_interface]: Planning request complete!
[INFO] [1761294485.428002476] [rviz2.moveit.ros.move_group_interface]: time taken to generate plan: 0.00632112 seconds
[INFO] [1761294485.493105561] [rviz2.moveit.ros.move_group_interface]: MoveGroup action client/server ready
[INFO] [1761294485.493953618] [rviz2.moveit.ros.move_group_interface]: Planning request accepted
[INFO] [1761294485.539468967] [rviz2.moveit.ros.move_group_interface]: Planning request complete!
[INFO] [1761294485.540018928] [rviz2.moveit.ros.move_group_interface]: time taken to generate plan: 0.0170298 seconds
[INFO] [1761294485.648676083] [rviz2.moveit.ros.move_group_interface]: MoveGroup action client/server ready
[INFO] [1761294485.649777454] [rviz2.moveit.ros.move_group_interface]: Planning request accepted
[INFO] [1761294485.727776321] [rviz2.moveit.ros.move_group_interface]: Planning request complete!
[INFO] [1761294485.728443506] [rviz2.moveit.ros.move_group_interface]: time taken to generate plan: 0.00588283 seconds
[INFO] [1761294485.798545618] [rviz2.moveit.ros.move_group_interface]: MoveGroup action client/server ready
[INFO] [1761294485.799627001] [rviz2.moveit.ros.move_group_interface]: Planning request accepted
[INFO] [1761294485.840367847] [rviz2.moveit.ros.move_group_interface]: Planning request complete!
[INFO] [1761294485.840500602] [rviz2.moveit.ros.move_group_interface]: time taken to generate plan: 0.0176089 seconds
[INFO] [1761294485.948192770] [rviz2.moveit.ros.move_group_interface]: MoveGroup action client/server ready
[INFO] [1761294485.948871986] [rviz2.moveit.ros.move_group_interface]: Planning request accepted
[INFO] [1761294486.037875700] [rviz2.moveit.ros.move_group_interface]: Planning request complete!
[INFO] [1761294486.038833463] [rviz2.moveit.ros.move_group_interface]: time taken to generate plan: 0.0166409 seconds
[INFO] [1761294486.108777173] [rviz2.moveit.ros.move_group_interface]: MoveGroup action client/server ready
[INFO] [1761294486.109594672] [rviz2.moveit.ros.move_group_interface]: Planning request accepted
[INFO] [1761294486.137917149] [rviz2.moveit.ros.move_group_interface]: Planning request complete!
[INFO] [1761294486.138987554] [rviz2.moveit.ros.move_group_interface]: time taken to generate plan: 0.0161978 seconds
[ERROR] [1761294503.232999024] [rviz2.moveit.ros.motion_planning_frame]: Object recognition action server not responsive
