[INFO] [1761295084.721494878] [rviz2]: Stereo is NOT SUPPORTED
[INFO] [1761295084.721753174] [rviz2]: OpenGl version: 4.6 (GLSL 4.6)
[INFO] [1761295084.745952273] [rviz2]: Stereo is NOT SUPPORTED
[WARN] [1761295084.834956152] [rcl.logging_rosout]: Publisher already registered for node name: 'rviz2'. If this is due to multiple nodes with the same name then all logs for the logger named 'rviz2' will go out over the existing publisher. As soon as any node with that name is destructed it will unregister the publisher, preventing any further logs for that name from being published on the rosout topic.
[ERROR] [1761295087.872297713] [rviz2.moveit.ros.motion_planning_frame]: Action server: /recognize_objects not available
[INFO] [1761295087.908048008] [rviz2.moveit.ros.motion_planning_frame]: MoveGroup namespace changed: / -> . Reloading params.
[ERROR] [1761295087.916710971] [rviz2]: PluginlibFactory: The plugin for class 'moveit_rviz_plugin/MotionPlanning' failed to load. Error: According to the loaded plugin descriptions the class moveit_rviz_plugin/MotionPlanning with base class type rviz_common::Panel does not exist. Declared types are 
[INFO] [1761295087.960118149] [rviz2.moveit.ros.rdf_loader]: Loaded robot model in 0.00250121 seconds
[INFO] [1761295087.960197531] [rviz2.moveit.core.robot_model]: Loading robot model 'sekirei'...
[INFO] [1761295087.960216965] [rviz2.moveit.core.robot_model]: No root/virtual joint specified in SRDF. Assuming fixed joint
[WARN] [1761295087.960543999] [rviz2.moveit.core.robot_model]: Could not identify parent group for end-effector 'end_effector'
[WARN] [1761295087.969118332] [kdl_parser]: The root link base_link has an inertia specified in the URDF, but KDL does not support a root link with an inertia.  As a workaround, you can add an extra dummy link to your URDF.
[INFO] [1761295087.969448980] [rviz2.moveit.kinematics.kdl_kinematics_plugin]: Joint weights for group 'sekirei_arm': 1 1 1 1 1 1
[INFO] [1761295088.008828830] [rviz2.moveit.ros.planning_scene_monitor]: Starting planning scene monitor
[INFO] [1761295088.009917290] [rviz2.moveit.ros.planning_scene_monitor]: Listening to '/monitored_planning_scene'
[INFO] [1761295088.562510479] [interactive_marker_display_105486505300560]: Connected on namespace: /rviz_moveit_motion_planning_display/robot_interaction_interactive_marker_topic
[WARN] [1761295088.565518292] [kdl_parser]: The root link base_link has an inertia specified in the URDF, but KDL does not support a root link with an inertia.  As a workaround, you can add an extra dummy link to your URDF.
[INFO] [1761295088.570594663] [rviz2.moveit.ros.motion_planning_frame]: group sekirei_arm
[INFO] [1761295088.570627574] [rviz2.moveit.ros.motion_planning_frame]: Constructing new MoveGroup connection for group 'sekirei_arm' in namespace ''
[INFO] [1761295088.588601751] [rviz2.moveit.ros.move_group_interface]: Ready to take commands for planning group sekirei_arm.
[INFO] [1761295088.600941762] [interactive_marker_display_105486505300560]: Sending request for interactive markers
[INFO] [1761295088.645133649] [interactive_marker_display_105486505300560]: Service response received for initialization
[INFO] [1761295373.615441639] [rviz2.moveit.ros.move_group_interface]: MoveGroup action client/server ready
[INFO] [1761295373.616951743] [rviz2.moveit.ros.move_group_interface]: Planning request accepted
[INFO] [1761295373.679001718] [rviz2.moveit.ros.move_group_interface]: Planning request complete!
[INFO] [1761295373.679310957] [rviz2.moveit.ros.move_group_interface]: time taken to generate plan: 0.0142143 seconds
[INFO] [1761295374.463510837] [rviz2.moveit.ros.move_group_interface]: MoveGroup action client/server ready
[INFO] [1761295374.464211270] [rviz2.moveit.ros.move_group_interface]: Planning request accepted
[INFO] [1761295374.567179382] [rviz2.moveit.ros.move_group_interface]: Planning request complete!
[INFO] [1761295374.568216958] [rviz2.moveit.ros.move_group_interface]: time taken to generate plan: 0.00345204 seconds
[INFO] [1761295374.799143940] [rviz2.moveit.ros.move_group_interface]: MoveGroup action client/server ready
[INFO] [1761295374.799909322] [rviz2.moveit.ros.move_group_interface]: Planning request accepted
[INFO] [1761295374.878611901] [rviz2.moveit.ros.move_group_interface]: Planning request complete!
[INFO] [1761295374.879679729] [rviz2.moveit.ros.move_group_interface]: time taken to generate plan: 0.0133743 seconds
[INFO] [1761295374.971261967] [rviz2.moveit.ros.move_group_interface]: MoveGroup action client/server ready
[INFO] [1761295374.972112851] [rviz2.moveit.ros.move_group_interface]: Planning request accepted
[INFO] [1761295375.077130362] [rviz2.moveit.ros.move_group_interface]: Planning request complete!
[INFO] [1761295375.077515110] [rviz2.moveit.ros.move_group_interface]: time taken to generate plan: 0.0135522 seconds
[INFO] [1761295375.148260551] [rviz2.moveit.ros.move_group_interface]: MoveGroup action client/server ready
[INFO] [1761295375.149586166] [rviz2.moveit.ros.move_group_interface]: Planning request accepted
[INFO] [1761295375.176902841] [rviz2.moveit.ros.move_group_interface]: Planning request complete!
[INFO] [1761295375.177670606] [rviz2.moveit.ros.move_group_interface]: time taken to generate plan: 0.0131689 seconds
[INFO] [1761295375.279194269] [rviz2.moveit.ros.move_group_interface]: MoveGroup action client/server ready
[INFO] [1761295375.279754427] [rviz2.moveit.ros.move_group_interface]: Planning request accepted
[INFO] [1761295375.378362948] [rviz2.moveit.ros.move_group_interface]: Planning request complete!
[INFO] [1761295375.379342312] [rviz2.moveit.ros.move_group_interface]: time taken to generate plan: 0.0135436 seconds
[INFO] [1761295375.432729928] [rviz2.moveit.ros.move_group_interface]: MoveGroup action client/server ready
[INFO] [1761295375.433303537] [rviz2.moveit.ros.move_group_interface]: Planning request accepted
[INFO] [1761295375.477211006] [rviz2.moveit.ros.move_group_interface]: Planning request complete!
[INFO] [1761295375.478211418] [rviz2.moveit.ros.move_group_interface]: time taken to generate plan: 0.0134297 seconds
[INFO] [1761295375.586675505] [rviz2.moveit.ros.move_group_interface]: MoveGroup action client/server ready
[INFO] [1761295375.587352189] [rviz2.moveit.ros.move_group_interface]: Planning request accepted
[INFO] [1761295375.676918022] [rviz2.moveit.ros.move_group_interface]: Planning request complete!
[INFO] [1761295375.677098407] [rviz2.moveit.ros.move_group_interface]: time taken to generate plan: 0.0128364 seconds
[INFO] [1761295463.808350330] [rviz2.moveit.ros.move_group_interface]: MoveGroup action client/server ready
[INFO] [1761295463.808925275] [rviz2.moveit.ros.move_group_interface]: Planning request accepted
[INFO] [1761295463.876856275] [rviz2.moveit.ros.move_group_interface]: Planning request complete!
[INFO] [1761295463.877536877] [rviz2.moveit.ros.move_group_interface]: time taken to generate plan: 0.0130861 seconds
[INFO] [1761295463.962937845] [rviz2.moveit.ros.move_group_interface]: MoveGroup action client/server ready
[INFO] [1761295463.963562288] [rviz2.moveit.ros.move_group_interface]: Planning request accepted
[INFO] [1761295464.076888098] [rviz2.moveit.ros.move_group_interface]: Planning request complete!
[INFO] [1761295464.077920132] [rviz2.moveit.ros.move_group_interface]: time taken to generate plan: 0.0131852 seconds
[INFO] [1761295464.104398124] [rviz2.moveit.ros.move_group_interface]: MoveGroup action client/server ready
[INFO] [1761295464.104996660] [rviz2.moveit.ros.move_group_interface]: Planning request accepted
[INFO] [1761295464.179986784] [rviz2.moveit.ros.move_group_interface]: Planning request complete!
[INFO] [1761295464.180058974] [rviz2.moveit.ros.move_group_interface]: time taken to generate plan: 0.0142111 seconds
[INFO] [1761295464.264000729] [rviz2.moveit.ros.move_group_interface]: MoveGroup action client/server ready
[INFO] [1761295464.264813271] [rviz2.moveit.ros.move_group_interface]: Planning request accepted
[INFO] [1761295464.376679253] [rviz2.moveit.ros.move_group_interface]: Planning request complete!
[INFO] [1761295464.377551956] [rviz2.moveit.ros.move_group_interface]: time taken to generate plan: 0.0130982 seconds
[INFO] [1761295464.395274132] [rviz2.moveit.ros.move_group_interface]: MoveGroup action client/server ready
[INFO] [1761295464.395791533] [rviz2.moveit.ros.move_group_interface]: Planning request accepted
[INFO] [1761295464.477594209] [rviz2.moveit.ros.move_group_interface]: Planning request complete!
[INFO] [1761295464.478452211] [rviz2.moveit.ros.move_group_interface]: time taken to generate plan: 0.0135791 seconds
[INFO] [1761295464.528594584] [rviz2.moveit.ros.move_group_interface]: MoveGroup action client/server ready
[INFO] [1761295464.529258824] [rviz2.moveit.ros.move_group_interface]: Planning request accepted
[INFO] [1761295464.577083729] [rviz2.moveit.ros.move_group_interface]: Planning request complete!
[INFO] [1761295464.577581561] [rviz2.moveit.ros.move_group_interface]: time taken to generate plan: 0.0135598 seconds
[INFO] [1761295469.104563042] [rviz2.moveit.ros.move_group_interface]: MoveGroup action client/server ready
[INFO] [1761295469.105713505] [rviz2.moveit.ros.move_group_interface]: Planning request accepted
[INFO] [1761295469.181214877] [rviz2.moveit.ros.move_group_interface]: Planning request complete!
[INFO] [1761295469.181699146] [rviz2.moveit.ros.move_group_interface]: time taken to generate plan: 0.0171854 seconds
[INFO] [1761295469.612671102] [rviz2.moveit.ros.move_group_interface]: MoveGroup action client/server ready
[INFO] [1761295469.613488717] [rviz2.moveit.ros.move_group_interface]: Planning request accepted
[INFO] [1761295469.680649181] [rviz2.moveit.ros.move_group_interface]: Planning request complete!
[INFO] [1761295469.681288834] [rviz2.moveit.ros.move_group_interface]: time taken to generate plan: 0.0162738 seconds
[INFO] [1761295469.768715275] [rviz2.moveit.ros.move_group_interface]: MoveGroup action client/server ready
[INFO] [1761295469.769487498] [rviz2.moveit.ros.move_group_interface]: Planning request accepted
[INFO] [1761295469.879473854] [rviz2.moveit.ros.move_group_interface]: Planning request complete!
[INFO] [1761295469.879730648] [rviz2.moveit.ros.move_group_interface]: time taken to generate plan: 0.0153948 seconds
[INFO] [1761295469.922718257] [rviz2.moveit.ros.move_group_interface]: MoveGroup action client/server ready
[INFO] [1761295469.923720709] [rviz2.moveit.ros.move_group_interface]: Planning request accepted
[INFO] [1761295469.980396590] [rviz2.moveit.ros.move_group_interface]: Planning request complete!
[INFO] [1761295469.981097221] [rviz2.moveit.ros.move_group_interface]: time taken to generate plan: 0.0163201 seconds
[INFO] [1761295470.081281567] [rviz2.moveit.ros.move_group_interface]: MoveGroup action client/server ready
[INFO] [1761295470.082486979] [rviz2.moveit.ros.move_group_interface]: Planning request accepted
[INFO] [1761295470.182021782] [rviz2.moveit.ros.move_group_interface]: Planning request complete!
[INFO] [1761295470.183122755] [rviz2.moveit.ros.move_group_interface]: time taken to generate plan: 0.0180907 seconds
[INFO] [1761295470.985188279] [rviz2.moveit.ros.move_group_interface]: Execute request accepted
[INFO] [1761295470.985424324] [rviz2.moveit.ros.move_group_interface]: Execute request aborted
[ERROR] [1761295470.985885403] [rviz2.moveit.ros.move_group_interface]: MoveGroupInterface::execute() failed or timeout reached
[INFO] [1761295471.521700664] [rviz2.moveit.ros.move_group_interface]: Plan and Execute request accepted
[INFO] [1761295471.580260181] [rviz2.moveit.ros.move_group_interface]: Plan and Execute request aborted
[ERROR] [1761295471.580672681] [rviz2.moveit.ros.move_group_interface]: MoveGroupInterface::move() failed or timeout reached
[INFO] [1761295472.986730151] [rviz2.moveit.ros.move_group_interface]: MoveGroup action client/server ready
[INFO] [1761295472.987411546] [rviz2.moveit.ros.move_group_interface]: Planning request accepted
[INFO] [1761295473.081395285] [rviz2.moveit.ros.move_group_interface]: Planning request complete!
[INFO] [1761295473.081672447] [rviz2.moveit.ros.move_group_interface]: time taken to generate plan: 0.0176178 seconds
[INFO] [1761295473.081859056] [rviz2.moveit.ros.move_group_interface]: MoveGroup action client/server ready
[INFO] [1761295473.082307236] [rviz2.moveit.ros.move_group_interface]: Planning request accepted
[INFO] [1761295473.178936345] [rviz2.moveit.ros.move_group_interface]: Planning request complete!
[INFO] [1761295473.179761528] [rviz2.moveit.ros.move_group_interface]: time taken to generate plan: 0.0152369 seconds
[INFO] [1761295473.180029998] [rviz2.moveit.ros.move_group_interface]: MoveGroup action client/server ready
[INFO] [1761295473.180401295] [rviz2.moveit.ros.move_group_interface]: Planning request accepted
[INFO] [1761295473.280557607] [rviz2.moveit.ros.move_group_interface]: Planning request complete!
[INFO] [1761295473.280824662] [rviz2.moveit.ros.move_group_interface]: time taken to generate plan: 0.0169614 seconds
[INFO] [1761295473.281148105] [rviz2.moveit.ros.move_group_interface]: MoveGroup action client/server ready
[INFO] [1761295473.281790217] [rviz2.moveit.ros.move_group_interface]: Planning request accepted
[INFO] [1761295473.380649116] [rviz2.moveit.ros.move_group_interface]: Planning request complete!
[INFO] [1761295473.381629787] [rviz2.moveit.ros.move_group_interface]: time taken to generate plan: 0.0162267 seconds
[INFO] [1761295482.153996694] [rviz2.moveit.ros.move_group_interface]: MoveGroup action client/server ready
[INFO] [1761295482.154786663] [rviz2.moveit.ros.move_group_interface]: Planning request accepted
[INFO] [1761295482.180377571] [rviz2.moveit.ros.move_group_interface]: Planning request complete!
[INFO] [1761295482.180767558] [rviz2.moveit.ros.move_group_interface]: time taken to generate plan: 0.0158248 seconds
[INFO] [1761295482.624855127] [rviz2.moveit.ros.move_group_interface]: MoveGroup action client/server ready
[INFO] [1761295482.625493887] [rviz2.moveit.ros.move_group_interface]: Planning request accepted
[INFO] [1761295482.681350716] [rviz2.moveit.ros.move_group_interface]: Planning request complete!
[INFO] [1761295482.682015611] [rviz2.moveit.ros.move_group_interface]: time taken to generate plan: 0.0165509 seconds
[INFO] [1761295482.809568588] [rviz2.moveit.ros.move_group_interface]: MoveGroup action client/server ready
[INFO] [1761295482.810498630] [rviz2.moveit.ros.move_group_interface]: Planning request accepted
[INFO] [1761295482.881323928] [rviz2.moveit.ros.move_group_interface]: Planning request complete!
[INFO] [1761295482.881394732] [rviz2.moveit.ros.move_group_interface]: time taken to generate plan: 0.0166979 seconds
[INFO] [1761295482.962936373] [rviz2.moveit.ros.move_group_interface]: MoveGroup action client/server ready
[INFO] [1761295482.963362531] [rviz2.moveit.ros.move_group_interface]: Planning request accepted
[INFO] [1761295483.079564052] [rviz2.moveit.ros.move_group_interface]: Planning request complete!
[INFO] [1761295483.079670526] [rviz2.moveit.ros.move_group_interface]: time taken to generate plan: 0.0158085 seconds
[INFO] [1761295483.130271766] [rviz2.moveit.ros.move_group_interface]: MoveGroup action client/server ready
[INFO] [1761295483.130960595] [rviz2.moveit.ros.move_group_interface]: Planning request accepted
[INFO] [1761295483.179260065] [rviz2.moveit.ros.move_group_interface]: Planning request complete!
[INFO] [1761295483.179974958] [rviz2.moveit.ros.move_group_interface]: time taken to generate plan: 0.0151537 seconds
