[INFO] [1761208844.033569802] [rviz2]: Stereo is NOT SUPPORTED
[INFO] [1761208844.033760570] [rviz2]: OpenGl version: 4.6 (GLSL 4.6)
[INFO] [1761208844.066215362] [rviz2]: Stereo is NOT SUPPORTED
[WARN] [1761208844.166359038] [rcl.logging_rosout]: Publisher already registered for node name: 'rviz2'. If this is due to multiple nodes with the same name then all logs for the logger named 'rviz2' will go out over the existing publisher. As soon as any node with that name is destructed it will unregister the publisher, preventing any further logs for that name from being published on the rosout topic.
[ERROR] [1761208847.220441571] [rviz2.moveit.ros.motion_planning_frame]: Action server: /recognize_objects not available
[INFO] [1761208847.232435636] [rviz2.moveit.ros.motion_planning_frame]: MoveGroup namespace changed: / -> . Reloading params.
[WARN] [1761208847.241867416] [rcl.logging_rosout]: Publisher already registered for node name: 'rviz2'. If this is due to multiple nodes with the same name then all logs for the logger named 'rviz2' will go out over the existing publisher. As soon as any node with that name is destructed it will unregister the publisher, preventing any further logs for that name from being published on the rosout topic.
[INFO] [1761208847.278180547] [rviz2.moveit.ros.rdf_loader]: Loaded robot model in 0.00279856 seconds
[INFO] [1761208847.278270024] [rviz2.moveit.core.robot_model]: Loading robot model 'sekirei'...
[INFO] [1761208847.278296967] [rviz2.moveit.core.robot_model]: No root/virtual joint specified in SRDF. Assuming fixed joint
[WARN] [1761208847.278355732] [rviz2.moveit.core.robot_model]: Link arm_base_link has visual geometry but no collision geometry. Collision geometry will be left empty. Fix your URDF file by explicitly specifying collision geometry.
[WARN] [1761208847.278438256] [rviz2.moveit.core.robot_model]: Link arm1_link has visual geometry but no collision geometry. Collision geometry will be left empty. Fix your URDF file by explicitly specifying collision geometry.
[WARN] [1761208847.278464381] [rviz2.moveit.core.robot_model]: Link arm2_link has visual geometry but no collision geometry. Collision geometry will be left empty. Fix your URDF file by explicitly specifying collision geometry.
[WARN] [1761208847.278483161] [rviz2.moveit.core.robot_model]: Link arm3_link has visual geometry but no collision geometry. Collision geometry will be left empty. Fix your URDF file by explicitly specifying collision geometry.
[WARN] [1761208847.278498800] [rviz2.moveit.core.robot_model]: Link arm4_link has visual geometry but no collision geometry. Collision geometry will be left empty. Fix your URDF file by explicitly specifying collision geometry.
[WARN] [1761208847.278513986] [rviz2.moveit.core.robot_model]: Link arm5_link has visual geometry but no collision geometry. Collision geometry will be left empty. Fix your URDF file by explicitly specifying collision geometry.
[WARN] [1761208847.278528829] [rviz2.moveit.core.robot_model]: Link arm6_link has visual geometry but no collision geometry. Collision geometry will be left empty. Fix your URDF file by explicitly specifying collision geometry.
[WARN] [1761208847.278544066] [rviz2.moveit.core.robot_model]: Link gui_d435_link has visual geometry but no collision geometry. Collision geometry will be left empty. Fix your URDF file by explicitly specifying collision geometry.
[WARN] [1761208847.278577013] [rviz2.moveit.core.robot_model]: Link gui_t265_link has visual geometry but no collision geometry. Collision geometry will be left empty. Fix your URDF file by explicitly specifying collision geometry.
[WARN] [1761208847.278732340] [rviz2.moveit.core.robot_model]: No geometry is associated to any robot links
[WARN] [1761208847.278818760] [rviz2.moveit.core.robot_model]: Could not identify parent group for end-effector 'end_effector'
[WARN] [1761208847.284508652] [rviz2.moveit.ros.robot_model_loader]: No kinematics plugins defined. Fill and load kinematics.yaml!
[INFO] [1761208847.312225320] [rviz2.moveit.ros.planning_scene_monitor]: Starting planning scene monitor
[INFO] [1761208847.313146986] [rviz2.moveit.ros.planning_scene_monitor]: Listening to '/monitored_planning_scene'
[INFO] [1761208847.652305635] [interactive_marker_display_97590308109168]: Connected on namespace: /rviz_moveit_motion_planning_display/robot_interaction_interactive_marker_topic
[INFO] [1761208847.653656911] [rviz2.moveit.ros.robot_interaction]: No active joints or end effectors found for group 'sekirei_arm'. Make sure that kinematics.yaml is loaded in this node's namespace.
[INFO] [1761208847.698245225] [interactive_marker_display_97590308109168]: Sending request for interactive markers
[INFO] [1761208847.731509720] [interactive_marker_display_97590308109168]: Service response received for initialization
[INFO] [1761208852.655956020] [rviz2.moveit.ros.planning_scene_monitor]: Failed to call service get_planning_scene, have you launched move_group or called psm.providePlanningSceneService()?
[INFO] [1761208852.656073278] [rviz2.moveit.ros.motion_planning_frame]: group sekirei_arm
[INFO] [1761208852.656110234] [rviz2.moveit.ros.motion_planning_frame]: Constructing new MoveGroup connection for group 'sekirei_arm' in namespace ''
[INFO] [1761208912.668214012] [rviz2.moveit.ros.move_group_interface]: Ready to take commands for planning group sekirei_arm.
