[INFO] [1761219368.164461544] [rviz2]: Stereo is NOT SUPPORTED
[INFO] [1761219368.164632207] [rviz2]: OpenGl version: 4.6 (GLSL 4.6)
[INFO] [1761219368.194140208] [rviz2]: Stereo is NOT SUPPORTED
[WARN] [1761219368.291273079] [rcl.logging_rosout]: Publisher already registered for node name: 'rviz2'. If this is due to multiple nodes with the same name then all logs for the logger named 'rviz2' will go out over the existing publisher. As soon as any node with that name is destructed it will unregister the publisher, preventing any further logs for that name from being published on the rosout topic.
[ERROR] [1761219371.325469506] [rviz2.moveit.ros.motion_planning_frame]: Action server: /recognize_objects not available
[INFO] [1761219371.337826681] [rviz2.moveit.ros.motion_planning_frame]: MoveGroup namespace changed: / -> . Reloading params.
[WARN] [1761219371.346471443] [rcl.logging_rosout]: Publisher already registered for node name: 'rviz2'. If this is due to multiple nodes with the same name then all logs for the logger named 'rviz2' will go out over the existing publisher. As soon as any node with that name is destructed it will unregister the publisher, preventing any further logs for that name from being published on the rosout topic.
[INFO] [1761219371.384742716] [rviz2.moveit.ros.rdf_loader]: Loaded robot model in 0.0021574 seconds
[INFO] [1761219371.384809357] [rviz2.moveit.core.robot_model]: Loading robot model 'sekirei'...
[INFO] [1761219371.384828121] [rviz2.moveit.core.robot_model]: No root/virtual joint specified in SRDF. Assuming fixed joint
[WARN] [1761219371.385022133] [rviz2.moveit.core.robot_model]: Could not identify parent group for end-effector 'end_effector'
[WARN] [1761219371.389914073] [kdl_parser]: The root link base_link has an inertia specified in the URDF, but KDL does not support a root link with an inertia.  As a workaround, you can add an extra dummy link to your URDF.
[INFO] [1761219371.390039183] [rviz2.moveit.kinematics.kdl_kinematics_plugin]: Joint weights for group 'sekirei_arm': 1 1 1 1 1 1
[INFO] [1761219371.421581543] [rviz2.moveit.ros.planning_scene_monitor]: Starting planning scene monitor
[INFO] [1761219371.422271040] [rviz2.moveit.ros.planning_scene_monitor]: Listening to '/monitored_planning_scene'
[INFO] [1761219371.765369796] [interactive_marker_display_103230119762944]: Connected on namespace: /rviz_moveit_motion_planning_display/robot_interaction_interactive_marker_topic
[WARN] [1761219371.767151496] [kdl_parser]: The root link base_link has an inertia specified in the URDF, but KDL does not support a root link with an inertia.  As a workaround, you can add an extra dummy link to your URDF.
[INFO] [1761219371.801822441] [interactive_marker_display_103230119762944]: Sending request for interactive markers
[INFO] [1761219371.834929453] [interactive_marker_display_103230119762944]: Service response received for initialization
[INFO] [1761219376.769985114] [rviz2.moveit.ros.planning_scene_monitor]: Failed to call service get_planning_scene, have you launched move_group or called psm.providePlanningSceneService()?
[INFO] [1761219376.770389997] [rviz2.moveit.ros.motion_planning_frame]: group sekirei_arm
[INFO] [1761219376.770414991] [rviz2.moveit.ros.motion_planning_frame]: Constructing new MoveGroup connection for group 'sekirei_arm' in namespace ''
[INFO] [1761219436.785821739] [rviz2.moveit.ros.move_group_interface]: Ready to take commands for planning group sekirei_arm.
[INFO] [1761219486.136050728] [rclcpp]: signal_handler(signum=2)
