[INFO] [1761290948.378692893] [rviz2]: Stereo is NOT SUPPORTED
[INFO] [1761290948.378873282] [rviz2]: OpenGl version: 4.6 (GLSL 4.6)
[INFO] [1761290948.414574085] [rviz2]: Stereo is NOT SUPPORTED
[WARN] [1761290948.536290736] [rcl.logging_rosout]: Publisher already registered for node name: 'rviz2'. If this is due to multiple nodes with the same name then all logs for the logger named 'rviz2' will go out over the existing publisher. As soon as any node with that name is destructed it will unregister the publisher, preventing any further logs for that name from being published on the rosout topic.
[ERROR] [1761290951.574736212] [rviz2.moveit.ros.motion_planning_frame]: Action server: /recognize_objects not available
[INFO] [1761290952.348504002] [rviz2.moveit.ros.motion_planning_frame]: MoveGroup namespace changed: / -> . Reloading params.
[ERROR] [1761290952.360489746] [rviz2]: PluginlibFactory: The plugin for class 'rviz_visual_tools/RvizVisualToolsGui' failed to load. Error: According to the loaded plugin descriptions the class rviz_visual_tools/RvizVisualToolsGui with base class type rviz_common::Panel does not exist. Declared types are 
[INFO] [1761290952.395544342] [rviz2.moveit.ros.rdf_loader]: Loaded robot model in 0.00298024 seconds
[INFO] [1761290952.395646267] [rviz2.moveit.core.robot_model]: Loading robot model 'sekirei'...
[INFO] [1761290952.395672869] [rviz2.moveit.core.robot_model]: No root/virtual joint specified in SRDF. Assuming fixed joint
[WARN] [1761290952.395935195] [rviz2.moveit.core.robot_model]: Could not identify parent group for end-effector 'end_effector'
[WARN] [1761290952.409729207] [kdl_parser]: The root link base_link has an inertia specified in the URDF, but KDL does not support a root link with an inertia.  As a workaround, you can add an extra dummy link to your URDF.
[INFO] [1761290952.409989689] [rviz2.moveit.kinematics.kdl_kinematics_plugin]: Joint weights for group 'sekirei_arm': 1 1 1 1 1 1
[INFO] [1761290952.453275444] [rviz2.moveit.ros.planning_scene_monitor]: Starting planning scene monitor
[INFO] [1761290952.454509518] [rviz2.moveit.ros.planning_scene_monitor]: Listening to '/monitored_planning_scene'
[INFO] [1761290952.823104608] [interactive_marker_display_106949433952816]: Connected on namespace: /rviz_moveit_motion_planning_display/robot_interaction_interactive_marker_topic
[WARN] [1761290952.825888870] [kdl_parser]: The root link base_link has an inertia specified in the URDF, but KDL does not support a root link with an inertia.  As a workaround, you can add an extra dummy link to your URDF.
[INFO] [1761290952.865674064] [interactive_marker_display_106949433952816]: Sending request for interactive markers
[INFO] [1761290952.899369186] [interactive_marker_display_106949433952816]: Service response received for initialization
[INFO] [1761290957.833226116] [rviz2.moveit.ros.planning_scene_monitor]: Failed to call service get_planning_scene, have you launched move_group or called psm.providePlanningSceneService()?
[INFO] [1761290957.833326625] [rviz2.moveit.ros.motion_planning_frame]: group sekirei_arm
[INFO] [1761290957.833336216] [rviz2.moveit.ros.motion_planning_frame]: Constructing new MoveGroup connection for group 'sekirei_arm' in namespace ''
[INFO] [1761291017.863613053] [rviz2.moveit.ros.move_group_interface]: Ready to take commands for planning group sekirei_arm.
[INFO] [1761291099.688958645] [rviz2.moveit.ros.move_group_interface]: MoveGroup action client/server not ready
[INFO] [1761291104.129161897] [rviz2.moveit.ros.move_group_interface]: MoveGroup action client/server not ready
[INFO] [1761291104.529725417] [rviz2.moveit.ros.move_group_interface]: MoveGroup action client/server not ready
[INFO] [1761291104.687316632] [rviz2.moveit.ros.move_group_interface]: MoveGroup action client/server not ready
[INFO] [1761291104.858386811] [rviz2.moveit.ros.move_group_interface]: MoveGroup action client/server not ready
[INFO] [1761291116.243702196] [rviz2.moveit.ros.planning_scene_monitor]: Stopping planning scene monitor
[INFO] [1761291118.838157418] [interactive_marker_display_106949433952816]: Connected on namespace: /rviz_moveit_motion_planning_display/robot_interaction_interactive_marker_topic
[INFO] [1761291118.838695805] [rviz2.moveit.ros.motion_planning_frame]: MoveGroup namespace changed: / -> . Reloading params.
[INFO] [1761291118.873240225] [interactive_marker_display_106949433952816]: Sending request for interactive markers
[INFO] [1761291118.927447333] [interactive_marker_display_106949433952816]: Service response received for initialization
