[INFO] [1761294652.807360758] [rviz2]: Stereo is NOT SUPPORTED
[INFO] [1761294652.807745603] [rviz2]: OpenGl version: 4.6 (GLSL 4.6)
[INFO] [1761294652.839173118] [rviz2]: Stereo is NOT SUPPORTED
[WARN] [1761294652.935129818] [rcl.logging_rosout]: Publisher already registered for node name: 'rviz2'. If this is due to multiple nodes with the same name then all logs for the logger named 'rviz2' will go out over the existing publisher. As soon as any node with that name is destructed it will unregister the publisher, preventing any further logs for that name from being published on the rosout topic.
[ERROR] [1761294656.148056061] [rviz2.moveit.ros.motion_planning_frame]: Action server: /recognize_objects not available
[INFO] [1761294656.161248968] [rviz2.moveit.ros.motion_planning_frame]: MoveGroup namespace changed: / -> . Reloading params.
[ERROR] [1761294656.169580772] [rviz2]: PluginlibFactory: The plugin for class 'moveit_rviz_plugin/MotionPlanning' failed to load. Error: According to the loaded plugin descriptions the class moveit_rviz_plugin/MotionPlanning with base class type rviz_common::Panel does not exist. Declared types are 
[INFO] [1761294656.213777468] [rviz2.moveit.ros.rdf_loader]: Loaded robot model in 0.0019649 seconds
[INFO] [1761294656.213847312] [rviz2.moveit.core.robot_model]: Loading robot model 'sekirei'...
[INFO] [1761294656.213873593] [rviz2.moveit.core.robot_model]: No root/virtual joint specified in SRDF. Assuming fixed joint
[WARN] [1761294656.214152536] [rviz2.moveit.core.robot_model]: Could not identify parent group for end-effector 'end_effector'
[WARN] [1761294656.220857150] [kdl_parser]: The root link base_link has an inertia specified in the URDF, but KDL does not support a root link with an inertia.  As a workaround, you can add an extra dummy link to your URDF.
[INFO] [1761294656.221067556] [rviz2.moveit.kinematics.kdl_kinematics_plugin]: Joint weights for group 'sekirei_arm': 1 1 1 1 1 1
[INFO] [1761294656.264514072] [rviz2.moveit.ros.planning_scene_monitor]: Starting planning scene monitor
[INFO] [1761294656.265310787] [rviz2.moveit.ros.planning_scene_monitor]: Listening to '/monitored_planning_scene'
[INFO] [1761294656.678453443] [interactive_marker_display_111075076320448]: Connected on namespace: /rviz_moveit_motion_planning_display/robot_interaction_interactive_marker_topic
[WARN] [1761294656.680900987] [kdl_parser]: The root link base_link has an inertia specified in the URDF, but KDL does not support a root link with an inertia.  As a workaround, you can add an extra dummy link to your URDF.
[INFO] [1761294656.696051511] [rviz2.moveit.ros.motion_planning_frame]: group sekirei_arm
[INFO] [1761294656.696124494] [rviz2.moveit.ros.motion_planning_frame]: Constructing new MoveGroup connection for group 'sekirei_arm' in namespace ''
[INFO] [1761294656.715462310] [rviz2.moveit.ros.move_group_interface]: Ready to take commands for planning group sekirei_arm.
[INFO] [1761294656.728869669] [interactive_marker_display_111075076320448]: Sending request for interactive markers
[INFO] [1761294656.764180415] [interactive_marker_display_111075076320448]: Service response received for initialization
[INFO] [1761294689.157710742] [rviz2.moveit.ros.move_group_interface]: MoveGroup action client/server ready
[INFO] [1761294689.160622961] [rviz2.moveit.ros.move_group_interface]: Planning request accepted
[INFO] [1761294689.218952358] [rviz2.moveit.ros.move_group_interface]: Planning request complete!
[INFO] [1761294689.219506891] [rviz2.moveit.ros.move_group_interface]: time taken to generate plan: 0.0140076 seconds
[INFO] [1761294795.311049514] [rviz2.moveit.ros.motion_planning_frame]: MoveGroup namespace changed: / -> . Reloading params.
[INFO] [1761294795.366387706] [rviz2.moveit.ros.planning_scene_monitor]: Stopping planning scene monitor
[INFO] [1761294795.375938627] [rviz2.moveit.ros.rdf_loader]: Loaded robot model in 0.00254742 seconds
[INFO] [1761294795.376063706] [rviz2.moveit.core.robot_model]: Loading robot model 'sekirei'...
[INFO] [1761294795.376113173] [rviz2.moveit.core.robot_model]: No root/virtual joint specified in SRDF. Assuming fixed joint
[WARN] [1761294795.376417694] [rviz2.moveit.core.robot_model]: Could not identify parent group for end-effector 'end_effector'
[WARN] [1761294795.379088314] [interactive_marker_display_111075076320448]: Server not available while running, resetting
[WARN] [1761294795.380778033] [kdl_parser]: The root link base_link has an inertia specified in the URDF, but KDL does not support a root link with an inertia.  As a workaround, you can add an extra dummy link to your URDF.
[INFO] [1761294795.380945892] [rviz2.moveit.kinematics.kdl_kinematics_plugin]: Joint weights for group 'sekirei_arm': 1 1 1 1 1 1
[INFO] [1761294795.420987674] [rviz2.moveit.ros.planning_scene_monitor]: Starting planning scene monitor
[INFO] [1761294795.422022504] [rviz2.moveit.ros.planning_scene_monitor]: Listening to '/monitored_planning_scene'
[WARN] [1761294795.752366858] [kdl_parser]: The root link base_link has an inertia specified in the URDF, but KDL does not support a root link with an inertia.  As a workaround, you can add an extra dummy link to your URDF.
[INFO] [1761294795.757967866] [rviz2.moveit.ros.motion_planning_frame]: group sekirei_arm
[INFO] [1761294795.758004750] [rviz2.moveit.ros.motion_planning_frame]: Constructing new MoveGroup connection for group 'sekirei_arm' in namespace ''
[INFO] [1761294795.765729172] [interactive_marker_display_111075076320448]: Sending request for interactive markers
[INFO] [1761294795.770598475] [rviz2.moveit.ros.move_group_interface]: Ready to take commands for planning group sekirei_arm.
[INFO] [1761294795.798569478] [interactive_marker_display_111075076320448]: Service response received for initialization
