[INFO] [1761293370.473807495] [rviz2]: Stereo is NOT SUPPORTED
[INFO] [1761293370.474012410] [rviz2]: OpenGl version: 4.6 (GLSL 4.6)
[INFO] [1761293370.504352759] [rviz2]: Stereo is NOT SUPPORTED
[WARN] [1761293370.596106219] [rcl.logging_rosout]: Publisher already registered for node name: 'rviz2'. If this is due to multiple nodes with the same name then all logs for the logger named 'rviz2' will go out over the existing publisher. As soon as any node with that name is destructed it will unregister the publisher, preventing any further logs for that name from being published on the rosout topic.
[ERROR] [1761293373.631529704] [rviz2.moveit.ros.motion_planning_frame]: Action server: /recognize_objects not available
[INFO] [1761293373.642523498] [rviz2.moveit.ros.motion_planning_frame]: MoveGroup namespace changed: / -> . Reloading params.
[ERROR] [1761293373.650297670] [rviz2]: PluginlibFactory: The plugin for class 'rviz_visual_tools/RvizVisualToolsGui' failed to load. Error: According to the loaded plugin descriptions the class rviz_visual_tools/RvizVisualToolsGui with base class type rviz_common::Panel does not exist. Declared types are 
[INFO] [1761293373.696706890] [rviz2.moveit.ros.rdf_loader]: Loaded robot model in 0.00383288 seconds
[INFO] [1761293373.696964365] [rviz2.moveit.core.robot_model]: Loading robot model 'sekirei'...
[INFO] [1761293373.697012340] [rviz2.moveit.core.robot_model]: No root/virtual joint specified in SRDF. Assuming fixed joint
[WARN] [1761293373.697512345] [rviz2.moveit.core.robot_model]: Could not identify parent group for end-effector 'end_effector'
[WARN] [1761293373.705250082] [kdl_parser]: The root link base_link has an inertia specified in the URDF, but KDL does not support a root link with an inertia.  As a workaround, you can add an extra dummy link to your URDF.
[INFO] [1761293373.705382330] [rviz2.moveit.kinematics.kdl_kinematics_plugin]: Joint weights for group 'sekirei_arm': 1 1 1 1 1 1
[INFO] [1761293373.762960644] [rviz2.moveit.ros.planning_scene_monitor]: Starting planning scene monitor
[INFO] [1761293373.764241569] [rviz2.moveit.ros.planning_scene_monitor]: Listening to '/monitored_planning_scene'
[INFO] [1761293374.129192390] [interactive_marker_display_97014072597440]: Connected on namespace: /rviz_moveit_motion_planning_display/robot_interaction_interactive_marker_topic
[WARN] [1761293374.130908142] [kdl_parser]: The root link base_link has an inertia specified in the URDF, but KDL does not support a root link with an inertia.  As a workaround, you can add an extra dummy link to your URDF.
[INFO] [1761293374.135418972] [rviz2.moveit.ros.motion_planning_frame]: group sekirei_arm
[INFO] [1761293374.135455544] [rviz2.moveit.ros.motion_planning_frame]: Constructing new MoveGroup connection for group 'sekirei_arm' in namespace ''
[INFO] [1761293374.147116818] [rviz2.moveit.ros.move_group_interface]: Ready to take commands for planning group sekirei_arm.
[INFO] [1761293374.184233059] [interactive_marker_display_97014072597440]: Sending request for interactive markers
[INFO] [1761293374.217072153] [interactive_marker_display_97014072597440]: Service response received for initialization
[INFO] [1761293409.771794728] [rviz2.moveit.ros.move_group_interface]: MoveGroup action client/server ready
[INFO] [1761293409.775355047] [rviz2.moveit.ros.move_group_interface]: Planning request accepted
[INFO] [1761293409.850786198] [rviz2.moveit.ros.move_group_interface]: Planning request complete!
[INFO] [1761293409.851667670] [rviz2.moveit.ros.move_group_interface]: time taken to generate plan: 0.0160191 seconds
[INFO] [1761293411.997980418] [rviz2.moveit.ros.move_group_interface]: Execute request accepted
[INFO] [1761293411.999259390] [rviz2.moveit.ros.move_group_interface]: Execute request aborted
[ERROR] [1761293412.000210286] [rviz2.moveit.ros.move_group_interface]: MoveGroupInterface::execute() failed or timeout reached
[INFO] [1761293413.709638792] [rviz2.moveit.ros.move_group_interface]: Plan and Execute request accepted
[INFO] [1761293413.760622596] [rviz2.moveit.ros.move_group_interface]: Plan and Execute request aborted
[ERROR] [1761293413.760730087] [rviz2.moveit.ros.move_group_interface]: MoveGroupInterface::move() failed or timeout reached
[INFO] [1761293414.250247743] [rviz2.moveit.ros.move_group_interface]: Plan and Execute request accepted
[INFO] [1761293414.359195654] [rviz2.moveit.ros.move_group_interface]: Plan and Execute request aborted
[ERROR] [1761293414.359494396] [rviz2.moveit.ros.move_group_interface]: MoveGroupInterface::move() failed or timeout reached
[INFO] [1761293414.555616974] [rviz2.moveit.ros.move_group_interface]: Plan and Execute request accepted
[INFO] [1761293414.635510124] [rviz2.moveit.ros.move_group_interface]: Plan and Execute request aborted
[ERROR] [1761293414.635794500] [rviz2.moveit.ros.move_group_interface]: MoveGroupInterface::move() failed or timeout reached
[INFO] [1761293418.298928362] [rviz2.moveit.ros.move_group_interface]: MoveGroup action client/server ready
[INFO] [1761293418.299563006] [rviz2.moveit.ros.move_group_interface]: Planning request accepted
[INFO] [1761293418.341557391] [rviz2.moveit.ros.move_group_interface]: Planning request complete!
[INFO] [1761293418.342586560] [rviz2.moveit.ros.move_group_interface]: time taken to generate plan: 0.0196955 seconds
[INFO] [1761293420.279021492] [rviz2.moveit.ros.move_group_interface]: MoveGroup action client/server ready
[INFO] [1761293420.280189329] [rviz2.moveit.ros.move_group_interface]: Planning request accepted
[INFO] [1761293420.364480204] [rviz2.moveit.ros.move_group_interface]: Planning request complete!
[INFO] [1761293420.365596704] [rviz2.moveit.ros.move_group_interface]: time taken to generate plan: 0.0408414 seconds
[INFO] [1761293420.838856323] [rviz2.moveit.ros.move_group_interface]: MoveGroup action client/server ready
[INFO] [1761293420.839875908] [rviz2.moveit.ros.move_group_interface]: Planning request accepted
[INFO] [1761293420.969039313] [rviz2.moveit.ros.move_group_interface]: Planning request complete!
[INFO] [1761293420.970026315] [rviz2.moveit.ros.move_group_interface]: time taken to generate plan: 0.0459302 seconds
[INFO] [1761293422.189583268] [rviz2.moveit.ros.move_group_interface]: Execute request accepted
[INFO] [1761293422.190125556] [rviz2.moveit.ros.move_group_interface]: Execute request aborted
[ERROR] [1761293422.190957568] [rviz2.moveit.ros.move_group_interface]: MoveGroupInterface::execute() failed or timeout reached
[INFO] [1761293434.300114534] [rviz2.moveit.ros.move_group_interface]: MoveGroup action client/server ready
[INFO] [1761293434.300643327] [rviz2.moveit.ros.move_group_interface]: Planning request accepted
[INFO] [1761293434.336009424] [rviz2.moveit.ros.move_group_interface]: Planning request complete!
[INFO] [1761293434.336205752] [rviz2.moveit.ros.move_group_interface]: time taken to generate plan: 0.0150928 seconds
[INFO] [1761293435.708534599] [rviz2.moveit.ros.move_group_interface]: Execute request accepted
[INFO] [1761293435.708701540] [rviz2.moveit.ros.move_group_interface]: Execute request aborted
[ERROR] [1761293435.709284561] [rviz2.moveit.ros.move_group_interface]: MoveGroupInterface::execute() failed or timeout reached
[INFO] [1761293436.425964962] [rviz2.moveit.ros.move_group_interface]: Plan and Execute request accepted
[INFO] [1761293436.539460246] [rviz2.moveit.ros.move_group_interface]: Plan and Execute request aborted
[ERROR] [1761293436.540437906] [rviz2.moveit.ros.move_group_interface]: MoveGroupInterface::move() failed or timeout reached
