[INFO] [1761651104.553770426] [FFMPEGPublisher]: using libav encoder: libx264
[INFO] [1761651104.563844466] [usb_cam_node]: camera_name value: default_cam
[WARN] [1761651104.563905835] [usb_cam_node]: framerate: 30.000000
[INFO] [1761651104.565934595] [usb_cam_node]: using default calibration URL
[INFO] [1761651104.565992104] [usb_cam_node]: camera calibration URL: file:///root/.ros/camera_info/default_cam.yaml
[ERROR] [1761651104.566047328] [camera_calibration_parsers]: Unable to open camera calibration file [/root/.ros/camera_info/default_cam.yaml]
[WARN] [1761651104.566115808] [usb_cam_node]: Camera calibration file /root/.ros/camera_info/default_cam.yaml not found
[INFO] [1761651104.660247608] [usb_cam_node]: Starting 'default_cam' (/dev/video0) at 1280x720 via mmap (yuyv) at 30 FPS
[INFO] [1761651104.665730018] [usb_cam_node]: Setting 'brightness' to 50
[INFO] [1761651104.671826183] [usb_cam_node]: Setting 'white_balance_temperature_auto' to 1
[INFO] [1761651104.671863744] [usb_cam_node]: Setting 'exposure_auto' to 3
[INFO] [1761651104.674516616] [usb_cam_node]: Setting 'focus_auto' to 0
[INFO] [1761651104.939606874] [usb_cam_node]: Timer triggering every 33 ms
[INFO] [1761651143.323804606] [Encoder]: using av_source_pixel_format: yuv420p
[INFO] [1761651143.323824740] [Encoder]: codec:    libx264, bit_rate:         -1 qmax: -1 options: 
[INFO] [1761651143.323830114] [Encoder]: cv_bridge_target_format: bgr8 libav: bgr24
[INFO] [1761651143.323832301] [Encoder]: av_source_pixel_format: yuv420p
[INFO] [1761651143.323834054] [Encoder]: encoder (hw) format:    yuv420p
[ERROR] [1761651143.336372726] [Encoder]: cannot open codec libx264: Generic error in an external library
[ERROR] [1761651143.336430698] [FFMPEGPublisher]: cannot initialize encoder
[INFO] [1761651143.424172314] [Encoder]: using av_source_pixel_format: yuv420p
[INFO] [1761651143.424216343] [Encoder]: codec:    libx264, bit_rate:         -1 qmax: -1 options: 
[INFO] [1761651143.424224052] [Encoder]: cv_bridge_target_format: bgr8 libav: bgr24
[INFO] [1761651143.424225792] [Encoder]: av_source_pixel_format: yuv420p
[INFO] [1761651143.424227537] [Encoder]: encoder (hw) format:    yuv420p
[ERROR] [1761651143.424323315] [Encoder]: cannot open codec libx264: Generic error in an external library
[ERROR] [1761651143.424371145] [FFMPEGPublisher]: cannot initialize encoder
[INFO] [1761651143.523821656] [Encoder]: using av_source_pixel_format: yuv420p
[INFO] [1761651143.523844965] [Encoder]: codec:    libx264, bit_rate:         -1 qmax: -1 options: 
[INFO] [1761651143.523851966] [Encoder]: cv_bridge_target_format: bgr8 libav: bgr24
[INFO] [1761651143.523854935] [Encoder]: av_source_pixel_format: yuv420p
[INFO] [1761651143.523857945] [Encoder]: encoder (hw) format:    yuv420p
[ERROR] [1761651143.523909665] [Encoder]: cannot open codec libx264: Generic error in an external library
[ERROR] [1761651143.523968392] [FFMPEGPublisher]: cannot initialize encoder
[INFO] [1761651143.624267993] [Encoder]: using av_source_pixel_format: yuv420p
[INFO] [1761651143.624310629] [Encoder]: codec:    libx264, bit_rate:         -1 qmax: -1 options: 
[INFO] [1761651143.624317062] [Encoder]: cv_bridge_target_format: bgr8 libav: bgr24
[INFO] [1761651143.624319174] [Encoder]: av_source_pixel_format: yuv420p
[INFO] [1761651143.624320896] [Encoder]: encoder (hw) format:    yuv420p
[ERROR] [1761651143.624391509] [Encoder]: cannot open codec libx264: Generic error in an external library
[ERROR] [1761651143.624430006] [FFMPEGPublisher]: cannot initialize encoder
[INFO] [1761651143.724350947] [Encoder]: using av_source_pixel_format: yuv420p
[INFO] [1761651143.724416625] [Encoder]: codec:    libx264, bit_rate:         -1 qmax: -1 options: 
[INFO] [1761651143.724458927] [Encoder]: cv_bridge_target_format: bgr8 libav: bgr24
[INFO] [1761651143.724461453] [Encoder]: av_source_pixel_format: yuv420p
[INFO] [1761651143.724464107] [Encoder]: encoder (hw) format:    yuv420p
[ERROR] [1761651143.724593149] [Encoder]: cannot open codec libx264: Generic error in an external library
[ERROR] [1761651143.724651641] [FFMPEGPublisher]: cannot initialize encoder
[INFO] [1761651143.823994023] [Encoder]: using av_source_pixel_format: yuv420p
[INFO] [1761651143.824013582] [Encoder]: codec:    libx264, bit_rate:         -1 qmax: -1 options: 
[INFO] [1761651143.824019443] [Encoder]: cv_bridge_target_format: bgr8 libav: bgr24
[INFO] [1761651143.824021260] [Encoder]: av_source_pixel_format: yuv420p
[INFO] [1761651143.824023035] [Encoder]: encoder (hw) format:    yuv420p
[ERROR] [1761651143.824062281] [Encoder]: cannot open codec libx264: Generic error in an external library
[ERROR] [1761651143.824088371] [FFMPEGPublisher]: cannot initialize encoder
[INFO] [1761651143.923984635] [Encoder]: using av_source_pixel_format: yuv420p
[INFO] [1761651143.924029347] [Encoder]: codec:    libx264, bit_rate:         -1 qmax: -1 options: 
[INFO] [1761651143.924035245] [Encoder]: cv_bridge_target_format: bgr8 libav: bgr24
[INFO] [1761651143.924038096] [Encoder]: av_source_pixel_format: yuv420p
[INFO] [1761651143.924041267] [Encoder]: encoder (hw) format:    yuv420p
[ERROR] [1761651143.924109496] [Encoder]: cannot open codec libx264: Generic error in an external library
[ERROR] [1761651143.924152242] [FFMPEGPublisher]: cannot initialize encoder
[INFO] [1761651144.023914591] [Encoder]: using av_source_pixel_format: yuv420p
[INFO] [1761651144.023942178] [Encoder]: codec:    libx264, bit_rate:         -1 qmax: -1 options: 
[INFO] [1761651144.023948026] [Encoder]: cv_bridge_target_format: bgr8 libav: bgr24
[INFO] [1761651144.023949979] [Encoder]: av_source_pixel_format: yuv420p
[INFO] [1761651144.023951855] [Encoder]: encoder (hw) format:    yuv420p
[ERROR] [1761651144.024038353] [Encoder]: cannot open codec libx264: Generic error in an external library
[ERROR] [1761651144.024071000] [FFMPEGPublisher]: cannot initialize encoder
[INFO] [1761651144.124121985] [Encoder]: using av_source_pixel_format: yuv420p
[INFO] [1761651144.124140616] [Encoder]: codec:    libx264, bit_rate:         -1 qmax: -1 options: 
[INFO] [1761651144.124144541] [Encoder]: cv_bridge_target_format: bgr8 libav: bgr24
[INFO] [1761651144.124146282] [Encoder]: av_source_pixel_format: yuv420p
[INFO] [1761651144.124148071] [Encoder]: encoder (hw) format:    yuv420p
[ERROR] [1761651144.124185930] [Encoder]: cannot open codec libx264: Generic error in an external library
[ERROR] [1761651144.124209325] [FFMPEGPublisher]: cannot initialize encoder
[INFO] [1761651144.224225772] [Encoder]: using av_source_pixel_format: yuv420p
[INFO] [1761651144.224242982] [Encoder]: codec:    libx264, bit_rate:         -1 qmax: -1 options: 
[INFO] [1761651144.224246672] [Encoder]: cv_bridge_target_format: bgr8 libav: bgr24
[INFO] [1761651144.224248410] [Encoder]: av_source_pixel_format: yuv420p
[INFO] [1761651144.224250089] [Encoder]: encoder (hw) format:    yuv420p
[ERROR] [1761651144.224284045] [Encoder]: cannot open codec libx264: Generic error in an external library
[ERROR] [1761651144.224304100] [FFMPEGPublisher]: cannot initialize encoder
[INFO] [1761651144.323909765] [Encoder]: using av_source_pixel_format: yuv420p
[INFO] [1761651144.323924347] [Encoder]: codec:    libx264, bit_rate:         -1 qmax: -1 options: 
[INFO] [1761651144.323928451] [Encoder]: cv_bridge_target_format: bgr8 libav: bgr24
[INFO] [1761651144.323930051] [Encoder]: av_source_pixel_format: yuv420p
[INFO] [1761651144.323931689] [Encoder]: encoder (hw) format:    yuv420p
[ERROR] [1761651144.323961767] [Encoder]: cannot open codec libx264: Generic error in an external library
[ERROR] [1761651144.323978199] [FFMPEGPublisher]: cannot initialize encoder
[INFO] [1761651144.424415403] [Encoder]: using av_source_pixel_format: yuv420p
[INFO] [1761651144.424431271] [Encoder]: codec:    libx264, bit_rate:         -1 qmax: -1 options: 
[INFO] [1761651144.424434784] [Encoder]: cv_bridge_target_format: bgr8 libav: bgr24
[INFO] [1761651144.424436480] [Encoder]: av_source_pixel_format: yuv420p
[INFO] [1761651144.424438114] [Encoder]: encoder (hw) format:    yuv420p
[ERROR] [1761651144.424471252] [Encoder]: cannot open codec libx264: Generic error in an external library
[ERROR] [1761651144.424497112] [FFMPEGPublisher]: cannot initialize encoder
[INFO] [1761651144.524192734] [Encoder]: using av_source_pixel_format: yuv420p
[INFO] [1761651144.524207977] [Encoder]: codec:    libx264, bit_rate:         -1 qmax: -1 options: 
[INFO] [1761651144.524211504] [Encoder]: cv_bridge_target_format: bgr8 libav: bgr24
[INFO] [1761651144.524213144] [Encoder]: av_source_pixel_format: yuv420p
[INFO] [1761651144.524214758] [Encoder]: encoder (hw) format:    yuv420p
[ERROR] [1761651144.524248974] [Encoder]: cannot open codec libx264: Generic error in an external library
[ERROR] [1761651144.524267925] [FFMPEGPublisher]: cannot initialize encoder
[INFO] [1761651144.623930999] [Encoder]: using av_source_pixel_format: yuv420p
[INFO] [1761651144.623945588] [Encoder]: codec:    libx264, bit_rate:         -1 qmax: -1 options: 
[INFO] [1761651144.623949742] [Encoder]: cv_bridge_target_format: bgr8 libav: bgr24
[INFO] [1761651144.623951380] [Encoder]: av_source_pixel_format: yuv420p
[INFO] [1761651144.623953097] [Encoder]: encoder (hw) format:    yuv420p
[ERROR] [1761651144.623983877] [Encoder]: cannot open codec libx264: Generic error in an external library
[ERROR] [1761651144.624001028] [FFMPEGPublisher]: cannot initialize encoder
[INFO] [1761651144.723905740] [Encoder]: using av_source_pixel_format: yuv420p
[INFO] [1761651144.723920170] [Encoder]: codec:    libx264, bit_rate:         -1 qmax: -1 options: 
[INFO] [1761651144.723924019] [Encoder]: cv_bridge_target_format: bgr8 libav: bgr24
[INFO] [1761651144.723925655] [Encoder]: av_source_pixel_format: yuv420p
[INFO] [1761651144.723927254] [Encoder]: encoder (hw) format:    yuv420p
[ERROR] [1761651144.723957184] [Encoder]: cannot open codec libx264: Generic error in an external library
[ERROR] [1761651144.723973491] [FFMPEGPublisher]: cannot initialize encoder
