1761220576.2121987 [INFO] [launch]: All log files can be found below /root/.ros/log/2025-10-23-11-56-16-211346-rodeppc-153848
1761220576.2123146 [INFO] [launch]: Default logging verbosity is set to INFO
1761220576.3216910 [INFO] [static_transform_publisher-1]: process started with pid [153851]
1761220576.3218393 [INFO] [robot_state_publisher-2]: process started with pid [153852]
1761220576.3219364 [INFO] [joint_state_publisher_gui-3]: process started with pid [153853]
1761220576.3220179 [INFO] [move_group-4]: process started with pid [153854]
1761220576.3221025 [INFO] [rviz2-5]: process started with pid [153855]
1761220576.3385942 [static_transform_publisher-1] [WARN] [1761220576.338267138] []: Old-style arguments are deprecated; see --help for new-style arguments
1761220576.3575604 [static_transform_publisher-1] [INFO] [1761220576.357260968] [static_transform_publisher]: Spinning until stopped - publishing transform
1761220576.3577373 [static_transform_publisher-1] translation: ('0.000000', '0.000000', '0.000000')
1761220576.3578076 [static_transform_publisher-1] rotation: ('0.000000', '0.000000', '0.000000', '1.000000')
1761220576.3578522 [static_transform_publisher-1] from 'world' to 'base_link'
1761220576.3604734 [robot_state_publisher-2] [WARN] [1761220576.360293919] [kdl_parser]: The root link base_link has an inertia specified in the URDF, but KDL does not support a root link with an inertia.  As a workaround, you can add an extra dummy link to your URDF.
1761220576.3607340 [robot_state_publisher-2] [INFO] [1761220576.360421201] [robot_state_publisher]: Robot initialized
1761220576.3706260 [rviz2-5] QStandardPaths: XDG_RUNTIME_DIR not set, defaulting to '/tmp/runtime-root'
1761220576.5839751 [ERROR] [move_group-4]: process has died [pid 153854, exit code -6, cmd '/opt/ros/jazzy/lib/moveit_ros_move_group/move_group --ros-args --params-file /tmp/launch_params_dxffu6vd'].
1761220577.0809672 [joint_state_publisher_gui-3] QStandardPaths: XDG_RUNTIME_DIR not set, defaulting to '/tmp/runtime-root'
1761220577.0845182 [rviz2-5] [INFO] [1761220577.084307562] [rviz2]: Stereo is NOT SUPPORTED
1761220577.0849564 [rviz2-5] [INFO] [1761220577.084545609] [rviz2]: OpenGl version: 4.6 (GLSL 4.6)
1761220577.1117992 [rviz2-5] [INFO] [1761220577.111655500] [rviz2]: Stereo is NOT SUPPORTED
1761220577.1444700 [joint_state_publisher_gui-3] [INFO] [1761220577.144069023] [joint_state_publisher_gui]: Waiting for robot_description to be published on the robot_description topic...
1761220577.1567965 [joint_state_publisher_gui-3] [INFO] [1761220577.156590763] [joint_state_publisher_gui]: Centering
1761220577.2207665 [rviz2-5] Warning: class_loader.impl: SEVERE WARNING!!! A namespace collision has occurred with plugin factory for class rviz_default_plugins::displays::InteractiveMarkerDisplay. New factory will OVERWRITE existing one. This situation occurs when libraries containing plugins are directly linked against an executable (the one running right now generating this message). Please separate plugins out into their own library or just don't link against the library and use either class_loader::ClassLoader/MultiLibraryClassLoader to open.
1761220577.2214296 [rviz2-5]          at line 321 in /opt/ros/jazzy/include/class_loader/class_loader/class_loader_core.hpp
1761220577.2218852 [rviz2-5] [WARN] [1761220577.221763894] [rcl.logging_rosout]: Publisher already registered for node name: 'rviz2'. If this is due to multiple nodes with the same name then all logs for the logger named 'rviz2' will go out over the existing publisher. As soon as any node with that name is destructed it will unregister the publisher, preventing any further logs for that name from being published on the rosout topic.
1761220579.3908536 [joint_state_publisher_gui-3] [INFO] [1761220579.390546838] [joint_state_publisher_gui]: Centering
1761220579.4973741 [joint_state_publisher_gui-3] [INFO] [1761220579.497112211] [joint_state_publisher_gui]: Centering
1761220580.2585590 [rviz2-5] [ERROR] [1761220580.258348479] [rviz2.moveit.ros.motion_planning_frame]: Action server: /recognize_objects not available
1761220580.2728989 [rviz2-5] [INFO] [1761220580.272641250] [rviz2.moveit.ros.motion_planning_frame]: MoveGroup namespace changed: / -> . Reloading params.
1761220580.2860546 [rviz2-5] [WARN] [1761220580.285564366] [rcl.logging_rosout]: Publisher already registered for node name: 'rviz2'. If this is due to multiple nodes with the same name then all logs for the logger named 'rviz2' will go out over the existing publisher. As soon as any node with that name is destructed it will unregister the publisher, preventing any further logs for that name from being published on the rosout topic.
1761220580.3210168 [rviz2-5] [INFO] [1761220580.320849499] [rviz2.moveit.ros.rdf_loader]: Loaded robot model in 0.00209221 seconds
1761220580.3213305 [rviz2-5] [INFO] [1761220580.320914818] [rviz2.moveit.core.robot_model]: Loading robot model 'sekirei'...
1761220580.3214684 [rviz2-5] [INFO] [1761220580.320932553] [rviz2.moveit.core.robot_model]: No root/virtual joint specified in SRDF. Assuming fixed joint
1761220580.3216364 [rviz2-5] [WARN] [1761220580.321151690] [rviz2.moveit.core.robot_model]: Could not identify parent group for end-effector 'end_effector'
1761220580.3270187 [rviz2-5] [WARN] [1761220580.326856635] [kdl_parser]: The root link base_link has an inertia specified in the URDF, but KDL does not support a root link with an inertia.  As a workaround, you can add an extra dummy link to your URDF.
1761220580.3273718 [rviz2-5] [INFO] [1761220580.326993659] [rviz2.moveit.kinematics.kdl_kinematics_plugin]: Joint weights for group 'sekirei_arm': 1 1 1 1 1 1
1761220580.3616567 [rviz2-5] [INFO] [1761220580.361408468] [rviz2.moveit.ros.planning_scene_monitor]: Starting planning scene monitor
1761220580.3627434 [rviz2-5] [INFO] [1761220580.362516273] [rviz2.moveit.ros.planning_scene_monitor]: Listening to '/monitored_planning_scene'
1761220580.7655246 [rviz2-5] [INFO] [1761220580.765214185] [interactive_marker_display_99012787398016]: Connected on namespace: /rviz_moveit_motion_planning_display/robot_interaction_interactive_marker_topic
1761220580.7674067 [rviz2-5] [WARN] [1761220580.767319602] [kdl_parser]: The root link base_link has an inertia specified in the URDF, but KDL does not support a root link with an inertia.  As a workaround, you can add an extra dummy link to your URDF.
1761220580.8206058 [rviz2-5] [INFO] [1761220580.820181324] [interactive_marker_display_99012787398016]: Sending request for interactive markers
1761220580.8531201 [rviz2-5] [INFO] [1761220580.852940413] [interactive_marker_display_99012787398016]: Service response received for initialization
1761220585.7719593 [rviz2-5] [INFO] [1761220585.771731376] [rviz2.moveit.ros.planning_scene_monitor]: Failed to call service get_planning_scene, have you launched move_group or called psm.providePlanningSceneService()?
1761220585.7724400 [rviz2-5] [INFO] [1761220585.771839683] [rviz2.moveit.ros.motion_planning_frame]: group sekirei_arm
1761220585.7727199 [rviz2-5] [INFO] [1761220585.771849816] [rviz2.moveit.ros.motion_planning_frame]: Constructing new MoveGroup connection for group 'sekirei_arm' in namespace ''
1761220645.7907696 [rviz2-5] [INFO] [1761220645.790596764] [rviz2.moveit.ros.move_group_interface]: Ready to take commands for planning group sekirei_arm.
1761220661.7462645 [WARNING] [launch]: user interrupted with ctrl-c (SIGINT)
1761220661.7487521 [rviz2-5] [INFO] [1761220661.745866180] [rclcpp]: signal_handler(signum=2)
1761220661.7489679 [robot_state_publisher-2] [INFO] [1761220661.745952030] [rclcpp]: signal_handler(signum=2)
1761220661.7491817 [static_transform_publisher-1] [INFO] [1761220661.745970114] [rclcpp]: signal_handler(signum=2)
1761220661.7494023 [rviz2-5] [WARN] [1761220661.749104621] [interactive_marker_display_99012787398016]: Server not available while running, resetting
1761220661.7587857 [ERROR] [joint_state_publisher_gui-3]: process has died [pid 153853, exit code -2, cmd '/opt/ros/jazzy/lib/joint_state_publisher_gui/joint_state_publisher_gui --ros-args -r __node:=joint_state_publisher_gui'].
1761220661.8416591 [rviz2-5] [ERROR] [1761220661.841512737] [rviz2.moveit.ros.background_processing]: Exception caught while processing action 'Frame::changePlanningGroup': std::future_error: Broken promise
1761220661.8502681 [rviz2-5] [INFO] [1761220661.850010164] [rviz2.moveit.ros.planning_scene_monitor]: Stopping planning scene monitor
1761220661.8563623 [INFO] [static_transform_publisher-1]: process has finished cleanly [pid 153851]
1761220661.8595033 [INFO] [robot_state_publisher-2]: process has finished cleanly [pid 153852]
1761220662.0013318 [INFO] [rviz2-5]: process has finished cleanly [pid 153855]
