1761294164.9588075 [INFO] [launch]: All log files can be found below /root/.ros/log/2025-10-24-08-22-44-958037-rodeppc-129924
1761294164.9589117 [INFO] [launch]: Default logging verbosity is set to INFO
1761294165.1043234 [INFO] [static_transform_publisher-1]: process started with pid [129927]
1761294165.1045694 [INFO] [robot_state_publisher-2]: process started with pid [129928]
1761294165.1047072 [INFO] [joint_state_publisher-3]: process started with pid [129929]
1761294165.1047795 [INFO] [move_group-4]: process started with pid [129930]
1761294165.1048450 [INFO] [rviz2-5]: process started with pid [129931]
1761294165.1244867 [static_transform_publisher-1] [WARN] [1761294165.124068262] []: Old-style arguments are deprecated; see --help for new-style arguments
1761294165.1450379 [static_transform_publisher-1] [INFO] [1761294165.144774564] [static_transform_publisher]: Spinning until stopped - publishing transform
1761294165.1451952 [static_transform_publisher-1] translation: ('0.000000', '0.000000', '0.000000')
1761294165.1452549 [static_transform_publisher-1] rotation: ('0.000000', '0.000000', '0.000000', '1.000000')
1761294165.1453025 [static_transform_publisher-1] from 'world' to 'base_link'
1761294165.1468699 [robot_state_publisher-2] [WARN] [1761294165.146622674] [kdl_parser]: The root link base_link has an inertia specified in the URDF, but KDL does not support a root link with an inertia.  As a workaround, you can add an extra dummy link to your URDF.
1761294165.1473222 [robot_state_publisher-2] [INFO] [1761294165.146738579] [robot_state_publisher]: Robot initialized
1761294165.1957431 [rviz2-5] QStandardPaths: XDG_RUNTIME_DIR not set, defaulting to '/tmp/runtime-root'
1761294165.6884458 [joint_state_publisher-3] [INFO] [1761294165.688276469] [joint_state_publisher]: Waiting for robot_description to be published on the robot_description topic...
1761294165.9565382 [rviz2-5] [INFO] [1761294165.956111633] [rviz2]: Stereo is NOT SUPPORTED
1761294165.9570670 [rviz2-5] [INFO] [1761294165.956453570] [rviz2]: OpenGl version: 4.6 (GLSL 4.6)
1761294166.0032153 [rviz2-5] [INFO] [1761294166.002754829] [rviz2]: Stereo is NOT SUPPORTED
1761294166.1178899 [rviz2-5] Warning: class_loader.impl: SEVERE WARNING!!! A namespace collision has occurred with plugin factory for class rviz_default_plugins::displays::InteractiveMarkerDisplay. New factory will OVERWRITE existing one. This situation occurs when libraries containing plugins are directly linked against an executable (the one running right now generating this message). Please separate plugins out into their own library or just don't link against the library and use either class_loader::ClassLoader/MultiLibraryClassLoader to open.
1761294166.1182525 [rviz2-5]          at line 321 in /opt/ros/jazzy/include/class_loader/class_loader/class_loader_core.hpp
1761294166.1189339 [rviz2-5] [WARN] [1761294166.118765742] [rcl.logging_rosout]: Publisher already registered for node name: 'rviz2'. If this is due to multiple nodes with the same name then all logs for the logger named 'rviz2' will go out over the existing publisher. As soon as any node with that name is destructed it will unregister the publisher, preventing any further logs for that name from being published on the rosout topic.
1761294169.1575811 [rviz2-5] [ERROR] [1761294169.156960400] [rviz2.moveit.ros.motion_planning_frame]: Action server: /recognize_objects not available
1761294169.1994281 [rviz2-5] [INFO] [1761294169.199066502] [rviz2.moveit.ros.motion_planning_frame]: MoveGroup namespace changed: / -> . Reloading params.
1761294169.2108195 [rviz2-5] [ERROR] [1761294169.210629527] [rviz2]: PluginlibFactory: The plugin for class 'rviz_visual_tools/RvizVisualToolsGui' failed to load. Error: According to the loaded plugin descriptions the class rviz_visual_tools/RvizVisualToolsGui with base class type rviz_common::Panel does not exist. Declared types are 
1761294169.2514727 [rviz2-5] [INFO] [1761294169.251241848] [rviz2.moveit.ros.rdf_loader]: Loaded robot model in 0.00241397 seconds
1761294169.2518325 [rviz2-5] [INFO] [1761294169.251303670] [rviz2.moveit.core.robot_model]: Loading robot model 'sekirei'...
1761294169.2519495 [rviz2-5] [INFO] [1761294169.251319428] [rviz2.moveit.core.robot_model]: No root/virtual joint specified in SRDF. Assuming fixed joint
1761294169.2521617 [rviz2-5] [WARN] [1761294169.251521729] [rviz2.moveit.core.robot_model]: Could not identify parent group for end-effector 'end_effector'
1761294169.2598310 [rviz2-5] [WARN] [1761294169.259540445] [kdl_parser]: The root link base_link has an inertia specified in the URDF, but KDL does not support a root link with an inertia.  As a workaround, you can add an extra dummy link to your URDF.
1761294169.2602441 [rviz2-5] [INFO] [1761294169.259758372] [rviz2.moveit.kinematics.kdl_kinematics_plugin]: Joint weights for group 'sekirei_arm': 1 1 1 1 1 1
1761294169.3006563 [rviz2-5] [INFO] [1761294169.300188168] [rviz2.moveit.ros.planning_scene_monitor]: Starting planning scene monitor
1761294169.3015621 [rviz2-5] [INFO] [1761294169.301374937] [rviz2.moveit.ros.planning_scene_monitor]: Listening to '/monitored_planning_scene'
1761294169.7576733 [rviz2-5] [INFO] [1761294169.757510604] [interactive_marker_display_103013984659040]: Connected on namespace: /rviz_moveit_motion_planning_display/robot_interaction_interactive_marker_topic
1761294169.7594073 [rviz2-5] [WARN] [1761294169.759317502] [kdl_parser]: The root link base_link has an inertia specified in the URDF, but KDL does not support a root link with an inertia.  As a workaround, you can add an extra dummy link to your URDF.
1761294169.7649913 [rviz2-5] [INFO] [1761294169.764684741] [rviz2.moveit.ros.motion_planning_frame]: group sekirei_arm
1761294169.7651937 [rviz2-5] [INFO] [1761294169.764749265] [rviz2.moveit.ros.motion_planning_frame]: Constructing new MoveGroup connection for group 'sekirei_arm' in namespace ''
1761294169.7792900 [rviz2-5] [INFO] [1761294169.779048619] [rviz2.moveit.ros.move_group_interface]: Ready to take commands for planning group sekirei_arm.
1761294169.8540714 [rviz2-5] [INFO] [1761294169.853775736] [interactive_marker_display_103013984659040]: Sending request for interactive markers
1761294169.8869402 [rviz2-5] [INFO] [1761294169.886680433] [interactive_marker_display_103013984659040]: Service response received for initialization
1761294240.8589473 [rviz2-5] [INFO] [1761294240.858653817] [rviz2.moveit.ros.move_group_interface]: MoveGroup action client/server ready
1761294240.8607998 [rviz2-5] [INFO] [1761294240.860666225] [rviz2.moveit.ros.move_group_interface]: Planning request accepted
1761294240.9136450 [rviz2-5] [INFO] [1761294240.913543772] [rviz2.moveit.ros.move_group_interface]: Planning request complete!
1761294240.9142876 [rviz2-5] [INFO] [1761294240.914145086] [rviz2.moveit.ros.move_group_interface]: time taken to generate plan: 0.0165604 seconds
1761294253.7316236 [rviz2-5] [INFO] [1761294253.731122835] [rviz2.moveit.ros.move_group_interface]: MoveGroup action client/server ready
1761294253.7336428 [rviz2-5] [INFO] [1761294253.732675718] [rviz2.moveit.ros.move_group_interface]: Planning request accepted
1761294253.8122606 [rviz2-5] [INFO] [1761294253.811542186] [rviz2.moveit.ros.move_group_interface]: Planning request complete!
1761294253.8127370 [rviz2-5] [INFO] [1761294253.812598624] [rviz2.moveit.ros.move_group_interface]: time taken to generate plan: 0.0160465 seconds
1761294255.9405866 [rviz2-5] [INFO] [1761294255.940279290] [rviz2.moveit.ros.move_group_interface]: MoveGroup action client/server ready
1761294255.9417012 [rviz2-5] [INFO] [1761294255.941304675] [rviz2.moveit.ros.move_group_interface]: Planning request accepted
1761294256.0109136 [rviz2-5] [INFO] [1761294256.010591572] [rviz2.moveit.ros.move_group_interface]: Planning request complete!
1761294256.0111766 [rviz2-5] [INFO] [1761294256.010949258] [rviz2.moveit.ros.move_group_interface]: time taken to generate plan: 0.0158066 seconds
1761294256.4519064 [rviz2-5] [INFO] [1761294256.451525491] [rviz2.moveit.ros.move_group_interface]: MoveGroup action client/server ready
1761294256.4526083 [rviz2-5] [INFO] [1761294256.452290303] [rviz2.moveit.ros.move_group_interface]: Planning request accepted
1761294256.5134990 [rviz2-5] [INFO] [1761294256.513001729] [rviz2.moveit.ros.move_group_interface]: Planning request complete!
1761294256.5137608 [rviz2-5] [INFO] [1761294256.513112429] [rviz2.moveit.ros.move_group_interface]: time taken to generate plan: 0.0173082 seconds
1761294256.9848764 [rviz2-5] [INFO] [1761294256.984543751] [rviz2.moveit.ros.move_group_interface]: MoveGroup action client/server ready
1761294256.9859164 [rviz2-5] [INFO] [1761294256.985527041] [rviz2.moveit.ros.move_group_interface]: Planning request accepted
1761294257.0128665 [rviz2-5] [INFO] [1761294257.012388918] [rviz2.moveit.ros.move_group_interface]: Planning request complete!
1761294257.0130217 [rviz2-5] [INFO] [1761294257.012547449] [rviz2.moveit.ros.move_group_interface]: time taken to generate plan: 0.0170418 seconds
1761294257.7043216 [rviz2-5] [INFO] [1761294257.703636435] [rviz2.moveit.ros.move_group_interface]: MoveGroup action client/server ready
1761294257.7061043 [rviz2-5] [INFO] [1761294257.704910549] [rviz2.moveit.ros.move_group_interface]: Planning request accepted
1761294257.8099594 [rviz2-5] [INFO] [1761294257.809622708] [rviz2.moveit.ros.move_group_interface]: Planning request complete!
1761294257.8102105 [rviz2-5] [INFO] [1761294257.809991400] [rviz2.moveit.ros.move_group_interface]: time taken to generate plan: 0.0152239 seconds
1761294258.7096424 [rviz2-5] [INFO] [1761294258.709387172] [rviz2.moveit.ros.move_group_interface]: MoveGroup action client/server ready
1761294258.7109368 [rviz2-5] [INFO] [1761294258.710255105] [rviz2.moveit.ros.move_group_interface]: Planning request accepted
1761294258.8113632 [rviz2-5] [INFO] [1761294258.810957537] [rviz2.moveit.ros.move_group_interface]: Planning request complete!
1761294258.8116531 [rviz2-5] [INFO] [1761294258.811571349] [rviz2.moveit.ros.move_group_interface]: time taken to generate plan: 0.0163152 seconds
1761294259.3067329 [rviz2-5] [INFO] [1761294259.306138302] [rviz2.moveit.ros.move_group_interface]: MoveGroup action client/server ready
1761294259.3078604 [rviz2-5] [INFO] [1761294259.307261279] [rviz2.moveit.ros.move_group_interface]: Planning request accepted
1761294259.4126215 [rviz2-5] [INFO] [1761294259.412369293] [rviz2.moveit.ros.move_group_interface]: Planning request complete!
1761294259.4128919 [rviz2-5] [INFO] [1761294259.412673737] [rviz2.moveit.ros.move_group_interface]: time taken to generate plan: 0.0177281 seconds
1761294259.9249456 [rviz2-5] [INFO] [1761294259.924322665] [rviz2.moveit.ros.move_group_interface]: MoveGroup action client/server ready
1761294259.9271357 [rviz2-5] [INFO] [1761294259.925684837] [rviz2.moveit.ros.move_group_interface]: Planning request accepted
1761294260.0111244 [rviz2-5] [INFO] [1761294260.010716668] [rviz2.moveit.ros.move_group_interface]: Planning request complete!
1761294260.0114877 [rviz2-5] [INFO] [1761294260.011157578] [rviz2.moveit.ros.move_group_interface]: time taken to generate plan: 0.0149493 seconds
1761294337.9273851 [rviz2-5] [INFO] [1761294337.926737148] [rviz2.moveit.ros.planning_scene_monitor]: Stopping planning scene monitor
1761294338.1134114 [INFO] [rviz2-5]: process has finished cleanly [pid 129931]
1761294339.1279113 [WARNING] [launch]: user interrupted with ctrl-c (SIGINT)
1761294339.1311626 [static_transform_publisher-1] [INFO] [1761294339.127688900] [rclcpp]: signal_handler(signum=2)
1761294339.1318285 [robot_state_publisher-2] [INFO] [1761294339.127688838] [rclcpp]: signal_handler(signum=2)
1761294339.2440660 [INFO] [robot_state_publisher-2]: process has finished cleanly [pid 129928]
1761294339.2443891 [INFO] [static_transform_publisher-1]: process has finished cleanly [pid 129927]
1761294339.3149807 [WARNING] [launch]: user interrupted with ctrl-c (SIGINT) again, ignoring...
1761294339.3186002 [ERROR] [move_group-4]: process has died [pid 129930, exit code -11, cmd '/opt/ros/jazzy/lib/moveit_ros_move_group/move_group --ros-args -r __ns:=/ --params-file /tmp/launch_params_t5fh_ruo'].
1761294339.3194635 [ERROR] [joint_state_publisher-3]: process has died [pid 129929, exit code -2, cmd '/opt/ros/jazzy/lib/joint_state_publisher/joint_state_publisher --ros-args -r __node:=joint_state_publisher --params-file /tmp/launch_params_a37r0d4q'].
