1761292192.3134530 [INFO] [launch]: All log files can be found below /root/.ros/log/2025-10-24-07-49-52-312707-rodeppc-95801
1761292192.3135693 [INFO] [launch]: Default logging verbosity is set to INFO
1761292192.4189012 [INFO] [static_transform_publisher-1]: process started with pid [95804]
1761292192.4190490 [INFO] [robot_state_publisher-2]: process started with pid [95805]
1761292192.4191937 [INFO] [joint_state_publisher_gui-3]: process started with pid [95806]
1761292192.4192760 [INFO] [move_group-4]: process started with pid [95807]
1761292192.4193873 [INFO] [rviz2-5]: process started with pid [95808]
1761292192.4372091 [static_transform_publisher-1] [WARN] [1761292192.436895623] []: Old-style arguments are deprecated; see --help for new-style arguments
1761292192.4591753 [static_transform_publisher-1] [INFO] [1761292192.458797959] [static_transform_publisher]: Spinning until stopped - publishing transform
1761292192.4593449 [static_transform_publisher-1] translation: ('0.000000', '0.000000', '0.000000')
1761292192.4594371 [static_transform_publisher-1] rotation: ('0.000000', '0.000000', '0.000000', '1.000000')
1761292192.4595299 [static_transform_publisher-1] from 'world' to 'base_link'
1761292192.4628270 [robot_state_publisher-2] [WARN] [1761292192.462631789] [kdl_parser]: The root link base_link has an inertia specified in the URDF, but KDL does not support a root link with an inertia.  As a workaround, you can add an extra dummy link to your URDF.
1761292192.4630980 [robot_state_publisher-2] [INFO] [1761292192.462744471] [robot_state_publisher]: Robot initialized
1761292192.4785244 [rviz2-5] QStandardPaths: XDG_RUNTIME_DIR not set, defaulting to '/tmp/runtime-root'
1761292193.1689043 [joint_state_publisher_gui-3] QStandardPaths: XDG_RUNTIME_DIR not set, defaulting to '/tmp/runtime-root'
1761292193.1791801 [rviz2-5] [INFO] [1761292193.178984147] [rviz2]: Stereo is NOT SUPPORTED
1761292193.1794825 [rviz2-5] [INFO] [1761292193.179165728] [rviz2]: OpenGl version: 4.6 (GLSL 4.6)
1761292193.2193215 [rviz2-5] [INFO] [1761292193.219134243] [rviz2]: Stereo is NOT SUPPORTED
1761292193.2289252 [joint_state_publisher_gui-3] [INFO] [1761292193.228584022] [joint_state_publisher_gui]: Waiting for robot_description to be published on the robot_description topic...
1761292193.2401249 [joint_state_publisher_gui-3] [INFO] [1761292193.239882556] [joint_state_publisher_gui]: Centering
1761292193.3179078 [rviz2-5] Warning: class_loader.impl: SEVERE WARNING!!! A namespace collision has occurred with plugin factory for class rviz_default_plugins::displays::InteractiveMarkerDisplay. New factory will OVERWRITE existing one. This situation occurs when libraries containing plugins are directly linked against an executable (the one running right now generating this message). Please separate plugins out into their own library or just don't link against the library and use either class_loader::ClassLoader/MultiLibraryClassLoader to open.
1761292193.3183782 [rviz2-5]          at line 321 in /opt/ros/jazzy/include/class_loader/class_loader/class_loader_core.hpp
1761292193.3193314 [rviz2-5] [WARN] [1761292193.319146749] [rcl.logging_rosout]: Publisher already registered for node name: 'rviz2'. If this is due to multiple nodes with the same name then all logs for the logger named 'rviz2' will go out over the existing publisher. As soon as any node with that name is destructed it will unregister the publisher, preventing any further logs for that name from being published on the rosout topic.
1761292193.3807650 [joint_state_publisher_gui-3] [INFO] [1761292193.380595046] [joint_state_publisher_gui]: Centering
1761292193.4845798 [joint_state_publisher_gui-3] [INFO] [1761292193.484278274] [joint_state_publisher_gui]: Centering
1761292193.7432227 [ERROR] [move_group-4]: process has died [pid 95807, exit code -6, cmd '/opt/ros/jazzy/lib/moveit_ros_move_group/move_group --ros-args -r __ns:=/ --params-file /tmp/launch_params__p91z0xm'].
1761292196.3557758 [rviz2-5] [ERROR] [1761292196.355296549] [rviz2.moveit.ros.motion_planning_frame]: Action server: /recognize_objects not available
1761292196.3783417 [rviz2-5] [INFO] [1761292196.378135838] [rviz2.moveit.ros.motion_planning_frame]: MoveGroup namespace changed: / -> . Reloading params.
1761292196.3906806 [rviz2-5] [ERROR] [1761292196.390529173] [rviz2]: PluginlibFactory: The plugin for class 'rviz_visual_tools/RvizVisualToolsGui' failed to load. Error: According to the loaded plugin descriptions the class rviz_visual_tools/RvizVisualToolsGui with base class type rviz_common::Panel does not exist. Declared types are 
1761292196.4308643 [rviz2-5] [INFO] [1761292196.430720548] [rviz2.moveit.ros.rdf_loader]: Loaded robot model in 0.00311142 seconds
1761292196.4310870 [rviz2-5] [INFO] [1761292196.430782087] [rviz2.moveit.core.robot_model]: Loading robot model 'sekirei'...
1761292196.4311652 [rviz2-5] [INFO] [1761292196.430801577] [rviz2.moveit.core.robot_model]: No root/virtual joint specified in SRDF. Assuming fixed joint
1761292196.4312277 [rviz2-5] [WARN] [1761292196.430980191] [rviz2.moveit.core.robot_model]: Could not identify parent group for end-effector 'end_effector'
1761292196.4410238 [rviz2-5] [WARN] [1761292196.440866922] [kdl_parser]: The root link base_link has an inertia specified in the URDF, but KDL does not support a root link with an inertia.  As a workaround, you can add an extra dummy link to your URDF.
1761292196.4412770 [rviz2-5] [INFO] [1761292196.440994191] [rviz2.moveit.kinematics.kdl_kinematics_plugin]: Joint weights for group 'sekirei_arm': 1 1 1 1 1 1
1761292196.4848459 [rviz2-5] [INFO] [1761292196.484643152] [rviz2.moveit.ros.planning_scene_monitor]: Starting planning scene monitor
1761292196.4861722 [rviz2-5] [INFO] [1761292196.486012360] [rviz2.moveit.ros.planning_scene_monitor]: Listening to '/monitored_planning_scene'
1761292196.8168318 [rviz2-5] [INFO] [1761292196.816642464] [interactive_marker_display_101436010863776]: Connected on namespace: /rviz_moveit_motion_planning_display/robot_interaction_interactive_marker_topic
1761292196.8187041 [rviz2-5] [WARN] [1761292196.818608966] [kdl_parser]: The root link base_link has an inertia specified in the URDF, but KDL does not support a root link with an inertia.  As a workaround, you can add an extra dummy link to your URDF.
1761292196.8515244 [rviz2-5] [INFO] [1761292196.851251155] [interactive_marker_display_101436010863776]: Sending request for interactive markers
1761292196.8841298 [rviz2-5] [INFO] [1761292196.883906758] [interactive_marker_display_101436010863776]: Service response received for initialization
1761292201.5166891 [INFO] [joint_state_publisher_gui-3]: process has finished cleanly [pid 95806]
1761292201.8233364 [rviz2-5] [INFO] [1761292201.822931565] [rviz2.moveit.ros.planning_scene_monitor]: Failed to call service get_planning_scene, have you launched move_group or called psm.providePlanningSceneService()?
1761292201.8237405 [rviz2-5] [INFO] [1761292201.823085369] [rviz2.moveit.ros.motion_planning_frame]: group sekirei_arm
1761292201.8238120 [rviz2-5] [INFO] [1761292201.823123150] [rviz2.moveit.ros.motion_planning_frame]: Constructing new MoveGroup connection for group 'sekirei_arm' in namespace ''
1761292204.1134627 [rviz2-5] [ERROR] [1761292204.113246325] [rviz2.rclcpp_action]: Error in destruction of rcl action client handle: action client implementation is invalid, at ./src/rcl_action/action_client.c:491
1761292204.1245587 [rviz2-5] terminate called without an active exception
1761292204.7702291 [ERROR] [rviz2-5]: process has died [pid 95808, exit code -6, cmd '/opt/ros/jazzy/lib/rviz2/rviz2 -d /root/ros_ws/install/sekirei_moveit_config/share/sekirei_moveit_config/config/moveit.rviz --ros-args -r __node:=rviz2 --params-file /tmp/launch_params_fp8voygr'].
1761292218.0148473 [WARNING] [launch]: user interrupted with ctrl-c (SIGINT)
1761292218.0180254 [static_transform_publisher-1] [INFO] [1761292218.014308802] [rclcpp]: signal_handler(signum=2)
1761292218.0182495 [robot_state_publisher-2] [INFO] [1761292218.014308248] [rclcpp]: signal_handler(signum=2)
1761292218.1315331 [INFO] [static_transform_publisher-1]: process has finished cleanly [pid 95804]
1761292218.1336246 [INFO] [robot_state_publisher-2]: process has finished cleanly [pid 95805]
