1761219129.4695323 [INFO] [launch]: All log files can be found below /root/.ros/log/2025-10-23-11-32-09-468799-rodeppc-125578
1761219129.4696474 [INFO] [launch]: Default logging verbosity is set to INFO
1761219129.5666053 [INFO] [static_transform_publisher-1]: process started with pid [125581]
1761219129.5667338 [INFO] [robot_state_publisher-2]: process started with pid [125582]
1761219129.5668266 [INFO] [joint_state_publisher_gui-3]: process started with pid [125583]
1761219129.5669065 [INFO] [move_group-4]: process started with pid [125584]
1761219129.5669799 [INFO] [rviz2-5]: process started with pid [125585]
1761219129.5831244 [static_transform_publisher-1] [WARN] [1761219129.582806951] []: Old-style arguments are deprecated; see --help for new-style arguments
1761219129.5989115 [static_transform_publisher-1] [INFO] [1761219129.598701561] [static_transform_publisher]: Spinning until stopped - publishing transform
1761219129.5990183 [static_transform_publisher-1] translation: ('0.000000', '0.000000', '0.000000')
1761219129.5990713 [static_transform_publisher-1] rotation: ('0.000000', '0.000000', '0.000000', '1.000000')
1761219129.5991285 [static_transform_publisher-1] from 'world' to 'base_link'
1761219129.6045592 [robot_state_publisher-2] [WARN] [1761219129.604402456] [kdl_parser]: The root link base_link has an inertia specified in the URDF, but KDL does not support a root link with an inertia.  As a workaround, you can add an extra dummy link to your URDF.
1761219129.6047647 [robot_state_publisher-2] [INFO] [1761219129.604484322] [robot_state_publisher]: Robot initialized
1761219129.6096253 [rviz2-5] QStandardPaths: XDG_RUNTIME_DIR not set, defaulting to '/tmp/runtime-root'
1761219129.7840931 [ERROR] [move_group-4]: process has died [pid 125584, exit code -6, cmd '/opt/ros/jazzy/lib/moveit_ros_move_group/move_group --ros-args --params-file /tmp/launch_params_52eg60yp'].
1761219130.2768271 [joint_state_publisher_gui-3] QStandardPaths: XDG_RUNTIME_DIR not set, defaulting to '/tmp/runtime-root'
1761219130.2869008 [rviz2-5] [INFO] [1761219130.286752314] [rviz2]: Stereo is NOT SUPPORTED
1761219130.2871094 [rviz2-5] [INFO] [1761219130.286890450] [rviz2]: OpenGl version: 4.6 (GLSL 4.6)
1761219130.3163850 [rviz2-5] [INFO] [1761219130.316244655] [rviz2]: Stereo is NOT SUPPORTED
1761219130.3272197 [joint_state_publisher_gui-3] [INFO] [1761219130.327022383] [joint_state_publisher_gui]: Waiting for robot_description to be published on the robot_description topic...
1761219130.3359232 [joint_state_publisher_gui-3] [INFO] [1761219130.335797467] [joint_state_publisher_gui]: Centering
1761219130.4049892 [rviz2-5] Warning: class_loader.impl: SEVERE WARNING!!! A namespace collision has occurred with plugin factory for class rviz_default_plugins::displays::InteractiveMarkerDisplay. New factory will OVERWRITE existing one. This situation occurs when libraries containing plugins are directly linked against an executable (the one running right now generating this message). Please separate plugins out into their own library or just don't link against the library and use either class_loader::ClassLoader/MultiLibraryClassLoader to open.
1761219130.4054525 [rviz2-5]          at line 321 in /opt/ros/jazzy/include/class_loader/class_loader/class_loader_core.hpp
1761219130.4058385 [rviz2-5] [WARN] [1761219130.405728471] [rcl.logging_rosout]: Publisher already registered for node name: 'rviz2'. If this is due to multiple nodes with the same name then all logs for the logger named 'rviz2' will go out over the existing publisher. As soon as any node with that name is destructed it will unregister the publisher, preventing any further logs for that name from being published on the rosout topic.
1761219132.5952504 [joint_state_publisher_gui-3] [INFO] [1761219132.595067475] [joint_state_publisher_gui]: Centering
1761219132.5989683 [joint_state_publisher_gui-3] [INFO] [1761219132.598811861] [joint_state_publisher_gui]: Centering
1761219133.4400992 [rviz2-5] [ERROR] [1761219133.439876199] [rviz2.moveit.ros.motion_planning_frame]: Action server: /recognize_objects not available
1761219133.4501073 [rviz2-5] [INFO] [1761219133.449898378] [rviz2.moveit.ros.motion_planning_frame]: MoveGroup namespace changed: / -> . Reloading params.
1761219133.4608495 [rviz2-5] [WARN] [1761219133.460604278] [rcl.logging_rosout]: Publisher already registered for node name: 'rviz2'. If this is due to multiple nodes with the same name then all logs for the logger named 'rviz2' will go out over the existing publisher. As soon as any node with that name is destructed it will unregister the publisher, preventing any further logs for that name from being published on the rosout topic.
1761219133.5047486 [rviz2-5] [INFO] [1761219133.504512350] [rviz2.moveit.ros.rdf_loader]: Loaded robot model in 0.00222989 seconds
1761219133.5051005 [rviz2-5] [INFO] [1761219133.504608254] [rviz2.moveit.core.robot_model]: Loading robot model 'sekirei'...
1761219133.5051959 [rviz2-5] [INFO] [1761219133.504639521] [rviz2.moveit.core.robot_model]: No root/virtual joint specified in SRDF. Assuming fixed joint
1761219133.5052655 [rviz2-5] [WARN] [1761219133.504868599] [rviz2.moveit.core.robot_model]: Could not identify parent group for end-effector 'end_effector'
1761219133.5101697 [rviz2-5] [WARN] [1761219133.510057804] [kdl_parser]: The root link base_link has an inertia specified in the URDF, but KDL does not support a root link with an inertia.  As a workaround, you can add an extra dummy link to your URDF.
1761219133.5103486 [rviz2-5] [INFO] [1761219133.510190218] [rviz2.moveit.kinematics.kdl_kinematics_plugin]: Joint weights for group 'sekirei_arm': 1 1 1 1 1 1
1761219133.5387011 [rviz2-5] [INFO] [1761219133.538403828] [rviz2.moveit.ros.planning_scene_monitor]: Starting planning scene monitor
1761219133.5394654 [rviz2-5] [INFO] [1761219133.539326200] [rviz2.moveit.ros.planning_scene_monitor]: Listening to '/monitored_planning_scene'
1761219133.9246941 [rviz2-5] [INFO] [1761219133.924507747] [interactive_marker_display_102153433847824]: Connected on namespace: /rviz_moveit_motion_planning_display/robot_interaction_interactive_marker_topic
1761219133.9265869 [rviz2-5] [WARN] [1761219133.926462608] [kdl_parser]: The root link base_link has an inertia specified in the URDF, but KDL does not support a root link with an inertia.  As a workaround, you can add an extra dummy link to your URDF.
1761219133.9822662 [rviz2-5] [INFO] [1761219133.981868960] [interactive_marker_display_102153433847824]: Sending request for interactive markers
1761219134.0179744 [rviz2-5] [INFO] [1761219134.017682984] [interactive_marker_display_102153433847824]: Service response received for initialization
1761219138.9314058 [rviz2-5] [INFO] [1761219138.931237690] [rviz2.moveit.ros.planning_scene_monitor]: Failed to call service get_planning_scene, have you launched move_group or called psm.providePlanningSceneService()?
1761219138.9424906 [rviz2-5] [INFO] [1761219138.931320064] [rviz2.moveit.ros.motion_planning_frame]: group sekirei_arm
1761219138.9425766 [rviz2-5] [INFO] [1761219138.931328544] [rviz2.moveit.ros.motion_planning_frame]: Constructing new MoveGroup connection for group 'sekirei_arm' in namespace ''
1761219198.9441833 [rviz2-5] [INFO] [1761219198.944007017] [rviz2.moveit.ros.move_group_interface]: Ready to take commands for planning group sekirei_arm.
1761219346.5373189 [WARNING] [launch]: user interrupted with ctrl-c (SIGINT)
1761219346.5398784 [rviz2-5] [INFO] [1761219346.537032917] [rclcpp]: signal_handler(signum=2)
1761219346.5401173 [robot_state_publisher-2] [INFO] [1761219346.537123559] [rclcpp]: signal_handler(signum=2)
1761219346.5402827 [static_transform_publisher-1] [INFO] [1761219346.537124812] [rclcpp]: signal_handler(signum=2)
1761219346.5452836 [ERROR] [joint_state_publisher_gui-3]: process has died [pid 125583, exit code -2, cmd '/opt/ros/jazzy/lib/joint_state_publisher_gui/joint_state_publisher_gui --ros-args -r __node:=joint_state_publisher_gui'].
1761219346.5611577 [rviz2-5] [WARN] [1761219346.560962034] [interactive_marker_display_102153433847824]: Server not available while running, resetting
1761219346.6409972 [rviz2-5] [ERROR] [1761219346.640607109] [rviz2.moveit.ros.background_processing]: Exception caught while processing action 'Frame::changePlanningGroup': std::future_error: Broken promise
1761219346.6467102 [INFO] [robot_state_publisher-2]: process has finished cleanly [pid 125582]
1761219346.6469135 [INFO] [static_transform_publisher-1]: process has finished cleanly [pid 125581]
1761219346.6486952 [rviz2-5] [INFO] [1761219346.648593158] [rviz2.moveit.ros.planning_scene_monitor]: Stopping planning scene monitor
1761219346.8028264 [INFO] [rviz2-5]: process has finished cleanly [pid 125585]
