1761291810.1465130 [INFO] [launch]: All log files can be found below /root/.ros/log/2025-10-24-07-43-30-145677-rodeppc-89709
1761291810.1466084 [INFO] [launch]: Default logging verbosity is set to INFO
1761291810.2583854 [INFO] [static_transform_publisher-1]: process started with pid [89712]
1761291810.2585840 [INFO] [robot_state_publisher-2]: process started with pid [89713]
1761291810.2586861 [INFO] [joint_state_publisher_gui-3]: process started with pid [89714]
1761291810.2587554 [INFO] [move_group-4]: process started with pid [89715]
1761291810.2588201 [INFO] [rviz2-5]: process started with pid [89716]
1761291810.2780151 [static_transform_publisher-1] [WARN] [1761291810.277753060] []: Old-style arguments are deprecated; see --help for new-style arguments
1761291810.2986104 [static_transform_publisher-1] [INFO] [1761291810.298381747] [static_transform_publisher]: Spinning until stopped - publishing transform
1761291810.2987278 [static_transform_publisher-1] translation: ('0.000000', '0.000000', '0.000000')
1761291810.2987926 [static_transform_publisher-1] rotation: ('0.000000', '0.000000', '0.000000', '1.000000')
1761291810.2988422 [static_transform_publisher-1] from 'world' to 'base_link'
1761291810.3028414 [robot_state_publisher-2] [WARN] [1761291810.302684787] [kdl_parser]: The root link base_link has an inertia specified in the URDF, but KDL does not support a root link with an inertia.  As a workaround, you can add an extra dummy link to your URDF.
1761291810.3030915 [robot_state_publisher-2] [INFO] [1761291810.302771250] [robot_state_publisher]: Robot initialized
1761291810.3175821 [rviz2-5] QStandardPaths: XDG_RUNTIME_DIR not set, defaulting to '/tmp/runtime-root'
1761291810.9946320 [joint_state_publisher_gui-3] QStandardPaths: XDG_RUNTIME_DIR not set, defaulting to '/tmp/runtime-root'
1761291811.0060549 [rviz2-5] [INFO] [1761291811.005890039] [rviz2]: Stereo is NOT SUPPORTED
1761291811.0063102 [rviz2-5] [INFO] [1761291811.006031107] [rviz2]: OpenGl version: 4.6 (GLSL 4.6)
1761291811.0331631 [rviz2-5] [INFO] [1761291811.032954308] [rviz2]: Stereo is NOT SUPPORTED
1761291811.0667760 [joint_state_publisher_gui-3] [INFO] [1761291811.066494012] [joint_state_publisher_gui]: Waiting for robot_description to be published on the robot_description topic...
1761291811.0794353 [joint_state_publisher_gui-3] [INFO] [1761291811.079259176] [joint_state_publisher_gui]: Centering
1761291811.1348219 [rviz2-5] Warning: class_loader.impl: SEVERE WARNING!!! A namespace collision has occurred with plugin factory for class rviz_default_plugins::displays::InteractiveMarkerDisplay. New factory will OVERWRITE existing one. This situation occurs when libraries containing plugins are directly linked against an executable (the one running right now generating this message). Please separate plugins out into their own library or just don't link against the library and use either class_loader::ClassLoader/MultiLibraryClassLoader to open.
1761291811.1351407 [rviz2-5]          at line 321 in /opt/ros/jazzy/include/class_loader/class_loader/class_loader_core.hpp
1761291811.1359890 [rviz2-5] [WARN] [1761291811.135832277] [rcl.logging_rosout]: Publisher already registered for node name: 'rviz2'. If this is due to multiple nodes with the same name then all logs for the logger named 'rviz2' will go out over the existing publisher. As soon as any node with that name is destructed it will unregister the publisher, preventing any further logs for that name from being published on the rosout topic.
1761291811.2040703 [joint_state_publisher_gui-3] [INFO] [1761291811.203866646] [joint_state_publisher_gui]: Centering
1761291811.3105941 [joint_state_publisher_gui-3] [INFO] [1761291811.310350922] [joint_state_publisher_gui]: Centering
1761291811.4316528 [ERROR] [move_group-4]: process has died [pid 89715, exit code -6, cmd '/opt/ros/jazzy/lib/moveit_ros_move_group/move_group --ros-args -r __ns:=/ --params-file /tmp/launch_params_ilvja6km'].
1761291814.1813374 [rviz2-5] [ERROR] [1761291814.180693479] [rviz2.moveit.ros.motion_planning_frame]: Action server: /recognize_objects not available
1761291814.2143526 [rviz2-5] [INFO] [1761291814.213967145] [rviz2.moveit.ros.motion_planning_frame]: MoveGroup namespace changed: / -> . Reloading params.
1761291814.2262011 [rviz2-5] [ERROR] [1761291814.225982626] [rviz2]: PluginlibFactory: The plugin for class 'rviz_visual_tools/RvizVisualToolsGui' failed to load. Error: According to the loaded plugin descriptions the class rviz_visual_tools/RvizVisualToolsGui with base class type rviz_common::Panel does not exist. Declared types are 
1761291814.2689581 [rviz2-5] [INFO] [1761291814.268794757] [rviz2.moveit.ros.rdf_loader]: Loaded robot model in 0.00372352 seconds
1761291814.2692115 [rviz2-5] [INFO] [1761291814.268885432] [rviz2.moveit.core.robot_model]: Loading robot model 'sekirei'...
1761291814.2692759 [rviz2-5] [INFO] [1761291814.268915966] [rviz2.moveit.core.robot_model]: No root/virtual joint specified in SRDF. Assuming fixed joint
1761291814.2694118 [rviz2-5] [WARN] [1761291814.269249284] [rviz2.moveit.core.robot_model]: Could not identify parent group for end-effector 'end_effector'
1761291814.2803602 [rviz2-5] [WARN] [1761291814.280192081] [kdl_parser]: The root link base_link has an inertia specified in the URDF, but KDL does not support a root link with an inertia.  As a workaround, you can add an extra dummy link to your URDF.
1761291814.2806704 [rviz2-5] [INFO] [1761291814.280328573] [rviz2.moveit.kinematics.kdl_kinematics_plugin]: Joint weights for group 'sekirei_arm': 1 1 1 1 1 1
1761291814.3114414 [rviz2-5] [INFO] [1761291814.311262346] [rviz2.moveit.ros.planning_scene_monitor]: Starting planning scene monitor
1761291814.3126905 [rviz2-5] [INFO] [1761291814.312494965] [rviz2.moveit.ros.planning_scene_monitor]: Listening to '/monitored_planning_scene'
1761291814.6786001 [rviz2-5] [INFO] [1761291814.678462032] [interactive_marker_display_96265997128800]: Connected on namespace: /rviz_moveit_motion_planning_display/robot_interaction_interactive_marker_topic
1761291814.6802588 [rviz2-5] [WARN] [1761291814.680182537] [kdl_parser]: The root link base_link has an inertia specified in the URDF, but KDL does not support a root link with an inertia.  As a workaround, you can add an extra dummy link to your URDF.
1761291814.7378869 [rviz2-5] [INFO] [1761291814.737659207] [interactive_marker_display_96265997128800]: Sending request for interactive markers
1761291814.7737336 [rviz2-5] [INFO] [1761291814.773217358] [interactive_marker_display_96265997128800]: Service response received for initialization
1761291819.6844995 [rviz2-5] [INFO] [1761291819.683885319] [rviz2.moveit.ros.planning_scene_monitor]: Failed to call service get_planning_scene, have you launched move_group or called psm.providePlanningSceneService()?
1761291819.6852670 [rviz2-5] [INFO] [1761291819.684194645] [rviz2.moveit.ros.motion_planning_frame]: group sekirei_arm
1761291819.6855414 [rviz2-5] [INFO] [1761291819.684234132] [rviz2.moveit.ros.motion_planning_frame]: Constructing new MoveGroup connection for group 'sekirei_arm' in namespace ''
1761291825.6835561 [rviz2-5] [ERROR] [1761291825.683331209] [rviz2.rclcpp_action]: Error in destruction of rcl action client handle: action client implementation is invalid, at ./src/rcl_action/action_client.c:491
1761291825.6964388 [rviz2-5] terminate called without an active exception
1761291826.2521603 [ERROR] [rviz2-5]: process has died [pid 89716, exit code -6, cmd '/opt/ros/jazzy/lib/rviz2/rviz2 -d /root/ros_ws/install/sekirei_moveit_config/share/sekirei_moveit_config/config/moveit.rviz --ros-args -r __node:=rviz2 --params-file /tmp/launch_params_zsch5a5s'].
1761291827.3612566 [INFO] [joint_state_publisher_gui-3]: process has finished cleanly [pid 89714]
1761291829.0231917 [WARNING] [launch]: user interrupted with ctrl-c (SIGINT)
1761291829.0271986 [robot_state_publisher-2] [INFO] [1761291829.022766785] [rclcpp]: signal_handler(signum=2)
1761291829.0274570 [static_transform_publisher-1] [INFO] [1761291829.022782322] [rclcpp]: signal_handler(signum=2)
1761291829.1469095 [INFO] [static_transform_publisher-1]: process has finished cleanly [pid 89712]
1761291829.1502597 [INFO] [robot_state_publisher-2]: process has finished cleanly [pid 89713]
