1761219804.8985112 [INFO] [launch]: All log files can be found below /root/.ros/log/2025-10-23-11-43-24-897695-rodeppc-142544
1761219804.8986335 [INFO] [launch]: Default logging verbosity is set to INFO
1761219805.0104048 [INFO] [static_transform_publisher-1]: process started with pid [142547]
1761219805.0105908 [INFO] [robot_state_publisher-2]: process started with pid [142548]
1761219805.0107100 [INFO] [joint_state_publisher_gui-3]: process started with pid [142549]
1761219805.0108278 [INFO] [move_group-4]: process started with pid [142550]
1761219805.0109265 [INFO] [rviz2-5]: process started with pid [142551]
1761219805.0284908 [static_transform_publisher-1] [WARN] [1761219805.028202209] []: Old-style arguments are deprecated; see --help for new-style arguments
1761219805.0564926 [static_transform_publisher-1] [INFO] [1761219805.056209568] [static_transform_publisher]: Spinning until stopped - publishing transform
1761219805.0566461 [static_transform_publisher-1] translation: ('0.000000', '0.000000', '0.000000')
1761219805.0567129 [static_transform_publisher-1] rotation: ('0.000000', '0.000000', '0.000000', '1.000000')
1761219805.0567601 [static_transform_publisher-1] from 'world' to 'base_link'
1761219805.0595024 [robot_state_publisher-2] [WARN] [1761219805.059190339] [kdl_parser]: The root link base_link has an inertia specified in the URDF, but KDL does not support a root link with an inertia.  As a workaround, you can add an extra dummy link to your URDF.
1761219805.0598061 [robot_state_publisher-2] [INFO] [1761219805.059402533] [robot_state_publisher]: Robot initialized
1761219805.0669186 [rviz2-5] QStandardPaths: XDG_RUNTIME_DIR not set, defaulting to '/tmp/runtime-root'
1761219805.5928440 [ERROR] [move_group-4]: process has died [pid 142550, exit code -6, cmd '/opt/ros/jazzy/lib/moveit_ros_move_group/move_group --ros-args --params-file /tmp/launch_params_bofcw0ol'].
1761219805.7530077 [joint_state_publisher_gui-3] QStandardPaths: XDG_RUNTIME_DIR not set, defaulting to '/tmp/runtime-root'
1761219805.7657785 [rviz2-5] [INFO] [1761219805.765611730] [rviz2]: Stereo is NOT SUPPORTED
1761219805.7660356 [rviz2-5] [INFO] [1761219805.765777117] [rviz2]: OpenGl version: 4.6 (GLSL 4.6)
1761219805.7970903 [rviz2-5] [INFO] [1761219805.796938153] [rviz2]: Stereo is NOT SUPPORTED
1761219805.8078315 [joint_state_publisher_gui-3] [INFO] [1761219805.807709425] [joint_state_publisher_gui]: Waiting for robot_description to be published on the robot_description topic...
1761219805.8169920 [joint_state_publisher_gui-3] [INFO] [1761219805.816855286] [joint_state_publisher_gui]: Centering
1761219805.8907044 [rviz2-5] Warning: class_loader.impl: SEVERE WARNING!!! A namespace collision has occurred with plugin factory for class rviz_default_plugins::displays::InteractiveMarkerDisplay. New factory will OVERWRITE existing one. This situation occurs when libraries containing plugins are directly linked against an executable (the one running right now generating this message). Please separate plugins out into their own library or just don't link against the library and use either class_loader::ClassLoader/MultiLibraryClassLoader to open.
1761219805.8909559 [rviz2-5]          at line 321 in /opt/ros/jazzy/include/class_loader/class_loader/class_loader_core.hpp
1761219805.8916843 [rviz2-5] [WARN] [1761219805.891602710] [rcl.logging_rosout]: Publisher already registered for node name: 'rviz2'. If this is due to multiple nodes with the same name then all logs for the logger named 'rviz2' will go out over the existing publisher. As soon as any node with that name is destructed it will unregister the publisher, preventing any further logs for that name from being published on the rosout topic.
1761219808.0601580 [joint_state_publisher_gui-3] [INFO] [1761219808.059993162] [joint_state_publisher_gui]: Centering
1761219808.9294565 [rviz2-5] [ERROR] [1761219808.929281509] [rviz2.moveit.ros.motion_planning_frame]: Action server: /recognize_objects not available
1761219808.9413276 [rviz2-5] [INFO] [1761219808.941174046] [rviz2.moveit.ros.motion_planning_frame]: MoveGroup namespace changed: / -> . Reloading params.
1761219808.9501314 [rviz2-5] [WARN] [1761219808.949951791] [rcl.logging_rosout]: Publisher already registered for node name: 'rviz2'. If this is due to multiple nodes with the same name then all logs for the logger named 'rviz2' will go out over the existing publisher. As soon as any node with that name is destructed it will unregister the publisher, preventing any further logs for that name from being published on the rosout topic.
1761219809.0113685 [rviz2-5] [INFO] [1761219809.011166713] [rviz2.moveit.ros.rdf_loader]: Loaded robot model in 0.00347994 seconds
1761219809.0116205 [rviz2-5] [INFO] [1761219809.011284355] [rviz2.moveit.core.robot_model]: Loading robot model 'sekirei'...
1761219809.0116901 [rviz2-5] [INFO] [1761219809.011321315] [rviz2.moveit.core.robot_model]: No root/virtual joint specified in SRDF. Assuming fixed joint
1761219809.0118859 [rviz2-5] [WARN] [1761219809.011594456] [rviz2.moveit.core.robot_model]: Could not identify parent group for end-effector 'end_effector'
1761219809.0192733 [rviz2-5] [WARN] [1761219809.019105863] [kdl_parser]: The root link base_link has an inertia specified in the URDF, but KDL does not support a root link with an inertia.  As a workaround, you can add an extra dummy link to your URDF.
1761219809.0194991 [rviz2-5] [INFO] [1761219809.019326071] [rviz2.moveit.kinematics.kdl_kinematics_plugin]: Joint weights for group 'sekirei_arm': 1 1 1 1 1 1
1761219809.0561869 [rviz2-5] [INFO] [1761219809.055686422] [rviz2.moveit.ros.planning_scene_monitor]: Starting planning scene monitor
1761219809.0573740 [rviz2-5] [INFO] [1761219809.057180958] [rviz2.moveit.ros.planning_scene_monitor]: Listening to '/monitored_planning_scene'
1761219809.4441769 [rviz2-5] [INFO] [1761219809.443997308] [interactive_marker_display_110944691659424]: Connected on namespace: /rviz_moveit_motion_planning_display/robot_interaction_interactive_marker_topic
1761219809.4463098 [rviz2-5] [WARN] [1761219809.446126557] [kdl_parser]: The root link base_link has an inertia specified in the URDF, but KDL does not support a root link with an inertia.  As a workaround, you can add an extra dummy link to your URDF.
1761219809.5085435 [rviz2-5] [INFO] [1761219809.507983460] [interactive_marker_display_110944691659424]: Sending request for interactive markers
1761219809.5418556 [rviz2-5] [INFO] [1761219809.541538372] [interactive_marker_display_110944691659424]: Service response received for initialization
1761219814.4498889 [rviz2-5] [INFO] [1761219814.449620543] [rviz2.moveit.ros.planning_scene_monitor]: Failed to call service get_planning_scene, have you launched move_group or called psm.providePlanningSceneService()?
1761219814.4505081 [rviz2-5] [INFO] [1761219814.449801287] [rviz2.moveit.ros.motion_planning_frame]: group sekirei_arm
1761219814.4505970 [rviz2-5] [INFO] [1761219814.449808616] [rviz2.moveit.ros.motion_planning_frame]: Constructing new MoveGroup connection for group 'sekirei_arm' in namespace ''
1761219847.3717058 [WARNING] [launch]: user interrupted with ctrl-c (SIGINT)
1761219847.3770151 [rviz2-5] [INFO] [1761219847.370990523] [rclcpp]: signal_handler(signum=2)
1761219847.3772213 [robot_state_publisher-2] [INFO] [1761219847.371283379] [rclcpp]: signal_handler(signum=2)
1761219847.3773584 [static_transform_publisher-1] [INFO] [1761219847.371292432] [rclcpp]: signal_handler(signum=2)
1761219847.3826871 [rviz2-5] terminate called without an active exception
1761219847.3850644 [ERROR] [joint_state_publisher_gui-3]: process has died [pid 142549, exit code -2, cmd '/opt/ros/jazzy/lib/joint_state_publisher_gui/joint_state_publisher_gui --ros-args -r __node:=joint_state_publisher_gui'].
1761219847.4842029 [INFO] [static_transform_publisher-1]: process has finished cleanly [pid 142547]
1761219847.4846311 [INFO] [robot_state_publisher-2]: process has finished cleanly [pid 142548]
1761219847.5199893 [WARNING] [launch]: user interrupted with ctrl-c (SIGINT) again, ignoring...
1761219847.9331942 [ERROR] [rviz2-5]: process has died [pid 142551, exit code -6, cmd '/opt/ros/jazzy/lib/rviz2/rviz2 -d /root/ros_ws/install/sekirei_moveit_config/share/sekirei_moveit_config/config/moveit.rviz --ros-args -r __node:=rviz2 --params-file /tmp/launch_params_zwks15cc'].
