1761293163.9166594 [INFO] [launch]: All log files can be found below /root/.ros/log/2025-10-24-08-06-03-915978-rodeppc-112662
1761293163.9167597 [INFO] [launch]: Default logging verbosity is set to INFO
1761293164.0128894 [INFO] [static_transform_publisher-1]: process started with pid [112665]
1761293164.0129983 [INFO] [robot_state_publisher-2]: process started with pid [112666]
1761293164.0130720 [INFO] [joint_state_publisher_gui-3]: process started with pid [112667]
1761293164.0132134 [INFO] [move_group-4]: process started with pid [112668]
1761293164.0132682 [INFO] [rviz2-5]: process started with pid [112669]
1761293164.0304494 [static_transform_publisher-1] [WARN] [1761293164.030090160] []: Old-style arguments are deprecated; see --help for new-style arguments
1761293164.0541039 [static_transform_publisher-1] [INFO] [1761293164.053871875] [static_transform_publisher]: Spinning until stopped - publishing transform
1761293164.0542247 [static_transform_publisher-1] translation: ('0.000000', '0.000000', '0.000000')
1761293164.0542889 [static_transform_publisher-1] rotation: ('0.000000', '0.000000', '0.000000', '1.000000')
1761293164.0543442 [static_transform_publisher-1] from 'world' to 'base_link'
1761293164.0579758 [robot_state_publisher-2] [WARN] [1761293164.057692310] [kdl_parser]: The root link base_link has an inertia specified in the URDF, but KDL does not support a root link with an inertia.  As a workaround, you can add an extra dummy link to your URDF.
1761293164.0582287 [robot_state_publisher-2] [INFO] [1761293164.057813456] [robot_state_publisher]: Robot initialized
1761293164.0619645 [rviz2-5] QStandardPaths: XDG_RUNTIME_DIR not set, defaulting to '/tmp/runtime-root'
1761293164.7176919 [joint_state_publisher_gui-3] QStandardPaths: XDG_RUNTIME_DIR not set, defaulting to '/tmp/runtime-root'
1761293164.7285798 [rviz2-5] [INFO] [1761293164.728419801] [rviz2]: Stereo is NOT SUPPORTED
1761293164.7288139 [rviz2-5] [INFO] [1761293164.728550889] [rviz2]: OpenGl version: 4.6 (GLSL 4.6)
1761293164.7590024 [rviz2-5] [INFO] [1761293164.758845232] [rviz2]: Stereo is NOT SUPPORTED
1761293164.7706583 [joint_state_publisher_gui-3] [INFO] [1761293164.770486059] [joint_state_publisher_gui]: Waiting for robot_description to be published on the robot_description topic...
1761293164.7797801 [joint_state_publisher_gui-3] [INFO] [1761293164.779587496] [joint_state_publisher_gui]: Centering
1761293164.8505147 [rviz2-5] Warning: class_loader.impl: SEVERE WARNING!!! A namespace collision has occurred with plugin factory for class rviz_default_plugins::displays::InteractiveMarkerDisplay. New factory will OVERWRITE existing one. This situation occurs when libraries containing plugins are directly linked against an executable (the one running right now generating this message). Please separate plugins out into their own library or just don't link against the library and use either class_loader::ClassLoader/MultiLibraryClassLoader to open.
1761293164.8507934 [rviz2-5]          at line 321 in /opt/ros/jazzy/include/class_loader/class_loader/class_loader_core.hpp
1761293164.8515279 [rviz2-5] [WARN] [1761293164.851371492] [rcl.logging_rosout]: Publisher already registered for node name: 'rviz2'. If this is due to multiple nodes with the same name then all logs for the logger named 'rviz2' will go out over the existing publisher. As soon as any node with that name is destructed it will unregister the publisher, preventing any further logs for that name from being published on the rosout topic.
1761293164.9265924 [joint_state_publisher_gui-3] [INFO] [1761293164.926346893] [joint_state_publisher_gui]: Centering
1761293165.0292521 [joint_state_publisher_gui-3] [INFO] [1761293165.028871929] [joint_state_publisher_gui]: Centering
1761293167.8976705 [rviz2-5] [ERROR] [1761293167.896989489] [rviz2.moveit.ros.motion_planning_frame]: Action server: /recognize_objects not available
1761293167.9183803 [rviz2-5] [INFO] [1761293167.918188010] [rviz2.moveit.ros.motion_planning_frame]: MoveGroup namespace changed: / -> . Reloading params.
1761293167.9271059 [rviz2-5] [ERROR] [1761293167.926813161] [rviz2]: PluginlibFactory: The plugin for class 'rviz_visual_tools/RvizVisualToolsGui' failed to load. Error: According to the loaded plugin descriptions the class rviz_visual_tools/RvizVisualToolsGui with base class type rviz_common::Panel does not exist. Declared types are 
1761293167.9721959 [rviz2-5] [INFO] [1761293167.971919914] [rviz2.moveit.ros.rdf_loader]: Loaded robot model in 0.00234082 seconds
1761293167.9726322 [rviz2-5] [INFO] [1761293167.972007093] [rviz2.moveit.core.robot_model]: Loading robot model 'sekirei'...
1761293167.9727576 [rviz2-5] [INFO] [1761293167.972038348] [rviz2.moveit.core.robot_model]: No root/virtual joint specified in SRDF. Assuming fixed joint
1761293167.9729774 [rviz2-5] [WARN] [1761293167.972345851] [rviz2.moveit.core.robot_model]: Could not identify parent group for end-effector 'end_effector'
1761293167.9802470 [rviz2-5] [WARN] [1761293167.980021631] [kdl_parser]: The root link base_link has an inertia specified in the URDF, but KDL does not support a root link with an inertia.  As a workaround, you can add an extra dummy link to your URDF.
1761293167.9805243 [rviz2-5] [INFO] [1761293167.980199991] [rviz2.moveit.kinematics.kdl_kinematics_plugin]: Joint weights for group 'sekirei_arm': 1 1 1 1 1 1
1761293168.0145216 [rviz2-5] [INFO] [1761293168.014264292] [rviz2.moveit.ros.planning_scene_monitor]: Starting planning scene monitor
1761293168.0153584 [rviz2-5] [INFO] [1761293168.015231682] [rviz2.moveit.ros.planning_scene_monitor]: Listening to '/monitored_planning_scene'
1761293168.3983185 [rviz2-5] [INFO] [1761293168.397857712] [interactive_marker_display_94133250705728]: Connected on namespace: /rviz_moveit_motion_planning_display/robot_interaction_interactive_marker_topic
1761293168.4006345 [rviz2-5] [WARN] [1761293168.400487649] [kdl_parser]: The root link base_link has an inertia specified in the URDF, but KDL does not support a root link with an inertia.  As a workaround, you can add an extra dummy link to your URDF.
1761293168.4056005 [rviz2-5] [INFO] [1761293168.405323959] [rviz2.moveit.ros.motion_planning_frame]: group sekirei_arm
1761293168.4057095 [rviz2-5] [INFO] [1761293168.405368758] [rviz2.moveit.ros.motion_planning_frame]: Constructing new MoveGroup connection for group 'sekirei_arm' in namespace ''
1761293168.4221132 [rviz2-5] [INFO] [1761293168.421717435] [rviz2.moveit.ros.move_group_interface]: Ready to take commands for planning group sekirei_arm.
1761293168.4792769 [rviz2-5] [INFO] [1761293168.478952238] [interactive_marker_display_94133250705728]: Sending request for interactive markers
1761293168.5131333 [rviz2-5] [INFO] [1761293168.512937012] [interactive_marker_display_94133250705728]: Service response received for initialization
1761293191.4333594 [rviz2-5] [INFO] [1761293191.432731436] [rviz2.moveit.ros.move_group_interface]: MoveGroup action client/server ready
1761293191.4365244 [rviz2-5] [INFO] [1761293191.435685656] [rviz2.moveit.ros.move_group_interface]: Planning request accepted
1761293191.4794841 [rviz2-5] [INFO] [1761293191.478233424] [rviz2.moveit.ros.move_group_interface]: Planning request aborted
1761293191.4801297 [rviz2-5] [ERROR] [1761293191.478685872] [rviz2.moveit.ros.move_group_interface]: MoveGroupInterface::plan() failed or timeout reached
1761293192.3838687 [rviz2-5] [INFO] [1761293192.383271781] [rviz2.moveit.ros.move_group_interface]: MoveGroup action client/server ready
1761293192.3859434 [rviz2-5] [INFO] [1761293192.384522920] [rviz2.moveit.ros.move_group_interface]: Planning request accepted
1761293192.4787147 [rviz2-5] [INFO] [1761293192.477251082] [rviz2.moveit.ros.move_group_interface]: Planning request aborted
1761293192.4789369 [rviz2-5] [ERROR] [1761293192.477877999] [rviz2.moveit.ros.move_group_interface]: MoveGroupInterface::plan() failed or timeout reached
1761293192.9463503 [rviz2-5] [INFO] [1761293192.945671607] [rviz2.moveit.ros.move_group_interface]: MoveGroup action client/server ready
1761293192.9484158 [rviz2-5] [INFO] [1761293192.946939956] [rviz2.moveit.ros.move_group_interface]: Planning request accepted
1761293192.9790094 [rviz2-5] [INFO] [1761293192.977244668] [rviz2.moveit.ros.move_group_interface]: Planning request aborted
1761293192.9793143 [rviz2-5] [ERROR] [1761293192.977806566] [rviz2.moveit.ros.move_group_interface]: MoveGroupInterface::plan() failed or timeout reached
1761293193.6945434 [rviz2-5] [INFO] [1761293193.694071380] [rviz2.moveit.ros.move_group_interface]: MoveGroup action client/server ready
1761293193.6953566 [rviz2-5] [INFO] [1761293193.695105770] [rviz2.moveit.ros.move_group_interface]: Planning request accepted
1761293193.7792754 [rviz2-5] [INFO] [1761293193.777413132] [rviz2.moveit.ros.move_group_interface]: Planning request aborted
1761293193.7795782 [rviz2-5] [ERROR] [1761293193.778436183] [rviz2.moveit.ros.move_group_interface]: MoveGroupInterface::plan() failed or timeout reached
1761293194.1186321 [rviz2-5] [INFO] [1761293194.117935675] [rviz2.moveit.ros.move_group_interface]: MoveGroup action client/server ready
1761293194.1203411 [rviz2-5] [INFO] [1761293194.119141099] [rviz2.moveit.ros.move_group_interface]: Planning request accepted
1761293194.1783187 [rviz2-5] [INFO] [1761293194.177174610] [rviz2.moveit.ros.move_group_interface]: Planning request aborted
1761293194.1785462 [rviz2-5] [ERROR] [1761293194.177243029] [rviz2.moveit.ros.move_group_interface]: MoveGroupInterface::plan() failed or timeout reached
1761293194.4387963 [rviz2-5] [INFO] [1761293194.438385868] [rviz2.moveit.ros.move_group_interface]: MoveGroup action client/server ready
1761293194.4400041 [rviz2-5] [INFO] [1761293194.439250610] [rviz2.moveit.ros.move_group_interface]: Planning request accepted
1761293194.4803128 [rviz2-5] [INFO] [1761293194.478249595] [rviz2.moveit.ros.move_group_interface]: Planning request aborted
1761293194.4806509 [rviz2-5] [ERROR] [1761293194.479194630] [rviz2.moveit.ros.move_group_interface]: MoveGroupInterface::plan() failed or timeout reached
1761293194.5996587 [rviz2-5] [INFO] [1761293194.599011044] [rviz2.moveit.ros.move_group_interface]: MoveGroup action client/server ready
1761293194.6017411 [rviz2-5] [INFO] [1761293194.600189263] [rviz2.moveit.ros.move_group_interface]: Planning request accepted
1761293194.6784215 [rviz2-5] [INFO] [1761293194.677150206] [rviz2.moveit.ros.move_group_interface]: Planning request aborted
1761293194.6790094 [rviz2-5] [ERROR] [1761293194.678008967] [rviz2.moveit.ros.move_group_interface]: MoveGroupInterface::plan() failed or timeout reached
1761293194.7599342 [rviz2-5] [INFO] [1761293194.759265906] [rviz2.moveit.ros.move_group_interface]: MoveGroup action client/server ready
1761293194.7619960 [rviz2-5] [INFO] [1761293194.760671241] [rviz2.moveit.ros.move_group_interface]: Planning request accepted
1761293194.7788255 [rviz2-5] [INFO] [1761293194.777196861] [rviz2.moveit.ros.move_group_interface]: Planning request aborted
1761293194.7790661 [rviz2-5] [ERROR] [1761293194.778199459] [rviz2.moveit.ros.move_group_interface]: MoveGroupInterface::plan() failed or timeout reached
1761293194.9303858 [rviz2-5] [INFO] [1761293194.929755811] [rviz2.moveit.ros.move_group_interface]: MoveGroup action client/server ready
1761293194.9322953 [rviz2-5] [INFO] [1761293194.930957101] [rviz2.moveit.ros.move_group_interface]: Planning request accepted
1761293194.9792442 [rviz2-5] [INFO] [1761293194.977753958] [rviz2.moveit.ros.move_group_interface]: Planning request aborted
1761293194.9795277 [rviz2-5] [ERROR] [1761293194.978103865] [rviz2.moveit.ros.move_group_interface]: MoveGroupInterface::plan() failed or timeout reached
1761293198.2549567 [rviz2-5] [INFO] [1761293198.254609353] [rviz2.moveit.ros.move_group_interface]: MoveGroup action client/server ready
1761293198.2562068 [rviz2-5] [INFO] [1761293198.255328376] [rviz2.moveit.ros.move_group_interface]: Planning request accepted
1761293198.2768164 [rviz2-5] [INFO] [1761293198.276105537] [rviz2.moveit.ros.move_group_interface]: Planning request aborted
1761293198.2772665 [rviz2-5] [ERROR] [1761293198.276998560] [rviz2.moveit.ros.move_group_interface]: MoveGroupInterface::plan() failed or timeout reached
1761293198.7700715 [rviz2-5] [INFO] [1761293198.769305260] [rviz2.moveit.ros.move_group_interface]: MoveGroup action client/server ready
1761293198.7724588 [rviz2-5] [INFO] [1761293198.770829421] [rviz2.moveit.ros.move_group_interface]: Planning request accepted
1761293198.7785747 [rviz2-5] [INFO] [1761293198.777179830] [rviz2.moveit.ros.move_group_interface]: Planning request aborted
1761293198.7788076 [rviz2-5] [ERROR] [1761293198.777278839] [rviz2.moveit.ros.move_group_interface]: MoveGroupInterface::plan() failed or timeout reached
1761293199.3485427 [rviz2-5] [INFO] [1761293199.347003679] [rviz2.moveit.ros.move_group_interface]: Plan and Execute request accepted
1761293199.3773882 [rviz2-5] [INFO] [1761293199.376456373] [rviz2.moveit.ros.move_group_interface]: Plan and Execute request aborted
1761293199.3774884 [rviz2-5] [ERROR] [1761293199.376570244] [rviz2.moveit.ros.move_group_interface]: MoveGroupInterface::move() failed or timeout reached
1761293200.0956478 [rviz2-5] [INFO] [1761293200.095035297] [rviz2.moveit.ros.move_group_interface]: Plan and Execute request accepted
1761293200.1762230 [rviz2-5] [INFO] [1761293200.175793324] [rviz2.moveit.ros.move_group_interface]: Plan and Execute request aborted
1761293200.1763623 [rviz2-5] [ERROR] [1761293200.176106969] [rviz2.moveit.ros.move_group_interface]: MoveGroupInterface::move() failed or timeout reached
1761293200.2718487 [rviz2-5] [INFO] [1761293200.271346890] [rviz2.moveit.ros.move_group_interface]: Plan and Execute request accepted
1761293200.2760293 [rviz2-5] [INFO] [1761293200.275350076] [rviz2.moveit.ros.move_group_interface]: Plan and Execute request aborted
1761293200.2763431 [rviz2-5] [ERROR] [1761293200.276251487] [rviz2.moveit.ros.move_group_interface]: MoveGroupInterface::move() failed or timeout reached
1761293200.4243176 [rviz2-5] [INFO] [1761293200.423565680] [rviz2.moveit.ros.move_group_interface]: Plan and Execute request accepted
1761293200.4795907 [rviz2-5] [INFO] [1761293200.477557297] [rviz2.moveit.ros.move_group_interface]: Plan and Execute request aborted
1761293200.4798148 [rviz2-5] [ERROR] [1761293200.477607854] [rviz2.moveit.ros.move_group_interface]: MoveGroupInterface::move() failed or timeout reached
1761293200.5863149 [rviz2-5] [INFO] [1761293200.584999891] [rviz2.moveit.ros.move_group_interface]: Plan and Execute request accepted
1761293200.6758006 [rviz2-5] [INFO] [1761293200.675158880] [rviz2.moveit.ros.move_group_interface]: Plan and Execute request aborted
1761293200.6759303 [rviz2-5] [ERROR] [1761293200.675703588] [rviz2.moveit.ros.move_group_interface]: MoveGroupInterface::move() failed or timeout reached
1761293200.8839822 [rviz2-5] [INFO] [1761293200.882443635] [rviz2.moveit.ros.move_group_interface]: Plan and Execute request accepted
1761293200.9801657 [rviz2-5] [INFO] [1761293200.977267253] [rviz2.moveit.ros.move_group_interface]: Plan and Execute request aborted
1761293200.9805021 [rviz2-5] [ERROR] [1761293200.977845180] [rviz2.moveit.ros.move_group_interface]: MoveGroupInterface::move() failed or timeout reached
1761293201.1723790 [rviz2-5] [INFO] [1761293201.170861922] [rviz2.moveit.ros.move_group_interface]: Plan and Execute request accepted
1761293201.1774359 [rviz2-5] [INFO] [1761293201.176805711] [rviz2.moveit.ros.move_group_interface]: Plan and Execute request aborted
1761293201.1776967 [rviz2-5] [ERROR] [1761293201.177548838] [rviz2.moveit.ros.move_group_interface]: MoveGroupInterface::move() failed or timeout reached
1761293201.3720298 [rviz2-5] [INFO] [1761293201.371476517] [rviz2.moveit.ros.move_group_interface]: Plan and Execute request accepted
1761293201.3757401 [rviz2-5] [INFO] [1761293201.375141890] [rviz2.moveit.ros.move_group_interface]: Plan and Execute request aborted
1761293201.3758578 [rviz2-5] [ERROR] [1761293201.375252537] [rviz2.moveit.ros.move_group_interface]: MoveGroupInterface::move() failed or timeout reached
1761293209.7545185 [rviz2-5] [INFO] [1761293209.753873528] [rviz2.moveit.ros.move_group_interface]: MoveGroup action client/server ready
1761293209.7567124 [rviz2-5] [INFO] [1761293209.755203871] [rviz2.moveit.ros.move_group_interface]: Planning request accepted
1761293209.7762516 [rviz2-5] [INFO] [1761293209.775857195] [rviz2.moveit.ros.move_group_interface]: Planning request aborted
1761293209.7765896 [rviz2-5] [ERROR] [1761293209.776475886] [rviz2.moveit.ros.move_group_interface]: MoveGroupInterface::plan() failed or timeout reached
1761293210.9961429 [rviz2-5] [INFO] [1761293210.994367571] [rviz2.moveit.ros.move_group_interface]: Plan and Execute request accepted
1761293211.0802441 [rviz2-5] [INFO] [1761293211.077575048] [rviz2.moveit.ros.move_group_interface]: Plan and Execute request aborted
1761293211.0805645 [rviz2-5] [ERROR] [1761293211.077999912] [rviz2.moveit.ros.move_group_interface]: MoveGroupInterface::move() failed or timeout reached
1761293222.8550992 [rviz2-5] [INFO] [1761293222.854788433] [rviz2.moveit.ros.planning_scene_monitor]: Stopping planning scene monitor
1761293223.0179341 [INFO] [rviz2-5]: process has finished cleanly [pid 112669]
1761293226.7194288 [WARNING] [launch]: user interrupted with ctrl-c (SIGINT)
1761293226.7301672 [robot_state_publisher-2] [INFO] [1761293226.718957853] [rclcpp]: signal_handler(signum=2)
1761293226.7310705 [static_transform_publisher-1] [INFO] [1761293226.719197301] [rclcpp]: signal_handler(signum=2)
1761293226.7508121 [ERROR] [joint_state_publisher_gui-3]: process has died [pid 112667, exit code -2, cmd '/opt/ros/jazzy/lib/joint_state_publisher_gui/joint_state_publisher_gui --ros-args -r __node:=joint_state_publisher_gui'].
1761293226.8500295 [INFO] [static_transform_publisher-1]: process has finished cleanly [pid 112665]
1761293226.8539479 [INFO] [robot_state_publisher-2]: process has finished cleanly [pid 112666]
1761293226.9091725 [ERROR] [move_group-4]: process has died [pid 112668, exit code -11, cmd '/opt/ros/jazzy/lib/moveit_ros_move_group/move_group --ros-args -r __ns:=/ --params-file /tmp/launch_params_o1ncqw4o'].
