1761292097.7938638 [INFO] [launch]: All log files can be found below /root/.ros/log/2025-10-24-07-48-17-793194-rodeppc-95663
1761292097.7939718 [INFO] [launch]: Default logging verbosity is set to INFO
1761292097.8935299 [INFO] [static_transform_publisher-1]: process started with pid [95666]
1761292097.8936746 [INFO] [robot_state_publisher-2]: process started with pid [95667]
1761292097.8937583 [INFO] [joint_state_publisher_gui-3]: process started with pid [95668]
1761292097.8938248 [INFO] [move_group-4]: process started with pid [95669]
1761292097.8938887 [INFO] [rviz2-5]: process started with pid [95670]
1761292097.9125319 [static_transform_publisher-1] [WARN] [1761292097.912198950] []: Old-style arguments are deprecated; see --help for new-style arguments
1761292097.9331603 [static_transform_publisher-1] [INFO] [1761292097.932717756] [static_transform_publisher]: Spinning until stopped - publishing transform
1761292097.9333851 [static_transform_publisher-1] translation: ('0.000000', '0.000000', '0.000000')
1761292097.9335122 [static_transform_publisher-1] rotation: ('0.000000', '0.000000', '0.000000', '1.000000')
1761292097.9336402 [static_transform_publisher-1] from 'world' to 'base_link'
1761292097.9360309 [robot_state_publisher-2] [WARN] [1761292097.935875865] [kdl_parser]: The root link base_link has an inertia specified in the URDF, but KDL does not support a root link with an inertia.  As a workaround, you can add an extra dummy link to your URDF.
1761292097.9363384 [robot_state_publisher-2] [INFO] [1761292097.935969899] [robot_state_publisher]: Robot initialized
1761292097.9503405 [rviz2-5] QStandardPaths: XDG_RUNTIME_DIR not set, defaulting to '/tmp/runtime-root'
1761292098.6456039 [joint_state_publisher_gui-3] QStandardPaths: XDG_RUNTIME_DIR not set, defaulting to '/tmp/runtime-root'
1761292098.6562152 [rviz2-5] [INFO] [1761292098.656018006] [rviz2]: Stereo is NOT SUPPORTED
1761292098.6565197 [rviz2-5] [INFO] [1761292098.656197155] [rviz2]: OpenGl version: 4.6 (GLSL 4.6)
1761292098.6944659 [rviz2-5] [INFO] [1761292098.694253238] [rviz2]: Stereo is NOT SUPPORTED
1761292098.7049208 [joint_state_publisher_gui-3] [INFO] [1761292098.704696622] [joint_state_publisher_gui]: Waiting for robot_description to be published on the robot_description topic...
1761292098.7177174 [joint_state_publisher_gui-3] [INFO] [1761292098.717525119] [joint_state_publisher_gui]: Centering
1761292098.8071885 [rviz2-5] Warning: class_loader.impl: SEVERE WARNING!!! A namespace collision has occurred with plugin factory for class rviz_default_plugins::displays::InteractiveMarkerDisplay. New factory will OVERWRITE existing one. This situation occurs when libraries containing plugins are directly linked against an executable (the one running right now generating this message). Please separate plugins out into their own library or just don't link against the library and use either class_loader::ClassLoader/MultiLibraryClassLoader to open.
1761292098.8074665 [rviz2-5]          at line 321 in /opt/ros/jazzy/include/class_loader/class_loader/class_loader_core.hpp
1761292098.8084507 [rviz2-5] [WARN] [1761292098.808256644] [rcl.logging_rosout]: Publisher already registered for node name: 'rviz2'. If this is due to multiple nodes with the same name then all logs for the logger named 'rviz2' will go out over the existing publisher. As soon as any node with that name is destructed it will unregister the publisher, preventing any further logs for that name from being published on the rosout topic.
1761292098.8615849 [joint_state_publisher_gui-3] [INFO] [1761292098.861296670] [joint_state_publisher_gui]: Centering
1761292098.9595242 [joint_state_publisher_gui-3] [INFO] [1761292098.959284788] [joint_state_publisher_gui]: Centering
1761292099.2102277 [ERROR] [move_group-4]: process has died [pid 95669, exit code -6, cmd '/opt/ros/jazzy/lib/moveit_ros_move_group/move_group --ros-args -r __ns:=/ --params-file /tmp/launch_params_k9rpiexh'].
1761292101.8548064 [rviz2-5] [ERROR] [1761292101.854532090] [rviz2.moveit.ros.motion_planning_frame]: Action server: /recognize_objects not available
1761292101.8762798 [rviz2-5] [INFO] [1761292101.876080118] [rviz2.moveit.ros.motion_planning_frame]: MoveGroup namespace changed: / -> . Reloading params.
1761292101.8889549 [rviz2-5] [ERROR] [1761292101.888800557] [rviz2]: PluginlibFactory: The plugin for class 'rviz_visual_tools/RvizVisualToolsGui' failed to load. Error: According to the loaded plugin descriptions the class rviz_visual_tools/RvizVisualToolsGui with base class type rviz_common::Panel does not exist. Declared types are 
1761292101.9301131 [rviz2-5] [INFO] [1761292101.929913853] [rviz2.moveit.ros.rdf_loader]: Loaded robot model in 0.00290647 seconds
1761292101.9303963 [rviz2-5] [INFO] [1761292101.929995577] [rviz2.moveit.core.robot_model]: Loading robot model 'sekirei'...
1761292101.9304678 [rviz2-5] [INFO] [1761292101.930016136] [rviz2.moveit.core.robot_model]: No root/virtual joint specified in SRDF. Assuming fixed joint
1761292101.9305363 [rviz2-5] [WARN] [1761292101.930276431] [rviz2.moveit.core.robot_model]: Could not identify parent group for end-effector 'end_effector'
1761292101.9407215 [rviz2-5] [WARN] [1761292101.940574236] [kdl_parser]: The root link base_link has an inertia specified in the URDF, but KDL does not support a root link with an inertia.  As a workaround, you can add an extra dummy link to your URDF.
1761292101.9409945 [rviz2-5] [INFO] [1761292101.940708595] [rviz2.moveit.kinematics.kdl_kinematics_plugin]: Joint weights for group 'sekirei_arm': 1 1 1 1 1 1
1761292101.9847879 [rviz2-5] [INFO] [1761292101.984604412] [rviz2.moveit.ros.planning_scene_monitor]: Starting planning scene monitor
1761292101.9860992 [rviz2-5] [INFO] [1761292101.985969236] [rviz2.moveit.ros.planning_scene_monitor]: Listening to '/monitored_planning_scene'
1761292102.3815036 [rviz2-5] [INFO] [1761292102.381335031] [interactive_marker_display_102565964045184]: Connected on namespace: /rviz_moveit_motion_planning_display/robot_interaction_interactive_marker_topic
1761292102.3836398 [rviz2-5] [WARN] [1761292102.383372330] [kdl_parser]: The root link base_link has an inertia specified in the URDF, but KDL does not support a root link with an inertia.  As a workaround, you can add an extra dummy link to your URDF.
1761292102.4592474 [rviz2-5] [INFO] [1761292102.458834523] [interactive_marker_display_102565964045184]: Sending request for interactive markers
1761292102.4914694 [rviz2-5] [INFO] [1761292102.491317854] [interactive_marker_display_102565964045184]: Service response received for initialization
1761292107.3881524 [rviz2-5] [INFO] [1761292107.387571734] [rviz2.moveit.ros.planning_scene_monitor]: Failed to call service get_planning_scene, have you launched move_group or called psm.providePlanningSceneService()?
1761292107.3889890 [rviz2-5] [INFO] [1761292107.387817739] [rviz2.moveit.ros.motion_planning_frame]: group sekirei_arm
1761292107.3893032 [rviz2-5] [INFO] [1761292107.387849372] [rviz2.moveit.ros.motion_planning_frame]: Constructing new MoveGroup connection for group 'sekirei_arm' in namespace ''
1761292110.8132420 [rviz2-5] [ERROR] [1761292110.813056439] [rviz2.rclcpp_action]: Error in destruction of rcl action client handle: action client implementation is invalid, at ./src/rcl_action/action_client.c:491
1761292110.8267660 [rviz2-5] terminate called without an active exception
1761292111.4549654 [ERROR] [rviz2-5]: process has died [pid 95670, exit code -6, cmd '/opt/ros/jazzy/lib/rviz2/rviz2 -d /root/ros_ws/install/sekirei_moveit_config/share/sekirei_moveit_config/config/moveit.rviz --ros-args -r __node:=rviz2 --params-file /tmp/launch_params_o2ocr1om'].
1761292112.1555128 [INFO] [joint_state_publisher_gui-3]: process has finished cleanly [pid 95668]
1761292182.3235061 [WARNING] [launch]: user interrupted with ctrl-c (SIGINT)
1761292182.3262146 [static_transform_publisher-1] [INFO] [1761292182.323325106] [rclcpp]: signal_handler(signum=2)
1761292182.3265946 [robot_state_publisher-2] [INFO] [1761292182.323324993] [rclcpp]: signal_handler(signum=2)
1761292182.4422324 [INFO] [static_transform_publisher-1]: process has finished cleanly [pid 95666]
1761292182.4437675 [INFO] [robot_state_publisher-2]: process has finished cleanly [pid 95667]
