1761213721.8470633 [INFO] [launch]: All log files can be found below /root/.ros/log/2025-10-23-10-02-01-846418-rodeppc-79034
1761213721.8471859 [INFO] [launch]: Default logging verbosity is set to INFO
1761213721.9476259 [INFO] [static_transform_publisher-1]: process started with pid [79037]
1761213721.9477324 [INFO] [robot_state_publisher-2]: process started with pid [79038]
1761213721.9478264 [INFO] [joint_state_publisher_gui-3]: process started with pid [79039]
1761213721.9479253 [INFO] [move_group-4]: process started with pid [79040]
1761213721.9480197 [INFO] [rviz2-5]: process started with pid [79041]
1761213721.9649265 [static_transform_publisher-1] [WARN] [1761213721.964585474] []: Old-style arguments are deprecated; see --help for new-style arguments
1761213721.9826403 [static_transform_publisher-1] [INFO] [1761213721.982400969] [static_transform_publisher]: Spinning until stopped - publishing transform
1761213721.9827838 [static_transform_publisher-1] translation: ('0.000000', '0.000000', '0.000000')
1761213721.9828691 [static_transform_publisher-1] rotation: ('0.000000', '0.000000', '0.000000', '1.000000')
1761213721.9829431 [static_transform_publisher-1] from 'world' to 'base_link'
1761213721.9866738 [robot_state_publisher-2] [WARN] [1761213721.986488778] [kdl_parser]: The root link base_link has an inertia specified in the URDF, but KDL does not support a root link with an inertia.  As a workaround, you can add an extra dummy link to your URDF.
1761213721.9869759 [robot_state_publisher-2] [INFO] [1761213721.986593591] [robot_state_publisher]: Robot initialized
1761213721.9919016 [rviz2-5] QStandardPaths: XDG_RUNTIME_DIR not set, defaulting to '/tmp/runtime-root'
1761213722.2014518 [ERROR] [move_group-4]: process has died [pid 79040, exit code -6, cmd '/opt/ros/jazzy/lib/moveit_ros_move_group/move_group --ros-args --params-file /tmp/launch_params_fqwsin46'].
1761213722.6881821 [joint_state_publisher_gui-3] QStandardPaths: XDG_RUNTIME_DIR not set, defaulting to '/tmp/runtime-root'
1761213722.6989126 [rviz2-5] [INFO] [1761213722.698771732] [rviz2]: Stereo is NOT SUPPORTED
1761213722.6991470 [rviz2-5] [INFO] [1761213722.698923009] [rviz2]: OpenGl version: 4.6 (GLSL 4.6)
1761213722.7437654 [joint_state_publisher_gui-3] [INFO] [1761213722.743612381] [joint_state_publisher_gui]: Waiting for robot_description to be published on the robot_description topic...
1761213722.7449360 [rviz2-5] [INFO] [1761213722.744852953] [rviz2]: Stereo is NOT SUPPORTED
1761213722.7572918 [joint_state_publisher_gui-3] [INFO] [1761213722.757059098] [joint_state_publisher_gui]: Centering
1761213722.8595898 [rviz2-5] Warning: class_loader.impl: SEVERE WARNING!!! A namespace collision has occurred with plugin factory for class rviz_default_plugins::displays::InteractiveMarkerDisplay. New factory will OVERWRITE existing one. This situation occurs when libraries containing plugins are directly linked against an executable (the one running right now generating this message). Please separate plugins out into their own library or just don't link against the library and use either class_loader::ClassLoader/MultiLibraryClassLoader to open.
1761213722.8599417 [rviz2-5]          at line 321 in /opt/ros/jazzy/include/class_loader/class_loader/class_loader_core.hpp
1761213722.8607442 [rviz2-5] [WARN] [1761213722.860582195] [rcl.logging_rosout]: Publisher already registered for node name: 'rviz2'. If this is due to multiple nodes with the same name then all logs for the logger named 'rviz2' will go out over the existing publisher. As soon as any node with that name is destructed it will unregister the publisher, preventing any further logs for that name from being published on the rosout topic.
1761213722.9080925 [joint_state_publisher_gui-3] [INFO] [1761213722.907786896] [joint_state_publisher_gui]: Centering
1761213725.9066494 [rviz2-5] [ERROR] [1761213725.906359339] [rviz2.moveit.ros.motion_planning_frame]: Action server: /recognize_objects not available
1761213725.9195042 [rviz2-5] [INFO] [1761213725.919031937] [rviz2.moveit.ros.motion_planning_frame]: MoveGroup namespace changed: / -> . Reloading params.
1761213725.9312582 [rviz2-5] [WARN] [1761213725.931054368] [rcl.logging_rosout]: Publisher already registered for node name: 'rviz2'. If this is due to multiple nodes with the same name then all logs for the logger named 'rviz2' will go out over the existing publisher. As soon as any node with that name is destructed it will unregister the publisher, preventing any further logs for that name from being published on the rosout topic.
1761213725.9737039 [rviz2-5] [INFO] [1761213725.973429306] [rviz2.moveit.ros.rdf_loader]: Loaded robot model in 0.00255564 seconds
1761213725.9740391 [rviz2-5] [INFO] [1761213725.973534513] [rviz2.moveit.core.robot_model]: Loading robot model 'sekirei'...
1761213725.9741611 [rviz2-5] [INFO] [1761213725.973566511] [rviz2.moveit.core.robot_model]: No root/virtual joint specified in SRDF. Assuming fixed joint
1761213725.9743457 [rviz2-5] [WARN] [1761213725.973851512] [rviz2.moveit.core.robot_model]: Could not identify parent group for end-effector 'end_effector'
1761213725.9804227 [rviz2-5] [WARN] [1761213725.979992402] [kdl_parser]: The root link base_link has an inertia specified in the URDF, but KDL does not support a root link with an inertia.  As a workaround, you can add an extra dummy link to your URDF.
1761213725.9807565 [rviz2-5] [INFO] [1761213725.980323295] [rviz2.moveit.kinematics.kdl_kinematics_plugin]: Joint weights for group 'sekirei_arm': 1 1 1 1 1 1
1761213726.0085502 [rviz2-5] [INFO] [1761213726.008277005] [rviz2.moveit.ros.planning_scene_monitor]: Starting planning scene monitor
1761213726.0095527 [rviz2-5] [INFO] [1761213726.009363086] [rviz2.moveit.ros.planning_scene_monitor]: Listening to '/monitored_planning_scene'
1761213726.4139960 [rviz2-5] [INFO] [1761213726.413512840] [interactive_marker_display_105510100489552]: Connected on namespace: /rviz_moveit_motion_planning_display/robot_interaction_interactive_marker_topic
1761213726.4163482 [rviz2-5] [WARN] [1761213726.416169008] [kdl_parser]: The root link base_link has an inertia specified in the URDF, but KDL does not support a root link with an inertia.  As a workaround, you can add an extra dummy link to your URDF.
1761213726.4704556 [rviz2-5] [INFO] [1761213726.469812004] [interactive_marker_display_105510100489552]: Sending request for interactive markers
1761213726.5054021 [rviz2-5] [INFO] [1761213726.505073147] [interactive_marker_display_105510100489552]: Service response received for initialization
1761213731.4207194 [rviz2-5] [INFO] [1761213731.420556979] [rviz2.moveit.ros.planning_scene_monitor]: Failed to call service get_planning_scene, have you launched move_group or called psm.providePlanningSceneService()?
1761213731.4209569 [rviz2-5] [INFO] [1761213731.420652584] [rviz2.moveit.ros.motion_planning_frame]: group sekirei_arm
1761213731.4210701 [rviz2-5] [INFO] [1761213731.420660858] [rviz2.moveit.ros.motion_planning_frame]: Constructing new MoveGroup connection for group 'sekirei_arm' in namespace ''
1761213731.6276164 [joint_state_publisher_gui-3] [INFO] [1761213731.627340864] [joint_state_publisher_gui]: Randomizing
1761213756.8162260 [rviz2-5] [ERROR] [1761213756.816022047] [rviz2.rclcpp_action]: Error in destruction of rcl action client handle: action client implementation is invalid, at ./src/rcl_action/action_client.c:491
1761213756.8224216 [rviz2-5] terminate called without an active exception
1761213757.3392174 [ERROR] [rviz2-5]: process has died [pid 79041, exit code -6, cmd '/opt/ros/jazzy/lib/rviz2/rviz2 -d /root/ros_ws/install/sekirei_moveit_config/share/sekirei_moveit_config/config/moveit.rviz --ros-args -r __node:=rviz2 --params-file /tmp/launch_params_9pju39wg'].
1761213760.8584893 [INFO] [joint_state_publisher_gui-3]: process has finished cleanly [pid 79039]
1761213763.7856421 [WARNING] [launch]: user interrupted with ctrl-c (SIGINT)
1761213763.7869294 [robot_state_publisher-2] [INFO] [1761213763.785500798] [rclcpp]: signal_handler(signum=2)
1761213763.7870603 [static_transform_publisher-1] [INFO] [1761213763.785501005] [rclcpp]: signal_handler(signum=2)
1761213763.8970275 [INFO] [static_transform_publisher-1]: process has finished cleanly [pid 79037]
1761213763.8988206 [INFO] [robot_state_publisher-2]: process has finished cleanly [pid 79038]
