1761287694.3596737 [INFO] [launch]: All log files can be found below /root/.ros/log/2025-10-24-06-34-54-358990-rodeppc-49475
1761287694.3597748 [INFO] [launch]: Default logging verbosity is set to INFO
1761287694.4840267 [INFO] [static_transform_publisher-1]: process started with pid [49478]
1761287694.4842358 [INFO] [robot_state_publisher-2]: process started with pid [49479]
1761287694.4843616 [INFO] [joint_state_publisher_gui-3]: process started with pid [49480]
1761287694.4844396 [INFO] [move_group-4]: process started with pid [49481]
1761287694.4845102 [INFO] [rviz2-5]: process started with pid [49482]
1761287694.5122175 [static_transform_publisher-1] [WARN] [1761287694.511898811] []: Old-style arguments are deprecated; see --help for new-style arguments
1761287694.5365005 [robot_state_publisher-2] [WARN] [1761287694.535805964] [kdl_parser]: The root link base_link has an inertia specified in the URDF, but KDL does not support a root link with an inertia.  As a workaround, you can add an extra dummy link to your URDF.
1761287694.5371060 [robot_state_publisher-2] [INFO] [1761287694.536031143] [robot_state_publisher]: Robot initialized
1761287694.5374284 [static_transform_publisher-1] [INFO] [1761287694.535879719] [static_transform_publisher]: Spinning until stopped - publishing transform
1761287694.5375071 [static_transform_publisher-1] translation: ('0.000000', '0.000000', '0.000000')
1761287694.5375805 [static_transform_publisher-1] rotation: ('0.000000', '0.000000', '0.000000', '1.000000')
1761287694.5376334 [static_transform_publisher-1] from 'world' to 'base_link'
1761287694.5768185 [rviz2-5] QStandardPaths: XDG_RUNTIME_DIR not set, defaulting to '/tmp/runtime-root'
1761287694.7682419 [ERROR] [move_group-4]: process has died [pid 49481, exit code -6, cmd '/opt/ros/jazzy/lib/moveit_ros_move_group/move_group --ros-args -r __ns:=/ --params-file /tmp/launch_params_hk2zx_9g'].
1761287695.3140242 [joint_state_publisher_gui-3] QStandardPaths: XDG_RUNTIME_DIR not set, defaulting to '/tmp/runtime-root'
1761287695.3198755 [rviz2-5] [INFO] [1761287695.319536659] [rviz2]: Stereo is NOT SUPPORTED
1761287695.3202667 [rviz2-5] [INFO] [1761287695.319857188] [rviz2]: OpenGl version: 4.6 (GLSL 4.6)
1761287695.3473184 [rviz2-5] [INFO] [1761287695.347028616] [rviz2]: Stereo is NOT SUPPORTED
1761287695.3781996 [joint_state_publisher_gui-3] [INFO] [1761287695.378031967] [joint_state_publisher_gui]: Waiting for robot_description to be published on the robot_description topic...
1761287695.3868885 [joint_state_publisher_gui-3] [INFO] [1761287695.386731305] [joint_state_publisher_gui]: Centering
1761287695.4237204 [rviz2-5] [ERROR] [1761287695.423504849] [rviz2]: PluginlibFactory: The plugin for class 'moveit_rviz_plugin/MotionPlanning' failed to load. Error: According to the loaded plugin descriptions the class moveit_rviz_plugin/MotionPlanning with base class type rviz_common::Display does not exist. Declared types are  rviz_default_plugins/AccelStamped rviz_default_plugins/Axes rviz_default_plugins/Camera rviz_default_plugins/CameraInfo rviz_default_plugins/DepthCloud rviz_default_plugins/Effort rviz_default_plugins/FluidPressure rviz_default_plugins/Grid rviz_default_plugins/GridCells rviz_default_plugins/Illuminance rviz_default_plugins/Image rviz_default_plugins/InteractiveMarkers rviz_default_plugins/LaserScan rviz_default_plugins/Map rviz_default_plugins/Marker rviz_default_plugins/MarkerArray rviz_default_plugins/Odometry rviz_default_plugins/Path rviz_default_plugins/PointCloud rviz_default_plugins/PointCloud2 rviz_default_plugins/PointStamped rviz_default_plugins/Polygon rviz_default_plugins/Pose rviz_default_plugins/PoseArray rviz_default_plugins/PoseWithCovariance rviz_default_plugins/Range rviz_default_plugins/RelativeHumidity rviz_default_plugins/RobotModel rviz_default_plugins/TF rviz_default_plugins/Temperature rviz_default_plugins/TwistStamped rviz_default_plugins/Wrench
1761287695.4303219 [rviz2-5] [ERROR] [1761287695.429942840] [rviz2]: PluginlibFactory: The plugin for class 'rviz_visual_tools/RvizVisualToolsGui' failed to load. Error: According to the loaded plugin descriptions the class rviz_visual_tools/RvizVisualToolsGui with base class type rviz_common::Panel does not exist. Declared types are 
1761287697.6236200 [joint_state_publisher_gui-3] [INFO] [1761287697.623402694] [joint_state_publisher_gui]: Centering
1761287714.0505428 [INFO] [rviz2-5]: process has finished cleanly [pid 49482]
1761287715.5675788 [INFO] [joint_state_publisher_gui-3]: process has finished cleanly [pid 49480]
1761288077.4591680 [WARNING] [launch]: user interrupted with ctrl-c (SIGINT)
1761288077.4632692 [robot_state_publisher-2] [INFO] [1761288077.458773730] [rclcpp]: signal_handler(signum=2)
1761288077.4635024 [static_transform_publisher-1] [INFO] [1761288077.458788385] [rclcpp]: signal_handler(signum=2)
1761288077.5735199 [INFO] [static_transform_publisher-1]: process has finished cleanly [pid 49478]
1761288077.5738165 [INFO] [robot_state_publisher-2]: process has finished cleanly [pid 49479]
