1761290156.8170726 [INFO] [launch]: All log files can be found below /root/.ros/log/2025-10-24-07-15-56-816450-rodeppc-60698
1761290156.8171725 [INFO] [launch]: Default logging verbosity is set to INFO
1761290156.9337869 [INFO] [static_transform_publisher-1]: process started with pid [60701]
1761290156.9339368 [INFO] [robot_state_publisher-2]: process started with pid [60702]
1761290156.9340274 [INFO] [joint_state_publisher_gui-3]: process started with pid [60703]
1761290156.9341130 [INFO] [move_group-4]: process started with pid [60704]
1761290156.9341831 [INFO] [rviz2-5]: process started with pid [60705]
1761290156.9497147 [static_transform_publisher-1] [WARN] [1761290156.949435672] []: Old-style arguments are deprecated; see --help for new-style arguments
1761290156.9668231 [static_transform_publisher-1] [INFO] [1761290156.966379410] [static_transform_publisher]: Spinning until stopped - publishing transform
1761290156.9672358 [static_transform_publisher-1] translation: ('0.000000', '0.000000', '0.000000')
1761290156.9673576 [static_transform_publisher-1] rotation: ('0.000000', '0.000000', '0.000000', '1.000000')
1761290156.9674554 [static_transform_publisher-1] from 'world' to 'base_link'
1761290156.9816172 [robot_state_publisher-2] [WARN] [1761290156.981302137] [kdl_parser]: The root link base_link has an inertia specified in the URDF, but KDL does not support a root link with an inertia.  As a workaround, you can add an extra dummy link to your URDF.
1761290156.9821117 [robot_state_publisher-2] [INFO] [1761290156.981558585] [robot_state_publisher]: Robot initialized
1761290157.0020514 [rviz2-5] QStandardPaths: XDG_RUNTIME_DIR not set, defaulting to '/tmp/runtime-root'
1761290157.7026370 [joint_state_publisher_gui-3] QStandardPaths: XDG_RUNTIME_DIR not set, defaulting to '/tmp/runtime-root'
1761290157.7143185 [rviz2-5] [INFO] [1761290157.714004743] [rviz2]: Stereo is NOT SUPPORTED
1761290157.7146685 [rviz2-5] [INFO] [1761290157.714270289] [rviz2]: OpenGl version: 4.6 (GLSL 4.6)
1761290157.7418807 [rviz2-5] [INFO] [1761290157.741399979] [rviz2]: Stereo is NOT SUPPORTED
1761290157.7607880 [joint_state_publisher_gui-3] [INFO] [1761290157.760544079] [joint_state_publisher_gui]: Waiting for robot_description to be published on the robot_description topic...
1761290157.7725360 [joint_state_publisher_gui-3] [INFO] [1761290157.772209454] [joint_state_publisher_gui]: Centering
1761290157.8145854 [rviz2-5] [ERROR] [1761290157.814346468] [rviz2]: PluginlibFactory: The plugin for class 'moveit_rviz_plugin/MotionPlanning' failed to load. Error: According to the loaded plugin descriptions the class moveit_rviz_plugin/MotionPlanning with base class type rviz_common::Display does not exist. Declared types are  rviz_default_plugins/AccelStamped rviz_default_plugins/Axes rviz_default_plugins/Camera rviz_default_plugins/CameraInfo rviz_default_plugins/DepthCloud rviz_default_plugins/Effort rviz_default_plugins/FluidPressure rviz_default_plugins/Grid rviz_default_plugins/GridCells rviz_default_plugins/Illuminance rviz_default_plugins/Image rviz_default_plugins/InteractiveMarkers rviz_default_plugins/LaserScan rviz_default_plugins/Map rviz_default_plugins/Marker rviz_default_plugins/MarkerArray rviz_default_plugins/Odometry rviz_default_plugins/Path rviz_default_plugins/PointCloud rviz_default_plugins/PointCloud2 rviz_default_plugins/PointStamped rviz_default_plugins/Polygon rviz_default_plugins/Pose rviz_default_plugins/PoseArray rviz_default_plugins/PoseWithCovariance rviz_default_plugins/Range rviz_default_plugins/RelativeHumidity rviz_default_plugins/RobotModel rviz_default_plugins/TF rviz_default_plugins/Temperature rviz_default_plugins/TwistStamped rviz_default_plugins/Wrench
1761290157.8245339 [rviz2-5] [ERROR] [1761290157.823898993] [rviz2]: PluginlibFactory: The plugin for class 'rviz_visual_tools/RvizVisualToolsGui' failed to load. Error: According to the loaded plugin descriptions the class rviz_visual_tools/RvizVisualToolsGui with base class type rviz_common::Panel does not exist. Declared types are 
1761290157.9092851 [joint_state_publisher_gui-3] [INFO] [1761290157.909001901] [joint_state_publisher_gui]: Centering
1761290158.1364219 [ERROR] [move_group-4]: process has died [pid 60704, exit code -6, cmd '/opt/ros/jazzy/lib/moveit_ros_move_group/move_group --ros-args -r __ns:=/ --params-file /tmp/launch_params_jxgnhhep'].
1761290162.2412434 [INFO] [joint_state_publisher_gui-3]: process has finished cleanly [pid 60703]
1761290175.3164179 [ERROR] [rviz2-5]: process has died [pid 60705, exit code -11, cmd '/opt/ros/jazzy/lib/rviz2/rviz2 -d /root/ros_ws/install/sekirei_moveit_config/share/sekirei_moveit_config/config/moveit.rviz --ros-args -r __node:=rviz2 --params-file /tmp/launch_params_brzk9knm'].
1761290182.1490071 [WARNING] [launch]: user interrupted with ctrl-c (SIGINT)
1761290182.1504698 [static_transform_publisher-1] [INFO] [1761290182.148836548] [rclcpp]: signal_handler(signum=2)
1761290182.1506929 [robot_state_publisher-2] [INFO] [1761290182.148836288] [rclcpp]: signal_handler(signum=2)
1761290182.2617633 [INFO] [static_transform_publisher-1]: process has finished cleanly [pid 60701]
1761290182.2638390 [INFO] [robot_state_publisher-2]: process has finished cleanly [pid 60702]
