1761213253.3190188 [INFO] [launch]: All log files can be found below /root/.ros/log/2025-10-23-09-54-13-318228-rodeppc-73336
1761213253.3191543 [INFO] [launch]: Default logging verbosity is set to INFO
1761213253.4230409 [INFO] [static_transform_publisher-1]: process started with pid [73339]
1761213253.4231637 [INFO] [robot_state_publisher-2]: process started with pid [73340]
1761213253.4233003 [INFO] [joint_state_publisher_gui-3]: process started with pid [73341]
1761213253.4234197 [INFO] [move_group-4]: process started with pid [73342]
1761213253.4234929 [INFO] [rviz2-5]: process started with pid [73343]
1761213253.4414485 [static_transform_publisher-1] [WARN] [1761213253.441205117] []: Old-style arguments are deprecated; see --help for new-style arguments
1761213253.4592056 [static_transform_publisher-1] [INFO] [1761213253.458977281] [static_transform_publisher]: Spinning until stopped - publishing transform
1761213253.4593384 [static_transform_publisher-1] translation: ('0.000000', '0.000000', '0.000000')
1761213253.4594026 [static_transform_publisher-1] rotation: ('0.000000', '0.000000', '0.000000', '1.000000')
1761213253.4595017 [static_transform_publisher-1] from 'world' to 'base_link'
1761213253.4619668 [robot_state_publisher-2] [WARN] [1761213253.461727478] [kdl_parser]: The root link base_link has an inertia specified in the URDF, but KDL does not support a root link with an inertia.  As a workaround, you can add an extra dummy link to your URDF.
1761213253.4622920 [robot_state_publisher-2] [INFO] [1761213253.461873080] [robot_state_publisher]: Robot initialized
1761213253.4790282 [rviz2-5] QStandardPaths: XDG_RUNTIME_DIR not set, defaulting to '/tmp/runtime-root'
1761213253.6695261 [ERROR] [move_group-4]: process has died [pid 73342, exit code -6, cmd '/opt/ros/jazzy/lib/moveit_ros_move_group/move_group --ros-args --params-file /tmp/launch_params_s5irb3tn --params-file /tmp/launch_params_w251lc3s --params-file /tmp/launch_params_mf8crw9s --params-file /tmp/launch_params_zrcc3cof --params-file /tmp/launch_params_fwmqsc9q --params-file /tmp/launch_params_lna5wpir --params-file /tmp/launch_params_l57ttj39'].
1761213254.1501017 [joint_state_publisher_gui-3] QStandardPaths: XDG_RUNTIME_DIR not set, defaulting to '/tmp/runtime-root'
1761213254.1601052 [rviz2-5] [INFO] [1761213254.159964000] [rviz2]: Stereo is NOT SUPPORTED
1761213254.1603634 [rviz2-5] [INFO] [1761213254.160093150] [rviz2]: OpenGl version: 4.6 (GLSL 4.6)
1761213254.1996784 [rviz2-5] [INFO] [1761213254.199424557] [rviz2]: Stereo is NOT SUPPORTED
1761213254.2022038 [joint_state_publisher_gui-3] [INFO] [1761213254.202024904] [joint_state_publisher_gui]: Waiting for robot_description to be published on the robot_description topic...
1761213254.2142000 [joint_state_publisher_gui-3] [INFO] [1761213254.214049286] [joint_state_publisher_gui]: Centering
1761213254.2937403 [rviz2-5] Warning: class_loader.impl: SEVERE WARNING!!! A namespace collision has occurred with plugin factory for class rviz_default_plugins::displays::InteractiveMarkerDisplay. New factory will OVERWRITE existing one. This situation occurs when libraries containing plugins are directly linked against an executable (the one running right now generating this message). Please separate plugins out into their own library or just don't link against the library and use either class_loader::ClassLoader/MultiLibraryClassLoader to open.
1761213254.2941270 [rviz2-5]          at line 321 in /opt/ros/jazzy/include/class_loader/class_loader/class_loader_core.hpp
1761213254.2945766 [rviz2-5] [WARN] [1761213254.294475525] [rcl.logging_rosout]: Publisher already registered for node name: 'rviz2'. If this is due to multiple nodes with the same name then all logs for the logger named 'rviz2' will go out over the existing publisher. As soon as any node with that name is destructed it will unregister the publisher, preventing any further logs for that name from being published on the rosout topic.
1761213256.4568839 [joint_state_publisher_gui-3] [INFO] [1761213256.456710656] [joint_state_publisher_gui]: Centering
1761213256.4596055 [joint_state_publisher_gui-3] [INFO] [1761213256.459438991] [joint_state_publisher_gui]: Centering
1761213257.3295937 [rviz2-5] [ERROR] [1761213257.328966894] [rviz2.moveit.ros.motion_planning_frame]: Action server: /recognize_objects not available
1761213257.3557818 [rviz2-5] [INFO] [1761213257.355569733] [rviz2.moveit.ros.motion_planning_frame]: MoveGroup namespace changed: / -> . Reloading params.
1761213257.3655906 [rviz2-5] [WARN] [1761213257.365366002] [rcl.logging_rosout]: Publisher already registered for node name: 'rviz2'. If this is due to multiple nodes with the same name then all logs for the logger named 'rviz2' will go out over the existing publisher. As soon as any node with that name is destructed it will unregister the publisher, preventing any further logs for that name from being published on the rosout topic.
1761213257.4105940 [rviz2-5] [INFO] [1761213257.410380731] [rviz2.moveit.ros.rdf_loader]: Loaded robot model in 0.00235847 seconds
1761213257.4108527 [rviz2-5] [INFO] [1761213257.410452323] [rviz2.moveit.core.robot_model]: Loading robot model 'sekirei'...
1761213257.4109364 [rviz2-5] [INFO] [1761213257.410471658] [rviz2.moveit.core.robot_model]: No root/virtual joint specified in SRDF. Assuming fixed joint
1761213257.4111209 [rviz2-5] [WARN] [1761213257.410694689] [rviz2.moveit.core.robot_model]: Could not identify parent group for end-effector 'end_effector'
1761213257.4146028 [rviz2-5] [WARN] [1761213257.414492116] [rviz2.moveit.ros.robot_model_loader]: No kinematics plugins defined. Fill and load kinematics.yaml!
1761213257.4589531 [rviz2-5] [INFO] [1761213257.458740342] [rviz2.moveit.ros.planning_scene_monitor]: Starting planning scene monitor
1761213257.4599535 [rviz2-5] [INFO] [1761213257.459734790] [rviz2.moveit.ros.planning_scene_monitor]: Listening to '/monitored_planning_scene'
1761213257.7777224 [rviz2-5] [INFO] [1761213257.777578467] [interactive_marker_display_98738520695296]: Connected on namespace: /rviz_moveit_motion_planning_display/robot_interaction_interactive_marker_topic
1761213257.7793703 [rviz2-5] [WARN] [1761213257.779294276] [kdl_parser]: The root link base_link has an inertia specified in the URDF, but KDL does not support a root link with an inertia.  As a workaround, you can add an extra dummy link to your URDF.
1761213257.7795477 [rviz2-5] [INFO] [1761213257.779437032] [rviz2.moveit.ros.robot_interaction]: No active joints or end effectors found for group 'sekirei_arm'. Make sure that kinematics.yaml is loaded in this node's namespace.
1761213257.8147471 [rviz2-5] [INFO] [1761213257.814546545] [interactive_marker_display_98738520695296]: Sending request for interactive markers
1761213257.8476455 [rviz2-5] [INFO] [1761213257.847416741] [interactive_marker_display_98738520695296]: Service response received for initialization
1761213262.7826672 [rviz2-5] [INFO] [1761213262.782053153] [rviz2.moveit.ros.planning_scene_monitor]: Failed to call service get_planning_scene, have you launched move_group or called psm.providePlanningSceneService()?
1761213262.7837238 [rviz2-5] [INFO] [1761213262.782360784] [rviz2.moveit.ros.motion_planning_frame]: group sekirei_arm
1761213262.7843175 [rviz2-5] [INFO] [1761213262.782455211] [rviz2.moveit.ros.motion_planning_frame]: Constructing new MoveGroup connection for group 'sekirei_arm' in namespace ''
1761213322.7999310 [rviz2-5] [INFO] [1761213322.799773813] [rviz2.moveit.ros.move_group_interface]: Ready to take commands for planning group sekirei_arm.
1761213681.4002826 [WARNING] [launch]: user interrupted with ctrl-c (SIGINT)
1761213681.4029453 [rviz2-5] [INFO] [1761213681.400002599] [rclcpp]: signal_handler(signum=2)
1761213681.4031942 [robot_state_publisher-2] [INFO] [1761213681.400074622] [rclcpp]: signal_handler(signum=2)
1761213681.4033964 [static_transform_publisher-1] [INFO] [1761213681.400084137] [rclcpp]: signal_handler(signum=2)
1761213681.4035411 [rviz2-5] [WARN] [1761213681.401177283] [interactive_marker_display_98738520695296]: Server not available while running, resetting
1761213681.4102700 [ERROR] [joint_state_publisher_gui-3]: process has died [pid 73341, exit code -2, cmd '/opt/ros/jazzy/lib/joint_state_publisher_gui/joint_state_publisher_gui --ros-args -r __node:=joint_state_publisher_gui'].
1761213681.4485605 [rviz2-5] [ERROR] [1761213681.448267651] [rviz2.moveit.ros.background_processing]: Exception caught while processing action 'Frame::changePlanningGroup': std::future_error: Broken promise
1761213681.4554491 [rviz2-5] [INFO] [1761213681.455291378] [rviz2.moveit.ros.planning_scene_monitor]: Stopping planning scene monitor
1761213681.5094147 [INFO] [static_transform_publisher-1]: process has finished cleanly [pid 73339]
1761213681.5112505 [INFO] [robot_state_publisher-2]: process has finished cleanly [pid 73340]
1761213681.5956824 [WARNING] [launch]: user interrupted with ctrl-c (SIGINT) again, ignoring...
1761213681.6062517 [INFO] [rviz2-5]: process has finished cleanly [pid 73343]
