1761291956.0343037 [INFO] [launch]: All log files can be found below /root/.ros/log/2025-10-24-07-45-56-021579-rodeppc-95523
1761291956.0344126 [INFO] [launch]: Default logging verbosity is set to INFO
1761291956.1419783 [INFO] [static_transform_publisher-1]: process started with pid [95526]
1761291956.1421142 [INFO] [robot_state_publisher-2]: process started with pid [95527]
1761291956.1422088 [INFO] [joint_state_publisher_gui-3]: process started with pid [95528]
1761291956.1422837 [INFO] [move_group-4]: process started with pid [95529]
1761291956.1423542 [INFO] [rviz2-5]: process started with pid [95530]
1761291956.1605971 [static_transform_publisher-1] [WARN] [1761291956.160304428] []: Old-style arguments are deprecated; see --help for new-style arguments
1761291956.1856768 [static_transform_publisher-1] [INFO] [1761291956.185336636] [static_transform_publisher]: Spinning until stopped - publishing transform
1761291956.1859090 [static_transform_publisher-1] translation: ('0.000000', '0.000000', '0.000000')
1761291956.1860635 [static_transform_publisher-1] rotation: ('0.000000', '0.000000', '0.000000', '1.000000')
1761291956.1862116 [static_transform_publisher-1] from 'world' to 'base_link'
1761291956.1873946 [robot_state_publisher-2] [WARN] [1761291956.187271810] [kdl_parser]: The root link base_link has an inertia specified in the URDF, but KDL does not support a root link with an inertia.  As a workaround, you can add an extra dummy link to your URDF.
1761291956.1875918 [robot_state_publisher-2] [INFO] [1761291956.187364013] [robot_state_publisher]: Robot initialized
1761291956.2048805 [rviz2-5] QStandardPaths: XDG_RUNTIME_DIR not set, defaulting to '/tmp/runtime-root'
1761291956.9076784 [joint_state_publisher_gui-3] QStandardPaths: XDG_RUNTIME_DIR not set, defaulting to '/tmp/runtime-root'
1761291956.9188480 [rviz2-5] [INFO] [1761291956.918672258] [rviz2]: Stereo is NOT SUPPORTED
1761291956.9191568 [rviz2-5] [INFO] [1761291956.918836213] [rviz2]: OpenGl version: 4.6 (GLSL 4.6)
1761291956.9471917 [rviz2-5] [INFO] [1761291956.947007046] [rviz2]: Stereo is NOT SUPPORTED
1761291956.9666314 [joint_state_publisher_gui-3] [INFO] [1761291956.966382905] [joint_state_publisher_gui]: Waiting for robot_description to be published on the robot_description topic...
1761291956.9791934 [joint_state_publisher_gui-3] [INFO] [1761291956.978961682] [joint_state_publisher_gui]: Centering
1761291957.0496492 [rviz2-5] Warning: class_loader.impl: SEVERE WARNING!!! A namespace collision has occurred with plugin factory for class rviz_default_plugins::displays::InteractiveMarkerDisplay. New factory will OVERWRITE existing one. This situation occurs when libraries containing plugins are directly linked against an executable (the one running right now generating this message). Please separate plugins out into their own library or just don't link against the library and use either class_loader::ClassLoader/MultiLibraryClassLoader to open.
1761291957.0499349 [rviz2-5]          at line 321 in /opt/ros/jazzy/include/class_loader/class_loader/class_loader_core.hpp
1761291957.0506239 [rviz2-5] [WARN] [1761291957.050521909] [rcl.logging_rosout]: Publisher already registered for node name: 'rviz2'. If this is due to multiple nodes with the same name then all logs for the logger named 'rviz2' will go out over the existing publisher. As soon as any node with that name is destructed it will unregister the publisher, preventing any further logs for that name from being published on the rosout topic.
1761291957.1176045 [joint_state_publisher_gui-3] [INFO] [1761291957.117421678] [joint_state_publisher_gui]: Centering
1761291957.2208750 [joint_state_publisher_gui-3] [INFO] [1761291957.220512615] [joint_state_publisher_gui]: Centering
1761291957.2245288 [joint_state_publisher_gui-3] [INFO] [1761291957.224366720] [joint_state_publisher_gui]: Centering
1761291957.3230679 [ERROR] [move_group-4]: process has died [pid 95529, exit code -6, cmd '/opt/ros/jazzy/lib/moveit_ros_move_group/move_group --ros-args -r __ns:=/ --params-file /tmp/launch_params_giox69az'].
1761291960.0889869 [rviz2-5] [ERROR] [1761291960.088465191] [rviz2.moveit.ros.motion_planning_frame]: Action server: /recognize_objects not available
1761291960.1117890 [rviz2-5] [INFO] [1761291960.111630776] [rviz2.moveit.ros.motion_planning_frame]: MoveGroup namespace changed: / -> . Reloading params.
1761291960.1236951 [rviz2-5] [ERROR] [1761291960.123488456] [rviz2]: PluginlibFactory: The plugin for class 'rviz_visual_tools/RvizVisualToolsGui' failed to load. Error: According to the loaded plugin descriptions the class rviz_visual_tools/RvizVisualToolsGui with base class type rviz_common::Panel does not exist. Declared types are 
1761291960.1708961 [rviz2-5] [INFO] [1761291960.170730648] [rviz2.moveit.ros.rdf_loader]: Loaded robot model in 0.00292931 seconds
1761291960.1711786 [rviz2-5] [INFO] [1761291960.170784657] [rviz2.moveit.core.robot_model]: Loading robot model 'sekirei'...
1761291960.1712499 [rviz2-5] [INFO] [1761291960.170800683] [rviz2.moveit.core.robot_model]: No root/virtual joint specified in SRDF. Assuming fixed joint
1761291960.1714058 [rviz2-5] [WARN] [1761291960.170999382] [rviz2.moveit.core.robot_model]: Could not identify parent group for end-effector 'end_effector'
1761291960.1844571 [rviz2-5] [WARN] [1761291960.184203897] [kdl_parser]: The root link base_link has an inertia specified in the URDF, but KDL does not support a root link with an inertia.  As a workaround, you can add an extra dummy link to your URDF.
1761291960.1850536 [rviz2-5] [INFO] [1761291960.184390518] [rviz2.moveit.kinematics.kdl_kinematics_plugin]: Joint weights for group 'sekirei_arm': 1 1 1 1 1 1
1761291960.2123179 [rviz2-5] [INFO] [1761291960.212070297] [rviz2.moveit.ros.planning_scene_monitor]: Starting planning scene monitor
1761291960.2136931 [rviz2-5] [INFO] [1761291960.213522566] [rviz2.moveit.ros.planning_scene_monitor]: Listening to '/monitored_planning_scene'
1761291960.5626342 [rviz2-5] [INFO] [1761291960.562486177] [interactive_marker_display_109151605302320]: Connected on namespace: /rviz_moveit_motion_planning_display/robot_interaction_interactive_marker_topic
1761291960.5643373 [rviz2-5] [WARN] [1761291960.564261823] [kdl_parser]: The root link base_link has an inertia specified in the URDF, but KDL does not support a root link with an inertia.  As a workaround, you can add an extra dummy link to your URDF.
1761291960.6266019 [rviz2-5] [INFO] [1761291960.626375988] [interactive_marker_display_109151605302320]: Sending request for interactive markers
1761291960.6610835 [rviz2-5] [INFO] [1761291960.660856083] [interactive_marker_display_109151605302320]: Service response received for initialization
1761291965.5681529 [rviz2-5] [INFO] [1761291965.567665581] [rviz2.moveit.ros.planning_scene_monitor]: Failed to call service get_planning_scene, have you launched move_group or called psm.providePlanningSceneService()?
1761291965.5688658 [rviz2-5] [INFO] [1761291965.567879181] [rviz2.moveit.ros.motion_planning_frame]: group sekirei_arm
1761291965.5691435 [rviz2-5] [INFO] [1761291965.567907555] [rviz2.moveit.ros.motion_planning_frame]: Constructing new MoveGroup connection for group 'sekirei_arm' in namespace ''
1761291968.7954772 [rviz2-5] [ERROR] [1761291968.795251278] [rviz2.rclcpp_action]: Error in destruction of rcl action client handle: action client implementation is invalid, at ./src/rcl_action/action_client.c:491
1761291968.8108308 [rviz2-5] terminate called without an active exception
1761291969.4961689 [ERROR] [rviz2-5]: process has died [pid 95530, exit code -6, cmd '/opt/ros/jazzy/lib/rviz2/rviz2 -d /root/ros_ws/install/sekirei_moveit_config/share/sekirei_moveit_config/config/moveit.rviz --ros-args -r __node:=rviz2 --params-file /tmp/launch_params_0etj7zbe'].
1761291970.0707858 [WARNING] [launch]: user interrupted with ctrl-c (SIGINT)
1761291970.0759501 [robot_state_publisher-2] [INFO] [1761291970.070322945] [rclcpp]: signal_handler(signum=2)
1761291970.0761433 [static_transform_publisher-1] [INFO] [1761291970.070396605] [rclcpp]: signal_handler(signum=2)
1761291970.0820396 [ERROR] [joint_state_publisher_gui-3]: process has died [pid 95528, exit code -2, cmd '/opt/ros/jazzy/lib/joint_state_publisher_gui/joint_state_publisher_gui --ros-args -r __node:=joint_state_publisher_gui'].
1761291970.1962380 [INFO] [static_transform_publisher-1]: process has finished cleanly [pid 95526]
1761291970.1977568 [INFO] [robot_state_publisher-2]: process has finished cleanly [pid 95527]
