1761209444.4674556 [INFO] [launch]: All log files can be found below /root/.ros/log/2025-10-23-08-50-44-466787-rodeppc-60055
1761209444.4676046 [INFO] [launch]: Default logging verbosity is set to INFO
1761209444.5732400 [INFO] [static_transform_publisher-1]: process started with pid [60058]
1761209444.5733762 [INFO] [robot_state_publisher-2]: process started with pid [60059]
1761209444.5734658 [INFO] [joint_state_publisher_gui-3]: process started with pid [60060]
1761209444.5735409 [INFO] [move_group-4]: process started with pid [60061]
1761209444.5736153 [INFO] [rviz2-5]: process started with pid [60062]
1761209444.5909920 [static_transform_publisher-1] [WARN] [1761209444.590748973] []: Old-style arguments are deprecated; see --help for new-style arguments
1761209444.6112971 [robot_state_publisher-2] [WARN] [1761209444.611007164] [kdl_parser]: The root link base_link has an inertia specified in the URDF, but KDL does not support a root link with an inertia.  As a workaround, you can add an extra dummy link to your URDF.
1761209444.6117668 [robot_state_publisher-2] [INFO] [1761209444.611132877] [robot_state_publisher]: Robot initialized
1761209444.6120434 [static_transform_publisher-1] [INFO] [1761209444.611283504] [static_transform_publisher]: Spinning until stopped - publishing transform
1761209444.6124465 [static_transform_publisher-1] translation: ('0.000000', '0.000000', '0.000000')
1761209444.6124933 [static_transform_publisher-1] rotation: ('0.000000', '0.000000', '0.000000', '1.000000')
1761209444.6125493 [static_transform_publisher-1] from 'world' to 'base_link'
1761209444.6264367 [rviz2-5] QStandardPaths: XDG_RUNTIME_DIR not set, defaulting to '/tmp/runtime-root'
1761209444.8251224 [ERROR] [move_group-4]: process has died [pid 60061, exit code -6, cmd '/opt/ros/jazzy/lib/moveit_ros_move_group/move_group --ros-args --params-file /tmp/launch_params_vks2fif_ --params-file /tmp/launch_params_hhx0giq3 --params-file /tmp/launch_params_etjrmbxm --params-file /tmp/launch_params_cndc7vk0 --params-file /tmp/launch_params_x7mc5x6m'].
1761209445.3129456 [joint_state_publisher_gui-3] QStandardPaths: XDG_RUNTIME_DIR not set, defaulting to '/tmp/runtime-root'
1761209445.3225782 [rviz2-5] [INFO] [1761209445.322396168] [rviz2]: Stereo is NOT SUPPORTED
1761209445.3228734 [rviz2-5] [INFO] [1761209445.322587995] [rviz2]: OpenGl version: 4.6 (GLSL 4.6)
1761209445.3615289 [rviz2-5] [INFO] [1761209445.361385253] [rviz2]: Stereo is NOT SUPPORTED
1761209445.3667059 [joint_state_publisher_gui-3] [INFO] [1761209445.366583123] [joint_state_publisher_gui]: Waiting for robot_description to be published on the robot_description topic...
1761209445.3790069 [joint_state_publisher_gui-3] [INFO] [1761209445.378840618] [joint_state_publisher_gui]: Centering
1761209445.4551320 [rviz2-5] Warning: class_loader.impl: SEVERE WARNING!!! A namespace collision has occurred with plugin factory for class rviz_default_plugins::displays::InteractiveMarkerDisplay. New factory will OVERWRITE existing one. This situation occurs when libraries containing plugins are directly linked against an executable (the one running right now generating this message). Please separate plugins out into their own library or just don't link against the library and use either class_loader::ClassLoader/MultiLibraryClassLoader to open.
1761209445.4553902 [rviz2-5]          at line 321 in /opt/ros/jazzy/include/class_loader/class_loader/class_loader_core.hpp
1761209445.4559767 [rviz2-5] [WARN] [1761209445.455871132] [rcl.logging_rosout]: Publisher already registered for node name: 'rviz2'. If this is due to multiple nodes with the same name then all logs for the logger named 'rviz2' will go out over the existing publisher. As soon as any node with that name is destructed it will unregister the publisher, preventing any further logs for that name from being published on the rosout topic.
1761209448.4886901 [rviz2-5] [ERROR] [1761209448.488438128] [rviz2.moveit.ros.motion_planning_frame]: Action server: /recognize_objects not available
1761209448.4993446 [rviz2-5] [INFO] [1761209448.499169371] [rviz2.moveit.ros.motion_planning_frame]: MoveGroup namespace changed: / -> . Reloading params.
1761209448.5091619 [rviz2-5] [WARN] [1761209448.508962778] [rcl.logging_rosout]: Publisher already registered for node name: 'rviz2'. If this is due to multiple nodes with the same name then all logs for the logger named 'rviz2' will go out over the existing publisher. As soon as any node with that name is destructed it will unregister the publisher, preventing any further logs for that name from being published on the rosout topic.
1761209448.5425243 [rviz2-5] [INFO] [1761209448.542350844] [rviz2.moveit.ros.rdf_loader]: Loaded robot model in 0.0021101 seconds
1761209448.5427868 [rviz2-5] [INFO] [1761209448.542425037] [rviz2.moveit.core.robot_model]: Loading robot model 'sekirei'...
1761209448.5428784 [rviz2-5] [INFO] [1761209448.542444097] [rviz2.moveit.core.robot_model]: No root/virtual joint specified in SRDF. Assuming fixed joint
1761209448.5429442 [rviz2-5] [WARN] [1761209448.542668791] [rviz2.moveit.core.robot_model]: Could not identify parent group for end-effector 'end_effector'
1761209448.5464056 [rviz2-5] [WARN] [1761209448.546271782] [rviz2.moveit.ros.robot_model_loader]: No kinematics plugins defined. Fill and load kinematics.yaml!
1761209448.5735908 [rviz2-5] [INFO] [1761209448.573431266] [rviz2.moveit.ros.planning_scene_monitor]: Starting planning scene monitor
1761209448.5743520 [rviz2-5] [INFO] [1761209448.574248074] [rviz2.moveit.ros.planning_scene_monitor]: Listening to '/monitored_planning_scene'
1761209448.9183791 [rviz2-5] [INFO] [1761209448.918137778] [interactive_marker_display_108036868480864]: Connected on namespace: /rviz_moveit_motion_planning_display/robot_interaction_interactive_marker_topic
1761209448.9200141 [rviz2-5] [WARN] [1761209448.919939945] [kdl_parser]: The root link base_link has an inertia specified in the URDF, but KDL does not support a root link with an inertia.  As a workaround, you can add an extra dummy link to your URDF.
1761209448.9202094 [rviz2-5] [INFO] [1761209448.920092243] [rviz2.moveit.ros.robot_interaction]: No active joints or end effectors found for group 'sekirei_arm'. Make sure that kinematics.yaml is loaded in this node's namespace.
1761209448.9789579 [rviz2-5] [INFO] [1761209448.978693870] [interactive_marker_display_108036868480864]: Sending request for interactive markers
1761209449.0128832 [rviz2-5] [INFO] [1761209449.012681513] [interactive_marker_display_108036868480864]: Service response received for initialization
1761209453.9361761 [rviz2-5] [INFO] [1761209453.935890543] [rviz2.moveit.ros.planning_scene_monitor]: Failed to call service get_planning_scene, have you launched move_group or called psm.providePlanningSceneService()?
1761209453.9366333 [rviz2-5] [INFO] [1761209453.936068888] [rviz2.moveit.ros.motion_planning_frame]: group sekirei_arm
1761209453.9367411 [rviz2-5] [INFO] [1761209453.936091014] [rviz2.moveit.ros.motion_planning_frame]: Constructing new MoveGroup connection for group 'sekirei_arm' in namespace ''
1761209456.0683346 [joint_state_publisher_gui-3] [INFO] [1761209456.068091995] [joint_state_publisher_gui]: Randomizing
1761209461.4767396 [joint_state_publisher_gui-3] [INFO] [1761209461.476609812] [joint_state_publisher_gui]: Centering
1761209462.1411307 [joint_state_publisher_gui-3] [INFO] [1761209462.140895310] [joint_state_publisher_gui]: Centering
1761209462.3250020 [joint_state_publisher_gui-3] [INFO] [1761209462.324833409] [joint_state_publisher_gui]: Centering
1761209478.3085928 [joint_state_publisher_gui-3] [INFO] [1761209478.308456390] [joint_state_publisher_gui]: Randomizing
1761209478.4685967 [joint_state_publisher_gui-3] [INFO] [1761209478.468380450] [joint_state_publisher_gui]: Randomizing
1761209478.5966809 [joint_state_publisher_gui-3] [INFO] [1761209478.596533388] [joint_state_publisher_gui]: Randomizing
1761209478.7248025 [joint_state_publisher_gui-3] [INFO] [1761209478.724577448] [joint_state_publisher_gui]: Randomizing
1761209478.8849742 [joint_state_publisher_gui-3] [INFO] [1761209478.884787642] [joint_state_publisher_gui]: Randomizing
1761209479.2128415 [joint_state_publisher_gui-3] [INFO] [1761209479.212663525] [joint_state_publisher_gui]: Centering
1761209479.3596134 [joint_state_publisher_gui-3] [INFO] [1761209479.359402978] [joint_state_publisher_gui]: Centering
1761209479.5088780 [joint_state_publisher_gui-3] [INFO] [1761209479.508662261] [joint_state_publisher_gui]: Centering
1761209479.6289620 [joint_state_publisher_gui-3] [INFO] [1761209479.628612255] [joint_state_publisher_gui]: Centering
1761209513.9502172 [rviz2-5] [INFO] [1761209513.949853494] [rviz2.moveit.ros.move_group_interface]: Ready to take commands for planning group sekirei_arm.
1761209739.5376155 [joint_state_publisher_gui-3] [INFO] [1761209739.537398625] [joint_state_publisher_gui]: Randomizing
1761209739.6835816 [joint_state_publisher_gui-3] [INFO] [1761209739.683393679] [joint_state_publisher_gui]: Randomizing
1761209740.0665965 [joint_state_publisher_gui-3] [INFO] [1761209740.066335935] [joint_state_publisher_gui]: Centering
1761209740.2243803 [joint_state_publisher_gui-3] [INFO] [1761209740.224160171] [joint_state_publisher_gui]: Centering
1761209740.3635430 [joint_state_publisher_gui-3] [INFO] [1761209740.363289558] [joint_state_publisher_gui]: Centering
1761209740.5166516 [joint_state_publisher_gui-3] [INFO] [1761209740.516467103] [joint_state_publisher_gui]: Centering
1761209740.6518531 [joint_state_publisher_gui-3] [INFO] [1761209740.651659038] [joint_state_publisher_gui]: Centering
1761209740.8007541 [joint_state_publisher_gui-3] [INFO] [1761209740.800534459] [joint_state_publisher_gui]: Centering
1761209740.9424827 [joint_state_publisher_gui-3] [INFO] [1761209740.942276601] [joint_state_publisher_gui]: Centering
1761209741.0959275 [joint_state_publisher_gui-3] [INFO] [1761209741.095707324] [joint_state_publisher_gui]: Centering
1761210342.9218054 [joint_state_publisher_gui-3] [INFO] [1761210342.921655781] [joint_state_publisher_gui]: Randomizing
1761210343.2420909 [joint_state_publisher_gui-3] [INFO] [1761210343.241882020] [joint_state_publisher_gui]: Randomizing
1761210343.3697791 [joint_state_publisher_gui-3] [INFO] [1761210343.369558195] [joint_state_publisher_gui]: Randomizing
1761210343.4977965 [joint_state_publisher_gui-3] [INFO] [1761210343.497597399] [joint_state_publisher_gui]: Randomizing
1761210343.6507626 [joint_state_publisher_gui-3] [INFO] [1761210343.650538067] [joint_state_publisher_gui]: Randomizing
1761210344.0038505 [joint_state_publisher_gui-3] [INFO] [1761210344.003645932] [joint_state_publisher_gui]: Randomizing
1761210344.1424417 [joint_state_publisher_gui-3] [INFO] [1761210344.142241796] [joint_state_publisher_gui]: Randomizing
1761210344.2919219 [joint_state_publisher_gui-3] [INFO] [1761210344.291736691] [joint_state_publisher_gui]: Randomizing
1761210344.4418294 [joint_state_publisher_gui-3] [INFO] [1761210344.441632025] [joint_state_publisher_gui]: Randomizing
1761210344.5780964 [joint_state_publisher_gui-3] [INFO] [1761210344.577907434] [joint_state_publisher_gui]: Randomizing
1761210344.7061791 [joint_state_publisher_gui-3] [INFO] [1761210344.705941262] [joint_state_publisher_gui]: Randomizing
1761210344.8455427 [joint_state_publisher_gui-3] [INFO] [1761210344.845362358] [joint_state_publisher_gui]: Randomizing
1761210345.1697464 [joint_state_publisher_gui-3] [INFO] [1761210345.169601890] [joint_state_publisher_gui]: Centering
1761210345.3218410 [joint_state_publisher_gui-3] [INFO] [1761210345.321686007] [joint_state_publisher_gui]: Centering
1761210345.4735644 [joint_state_publisher_gui-3] [INFO] [1761210345.473419991] [joint_state_publisher_gui]: Centering
1761210346.5452700 [INFO] [joint_state_publisher_gui-3]: process has finished cleanly [pid 60060]
1761210439.6104231 [rviz2-5] [ERROR] [1761210439.610240954] [rviz2.moveit.ros.background_processing]: Exception caught while processing action 'Frame::changePlanningGroup': std::future_error: Broken promise
1761210439.6517360 [rviz2-5] [INFO] [1761210439.651318466] [rviz2.moveit.ros.planning_scene_monitor]: Stopping planning scene monitor
1761210439.8473094 [INFO] [rviz2-5]: process has finished cleanly [pid 60062]
1761210573.6687801 [WARNING] [launch]: user interrupted with ctrl-c (SIGINT)
1761210573.6704791 [static_transform_publisher-1] [INFO] [1761210573.668396837] [rclcpp]: signal_handler(signum=2)
1761210573.6706083 [robot_state_publisher-2] [INFO] [1761210573.668405577] [rclcpp]: signal_handler(signum=2)
1761210573.7750051 [INFO] [static_transform_publisher-1]: process has finished cleanly [pid 60058]
1761210573.7755270 [INFO] [robot_state_publisher-2]: process has finished cleanly [pid 60059]
