1761210855.2509055 [INFO] [launch]: All log files can be found below /root/.ros/log/2025-10-23-09-14-15-250309-rodeppc-60185
1761210855.2509973 [INFO] [launch]: Default logging verbosity is set to INFO
1761210855.3531175 [INFO] [static_transform_publisher-1]: process started with pid [60188]
1761210855.3532917 [INFO] [robot_state_publisher-2]: process started with pid [60189]
1761210855.3533919 [INFO] [joint_state_publisher_gui-3]: process started with pid [60190]
1761210855.3535054 [INFO] [move_group-4]: process started with pid [60191]
1761210855.3536263 [INFO] [rviz2-5]: process started with pid [60192]
1761210855.3723612 [static_transform_publisher-1] [WARN] []: Old-style arguments are deprecated; see --help for new-style arguments
1761210855.3898804 [static_transform_publisher-1] [INFO] [static_transform_publisher]: Spinning until stopped - publishing transform
1761210855.3900077 [static_transform_publisher-1] translation: ('0.000000', '0.000000', '0.000000')
1761210855.3901262 [static_transform_publisher-1] rotation: ('0.000000', '0.000000', '0.000000', '1.000000')
1761210855.3902090 [static_transform_publisher-1] from 'world' to 'base_link'
1761210855.3949630 [robot_state_publisher-2] [WARN] [kdl_parser]: The root link base_link has an inertia specified in the URDF, but KDL does not support a root link with an inertia.  As a workaround, you can add an extra dummy link to your URDF.
1761210855.3952527 [robot_state_publisher-2] [INFO] [robot_state_publisher]: Robot initialized
1761210855.4080188 [rviz2-5] QStandardPaths: XDG_RUNTIME_DIR not set, defaulting to '/tmp/runtime-root'
1761210855.5908883 [ERROR] [move_group-4]: process has died [pid 60191, exit code -6, cmd '/opt/ros/jazzy/lib/moveit_ros_move_group/move_group --ros-args --params-file /tmp/launch_params_5ylj_qdb --params-file /tmp/launch_params_mtplarxv --params-file /tmp/launch_params__9mqpfl7 --params-file /tmp/launch_params_5zkkpp7t --params-file /tmp/launch_params_h0e1sm25'].
1761210856.0887599 [joint_state_publisher_gui-3] QStandardPaths: XDG_RUNTIME_DIR not set, defaulting to '/tmp/runtime-root'
1761210856.0994034 [rviz2-5] [INFO] [rviz2]: Stereo is NOT SUPPORTED
1761210856.0996804 [rviz2-5] [INFO] [rviz2]: OpenGl version: 4.6 (GLSL 4.6)
1761210856.1402402 [rviz2-5] [INFO] [rviz2]: Stereo is NOT SUPPORTED
1761210856.1428730 [joint_state_publisher_gui-3] [INFO] [joint_state_publisher_gui]: Waiting for robot_description to be published on the robot_description topic...
1761210856.1557567 [joint_state_publisher_gui-3] [INFO] [joint_state_publisher_gui]: Centering
1761210856.2396646 [rviz2-5] Warning: class_loader.impl: SEVERE WARNING!!! A namespace collision has occurred with plugin factory for class rviz_default_plugins::displays::InteractiveMarkerDisplay. New factory will OVERWRITE existing one. This situation occurs when libraries containing plugins are directly linked against an executable (the one running right now generating this message). Please separate plugins out into their own library or just don't link against the library and use either class_loader::ClassLoader/MultiLibraryClassLoader to open.
1761210856.2399323 [rviz2-5]          at line 321 in /opt/ros/jazzy/include/class_loader/class_loader/class_loader_core.hpp
1761210856.2404997 [rviz2-5] [WARN] [rcl.logging_rosout]: Publisher already registered for node name: 'rviz2'. If this is due to multiple nodes with the same name then all logs for the logger named 'rviz2' will go out over the existing publisher. As soon as any node with that name is destructed it will unregister the publisher, preventing any further logs for that name from being published on the rosout topic.
1761210859.1635723 [joint_state_publisher_gui-3] [INFO] [joint_state_publisher_gui]: Centering
1761210859.2742577 [rviz2-5] [ERROR] [rviz2.moveit.ros.motion_planning_frame]: Action server: /recognize_objects not available
1761210859.2917593 [rviz2-5] [INFO] [rviz2.moveit.ros.motion_planning_frame]: MoveGroup namespace changed: / -> . Reloading params.
1761210859.3063884 [rviz2-5] [WARN] [rcl.logging_rosout]: Publisher already registered for node name: 'rviz2'. If this is due to multiple nodes with the same name then all logs for the logger named 'rviz2' will go out over the existing publisher. As soon as any node with that name is destructed it will unregister the publisher, preventing any further logs for that name from being published on the rosout topic.
1761210859.3567393 [rviz2-5] [INFO] [rviz2.moveit.ros.rdf_loader]: Loaded robot model in 0.00293822 seconds
1761210859.3569632 [rviz2-5] [INFO] [rviz2.moveit.core.robot_model]: Loading robot model 'sekirei'...
1761210859.3570242 [rviz2-5] [INFO] [rviz2.moveit.core.robot_model]: No root/virtual joint specified in SRDF. Assuming fixed joint
1761210859.3572915 [rviz2-5] [WARN] [rviz2.moveit.core.robot_model]: Could not identify parent group for end-effector 'end_effector'
1761210859.3611951 [rviz2-5] [WARN] [rviz2.moveit.ros.robot_model_loader]: No kinematics plugins defined. Fill and load kinematics.yaml!
1761210859.3927491 [rviz2-5] [INFO] [rviz2.moveit.ros.planning_scene_monitor]: Starting planning scene monitor
1761210859.3933229 [rviz2-5] [INFO] [rviz2.moveit.ros.planning_scene_monitor]: Listening to '/monitored_planning_scene'
1761210859.7759528 [rviz2-5] [INFO] [interactive_marker_display_104720858378400]: Connected on namespace: /rviz_moveit_motion_planning_display/robot_interaction_interactive_marker_topic
1761210859.7777801 [rviz2-5] [WARN] [kdl_parser]: The root link base_link has an inertia specified in the URDF, but KDL does not support a root link with an inertia.  As a workaround, you can add an extra dummy link to your URDF.
1761210859.7779555 [rviz2-5] [INFO] [rviz2.moveit.ros.robot_interaction]: No active joints or end effectors found for group 'sekirei_arm'. Make sure that kinematics.yaml is loaded in this node's namespace.
1761210859.8074348 [rviz2-5] [INFO] [interactive_marker_display_104720858378400]: Sending request for interactive markers
1761210859.8404469 [rviz2-5] [INFO] [interactive_marker_display_104720858378400]: Service response received for initialization
1761210864.7807555 [rviz2-5] [INFO] [rviz2.moveit.ros.planning_scene_monitor]: Failed to call service get_planning_scene, have you launched move_group or called psm.providePlanningSceneService()?
1761210864.7810469 [rviz2-5] [INFO] [rviz2.moveit.ros.motion_planning_frame]: group sekirei_arm
1761210864.7811973 [rviz2-5] [INFO] [rviz2.moveit.ros.motion_planning_frame]: Constructing new MoveGroup connection for group 'sekirei_arm' in namespace ''
1761210872.7974937 [rviz2-5] [ERROR] [rviz2.rclcpp_action]: Error in destruction of rcl action client handle: action client implementation is invalid, at ./src/rcl_action/action_client.c:491
1761210872.8027027 [rviz2-5] terminate called without an active exception
1761210876.4808869 [INFO] [joint_state_publisher_gui-3]: process has finished cleanly [pid 60190]
1761210882.6021099 [ERROR] [rviz2-5]: process has died [pid 60192, exit code -6, cmd '/opt/ros/jazzy/lib/rviz2/rviz2 -d /root/ros_ws/install/sekirei_moveit_config/share/sekirei_moveit_config/config/moveit.rviz --ros-args -r __node:=rviz2 --params-file /tmp/launch_params_r77tqprw'].
1761211253.8775628 [WARNING] [launch]: user interrupted with ctrl-c (SIGINT)
1761211253.8792045 [static_transform_publisher-1] [INFO] [rclcpp]: signal_handler(signum=2)
1761211253.8793561 [robot_state_publisher-2] [INFO] [rclcpp]: signal_handler(signum=2)
1761211253.9853237 [INFO] [static_transform_publisher-1]: process has finished cleanly [pid 60188]
1761211253.9862118 [INFO] [robot_state_publisher-2]: process has finished cleanly [pid 60189]
