[0.000000] (-) TimerEvent: {}
[0.000312] (micro_ros_setup) JobQueued: {'identifier': 'micro_ros_setup', 'dependencies': OrderedDict()}
[0.000339] (micro_ros_setup) JobStarted: {'identifier': 'micro_ros_setup'}
[0.006627] (micro_ros_setup) JobProgress: {'identifier': 'micro_ros_setup', 'progress': 'cmake'}
[0.006940] (micro_ros_setup) Command: {'cmd': ['/usr/bin/cmake', '/root/microros_ws/src/micro_ros_setup', '-DCMAKE_INSTALL_PREFIX=/root/microros_ws/install/micro_ros_setup'], 'cwd': '/root/microros_ws/build/micro_ros_setup', 'env': OrderedDict({'USER': 'root', 'CCACHE_DIR': '/root/.ccache', 'HOSTNAME': 'rodeppc', 'SHLVL': '3', 'LD_LIBRARY_PATH': '/opt/ros/jazzy/opt/rviz_ogre_vendor/lib:/opt/ros/jazzy/lib/x86_64-linux-gnu:/opt/ros/jazzy/opt/gz_math_vendor/lib:/opt/ros/jazzy/opt/gz_utils_vendor/lib:/opt/ros/jazzy/opt/gz_cmake_vendor/lib:/opt/ros/jazzy/lib', 'HOME': '/root', 'OLDPWD': '/root', 'ROS_PYTHON_VERSION': '3', 'CCACHE_MAXSIZE': '30G', 'ROS_DISTRO': 'jazzy', '_': '/usr/bin/colcon', 'ROS_VERSION': '2', 'TERM': 'xterm', 'PATH': '/opt/ros/jazzy/bin:/usr/lib/ccache:/usr/local/sbin:/usr/local/bin:/usr/sbin:/usr/bin:/sbin:/bin', 'DISPLAY': ':0', 'LANG': 'C.UTF-8', 'ROS_DOMAIN_ID': '0', 'AMENT_PREFIX_PATH': '/opt/ros/jazzy', 'DEBIAN_FRONTEND': 'noninteractive', 'ROS_AUTOMATIC_DISCOVERY_RANGE': 'SUBNET', 'PWD': '/root/microros_ws/build/micro_ros_setup', 'LC_ALL': 'C.UTF-8', 'PYTHONPATH': '/opt/ros/jazzy/lib/python3.12/site-packages', 'COLCON': '1', 'CMAKE_PREFIX_PATH': '/opt/ros/jazzy/opt/gz_math_vendor:/opt/ros/jazzy/opt/gz_utils_vendor:/opt/ros/jazzy/opt/gz_cmake_vendor:/opt/ros/jazzy'}), 'shell': False}
[0.059057] (micro_ros_setup) StdoutLine: {'line': b'-- The C compiler identification is GNU 13.3.0\n'}
[0.099781] (-) TimerEvent: {}
[0.101258] (micro_ros_setup) StdoutLine: {'line': b'-- The CXX compiler identification is GNU 13.3.0\n'}
[0.115854] (micro_ros_setup) StdoutLine: {'line': b'-- Detecting C compiler ABI info\n'}
[0.167112] (micro_ros_setup) StdoutLine: {'line': b'-- Detecting C compiler ABI info - done\n'}
[0.174975] (micro_ros_setup) StdoutLine: {'line': b'-- Check for working C compiler: /usr/lib/ccache/cc - skipped\n'}
[0.175124] (micro_ros_setup) StdoutLine: {'line': b'-- Detecting C compile features\n'}
[0.175373] (micro_ros_setup) StdoutLine: {'line': b'-- Detecting C compile features - done\n'}
[0.183099] (micro_ros_setup) StdoutLine: {'line': b'-- Detecting CXX compiler ABI info\n'}
[0.199861] (-) TimerEvent: {}
[0.243788] (micro_ros_setup) StdoutLine: {'line': b'-- Detecting CXX compiler ABI info - done\n'}
[0.252039] (micro_ros_setup) StdoutLine: {'line': b'-- Check for working CXX compiler: /usr/lib/ccache/c++ - skipped\n'}
[0.252202] (micro_ros_setup) StdoutLine: {'line': b'-- Detecting CXX compile features\n'}
[0.252780] (micro_ros_setup) StdoutLine: {'line': b'-- Detecting CXX compile features - done\n'}
[0.254977] (micro_ros_setup) StdoutLine: {'line': b'-- Found ament_cmake: 2.5.4 (/opt/ros/jazzy/share/ament_cmake/cmake)\n'}
[0.299936] (-) TimerEvent: {}
[0.355035] (micro_ros_setup) StdoutLine: {'line': b'-- Found Python3: /usr/bin/python3 (found version "3.12.3") found components: Interpreter \n'}
[0.400015] (-) TimerEvent: {}
[0.432166] (micro_ros_setup) StdoutLine: {'line': b'-- Found ament_lint_auto: 0.17.3 (/opt/ros/jazzy/share/ament_lint_auto/cmake)\n'}
[0.496198] (micro_ros_setup) StdoutLine: {'line': b'-- Configuring done (0.5s)\n'}
[0.498243] (micro_ros_setup) StdoutLine: {'line': b'-- Generating done (0.0s)\n'}
[0.499584] (micro_ros_setup) StdoutLine: {'line': b'-- Build files have been written to: /root/microros_ws/build/micro_ros_setup\n'}
[0.500073] (-) TimerEvent: {}
[0.503867] (micro_ros_setup) CommandEnded: {'returncode': 0}
[0.504198] (micro_ros_setup) JobProgress: {'identifier': 'micro_ros_setup', 'progress': 'build'}
[0.504802] (micro_ros_setup) Command: {'cmd': ['/usr/bin/cmake', '--build', '/root/microros_ws/build/micro_ros_setup', '--', '-j16', '-l16'], 'cwd': '/root/microros_ws/build/micro_ros_setup', 'env': OrderedDict({'USER': 'root', 'CCACHE_DIR': '/root/.ccache', 'HOSTNAME': 'rodeppc', 'SHLVL': '3', 'LD_LIBRARY_PATH': '/opt/ros/jazzy/opt/rviz_ogre_vendor/lib:/opt/ros/jazzy/lib/x86_64-linux-gnu:/opt/ros/jazzy/opt/gz_math_vendor/lib:/opt/ros/jazzy/opt/gz_utils_vendor/lib:/opt/ros/jazzy/opt/gz_cmake_vendor/lib:/opt/ros/jazzy/lib', 'HOME': '/root', 'OLDPWD': '/root', 'ROS_PYTHON_VERSION': '3', 'CCACHE_MAXSIZE': '30G', 'ROS_DISTRO': 'jazzy', '_': '/usr/bin/colcon', 'ROS_VERSION': '2', 'TERM': 'xterm', 'PATH': '/opt/ros/jazzy/bin:/usr/lib/ccache:/usr/local/sbin:/usr/local/bin:/usr/sbin:/usr/bin:/sbin:/bin', 'DISPLAY': ':0', 'LANG': 'C.UTF-8', 'ROS_DOMAIN_ID': '0', 'AMENT_PREFIX_PATH': '/opt/ros/jazzy', 'DEBIAN_FRONTEND': 'noninteractive', 'ROS_AUTOMATIC_DISCOVERY_RANGE': 'SUBNET', 'PWD': '/root/microros_ws/build/micro_ros_setup', 'LC_ALL': 'C.UTF-8', 'PYTHONPATH': '/opt/ros/jazzy/lib/python3.12/site-packages', 'COLCON': '1', 'CMAKE_PREFIX_PATH': '/opt/ros/jazzy/opt/gz_math_vendor:/opt/ros/jazzy/opt/gz_utils_vendor:/opt/ros/jazzy/opt/gz_cmake_vendor:/opt/ros/jazzy'}), 'shell': False}
[0.534036] (micro_ros_setup) CommandEnded: {'returncode': 0}
[0.534499] (micro_ros_setup) JobProgress: {'identifier': 'micro_ros_setup', 'progress': 'install'}
[0.541152] (micro_ros_setup) Command: {'cmd': ['/usr/bin/cmake', '--install', '/root/microros_ws/build/micro_ros_setup'], 'cwd': '/root/microros_ws/build/micro_ros_setup', 'env': OrderedDict({'USER': 'root', 'CCACHE_DIR': '/root/.ccache', 'HOSTNAME': 'rodeppc', 'SHLVL': '3', 'LD_LIBRARY_PATH': '/opt/ros/jazzy/opt/rviz_ogre_vendor/lib:/opt/ros/jazzy/lib/x86_64-linux-gnu:/opt/ros/jazzy/opt/gz_math_vendor/lib:/opt/ros/jazzy/opt/gz_utils_vendor/lib:/opt/ros/jazzy/opt/gz_cmake_vendor/lib:/opt/ros/jazzy/lib', 'HOME': '/root', 'OLDPWD': '/root', 'ROS_PYTHON_VERSION': '3', 'CCACHE_MAXSIZE': '30G', 'ROS_DISTRO': 'jazzy', '_': '/usr/bin/colcon', 'ROS_VERSION': '2', 'TERM': 'xterm', 'PATH': '/opt/ros/jazzy/bin:/usr/lib/ccache:/usr/local/sbin:/usr/local/bin:/usr/sbin:/usr/bin:/sbin:/bin', 'DISPLAY': ':0', 'LANG': 'C.UTF-8', 'ROS_DOMAIN_ID': '0', 'AMENT_PREFIX_PATH': '/opt/ros/jazzy', 'DEBIAN_FRONTEND': 'noninteractive', 'ROS_AUTOMATIC_DISCOVERY_RANGE': 'SUBNET', 'PWD': '/root/microros_ws/build/micro_ros_setup', 'LC_ALL': 'C.UTF-8', 'PYTHONPATH': '/opt/ros/jazzy/lib/python3.12/site-packages', 'COLCON': '1', 'CMAKE_PREFIX_PATH': '/opt/ros/jazzy/opt/gz_math_vendor:/opt/ros/jazzy/opt/gz_utils_vendor:/opt/ros/jazzy/opt/gz_cmake_vendor:/opt/ros/jazzy'}), 'shell': False}
[0.546917] (micro_ros_setup) StdoutLine: {'line': b'-- Install configuration: ""\n'}
[0.547116] (micro_ros_setup) StdoutLine: {'line': b'-- Installing: /root/microros_ws/install/micro_ros_setup/share/ament_index/resource_index/package_run_dependencies/micro_ros_setup\n'}
[0.547253] (micro_ros_setup) StdoutLine: {'line': b'-- Installing: /root/microros_ws/install/micro_ros_setup/share/ament_index/resource_index/parent_prefix_path/micro_ros_setup\n'}
[0.547349] (micro_ros_setup) StdoutLine: {'line': b'-- Installing: /root/microros_ws/install/micro_ros_setup/share/micro_ros_setup/environment/ament_prefix_path.sh\n'}
[0.547572] (micro_ros_setup) StdoutLine: {'line': b'-- Installing: /root/microros_ws/install/micro_ros_setup/share/micro_ros_setup/environment/ament_prefix_path.dsv\n'}
[0.547774] (micro_ros_setup) StdoutLine: {'line': b'-- Installing: /root/microros_ws/install/micro_ros_setup/share/micro_ros_setup/environment/path.sh\n'}
[0.547894] (micro_ros_setup) StdoutLine: {'line': b'-- Installing: /root/microros_ws/install/micro_ros_setup/share/micro_ros_setup/environment/path.dsv\n'}
[0.547980] (micro_ros_setup) StdoutLine: {'line': b'-- Installing: /root/microros_ws/install/micro_ros_setup/share/micro_ros_setup/local_setup.bash\n'}
[0.548086] (micro_ros_setup) StdoutLine: {'line': b'-- Installing: /root/microros_ws/install/micro_ros_setup/share/micro_ros_setup/local_setup.sh\n'}
[0.548195] (micro_ros_setup) StdoutLine: {'line': b'-- Installing: /root/microros_ws/install/micro_ros_setup/share/micro_ros_setup/local_setup.zsh\n'}
[0.548264] (micro_ros_setup) StdoutLine: {'line': b'-- Installing: /root/microros_ws/install/micro_ros_setup/share/micro_ros_setup/local_setup.dsv\n'}
[0.548354] (micro_ros_setup) StdoutLine: {'line': b'-- Installing: /root/microros_ws/install/micro_ros_setup/share/micro_ros_setup/package.dsv\n'}
[0.548469] (micro_ros_setup) StdoutLine: {'line': b'-- Installing: /root/microros_ws/install/micro_ros_setup/share/ament_index/resource_index/packages/micro_ros_setup\n'}
[0.548609] (micro_ros_setup) StdoutLine: {'line': b'-- Installing: /root/microros_ws/install/micro_ros_setup/share/micro_ros_setup/cmake/micro_ros_setupConfig.cmake\n'}
[0.548704] (micro_ros_setup) StdoutLine: {'line': b'-- Installing: /root/microros_ws/install/micro_ros_setup/share/micro_ros_setup/cmake/micro_ros_setupConfig-version.cmake\n'}
[0.548782] (micro_ros_setup) StdoutLine: {'line': b'-- Installing: /root/microros_ws/install/micro_ros_setup/share/micro_ros_setup/package.xml\n'}
[0.548896] (micro_ros_setup) StdoutLine: {'line': b'-- Installing: /root/microros_ws/install/micro_ros_setup/./config\n'}
[0.549011] (micro_ros_setup) StdoutLine: {'line': b'-- Installing: /root/microros_ws/install/micro_ros_setup/./config/freertos\n'}
[0.549108] (micro_ros_setup) StdoutLine: {'line': b'-- Installing: /root/microros_ws/install/micro_ros_setup/./config/freertos/dev_ros2_packages.txt\n'}
[0.549213] (micro_ros_setup) StdoutLine: {'line': b'-- Installing: /root/microros_ws/install/micro_ros_setup/./config/freertos/nucleo_f767zi\n'}
[0.549313] (micro_ros_setup) StdoutLine: {'line': b'-- Installing: /root/microros_ws/install/micro_ros_setup/./config/freertos/nucleo_f767zi/configure.sh\n'}
[0.549392] (micro_ros_setup) StdoutLine: {'line': b'-- Installing: /root/microros_ws/install/micro_ros_setup/./config/freertos/nucleo_f767zi/create.sh\n'}
[0.549547] (micro_ros_setup) StdoutLine: {'line': b'-- Installing: /root/microros_ws/install/micro_ros_setup/./config/freertos/nucleo_f767zi/client_uros_packages.repos\n'}
[0.549625] (micro_ros_setup) StdoutLine: {'line': b'-- Installing: /root/microros_ws/install/micro_ros_setup/./config/freertos/nucleo_f767zi/flash.sh\n'}
[0.549701] (micro_ros_setup) StdoutLine: {'line': b'-- Installing: /root/microros_ws/install/micro_ros_setup/./config/freertos/nucleo_f767zi/board.repos\n'}
[0.549777] (micro_ros_setup) StdoutLine: {'line': b'-- Installing: /root/microros_ws/install/micro_ros_setup/./config/freertos/nucleo_f767zi/package.xml\n'}
[0.549852] (micro_ros_setup) StdoutLine: {'line': b'-- Installing: /root/microros_ws/install/micro_ros_setup/./config/freertos/nucleo_f767zi/build.sh\n'}
[0.549928] (micro_ros_setup) StdoutLine: {'line': b'-- Installing: /root/microros_ws/install/micro_ros_setup/./config/freertos/nucleo_f767zi/client-colcon.meta\n'}
[0.550024] (micro_ros_setup) StdoutLine: {'line': b'-- Installing: /root/microros_ws/install/micro_ros_setup/./config/freertos/nucleo_f446ze\n'}
[0.550177] (micro_ros_setup) StdoutLine: {'line': b'-- Installing: /root/microros_ws/install/micro_ros_setup/./config/freertos/nucleo_f446ze/configure.sh\n'}
[0.550258] (micro_ros_setup) StdoutLine: {'line': b'-- Installing: /root/microros_ws/install/micro_ros_setup/./config/freertos/nucleo_f446ze/create.sh\n'}
[0.550337] (micro_ros_setup) StdoutLine: {'line': b'-- Installing: /root/microros_ws/install/micro_ros_setup/./config/freertos/nucleo_f446ze/client_uros_packages.repos\n'}
[0.550449] (micro_ros_setup) StdoutLine: {'line': b'-- Installing: /root/microros_ws/install/micro_ros_setup/./config/freertos/nucleo_f446ze/flash.sh\n'}
[0.550621] (micro_ros_setup) StdoutLine: {'line': b'-- Installing: /root/microros_ws/install/micro_ros_setup/./config/freertos/nucleo_f446ze/board.repos\n'}
[0.550701] (micro_ros_setup) StdoutLine: {'line': b'-- Installing: /root/microros_ws/install/micro_ros_setup/./config/freertos/nucleo_f446ze/package.xml\n'}
[0.550779] (micro_ros_setup) StdoutLine: {'line': b'-- Installing: /root/microros_ws/install/micro_ros_setup/./config/freertos/nucleo_f446ze/build.sh\n'}
[0.550857] (micro_ros_setup) StdoutLine: {'line': b'-- Installing: /root/microros_ws/install/micro_ros_setup/./config/freertos/nucleo_f446ze/client-colcon.meta\n'}
[0.550967] (micro_ros_setup) StdoutLine: {'line': b'-- Installing: /root/microros_ws/install/micro_ros_setup/./config/freertos/olimex-stm32-e407\n'}
[0.551045] (micro_ros_setup) StdoutLine: {'line': b'-- Installing: /root/microros_ws/install/micro_ros_setup/./config/freertos/olimex-stm32-e407/configure.sh\n'}
[0.551123] (micro_ros_setup) StdoutLine: {'line': b'-- Installing: /root/microros_ws/install/micro_ros_setup/./config/freertos/olimex-stm32-e407/create.sh\n'}
[0.551200] (micro_ros_setup) StdoutLine: {'line': b'-- Installing: /root/microros_ws/install/micro_ros_setup/./config/freertos/olimex-stm32-e407/client_uros_packages.repos\n'}
[0.551278] (micro_ros_setup) StdoutLine: {'line': b'-- Installing: /root/microros_ws/install/micro_ros_setup/./config/freertos/olimex-stm32-e407/flash.sh\n'}
[0.551355] (micro_ros_setup) StdoutLine: {'line': b'-- Installing: /root/microros_ws/install/micro_ros_setup/./config/freertos/olimex-stm32-e407/board.repos\n'}
[0.551467] (micro_ros_setup) StdoutLine: {'line': b'-- Installing: /root/microros_ws/install/micro_ros_setup/./config/freertos/olimex-stm32-e407/package.xml\n'}
[0.551564] (micro_ros_setup) StdoutLine: {'line': b'-- Installing: /root/microros_ws/install/micro_ros_setup/./config/freertos/olimex-stm32-e407/build.sh\n'}
[0.551638] (micro_ros_setup) StdoutLine: {'line': b'-- Installing: /root/microros_ws/install/micro_ros_setup/./config/freertos/olimex-stm32-e407/client-colcon.meta\n'}
[0.551712] (micro_ros_setup) StdoutLine: {'line': b'-- Installing: /root/microros_ws/install/micro_ros_setup/./config/freertos/dev_uros_packages.repos\n'}
[0.551787] (micro_ros_setup) StdoutLine: {'line': b'-- Installing: /root/microros_ws/install/micro_ros_setup/./config/freertos/list_apps.sh\n'}
[0.551861] (micro_ros_setup) StdoutLine: {'line': b'-- Installing: /root/microros_ws/install/micro_ros_setup/./config/freertos/nucleo_f446re\n'}
[0.551934] (micro_ros_setup) StdoutLine: {'line': b'-- Installing: /root/microros_ws/install/micro_ros_setup/./config/freertos/nucleo_f446re/configure.sh\n'}
[0.552008] (micro_ros_setup) StdoutLine: {'line': b'-- Installing: /root/microros_ws/install/micro_ros_setup/./config/freertos/nucleo_f446re/create.sh\n'}
[0.552081] (micro_ros_setup) StdoutLine: {'line': b'-- Installing: /root/microros_ws/install/micro_ros_setup/./config/freertos/nucleo_f446re/client_uros_packages.repos\n'}
[0.552154] (micro_ros_setup) StdoutLine: {'line': b'-- Installing: /root/microros_ws/install/micro_ros_setup/./config/freertos/nucleo_f446re/flash.sh\n'}
[0.552229] (micro_ros_setup) StdoutLine: {'line': b'-- Installing: /root/microros_ws/install/micro_ros_setup/./config/freertos/nucleo_f446re/board.repos\n'}
[0.552303] (micro_ros_setup) StdoutLine: {'line': b'-- Installing: /root/microros_ws/install/micro_ros_setup/./config/freertos/nucleo_f446re/package.xml\n'}
[0.552397] (micro_ros_setup) StdoutLine: {'line': b'-- Installing: /root/microros_ws/install/micro_ros_setup/./config/freertos/nucleo_f446re/build.sh\n'}
[0.552633] (micro_ros_setup) StdoutLine: {'line': b'-- Installing: /root/microros_ws/install/micro_ros_setup/./config/freertos/nucleo_f446re/client-colcon.meta\n'}
[0.552750] (micro_ros_setup) StdoutLine: {'line': b'-- Installing: /root/microros_ws/install/micro_ros_setup/./config/freertos/crazyflie21\n'}
[0.552845] (micro_ros_setup) StdoutLine: {'line': b'-- Installing: /root/microros_ws/install/micro_ros_setup/./config/freertos/crazyflie21/configure.sh\n'}
[0.552923] (micro_ros_setup) StdoutLine: {'line': b'-- Installing: /root/microros_ws/install/micro_ros_setup/./config/freertos/crazyflie21/create.sh\n'}
[0.553000] (micro_ros_setup) StdoutLine: {'line': b'-- Installing: /root/microros_ws/install/micro_ros_setup/./config/freertos/crazyflie21/client_uros_packages.repos\n'}
[0.553076] (micro_ros_setup) StdoutLine: {'line': b'-- Installing: /root/microros_ws/install/micro_ros_setup/./config/freertos/crazyflie21/flash.sh\n'}
[0.553153] (micro_ros_setup) StdoutLine: {'line': b'-- Installing: /root/microros_ws/install/micro_ros_setup/./config/freertos/crazyflie21/board.repos\n'}
[0.553279] (micro_ros_setup) StdoutLine: {'line': b'-- Installing: /root/microros_ws/install/micro_ros_setup/./config/freertos/crazyflie21/package.xml\n'}
[0.553357] (micro_ros_setup) StdoutLine: {'line': b'-- Installing: /root/microros_ws/install/micro_ros_setup/./config/freertos/crazyflie21/build.sh\n'}
[0.553467] (micro_ros_setup) StdoutLine: {'line': b'-- Installing: /root/microros_ws/install/micro_ros_setup/./config/freertos/crazyflie21/client-colcon.meta\n'}
[0.553561] (micro_ros_setup) StdoutLine: {'line': b'-- Installing: /root/microros_ws/install/micro_ros_setup/./config/freertos/nucleo_f746zg\n'}
[0.553637] (micro_ros_setup) StdoutLine: {'line': b'-- Installing: /root/microros_ws/install/micro_ros_setup/./config/freertos/nucleo_f746zg/configure.sh\n'}
[0.553714] (micro_ros_setup) StdoutLine: {'line': b'-- Installing: /root/microros_ws/install/micro_ros_setup/./config/freertos/nucleo_f746zg/create.sh\n'}
[0.553790] (micro_ros_setup) StdoutLine: {'line': b'-- Installing: /root/microros_ws/install/micro_ros_setup/./config/freertos/nucleo_f746zg/client_uros_packages.repos\n'}
[0.553882] (micro_ros_setup) StdoutLine: {'line': b'-- Installing: /root/microros_ws/install/micro_ros_setup/./config/freertos/nucleo_f746zg/flash.sh\n'}
[0.553964] (micro_ros_setup) StdoutLine: {'line': b'-- Installing: /root/microros_ws/install/micro_ros_setup/./config/freertos/nucleo_f746zg/board.repos\n'}
[0.554045] (micro_ros_setup) StdoutLine: {'line': b'-- Installing: /root/microros_ws/install/micro_ros_setup/./config/freertos/nucleo_f746zg/package.xml\n'}
[0.554369] (micro_ros_setup) StdoutLine: {'line': b'-- Installing: /root/microros_ws/install/micro_ros_setup/./config/freertos/nucleo_f746zg/build.sh\n'}
[0.554492] (micro_ros_setup) StdoutLine: {'line': b'-- Installing: /root/microros_ws/install/micro_ros_setup/./config/freertos/nucleo_f746zg/client-colcon.meta\n'}
[0.554601] (micro_ros_setup) StdoutLine: {'line': b'-- Installing: /root/microros_ws/install/micro_ros_setup/./config/freertos/esp32\n'}
[0.554688] (micro_ros_setup) StdoutLine: {'line': b'-- Installing: /root/microros_ws/install/micro_ros_setup/./config/freertos/esp32/configure.sh\n'}
[0.554771] (micro_ros_setup) StdoutLine: {'line': b'-- Installing: /root/microros_ws/install/micro_ros_setup/./config/freertos/esp32/create.sh\n'}
[0.554854] (micro_ros_setup) StdoutLine: {'line': b'-- Installing: /root/microros_ws/install/micro_ros_setup/./config/freertos/esp32/client_uros_packages.repos\n'}
[0.554968] (micro_ros_setup) StdoutLine: {'line': b'-- Installing: /root/microros_ws/install/micro_ros_setup/./config/freertos/esp32/flash.sh\n'}
[0.555046] (micro_ros_setup) StdoutLine: {'line': b'-- Installing: /root/microros_ws/install/micro_ros_setup/./config/freertos/esp32/board.repos\n'}
[0.555149] (micro_ros_setup) StdoutLine: {'line': b'-- Installing: /root/microros_ws/install/micro_ros_setup/./config/freertos/esp32/package.xml\n'}
[0.555231] (micro_ros_setup) StdoutLine: {'line': b'-- Installing: /root/microros_ws/install/micro_ros_setup/./config/freertos/esp32/build.sh\n'}
[0.555313] (micro_ros_setup) StdoutLine: {'line': b'-- Installing: /root/microros_ws/install/micro_ros_setup/./config/freertos/esp32/client-colcon.meta\n'}
[0.555394] (micro_ros_setup) StdoutLine: {'line': b'-- Installing: /root/microros_ws/install/micro_ros_setup/./config/freertos/esp32/README.md\n'}
[0.555498] (micro_ros_setup) StdoutLine: {'line': b'-- Installing: /root/microros_ws/install/micro_ros_setup/./config/host\n'}
[0.555590] (micro_ros_setup) StdoutLine: {'line': b'-- Installing: /root/microros_ws/install/micro_ros_setup/./config/host/dev_ros2_packages.txt\n'}
[0.555687] (micro_ros_setup) StdoutLine: {'line': b'-- Installing: /root/microros_ws/install/micro_ros_setup/./config/host/dev_uros_packages.repos\n'}
[0.555790] (micro_ros_setup) StdoutLine: {'line': b'-- Installing: /root/microros_ws/install/micro_ros_setup/./config/host/generic\n'}
[0.555907] (micro_ros_setup) StdoutLine: {'line': b'-- Installing: /root/microros_ws/install/micro_ros_setup/./config/host/generic/create.sh\n'}
[0.556015] (micro_ros_setup) StdoutLine: {'line': b'-- Installing: /root/microros_ws/install/micro_ros_setup/./config/host/generic/flash.sh\n'}
[0.556101] (micro_ros_setup) StdoutLine: {'line': b'-- Installing: /root/microros_ws/install/micro_ros_setup/./config/host/generic/package.xml\n'}
[0.556185] (micro_ros_setup) StdoutLine: {'line': b'-- Installing: /root/microros_ws/install/micro_ros_setup/./config/host/generic/build.sh\n'}
[0.556270] (micro_ros_setup) StdoutLine: {'line': b'-- Installing: /root/microros_ws/install/micro_ros_setup/./config/host/generic/client-host-colcon.meta\n'}
[0.556355] (micro_ros_setup) StdoutLine: {'line': b'-- Installing: /root/microros_ws/install/micro_ros_setup/./config/host/generic/client_host_packages.repos\n'}
[0.556510] (micro_ros_setup) StdoutLine: {'line': b'-- Installing: /root/microros_ws/install/micro_ros_setup/./config/host/client_ros2_packages.txt\n'}
[0.556608] (micro_ros_setup) StdoutLine: {'line': b'-- Installing: /root/microros_ws/install/micro_ros_setup/./config/android\n'}
[0.556679] (micro_ros_setup) StdoutLine: {'line': b'-- Installing: /root/microros_ws/install/micro_ros_setup/./config/android/dev_ros2_packages.txt\n'}
[0.556744] (micro_ros_setup) StdoutLine: {'line': b'-- Installing: /root/microros_ws/install/micro_ros_setup/./config/android/dev_uros_packages.repos\n'}
[0.556850] (micro_ros_setup) StdoutLine: {'line': b'-- Installing: /root/microros_ws/install/micro_ros_setup/./config/android/generic\n'}
[0.556945] (micro_ros_setup) StdoutLine: {'line': b'-- Installing: /root/microros_ws/install/micro_ros_setup/./config/android/generic/create.sh\n'}
[0.557040] (micro_ros_setup) StdoutLine: {'line': b'-- Installing: /root/microros_ws/install/micro_ros_setup/./config/android/generic/client_uros_packages.repos\n'}
[0.557135] (micro_ros_setup) StdoutLine: {'line': b'-- Installing: /root/microros_ws/install/micro_ros_setup/./config/android/generic/flash.sh\n'}
[0.557228] (micro_ros_setup) StdoutLine: {'line': b'-- Installing: /root/microros_ws/install/micro_ros_setup/./config/android/generic/package.xml\n'}
[0.557321] (micro_ros_setup) StdoutLine: {'line': b'-- Installing: /root/microros_ws/install/micro_ros_setup/./config/android/generic/build.sh\n'}
[0.557422] (micro_ros_setup) StdoutLine: {'line': b'-- Installing: /root/microros_ws/install/micro_ros_setup/./config/android/generic/client-colcon.meta\n'}
[0.557518] (micro_ros_setup) StdoutLine: {'line': b'-- Installing: /root/microros_ws/install/micro_ros_setup/./config/utils.sh\n'}
[0.557607] (micro_ros_setup) StdoutLine: {'line': b'-- Installing: /root/microros_ws/install/micro_ros_setup/./config/client_uros_packages.repos\n'}
[0.557693] (micro_ros_setup) StdoutLine: {'line': b'-- Installing: /root/microros_ws/install/micro_ros_setup/./config/zephyr\n'}
[0.557779] (micro_ros_setup) StdoutLine: {'line': b'-- Installing: /root/microros_ws/install/micro_ros_setup/./config/zephyr/dev_ros2_packages.txt\n'}
[0.557865] (micro_ros_setup) StdoutLine: {'line': b'-- Installing: /root/microros_ws/install/micro_ros_setup/./config/zephyr/dev_uros_packages.repos\n'}
[0.557952] (micro_ros_setup) StdoutLine: {'line': b'-- Installing: /root/microros_ws/install/micro_ros_setup/./config/zephyr/list_apps.sh\n'}
[0.558040] (micro_ros_setup) StdoutLine: {'line': b'-- Installing: /root/microros_ws/install/micro_ros_setup/./config/zephyr/generic\n'}
[0.558109] (micro_ros_setup) StdoutLine: {'line': b'-- Installing: /root/microros_ws/install/micro_ros_setup/./config/zephyr/generic/configure.sh\n'}
[0.558179] (micro_ros_setup) StdoutLine: {'line': b'-- Installing: /root/microros_ws/install/micro_ros_setup/./config/zephyr/generic/create.sh\n'}
[0.558248] (micro_ros_setup) StdoutLine: {'line': b'-- Installing: /root/microros_ws/install/micro_ros_setup/./config/zephyr/generic/client_uros_packages.repos\n'}
[0.558318] (micro_ros_setup) StdoutLine: {'line': b'-- Installing: /root/microros_ws/install/micro_ros_setup/./config/zephyr/generic/flash.sh\n'}
[0.558387] (micro_ros_setup) StdoutLine: {'line': b'-- Installing: /root/microros_ws/install/micro_ros_setup/./config/zephyr/generic/board.repos\n'}
[0.558605] (micro_ros_setup) StdoutLine: {'line': b'-- Installing: /root/microros_ws/install/micro_ros_setup/./config/zephyr/generic/package.xml\n'}
[0.558699] (micro_ros_setup) StdoutLine: {'line': b'-- Installing: /root/microros_ws/install/micro_ros_setup/./config/zephyr/generic/build.sh\n'}
[0.558755] (micro_ros_setup) StdoutLine: {'line': b'-- Installing: /root/microros_ws/install/micro_ros_setup/./config/zephyr/generic/client-colcon.meta\n'}
[0.558811] (micro_ros_setup) StdoutLine: {'line': b'-- Installing: /root/microros_ws/install/micro_ros_setup/./config/zephyr/generic/supported_platforms\n'}
[0.558868] (micro_ros_setup) StdoutLine: {'line': b'-- Installing: /root/microros_ws/install/micro_ros_setup/./config/generate_lib\n'}
[0.558923] (micro_ros_setup) StdoutLine: {'line': b'-- Installing: /root/microros_ws/install/micro_ros_setup/./config/generate_lib/dev_ros2_packages.txt\n'}
[0.558978] (micro_ros_setup) StdoutLine: {'line': b'-- Installing: /root/microros_ws/install/micro_ros_setup/./config/generate_lib/dev_uros_packages.repos\n'}
[0.559034] (micro_ros_setup) StdoutLine: {'line': b'-- Installing: /root/microros_ws/install/micro_ros_setup/./config/generate_lib/generic\n'}
[0.559089] (micro_ros_setup) StdoutLine: {'line': b'-- Installing: /root/microros_ws/install/micro_ros_setup/./config/generate_lib/generic/create.sh\n'}
[0.559144] (micro_ros_setup) StdoutLine: {'line': b'-- Installing: /root/microros_ws/install/micro_ros_setup/./config/generate_lib/generic/client_uros_packages.repos\n'}
[0.559199] (micro_ros_setup) StdoutLine: {'line': b'-- Installing: /root/microros_ws/install/micro_ros_setup/./config/generate_lib/generic/flash.sh\n'}
[0.559254] (micro_ros_setup) StdoutLine: {'line': b'-- Installing: /root/microros_ws/install/micro_ros_setup/./config/generate_lib/generic/demo_toolchain.cmake\n'}
[0.559309] (micro_ros_setup) StdoutLine: {'line': b'-- Installing: /root/microros_ws/install/micro_ros_setup/./config/generate_lib/generic/package.xml\n'}
[0.559364] (micro_ros_setup) StdoutLine: {'line': b'-- Installing: /root/microros_ws/install/micro_ros_setup/./config/generate_lib/generic/build.sh\n'}
[0.559453] (micro_ros_setup) StdoutLine: {'line': b'-- Installing: /root/microros_ws/install/micro_ros_setup/./config/generate_lib/generic/client-colcon.meta\n'}
[0.559601] (micro_ros_setup) StdoutLine: {'line': b'-- Installing: /root/microros_ws/install/micro_ros_setup/./config/agent_uros_packages.repos\n'}
[0.559662] (micro_ros_setup) StdoutLine: {'line': b'-- Installing: /root/microros_ws/install/micro_ros_setup/./config/agent_ros2_packages.txt\n'}
[0.559718] (micro_ros_setup) StdoutLine: {'line': b'-- Installing: /root/microros_ws/install/micro_ros_setup/./config/raspbian\n'}
[0.559774] (micro_ros_setup) StdoutLine: {'line': b'-- Installing: /root/microros_ws/install/micro_ros_setup/./config/raspbian/dev_ros2_packages.txt\n'}
[0.559830] (micro_ros_setup) StdoutLine: {'line': b'-- Installing: /root/microros_ws/install/micro_ros_setup/./config/raspbian/dev_uros_packages.repos\n'}
[0.559885] (micro_ros_setup) StdoutLine: {'line': b'-- Installing: /root/microros_ws/install/micro_ros_setup/./config/raspbian/generic\n'}
[0.559940] (micro_ros_setup) StdoutLine: {'line': b'-- Installing: /root/microros_ws/install/micro_ros_setup/./config/raspbian/generic/configure.sh\n'}
[0.559995] (micro_ros_setup) StdoutLine: {'line': b'-- Installing: /root/microros_ws/install/micro_ros_setup/./config/raspbian/generic/create.sh\n'}
[0.560050] (micro_ros_setup) StdoutLine: {'line': b'-- Installing: /root/microros_ws/install/micro_ros_setup/./config/raspbian/generic/client_uros_packages.repos\n'}
[0.560105] (micro_ros_setup) StdoutLine: {'line': b'-- Installing: /root/microros_ws/install/micro_ros_setup/./config/raspbian/generic/flash.sh\n'}
[0.560160] (micro_ros_setup) StdoutLine: {'line': b'-- Installing: /root/microros_ws/install/micro_ros_setup/./config/raspbian/generic/build.sh\n'}
[0.560216] (micro_ros_setup) StdoutLine: {'line': b'-- Installing: /root/microros_ws/install/micro_ros_setup/./config/raspbian/generic/client-colcon.meta\n'}
[0.560344] (micro_ros_setup) StdoutLine: {'line': b'-- Installing: /root/microros_ws/install/micro_ros_setup/./config/raspbian/generic/supported_platforms\n'}
[0.560440] (micro_ros_setup) StdoutLine: {'line': b'-- Installing: /root/microros_ws/install/micro_ros_setup/./config/client_ros2_packages.txt\n'}
[0.560961] (micro_ros_setup) StdoutLine: {'line': b'-- Installing: /root/microros_ws/install/micro_ros_setup/lib/micro_ros_setup/create_ws.sh\n'}
[0.561022] (micro_ros_setup) StdoutLine: {'line': b'-- Installing: /root/microros_ws/install/micro_ros_setup/lib/micro_ros_setup/create_agent_ws.sh\n'}
[0.561078] (micro_ros_setup) StdoutLine: {'line': b'-- Installing: /root/microros_ws/install/micro_ros_setup/lib/micro_ros_setup/create_firmware_ws.sh\n'}
[0.561133] (micro_ros_setup) StdoutLine: {'line': b'-- Installing: /root/microros_ws/install/micro_ros_setup/lib/micro_ros_setup/configure_firmware.sh\n'}
[0.561188] (micro_ros_setup) StdoutLine: {'line': b'-- Installing: /root/microros_ws/install/micro_ros_setup/lib/micro_ros_setup/flash_firmware.sh\n'}
[0.561244] (micro_ros_setup) StdoutLine: {'line': b'-- Installing: /root/microros_ws/install/micro_ros_setup/lib/micro_ros_setup/build_firmware.sh\n'}
[0.561298] (micro_ros_setup) StdoutLine: {'line': b'-- Installing: /root/microros_ws/install/micro_ros_setup/lib/micro_ros_setup/build_agent.sh\n'}
[0.561352] (micro_ros_setup) StdoutLine: {'line': b'-- Installing: /root/microros_ws/install/micro_ros_setup/lib/micro_ros_setup/yaml_filter.py\n'}
[0.561406] (micro_ros_setup) StdoutLine: {'line': b'-- Installing: /root/microros_ws/install/micro_ros_setup/lib/micro_ros_setup/clean_env.sh\n'}
[0.561601] (micro_ros_setup) StdoutLine: {'line': b'-- Installing: /root/microros_ws/install/micro_ros_setup/lib/micro_ros_setup/component\n'}
[0.561658] (micro_ros_setup) CommandEnded: {'returncode': 0}
[0.574299] (micro_ros_setup) JobEnded: {'identifier': 'micro_ros_setup', 'rc': 0}
[0.575162] (-) EventReactorShutdown: {}
