1761220073.6948669 [INFO] [launch]: All log files can be found below /root/.ros/log/2025-10-23-11-47-53-694215-rodeppc-148198
1761220073.6949883 [INFO] [launch]: Default logging verbosity is set to INFO
1761220073.7935388 [INFO] [static_transform_publisher-1]: process started with pid [148201]
1761220073.7936618 [INFO] [robot_state_publisher-2]: process started with pid [148202]
1761220073.7937310 [INFO] [joint_state_publisher_gui-3]: process started with pid [148203]
1761220073.7937877 [INFO] [move_group-4]: process started with pid [148204]
1761220073.7938421 [INFO] [rviz2-5]: process started with pid [148205]
1761220073.8102992 [static_transform_publisher-1] [WARN] [1761220073.810092088] []: Old-style arguments are deprecated; see --help for new-style arguments
1761220073.8263450 [static_transform_publisher-1] [INFO] [1761220073.826042995] [static_transform_publisher]: Spinning until stopped - publishing transform
1761220073.8264894 [static_transform_publisher-1] translation: ('0.000000', '0.000000', '0.000000')
1761220073.8265920 [static_transform_publisher-1] rotation: ('0.000000', '0.000000', '0.000000', '1.000000')
1761220073.8266909 [static_transform_publisher-1] from 'world' to 'base_link'
1761220073.8313255 [robot_state_publisher-2] [WARN] [1761220073.831189865] [kdl_parser]: The root link base_link has an inertia specified in the URDF, but KDL does not support a root link with an inertia.  As a workaround, you can add an extra dummy link to your URDF.
1761220073.8315306 [robot_state_publisher-2] [INFO] [1761220073.831270708] [robot_state_publisher]: Robot initialized
1761220073.8360112 [rviz2-5] QStandardPaths: XDG_RUNTIME_DIR not set, defaulting to '/tmp/runtime-root'
1761220074.0078125 [ERROR] [move_group-4]: process has died [pid 148204, exit code -6, cmd '/opt/ros/jazzy/lib/moveit_ros_move_group/move_group --ros-args --params-file /tmp/launch_params_oxcdu61g'].
1761220074.5038450 [joint_state_publisher_gui-3] QStandardPaths: XDG_RUNTIME_DIR not set, defaulting to '/tmp/runtime-root'
1761220074.5130658 [rviz2-5] [INFO] [1761220074.512910803] [rviz2]: Stereo is NOT SUPPORTED
1761220074.5133331 [rviz2-5] [INFO] [1761220074.513048225] [rviz2]: OpenGl version: 4.6 (GLSL 4.6)
1761220074.5430148 [rviz2-5] [INFO] [1761220074.542869407] [rviz2]: Stereo is NOT SUPPORTED
1761220074.5546310 [joint_state_publisher_gui-3] [INFO] [1761220074.554514915] [joint_state_publisher_gui]: Waiting for robot_description to be published on the robot_description topic...
1761220074.5627935 [joint_state_publisher_gui-3] [INFO] [1761220074.562678192] [joint_state_publisher_gui]: Centering
1761220074.6332018 [rviz2-5] Warning: class_loader.impl: SEVERE WARNING!!! A namespace collision has occurred with plugin factory for class rviz_default_plugins::displays::InteractiveMarkerDisplay. New factory will OVERWRITE existing one. This situation occurs when libraries containing plugins are directly linked against an executable (the one running right now generating this message). Please separate plugins out into their own library or just don't link against the library and use either class_loader::ClassLoader/MultiLibraryClassLoader to open.
1761220074.6335232 [rviz2-5]          at line 321 in /opt/ros/jazzy/include/class_loader/class_loader/class_loader_core.hpp
1761220074.6341593 [rviz2-5] [WARN] [1761220074.634035286] [rcl.logging_rosout]: Publisher already registered for node name: 'rviz2'. If this is due to multiple nodes with the same name then all logs for the logger named 'rviz2' will go out over the existing publisher. As soon as any node with that name is destructed it will unregister the publisher, preventing any further logs for that name from being published on the rosout topic.
1761220076.8110433 [joint_state_publisher_gui-3] [INFO] [1761220076.810873633] [joint_state_publisher_gui]: Centering
1761220076.8135962 [joint_state_publisher_gui-3] [INFO] [1761220076.813451869] [joint_state_publisher_gui]: Centering
1761220077.6690650 [rviz2-5] [ERROR] [1761220077.668484235] [rviz2.moveit.ros.motion_planning_frame]: Action server: /recognize_objects not available
1761220077.6826258 [rviz2-5] [INFO] [1761220077.682473668] [rviz2.moveit.ros.motion_planning_frame]: MoveGroup namespace changed: / -> . Reloading params.
1761220077.6915522 [rviz2-5] [WARN] [1761220077.691308165] [rcl.logging_rosout]: Publisher already registered for node name: 'rviz2'. If this is due to multiple nodes with the same name then all logs for the logger named 'rviz2' will go out over the existing publisher. As soon as any node with that name is destructed it will unregister the publisher, preventing any further logs for that name from being published on the rosout topic.
1761220077.7296586 [rviz2-5] [INFO] [1761220077.729463002] [rviz2.moveit.ros.rdf_loader]: Loaded robot model in 0.00188642 seconds
1761220077.7299781 [rviz2-5] [INFO] [1761220077.729524236] [rviz2.moveit.core.robot_model]: Loading robot model 'sekirei'...
1761220077.7300661 [rviz2-5] [INFO] [1761220077.729539936] [rviz2.moveit.core.robot_model]: No root/virtual joint specified in SRDF. Assuming fixed joint
1761220077.7303135 [rviz2-5] [WARN] [1761220077.729729610] [rviz2.moveit.core.robot_model]: Could not identify parent group for end-effector 'end_effector'
1761220077.7346737 [rviz2-5] [WARN] [1761220077.734573572] [kdl_parser]: The root link base_link has an inertia specified in the URDF, but KDL does not support a root link with an inertia.  As a workaround, you can add an extra dummy link to your URDF.
1761220077.7348442 [rviz2-5] [INFO] [1761220077.734696815] [rviz2.moveit.kinematics.kdl_kinematics_plugin]: Joint weights for group 'sekirei_arm': 1 1 1 1 1 1
1761220077.7909961 [rviz2-5] [INFO] [1761220077.790804730] [rviz2.moveit.ros.planning_scene_monitor]: Starting planning scene monitor
1761220077.7920642 [rviz2-5] [INFO] [1761220077.791879137] [rviz2.moveit.ros.planning_scene_monitor]: Listening to '/monitored_planning_scene'
1761220078.1282334 [rviz2-5] [INFO] [1761220078.128089468] [interactive_marker_display_98251208896416]: Connected on namespace: /rviz_moveit_motion_planning_display/robot_interaction_interactive_marker_topic
1761220078.1298943 [rviz2-5] [WARN] [1761220078.129823837] [kdl_parser]: The root link base_link has an inertia specified in the URDF, but KDL does not support a root link with an inertia.  As a workaround, you can add an extra dummy link to your URDF.
1761220078.1750913 [rviz2-5] [INFO] [1761220078.174735149] [interactive_marker_display_98251208896416]: Sending request for interactive markers
1761220078.2095296 [rviz2-5] [INFO] [1761220078.209381995] [interactive_marker_display_98251208896416]: Service response received for initialization
1761220083.1332130 [rviz2-5] [INFO] [1761220083.132980903] [rviz2.moveit.ros.planning_scene_monitor]: Failed to call service get_planning_scene, have you launched move_group or called psm.providePlanningSceneService()?
1761220083.1334553 [rviz2-5] [INFO] [1761220083.133121496] [rviz2.moveit.ros.motion_planning_frame]: group sekirei_arm
1761220083.1335249 [rviz2-5] [INFO] [1761220083.133131057] [rviz2.moveit.ros.motion_planning_frame]: Constructing new MoveGroup connection for group 'sekirei_arm' in namespace ''
1761220128.6291049 [WARNING] [launch]: user interrupted with ctrl-c (SIGINT)
1761220128.6320407 [rviz2-5] [INFO] [1761220128.628761217] [rclcpp]: signal_handler(signum=2)
1761220128.6323512 [robot_state_publisher-2] [INFO] [1761220128.628885970] [rclcpp]: signal_handler(signum=2)
1761220128.6326151 [static_transform_publisher-1] [INFO] [1761220128.628896385] [rclcpp]: signal_handler(signum=2)
1761220128.6414425 [rviz2-5] [WARN] [1761220128.641051824] [interactive_marker_display_98251208896416]: Server not available while running, resetting
1761220128.6419840 [ERROR] [joint_state_publisher_gui-3]: process has died [pid 148203, exit code -2, cmd '/opt/ros/jazzy/lib/joint_state_publisher_gui/joint_state_publisher_gui --ros-args -r __node:=joint_state_publisher_gui'].
1761220128.6450844 [rviz2-5] terminate called without an active exception
1761220128.7414482 [INFO] [static_transform_publisher-1]: process has finished cleanly [pid 148201]
1761220128.7460618 [INFO] [robot_state_publisher-2]: process has finished cleanly [pid 148202]
1761220129.2036889 [ERROR] [rviz2-5]: process has died [pid 148205, exit code -6, cmd '/opt/ros/jazzy/lib/rviz2/rviz2 -d /root/ros_ws/install/sekirei_moveit_config/share/sekirei_moveit_config/config/moveit.rviz --ros-args -r __node:=rviz2 --params-file /tmp/launch_params_hp_eac5d'].
