1761217713.6080320 [INFO] [launch]: All log files can be found below /root/.ros/log/2025-10-23-11-08-33-607421-rodeppc-119394
1761217713.6081352 [INFO] [launch]: Default logging verbosity is set to INFO
1761217713.7064002 [INFO] [static_transform_publisher-1]: process started with pid [119397]
1761217713.7065051 [INFO] [robot_state_publisher-2]: process started with pid [119398]
1761217713.7065744 [INFO] [joint_state_publisher_gui-3]: process started with pid [119399]
1761217713.7066326 [INFO] [move_group-4]: process started with pid [119400]
1761217713.7066870 [INFO] [rviz2-5]: process started with pid [119401]
1761217713.7219284 [static_transform_publisher-1] [WARN] [1761217713.721699443] []: Old-style arguments are deprecated; see --help for new-style arguments
1761217713.7379687 [static_transform_publisher-1] [INFO] [1761217713.737687162] [static_transform_publisher]: Spinning until stopped - publishing transform
1761217713.7381573 [static_transform_publisher-1] translation: ('0.000000', '0.000000', '0.000000')
1761217713.7382679 [static_transform_publisher-1] rotation: ('0.000000', '0.000000', '0.000000', '1.000000')
1761217713.7383358 [static_transform_publisher-1] from 'world' to 'base_link'
1761217713.7424989 [robot_state_publisher-2] [WARN] [1761217713.742328184] [kdl_parser]: The root link base_link has an inertia specified in the URDF, but KDL does not support a root link with an inertia.  As a workaround, you can add an extra dummy link to your URDF.
1761217713.7427580 [robot_state_publisher-2] [INFO] [1761217713.742430259] [robot_state_publisher]: Robot initialized
1761217713.7467418 [rviz2-5] QStandardPaths: XDG_RUNTIME_DIR not set, defaulting to '/tmp/runtime-root'
1761217713.9274552 [ERROR] [move_group-4]: process has died [pid 119400, exit code -6, cmd '/opt/ros/jazzy/lib/moveit_ros_move_group/move_group --ros-args --params-file /tmp/launch_params_v5v25fut'].
1761217714.3979545 [joint_state_publisher_gui-3] QStandardPaths: XDG_RUNTIME_DIR not set, defaulting to '/tmp/runtime-root'
1761217714.4126296 [rviz2-5] [INFO] [1761217714.412497660] [rviz2]: Stereo is NOT SUPPORTED
1761217714.4128442 [rviz2-5] [INFO] [1761217714.412620893] [rviz2]: OpenGl version: 4.6 (GLSL 4.6)
1761217714.4409378 [rviz2-5] [INFO] [1761217714.440796614] [rviz2]: Stereo is NOT SUPPORTED
1761217714.4489586 [joint_state_publisher_gui-3] [INFO] [1761217714.448874805] [joint_state_publisher_gui]: Waiting for robot_description to be published on the robot_description topic...
1761217714.4581575 [joint_state_publisher_gui-3] [INFO] [1761217714.457938902] [joint_state_publisher_gui]: Centering
1761217714.5289576 [rviz2-5] Warning: class_loader.impl: SEVERE WARNING!!! A namespace collision has occurred with plugin factory for class rviz_default_plugins::displays::InteractiveMarkerDisplay. New factory will OVERWRITE existing one. This situation occurs when libraries containing plugins are directly linked against an executable (the one running right now generating this message). Please separate plugins out into their own library or just don't link against the library and use either class_loader::ClassLoader/MultiLibraryClassLoader to open.
1761217714.5292990 [rviz2-5]          at line 321 in /opt/ros/jazzy/include/class_loader/class_loader/class_loader_core.hpp
1761217714.5300503 [rviz2-5] [WARN] [1761217714.529934100] [rcl.logging_rosout]: Publisher already registered for node name: 'rviz2'. If this is due to multiple nodes with the same name then all logs for the logger named 'rviz2' will go out over the existing publisher. As soon as any node with that name is destructed it will unregister the publisher, preventing any further logs for that name from being published on the rosout topic.
1761217716.9925690 [joint_state_publisher_gui-3] [INFO] [1761217716.992393758] [joint_state_publisher_gui]: Centering
1761217717.5667334 [rviz2-5] [ERROR] [1761217717.566268498] [rviz2.moveit.ros.motion_planning_frame]: Action server: /recognize_objects not available
1761217717.5831861 [rviz2-5] [INFO] [1761217717.583036021] [rviz2.moveit.ros.motion_planning_frame]: MoveGroup namespace changed: / -> . Reloading params.
1761217717.5916483 [rviz2-5] [WARN] [1761217717.591535963] [rcl.logging_rosout]: Publisher already registered for node name: 'rviz2'. If this is due to multiple nodes with the same name then all logs for the logger named 'rviz2' will go out over the existing publisher. As soon as any node with that name is destructed it will unregister the publisher, preventing any further logs for that name from being published on the rosout topic.
1761217717.6354876 [rviz2-5] [INFO] [1761217717.635336968] [rviz2.moveit.ros.rdf_loader]: Loaded robot model in 0.00227961 seconds
1761217717.6357281 [rviz2-5] [INFO] [1761217717.635391583] [rviz2.moveit.core.robot_model]: Loading robot model 'sekirei'...
1761217717.6358042 [rviz2-5] [INFO] [1761217717.635407824] [rviz2.moveit.core.robot_model]: No root/virtual joint specified in SRDF. Assuming fixed joint
1761217717.6359344 [rviz2-5] [WARN] [1761217717.635586745] [rviz2.moveit.core.robot_model]: Could not identify parent group for end-effector 'end_effector'
1761217717.6402571 [rviz2-5] [WARN] [1761217717.640186183] [kdl_parser]: The root link base_link has an inertia specified in the URDF, but KDL does not support a root link with an inertia.  As a workaround, you can add an extra dummy link to your URDF.
1761217717.6404331 [rviz2-5] [INFO] [1761217717.640302418] [rviz2.moveit.kinematics.kdl_kinematics_plugin]: Joint weights for group 'sekirei_arm': 1 1 1 1 1 1
1761217717.6677806 [rviz2-5] [INFO] [1761217717.667512721] [rviz2.moveit.ros.planning_scene_monitor]: Starting planning scene monitor
1761217717.6685596 [rviz2-5] [INFO] [1761217717.668467552] [rviz2.moveit.ros.planning_scene_monitor]: Listening to '/monitored_planning_scene'
1761217717.9973230 [rviz2-5] [INFO] [1761217717.997180872] [interactive_marker_display_111199119835152]: Connected on namespace: /rviz_moveit_motion_planning_display/robot_interaction_interactive_marker_topic
1761217717.9988930 [rviz2-5] [WARN] [1761217717.998824723] [kdl_parser]: The root link base_link has an inertia specified in the URDF, but KDL does not support a root link with an inertia.  As a workaround, you can add an extra dummy link to your URDF.
1761217718.0553598 [rviz2-5] [INFO] [1761217718.055157463] [interactive_marker_display_111199119835152]: Sending request for interactive markers
1761217718.0873775 [rviz2-5] [INFO] [1761217718.087059245] [interactive_marker_display_111199119835152]: Service response received for initialization
1761217723.0024636 [rviz2-5] [INFO] [1761217723.002019714] [rviz2.moveit.ros.planning_scene_monitor]: Failed to call service get_planning_scene, have you launched move_group or called psm.providePlanningSceneService()?
1761217723.0030444 [rviz2-5] [INFO] [1761217723.002289501] [rviz2.moveit.ros.motion_planning_frame]: group sekirei_arm
1761217723.0031779 [rviz2-5] [INFO] [1761217723.002312034] [rviz2.moveit.ros.motion_planning_frame]: Constructing new MoveGroup connection for group 'sekirei_arm' in namespace ''
1761217783.0160136 [rviz2-5] [INFO] [1761217783.015861548] [rviz2.moveit.ros.move_group_interface]: Ready to take commands for planning group sekirei_arm.
1761217931.3839076 [WARNING] [launch]: user interrupted with ctrl-c (SIGINT)
1761217931.3862350 [rviz2-5] [INFO] [1761217931.383650886] [rclcpp]: signal_handler(signum=2)
1761217931.3952212 [static_transform_publisher-1] [INFO] [1761217931.383704677] [rclcpp]: signal_handler(signum=2)
1761217931.3953562 [ERROR] [joint_state_publisher_gui-3]: process has died [pid 119399, exit code -2, cmd '/opt/ros/jazzy/lib/joint_state_publisher_gui/joint_state_publisher_gui --ros-args -r __node:=joint_state_publisher_gui'].
1761217931.3955104 [robot_state_publisher-2] [INFO] [1761217931.383763471] [rclcpp]: signal_handler(signum=2)
1761217931.4006000 [rviz2-5] [WARN] [1761217931.400462839] [interactive_marker_display_111199119835152]: Server not available while running, resetting
1761217931.4349885 [rviz2-5] [ERROR] [1761217931.434793953] [rviz2.moveit.ros.background_processing]: Exception caught while processing action 'Frame::changePlanningGroup': std::future_error: Broken promise
1761217931.4464924 [rviz2-5] [INFO] [1761217931.446281734] [rviz2.moveit.ros.planning_scene_monitor]: Stopping planning scene monitor
1761217931.4938426 [INFO] [static_transform_publisher-1]: process has finished cleanly [pid 119397]
1761217931.4943299 [INFO] [robot_state_publisher-2]: process has finished cleanly [pid 119398]
1761217931.5628295 [WARNING] [launch]: user interrupted with ctrl-c (SIGINT) again, ignoring...
1761217931.5847924 [ERROR] [rviz2-5]: process has died [pid 119401, exit code -2, cmd '/opt/ros/jazzy/lib/rviz2/rviz2 -d /root/ros_ws/install/sekirei_moveit_config/share/sekirei_moveit_config/config/moveit.rviz --ros-args -r __node:=rviz2 --params-file /tmp/launch_params__tvk3la6'].
