1761215913.3535273 [INFO] [launch]: All log files can be found below /root/.ros/log/2025-10-23-10-38-33-352843-rodeppc-108033
1761215913.3536260 [INFO] [launch]: Default logging verbosity is set to INFO
1761215913.4518623 [INFO] [static_transform_publisher-1]: process started with pid [108036]
1761215913.4519956 [INFO] [robot_state_publisher-2]: process started with pid [108037]
1761215913.4521098 [INFO] [joint_state_publisher_gui-3]: process started with pid [108038]
1761215913.4521928 [INFO] [move_group-4]: process started with pid [108039]
1761215913.4522491 [INFO] [rviz2-5]: process started with pid [108040]
1761215913.4692628 [static_transform_publisher-1] [WARN] [1761215913.468990304] []: Old-style arguments are deprecated; see --help for new-style arguments
1761215913.4854536 [static_transform_publisher-1] [INFO] [1761215913.485212817] [static_transform_publisher]: Spinning until stopped - publishing transform
1761215913.4855795 [static_transform_publisher-1] translation: ('0.000000', '0.000000', '0.000000')
1761215913.4856563 [static_transform_publisher-1] rotation: ('0.000000', '0.000000', '0.000000', '1.000000')
1761215913.4857225 [static_transform_publisher-1] from 'world' to 'base_link'
1761215913.4885397 [robot_state_publisher-2] [WARN] [1761215913.488422085] [kdl_parser]: The root link base_link has an inertia specified in the URDF, but KDL does not support a root link with an inertia.  As a workaround, you can add an extra dummy link to your URDF.
1761215913.4887357 [robot_state_publisher-2] [INFO] [1761215913.488500766] [robot_state_publisher]: Robot initialized
1761215913.4936318 [rviz2-5] QStandardPaths: XDG_RUNTIME_DIR not set, defaulting to '/tmp/runtime-root'
1761215913.6683342 [ERROR] [move_group-4]: process has died [pid 108039, exit code -6, cmd '/opt/ros/jazzy/lib/moveit_ros_move_group/move_group --ros-args --params-file /tmp/launch_params_1mujiudo'].
1761215914.1461320 [joint_state_publisher_gui-3] QStandardPaths: XDG_RUNTIME_DIR not set, defaulting to '/tmp/runtime-root'
1761215914.1600881 [rviz2-5] [INFO] [1761215914.159945777] [rviz2]: Stereo is NOT SUPPORTED
1761215914.1603088 [rviz2-5] [INFO] [1761215914.160074398] [rviz2]: OpenGl version: 4.6 (GLSL 4.6)
1761215914.1911995 [rviz2-5] [INFO] [1761215914.191011613] [rviz2]: Stereo is NOT SUPPORTED
1761215914.1972623 [joint_state_publisher_gui-3] [INFO] [1761215914.197063505] [joint_state_publisher_gui]: Waiting for robot_description to be published on the robot_description topic...
1761215914.2067242 [joint_state_publisher_gui-3] [INFO] [1761215914.206568452] [joint_state_publisher_gui]: Centering
1761215914.2816131 [rviz2-5] Warning: class_loader.impl: SEVERE WARNING!!! A namespace collision has occurred with plugin factory for class rviz_default_plugins::displays::InteractiveMarkerDisplay. New factory will OVERWRITE existing one. This situation occurs when libraries containing plugins are directly linked against an executable (the one running right now generating this message). Please separate plugins out into their own library or just don't link against the library and use either class_loader::ClassLoader/MultiLibraryClassLoader to open.
1761215914.2818861 [rviz2-5]          at line 321 in /opt/ros/jazzy/include/class_loader/class_loader/class_loader_core.hpp
1761215914.2826321 [rviz2-5] [WARN] [1761215914.282516399] [rcl.logging_rosout]: Publisher already registered for node name: 'rviz2'. If this is due to multiple nodes with the same name then all logs for the logger named 'rviz2' will go out over the existing publisher. As soon as any node with that name is destructed it will unregister the publisher, preventing any further logs for that name from being published on the rosout topic.
1761215916.7852933 [joint_state_publisher_gui-3] [INFO] [1761215916.785046683] [joint_state_publisher_gui]: Centering
1761215916.8890371 [joint_state_publisher_gui-3] [INFO] [1761215916.888851109] [joint_state_publisher_gui]: Centering
1761215917.3293974 [rviz2-5] [ERROR] [1761215917.329016657] [rviz2.moveit.ros.motion_planning_frame]: Action server: /recognize_objects not available
1761215917.3401299 [rviz2-5] [INFO] [1761215917.339988166] [rviz2.moveit.ros.motion_planning_frame]: MoveGroup namespace changed: / -> . Reloading params.
1761215917.3492572 [rviz2-5] [WARN] [1761215917.348946915] [rcl.logging_rosout]: Publisher already registered for node name: 'rviz2'. If this is due to multiple nodes with the same name then all logs for the logger named 'rviz2' will go out over the existing publisher. As soon as any node with that name is destructed it will unregister the publisher, preventing any further logs for that name from being published on the rosout topic.
1761215917.3944082 [rviz2-5] [INFO] [1761215917.394237601] [rviz2.moveit.ros.rdf_loader]: Loaded robot model in 0.00301736 seconds
1761215917.3946719 [rviz2-5] [INFO] [1761215917.394324066] [rviz2.moveit.core.robot_model]: Loading robot model 'sekirei'...
1761215917.3947310 [rviz2-5] [INFO] [1761215917.394351872] [rviz2.moveit.core.robot_model]: No root/virtual joint specified in SRDF. Assuming fixed joint
1761215917.3948872 [rviz2-5] [WARN] [1761215917.394682669] [rviz2.moveit.core.robot_model]: Could not identify parent group for end-effector 'end_effector'
1761215917.4020512 [rviz2-5] [WARN] [1761215917.401894759] [kdl_parser]: The root link base_link has an inertia specified in the URDF, but KDL does not support a root link with an inertia.  As a workaround, you can add an extra dummy link to your URDF.
1761215917.4024527 [rviz2-5] [INFO] [1761215917.402046794] [rviz2.moveit.kinematics.kdl_kinematics_plugin]: Joint weights for group 'sekirei_arm': 1 1 1 1 1 1
1761215917.4446623 [rviz2-5] [INFO] [1761215917.444147165] [rviz2.moveit.ros.planning_scene_monitor]: Starting planning scene monitor
1761215917.4454367 [rviz2-5] [INFO] [1761215917.445297142] [rviz2.moveit.ros.planning_scene_monitor]: Listening to '/monitored_planning_scene'
1761215917.7678053 [rviz2-5] [INFO] [1761215917.767657772] [interactive_marker_display_101378426838384]: Connected on namespace: /rviz_moveit_motion_planning_display/robot_interaction_interactive_marker_topic
1761215917.7694151 [rviz2-5] [WARN] [1761215917.769348217] [kdl_parser]: The root link base_link has an inertia specified in the URDF, but KDL does not support a root link with an inertia.  As a workaround, you can add an extra dummy link to your URDF.
1761215917.8252652 [rviz2-5] [INFO] [1761215917.824977514] [interactive_marker_display_101378426838384]: Sending request for interactive markers
1761215917.8571360 [rviz2-5] [INFO] [1761215917.856908143] [interactive_marker_display_101378426838384]: Service response received for initialization
1761215922.7728391 [rviz2-5] [INFO] [1761215922.772614979] [rviz2.moveit.ros.planning_scene_monitor]: Failed to call service get_planning_scene, have you launched move_group or called psm.providePlanningSceneService()?
1761215922.7729936 [rviz2-5] [INFO] [1761215922.772705519] [rviz2.moveit.ros.motion_planning_frame]: group sekirei_arm
1761215922.7730441 [rviz2-5] [INFO] [1761215922.772712664] [rviz2.moveit.ros.motion_planning_frame]: Constructing new MoveGroup connection for group 'sekirei_arm' in namespace ''
1761215982.7844903 [rviz2-5] [INFO] [1761215982.784316043] [rviz2.moveit.ros.move_group_interface]: Ready to take commands for planning group sekirei_arm.
1761216036.4168897 [joint_state_publisher_gui-3] [INFO] [1761216036.416719831] [joint_state_publisher_gui]: Randomizing
1761216051.9018676 [INFO] [joint_state_publisher_gui-3]: process has finished cleanly [pid 108038]
1761216054.0892153 [rviz2-5] [ERROR] [1761216054.088967858] [rviz2.moveit.ros.background_processing]: Exception caught while processing action 'Frame::changePlanningGroup': std::future_error: Broken promise
1761216054.1283288 [rviz2-5] [INFO] [1761216054.128148893] [rviz2.moveit.ros.planning_scene_monitor]: Stopping planning scene monitor
1761216054.2917876 [INFO] [rviz2-5]: process has finished cleanly [pid 108040]
1761216058.6101401 [WARNING] [launch]: user interrupted with ctrl-c (SIGINT)
1761216058.6113026 [robot_state_publisher-2] [INFO] [1761216058.610028057] [rclcpp]: signal_handler(signum=2)
1761216058.6114740 [static_transform_publisher-1] [INFO] [1761216058.610028075] [rclcpp]: signal_handler(signum=2)
1761216058.7166533 [INFO] [static_transform_publisher-1]: process has finished cleanly [pid 108036]
1761216058.7172477 [INFO] [robot_state_publisher-2]: process has finished cleanly [pid 108037]
