1761217937.0227365 [INFO] [launch]: All log files can be found below /root/.ros/log/2025-10-23-11-12-17-022018-rodeppc-119540
1761217937.0228593 [INFO] [launch]: Default logging verbosity is set to INFO
1761217937.1266441 [INFO] [static_transform_publisher-1]: process started with pid [119544]
1761217937.1267531 [INFO] [robot_state_publisher-2]: process started with pid [119545]
1761217937.1268439 [INFO] [joint_state_publisher_gui-3]: process started with pid [119546]
1761217937.1269064 [INFO] [move_group-4]: process started with pid [119547]
1761217937.1269729 [INFO] [rviz2-5]: process started with pid [119548]
1761217937.1442010 [static_transform_publisher-1] [WARN] [1761217937.143838502] []: Old-style arguments are deprecated; see --help for new-style arguments
1761217937.1639776 [static_transform_publisher-1] [INFO] [1761217937.163716015] [static_transform_publisher]: Spinning until stopped - publishing transform
1761217937.1640999 [static_transform_publisher-1] translation: ('0.000000', '0.000000', '0.000000')
1761217937.1641719 [static_transform_publisher-1] rotation: ('0.000000', '0.000000', '0.000000', '1.000000')
1761217937.1642294 [static_transform_publisher-1] from 'world' to 'base_link'
1761217937.1689117 [robot_state_publisher-2] [WARN] [1761217937.168718250] [kdl_parser]: The root link base_link has an inertia specified in the URDF, but KDL does not support a root link with an inertia.  As a workaround, you can add an extra dummy link to your URDF.
1761217937.1691544 [robot_state_publisher-2] [INFO] [1761217937.168822475] [robot_state_publisher]: Robot initialized
1761217937.1774178 [rviz2-5] QStandardPaths: XDG_RUNTIME_DIR not set, defaulting to '/tmp/runtime-root'
1761217937.3713284 [ERROR] [move_group-4]: process has died [pid 119547, exit code -6, cmd '/opt/ros/jazzy/lib/moveit_ros_move_group/move_group --ros-args --params-file /tmp/launch_params_t7t7_sio'].
1761217937.8615344 [joint_state_publisher_gui-3] QStandardPaths: XDG_RUNTIME_DIR not set, defaulting to '/tmp/runtime-root'
1761217937.8716495 [rviz2-5] [INFO] [1761217937.871471485] [rviz2]: Stereo is NOT SUPPORTED
1761217937.8718593 [rviz2-5] [INFO] [1761217937.871635200] [rviz2]: OpenGl version: 4.6 (GLSL 4.6)
1761217937.9081991 [rviz2-5] [INFO] [1761217937.908003230] [rviz2]: Stereo is NOT SUPPORTED
1761217937.9192309 [joint_state_publisher_gui-3] [INFO] [1761217937.919032484] [joint_state_publisher_gui]: Waiting for robot_description to be published on the robot_description topic...
1761217937.9298804 [joint_state_publisher_gui-3] [INFO] [1761217937.929708134] [joint_state_publisher_gui]: Centering
1761217938.0093720 [rviz2-5] Warning: class_loader.impl: SEVERE WARNING!!! A namespace collision has occurred with plugin factory for class rviz_default_plugins::displays::InteractiveMarkerDisplay. New factory will OVERWRITE existing one. This situation occurs when libraries containing plugins are directly linked against an executable (the one running right now generating this message). Please separate plugins out into their own library or just don't link against the library and use either class_loader::ClassLoader/MultiLibraryClassLoader to open.
1761217938.0096428 [rviz2-5]          at line 321 in /opt/ros/jazzy/include/class_loader/class_loader/class_loader_core.hpp
1761217938.0103440 [rviz2-5] [WARN] [1761217938.010224869] [rcl.logging_rosout]: Publisher already registered for node name: 'rviz2'. If this is due to multiple nodes with the same name then all logs for the logger named 'rviz2' will go out over the existing publisher. As soon as any node with that name is destructed it will unregister the publisher, preventing any further logs for that name from being published on the rosout topic.
1761217938.4886644 [joint_state_publisher_gui-3] [INFO] [1761217938.488532070] [joint_state_publisher_gui]: Centering
1761217938.4912684 [joint_state_publisher_gui-3] [INFO] [1761217938.491111155] [joint_state_publisher_gui]: Centering
1761217941.0499763 [rviz2-5] [ERROR] [1761217941.049435602] [rviz2.moveit.ros.motion_planning_frame]: Action server: /recognize_objects not available
1761217941.0629616 [rviz2-5] [INFO] [1761217941.062812636] [rviz2.moveit.ros.motion_planning_frame]: MoveGroup namespace changed: / -> . Reloading params.
1761217941.0731492 [rviz2-5] [WARN] [1761217941.072942486] [rcl.logging_rosout]: Publisher already registered for node name: 'rviz2'. If this is due to multiple nodes with the same name then all logs for the logger named 'rviz2' will go out over the existing publisher. As soon as any node with that name is destructed it will unregister the publisher, preventing any further logs for that name from being published on the rosout topic.
1761217941.1057408 [rviz2-5] [INFO] [1761217941.105594600] [rviz2.moveit.ros.rdf_loader]: Loaded robot model in 0.00401861 seconds
1761217941.1059651 [rviz2-5] [INFO] [1761217941.105677314] [rviz2.moveit.core.robot_model]: Loading robot model 'sekirei'...
1761217941.1060355 [rviz2-5] [INFO] [1761217941.105703638] [rviz2.moveit.core.robot_model]: No root/virtual joint specified in SRDF. Assuming fixed joint
1761217941.1062131 [rviz2-5] [WARN] [1761217941.105983005] [rviz2.moveit.core.robot_model]: Could not identify parent group for end-effector 'end_effector'
1761217941.1132469 [rviz2-5] [WARN] [1761217941.113060357] [kdl_parser]: The root link base_link has an inertia specified in the URDF, but KDL does not support a root link with an inertia.  As a workaround, you can add an extra dummy link to your URDF.
1761217941.1135020 [rviz2-5] [INFO] [1761217941.113290642] [rviz2.moveit.kinematics.kdl_kinematics_plugin]: Joint weights for group 'sekirei_arm': 1 1 1 1 1 1
1761217941.1384358 [rviz2-5] [INFO] [1761217941.138238850] [rviz2.moveit.ros.planning_scene_monitor]: Starting planning scene monitor
1761217941.1390948 [rviz2-5] [INFO] [1761217941.138974788] [rviz2.moveit.ros.planning_scene_monitor]: Listening to '/monitored_planning_scene'
1761217941.5343821 [rviz2-5] [INFO] [1761217941.534234928] [interactive_marker_display_102937282880288]: Connected on namespace: /rviz_moveit_motion_planning_display/robot_interaction_interactive_marker_topic
1761217941.5363548 [rviz2-5] [WARN] [1761217941.536275626] [kdl_parser]: The root link base_link has an inertia specified in the URDF, but KDL does not support a root link with an inertia.  As a workaround, you can add an extra dummy link to your URDF.
1761217941.5970216 [rviz2-5] [INFO] [1761217941.596541979] [interactive_marker_display_102937282880288]: Sending request for interactive markers
1761217941.6290913 [rviz2-5] [INFO] [1761217941.628869857] [interactive_marker_display_102937282880288]: Service response received for initialization
1761217946.5430431 [rviz2-5] [INFO] [1761217946.542525564] [rviz2.moveit.ros.planning_scene_monitor]: Failed to call service get_planning_scene, have you launched move_group or called psm.providePlanningSceneService()?
1761217946.5432076 [rviz2-5] [INFO] [1761217946.542793391] [rviz2.moveit.ros.motion_planning_frame]: group sekirei_arm
1761217946.5433073 [rviz2-5] [INFO] [1761217946.542852733] [rviz2.moveit.ros.motion_planning_frame]: Constructing new MoveGroup connection for group 'sekirei_arm' in namespace ''
1761217982.0028746 [WARNING] [launch]: user interrupted with ctrl-c (SIGINT)
1761217982.0057642 [rviz2-5] [INFO] [1761217982.002275745] [rclcpp]: signal_handler(signum=2)
1761217982.0061657 [robot_state_publisher-2] [INFO] [1761217982.002526203] [rclcpp]: signal_handler(signum=2)
1761217982.0063803 [static_transform_publisher-1] [INFO] [1761217982.002630994] [rclcpp]: signal_handler(signum=2)
1761217982.0107310 [rviz2-5] terminate called without an active exception
1761217982.0129313 [ERROR] [joint_state_publisher_gui-3]: process has died [pid 119546, exit code -2, cmd '/opt/ros/jazzy/lib/joint_state_publisher_gui/joint_state_publisher_gui --ros-args -r __node:=joint_state_publisher_gui'].
1761217982.1128275 [INFO] [static_transform_publisher-1]: process has finished cleanly [pid 119544]
1761217982.1133225 [INFO] [robot_state_publisher-2]: process has finished cleanly [pid 119545]
1761217982.2249959 [WARNING] [launch]: user interrupted with ctrl-c (SIGINT) again, ignoring...
1761217982.5396492 [ERROR] [rviz2-5]: process has died [pid 119548, exit code -6, cmd '/opt/ros/jazzy/lib/rviz2/rviz2 -d /root/ros_ws/install/sekirei_moveit_config/share/sekirei_moveit_config/config/moveit.rviz --ros-args -r __node:=rviz2 --params-file /tmp/launch_params_b5kt7c7h'].
