1761215464.6935356 [INFO] [launch]: All log files can be found below /root/.ros/log/2025-10-23-10-31-04-692813-rodeppc-96704
1761215464.6936314 [INFO] [launch]: Default logging verbosity is set to INFO
1761215464.7889941 [INFO] [static_transform_publisher-1]: process started with pid [96707]
1761215464.7891045 [INFO] [robot_state_publisher-2]: process started with pid [96708]
1761215464.7891753 [INFO] [joint_state_publisher_gui-3]: process started with pid [96709]
1761215464.7892325 [INFO] [move_group-4]: process started with pid [96710]
1761215464.7892859 [INFO] [rviz2-5]: process started with pid [96711]
1761215464.8060677 [static_transform_publisher-1] [WARN] [1761215464.805750025] []: Old-style arguments are deprecated; see --help for new-style arguments
1761215464.8230591 [static_transform_publisher-1] [INFO] [1761215464.822873394] [static_transform_publisher]: Spinning until stopped - publishing transform
1761215464.8231611 [static_transform_publisher-1] translation: ('0.000000', '0.000000', '0.000000')
1761215464.8232090 [static_transform_publisher-1] rotation: ('0.000000', '0.000000', '0.000000', '1.000000')
1761215464.8232472 [static_transform_publisher-1] from 'world' to 'base_link'
1761215464.8259985 [robot_state_publisher-2] [WARN] [1761215464.825880029] [kdl_parser]: The root link base_link has an inertia specified in the URDF, but KDL does not support a root link with an inertia.  As a workaround, you can add an extra dummy link to your URDF.
1761215464.8262210 [robot_state_publisher-2] [INFO] [1761215464.825956507] [robot_state_publisher]: Robot initialized
1761215464.8311903 [rviz2-5] QStandardPaths: XDG_RUNTIME_DIR not set, defaulting to '/tmp/runtime-root'
1761215465.0042486 [ERROR] [move_group-4]: process has died [pid 96710, exit code -6, cmd '/opt/ros/jazzy/lib/moveit_ros_move_group/move_group --ros-args --params-file /tmp/launch_params_com7lmcr'].
1761215465.4942236 [joint_state_publisher_gui-3] QStandardPaths: XDG_RUNTIME_DIR not set, defaulting to '/tmp/runtime-root'
1761215465.5054169 [rviz2-5] [INFO] [1761215465.505226923] [rviz2]: Stereo is NOT SUPPORTED
1761215465.5057373 [rviz2-5] [INFO] [1761215465.505406671] [rviz2]: OpenGl version: 4.6 (GLSL 4.6)
1761215465.5414324 [rviz2-5] [INFO] [1761215465.541258956] [rviz2]: Stereo is NOT SUPPORTED
1761215465.5504050 [joint_state_publisher_gui-3] [INFO] [1761215465.550240612] [joint_state_publisher_gui]: Waiting for robot_description to be published on the robot_description topic...
1761215465.5602534 [joint_state_publisher_gui-3] [INFO] [1761215465.560018560] [joint_state_publisher_gui]: Centering
1761215465.6463170 [rviz2-5] Warning: class_loader.impl: SEVERE WARNING!!! A namespace collision has occurred with plugin factory for class rviz_default_plugins::displays::InteractiveMarkerDisplay. New factory will OVERWRITE existing one. This situation occurs when libraries containing plugins are directly linked against an executable (the one running right now generating this message). Please separate plugins out into their own library or just don't link against the library and use either class_loader::ClassLoader/MultiLibraryClassLoader to open.
1761215465.6471770 [rviz2-5]          at line 321 in /opt/ros/jazzy/include/class_loader/class_loader/class_loader_core.hpp
1761215465.6475224 [rviz2-5] [WARN] [1761215465.647321504] [rcl.logging_rosout]: Publisher already registered for node name: 'rviz2'. If this is due to multiple nodes with the same name then all logs for the logger named 'rviz2' will go out over the existing publisher. As soon as any node with that name is destructed it will unregister the publisher, preventing any further logs for that name from being published on the rosout topic.
1761215467.8003094 [joint_state_publisher_gui-3] [INFO] [1761215467.800185267] [joint_state_publisher_gui]: Centering
1761215467.8033860 [joint_state_publisher_gui-3] [INFO] [1761215467.803221274] [joint_state_publisher_gui]: Centering
1761215468.6817784 [rviz2-5] [ERROR] [1761215468.681250309] [rviz2.moveit.ros.motion_planning_frame]: Action server: /recognize_objects not available
1761215468.6916234 [rviz2-5] [INFO] [1761215468.691488678] [rviz2.moveit.ros.motion_planning_frame]: MoveGroup namespace changed: / -> . Reloading params.
1761215468.7001677 [rviz2-5] [WARN] [1761215468.700031139] [rcl.logging_rosout]: Publisher already registered for node name: 'rviz2'. If this is due to multiple nodes with the same name then all logs for the logger named 'rviz2' will go out over the existing publisher. As soon as any node with that name is destructed it will unregister the publisher, preventing any further logs for that name from being published on the rosout topic.
1761215468.7455316 [rviz2-5] [INFO] [1761215468.745381891] [rviz2.moveit.ros.rdf_loader]: Loaded robot model in 0.00208209 seconds
1761215468.7457547 [rviz2-5] [INFO] [1761215468.745443531] [rviz2.moveit.core.robot_model]: Loading robot model 'sekirei'...
1761215468.7458448 [rviz2-5] [INFO] [1761215468.745459914] [rviz2.moveit.core.robot_model]: No root/virtual joint specified in SRDF. Assuming fixed joint
1761215468.7459097 [rviz2-5] [WARN] [1761215468.745645788] [rviz2.moveit.core.robot_model]: Could not identify parent group for end-effector 'end_effector'
1761215468.7505350 [rviz2-5] [WARN] [1761215468.750325778] [kdl_parser]: The root link base_link has an inertia specified in the URDF, but KDL does not support a root link with an inertia.  As a workaround, you can add an extra dummy link to your URDF.
1761215468.7507224 [rviz2-5] [INFO] [1761215468.750572044] [rviz2.moveit.kinematics.kdl_kinematics_plugin]: Joint weights for group 'sekirei_arm': 1 1 1 1 1 1
1761215468.8065331 [rviz2-5] [INFO] [1761215468.806087845] [rviz2.moveit.ros.planning_scene_monitor]: Starting planning scene monitor
1761215468.8074403 [rviz2-5] [INFO] [1761215468.807328880] [rviz2.moveit.ros.planning_scene_monitor]: Listening to '/monitored_planning_scene'
1761215469.1318040 [rviz2-5] [INFO] [1761215469.131661910] [interactive_marker_display_98110739079168]: Connected on namespace: /rviz_moveit_motion_planning_display/robot_interaction_interactive_marker_topic
1761215469.1334271 [rviz2-5] [WARN] [1761215469.133358821] [kdl_parser]: The root link base_link has an inertia specified in the URDF, but KDL does not support a root link with an inertia.  As a workaround, you can add an extra dummy link to your URDF.
1761215469.1818292 [rviz2-5] [INFO] [1761215469.181626497] [interactive_marker_display_98110739079168]: Sending request for interactive markers
1761215469.2167706 [rviz2-5] [INFO] [1761215469.216568632] [interactive_marker_display_98110739079168]: Service response received for initialization
1761215471.4340599 [joint_state_publisher_gui-3] [INFO] [1761215471.433875256] [joint_state_publisher_gui]: Randomizing
1761215471.9823983 [joint_state_publisher_gui-3] [INFO] [1761215471.982127744] [joint_state_publisher_gui]: Randomizing
1761215472.1818540 [joint_state_publisher_gui-3] [INFO] [1761215472.181658779] [joint_state_publisher_gui]: Randomizing
1761215472.3432446 [joint_state_publisher_gui-3] [INFO] [1761215472.342997877] [joint_state_publisher_gui]: Randomizing
1761215474.1366179 [rviz2-5] [INFO] [1761215474.136152809] [rviz2.moveit.ros.planning_scene_monitor]: Failed to call service get_planning_scene, have you launched move_group or called psm.providePlanningSceneService()?
1761215474.1367350 [rviz2-5] [INFO] [1761215474.136409693] [rviz2.moveit.ros.motion_planning_frame]: group sekirei_arm
1761215474.1367784 [rviz2-5] [INFO] [1761215474.136417843] [rviz2.moveit.ros.motion_planning_frame]: Constructing new MoveGroup connection for group 'sekirei_arm' in namespace ''
1761215501.4229903 [INFO] [joint_state_publisher_gui-3]: process has finished cleanly [pid 96709]
1761215503.4138360 [rviz2-5] [ERROR] [1761215503.413636411] [rviz2.rclcpp_action]: Error in destruction of rcl action client handle: action client implementation is invalid, at ./src/rcl_action/action_client.c:491
1761215503.4181087 [rviz2-5] terminate called without an active exception
1761215504.0133653 [ERROR] [rviz2-5]: process has died [pid 96711, exit code -6, cmd '/opt/ros/jazzy/lib/rviz2/rviz2 -d /root/ros_ws/install/sekirei_moveit_config/share/sekirei_moveit_config/config/moveit.rviz --ros-args -r __node:=rviz2 --params-file /tmp/launch_params_amy2l01m'].
1761215506.6470013 [WARNING] [launch]: user interrupted with ctrl-c (SIGINT)
1761215506.6481221 [static_transform_publisher-1] [INFO] [1761215506.646880484] [rclcpp]: signal_handler(signum=2)
1761215506.6482577 [robot_state_publisher-2] [INFO] [1761215506.646880447] [rclcpp]: signal_handler(signum=2)
1761215506.7580001 [INFO] [static_transform_publisher-1]: process has finished cleanly [pid 96707]
1761215506.7597060 [INFO] [robot_state_publisher-2]: process has finished cleanly [pid 96708]
