1761290461.6648998 [INFO] [launch]: All log files can be found below /root/.ros/log/2025-10-24-07-21-01-664163-rodeppc-72080
1761290461.6650269 [INFO] [launch]: Default logging verbosity is set to INFO
1761290461.7710178 [INFO] [static_transform_publisher-1]: process started with pid [72083]
1761290461.7711582 [INFO] [robot_state_publisher-2]: process started with pid [72084]
1761290461.7712374 [INFO] [joint_state_publisher_gui-3]: process started with pid [72085]
1761290461.7713075 [INFO] [move_group-4]: process started with pid [72086]
1761290461.7714152 [INFO] [rviz2-5]: process started with pid [72087]
1761290461.7891181 [static_transform_publisher-1] [WARN] [1761290461.788842797] []: Old-style arguments are deprecated; see --help for new-style arguments
1761290461.8079846 [static_transform_publisher-1] [INFO] [1761290461.807787675] [static_transform_publisher]: Spinning until stopped - publishing transform
1761290461.8081148 [static_transform_publisher-1] translation: ('0.000000', '0.000000', '0.000000')
1761290461.8081822 [static_transform_publisher-1] rotation: ('0.000000', '0.000000', '0.000000', '1.000000')
1761290461.8082421 [static_transform_publisher-1] from 'world' to 'base_link'
1761290461.8099954 [robot_state_publisher-2] [WARN] [1761290461.809799125] [kdl_parser]: The root link base_link has an inertia specified in the URDF, but KDL does not support a root link with an inertia.  As a workaround, you can add an extra dummy link to your URDF.
1761290461.8103142 [robot_state_publisher-2] [INFO] [1761290461.809938793] [robot_state_publisher]: Robot initialized
1761290461.8288469 [rviz2-5] QStandardPaths: XDG_RUNTIME_DIR not set, defaulting to '/tmp/runtime-root'
1761290462.5296636 [joint_state_publisher_gui-3] QStandardPaths: XDG_RUNTIME_DIR not set, defaulting to '/tmp/runtime-root'
1761290462.5453777 [rviz2-5] [INFO] [1761290462.545099320] [rviz2]: Stereo is NOT SUPPORTED
1761290462.5457439 [rviz2-5] [INFO] [1761290462.545408746] [rviz2]: OpenGl version: 4.6 (GLSL 4.6)
1761290462.5822301 [rviz2-5] [INFO] [1761290462.581905653] [rviz2]: Stereo is NOT SUPPORTED
1761290462.6128638 [joint_state_publisher_gui-3] [INFO] [1761290462.612364250] [joint_state_publisher_gui]: Waiting for robot_description to be published on the robot_description topic...
1761290462.6277823 [joint_state_publisher_gui-3] [INFO] [1761290462.627623529] [joint_state_publisher_gui]: Centering
1761290462.6638749 [rviz2-5] [ERROR] [1761290462.663685494] [rviz2]: PluginlibFactory: The plugin for class 'moveit_rviz_plugin/MotionPlanning' failed to load. Error: According to the loaded plugin descriptions the class moveit_rviz_plugin/MotionPlanning with base class type rviz_common::Display does not exist. Declared types are  rviz_default_plugins/AccelStamped rviz_default_plugins/Axes rviz_default_plugins/Camera rviz_default_plugins/CameraInfo rviz_default_plugins/DepthCloud rviz_default_plugins/Effort rviz_default_plugins/FluidPressure rviz_default_plugins/Grid rviz_default_plugins/GridCells rviz_default_plugins/Illuminance rviz_default_plugins/Image rviz_default_plugins/InteractiveMarkers rviz_default_plugins/LaserScan rviz_default_plugins/Map rviz_default_plugins/Marker rviz_default_plugins/MarkerArray rviz_default_plugins/Odometry rviz_default_plugins/Path rviz_default_plugins/PointCloud rviz_default_plugins/PointCloud2 rviz_default_plugins/PointStamped rviz_default_plugins/Polygon rviz_default_plugins/Pose rviz_default_plugins/PoseArray rviz_default_plugins/PoseWithCovariance rviz_default_plugins/Range rviz_default_plugins/RelativeHumidity rviz_default_plugins/RobotModel rviz_default_plugins/TF rviz_default_plugins/Temperature rviz_default_plugins/TwistStamped rviz_default_plugins/Wrench
1761290462.6727674 [rviz2-5] [ERROR] [1761290462.672598653] [rviz2]: PluginlibFactory: The plugin for class 'rviz_visual_tools/RvizVisualToolsGui' failed to load. Error: According to the loaded plugin descriptions the class rviz_visual_tools/RvizVisualToolsGui with base class type rviz_common::Panel does not exist. Declared types are 
1761290462.7381425 [joint_state_publisher_gui-3] [INFO] [1761290462.737926613] [joint_state_publisher_gui]: Centering
1761290462.9859467 [ERROR] [move_group-4]: process has died [pid 72086, exit code -6, cmd '/opt/ros/jazzy/lib/moveit_ros_move_group/move_group --ros-args -r __ns:=/ --params-file /tmp/launch_params_0el74u3l'].
1761290465.2804027 [INFO] [joint_state_publisher_gui-3]: process has finished cleanly [pid 72085]
1761290482.8016825 [INFO] [rviz2-5]: process has finished cleanly [pid 72087]
1761290495.3249769 [WARNING] [launch]: user interrupted with ctrl-c (SIGINT)
1761290495.3299651 [robot_state_publisher-2] [INFO] [1761290495.324626233] [rclcpp]: signal_handler(signum=2)
1761290495.3301253 [static_transform_publisher-1] [INFO] [1761290495.324628343] [rclcpp]: signal_handler(signum=2)
1761290495.4396987 [INFO] [static_transform_publisher-1]: process has finished cleanly [pid 72083]
1761290495.4412589 [INFO] [robot_state_publisher-2]: process has finished cleanly [pid 72084]
