1761293369.6594248 [INFO] [launch]: All log files can be found below /root/.ros/log/2025-10-24-08-09-29-658743-rodeppc-118330
1761293369.6595223 [INFO] [launch]: Default logging verbosity is set to INFO
1761293369.7565310 [INFO] [static_transform_publisher-1]: process started with pid [118333]
1761293369.7566628 [INFO] [robot_state_publisher-2]: process started with pid [118334]
1761293369.7567325 [INFO] [joint_state_publisher_gui-3]: process started with pid [118335]
1761293369.7567906 [INFO] [move_group-4]: process started with pid [118336]
1761293369.7568436 [INFO] [rviz2-5]: process started with pid [118337]
1761293369.7729785 [static_transform_publisher-1] [WARN] [1761293369.772665547] []: Old-style arguments are deprecated; see --help for new-style arguments
1761293369.7915554 [static_transform_publisher-1] [INFO] [1761293369.791280342] [static_transform_publisher]: Spinning until stopped - publishing transform
1761293369.7917073 [static_transform_publisher-1] translation: ('0.000000', '0.000000', '0.000000')
1761293369.7917926 [static_transform_publisher-1] rotation: ('0.000000', '0.000000', '0.000000', '1.000000')
1761293369.7918618 [static_transform_publisher-1] from 'world' to 'base_link'
1761293369.7949150 [robot_state_publisher-2] [WARN] [1761293369.794762922] [kdl_parser]: The root link base_link has an inertia specified in the URDF, but KDL does not support a root link with an inertia.  As a workaround, you can add an extra dummy link to your URDF.
1761293369.7951210 [robot_state_publisher-2] [INFO] [1761293369.794844716] [robot_state_publisher]: Robot initialized
1761293369.7992508 [rviz2-5] QStandardPaths: XDG_RUNTIME_DIR not set, defaulting to '/tmp/runtime-root'
1761293370.4600353 [joint_state_publisher_gui-3] QStandardPaths: XDG_RUNTIME_DIR not set, defaulting to '/tmp/runtime-root'
1761293370.4740407 [rviz2-5] [INFO] [1761293370.473807495] [rviz2]: Stereo is NOT SUPPORTED
1761293370.4744496 [rviz2-5] [INFO] [1761293370.474012410] [rviz2]: OpenGl version: 4.6 (GLSL 4.6)
1761293370.5046022 [rviz2-5] [INFO] [1761293370.504352759] [rviz2]: Stereo is NOT SUPPORTED
1761293370.5149977 [joint_state_publisher_gui-3] [INFO] [1761293370.514775249] [joint_state_publisher_gui]: Waiting for robot_description to be published on the robot_description topic...
1761293370.5240192 [joint_state_publisher_gui-3] [INFO] [1761293370.523828807] [joint_state_publisher_gui]: Centering
1761293370.5950639 [rviz2-5] Warning: class_loader.impl: SEVERE WARNING!!! A namespace collision has occurred with plugin factory for class rviz_default_plugins::displays::InteractiveMarkerDisplay. New factory will OVERWRITE existing one. This situation occurs when libraries containing plugins are directly linked against an executable (the one running right now generating this message). Please separate plugins out into their own library or just don't link against the library and use either class_loader::ClassLoader/MultiLibraryClassLoader to open.
1761293370.5954909 [rviz2-5]          at line 321 in /opt/ros/jazzy/include/class_loader/class_loader/class_loader_core.hpp
1761293370.5962958 [rviz2-5] [WARN] [1761293370.596106219] [rcl.logging_rosout]: Publisher already registered for node name: 'rviz2'. If this is due to multiple nodes with the same name then all logs for the logger named 'rviz2' will go out over the existing publisher. As soon as any node with that name is destructed it will unregister the publisher, preventing any further logs for that name from being published on the rosout topic.
1761293372.5828383 [joint_state_publisher_gui-3] [INFO] [1761293372.582344308] [joint_state_publisher_gui]: Centering
1761293373.3597786 [joint_state_publisher_gui-3] [INFO] [1761293373.359554914] [joint_state_publisher_gui]: Centering
1761293373.5515380 [joint_state_publisher_gui-3] [INFO] [1761293373.551317748] [joint_state_publisher_gui]: Centering
1761293373.6317668 [rviz2-5] [ERROR] [1761293373.631529704] [rviz2.moveit.ros.motion_planning_frame]: Action server: /recognize_objects not available
1761293373.6426778 [rviz2-5] [INFO] [1761293373.642523498] [rviz2.moveit.ros.motion_planning_frame]: MoveGroup namespace changed: / -> . Reloading params.
1761293373.6504402 [rviz2-5] [ERROR] [1761293373.650297670] [rviz2]: PluginlibFactory: The plugin for class 'rviz_visual_tools/RvizVisualToolsGui' failed to load. Error: According to the loaded plugin descriptions the class rviz_visual_tools/RvizVisualToolsGui with base class type rviz_common::Panel does not exist. Declared types are 
1761293373.6971471 [rviz2-5] [INFO] [1761293373.696706890] [rviz2.moveit.ros.rdf_loader]: Loaded robot model in 0.00383288 seconds
1761293373.6975646 [rviz2-5] [INFO] [1761293373.696964365] [rviz2.moveit.core.robot_model]: Loading robot model 'sekirei'...
1761293373.6976643 [rviz2-5] [INFO] [1761293373.697012340] [rviz2.moveit.core.robot_model]: No root/virtual joint specified in SRDF. Assuming fixed joint
1761293373.6978455 [rviz2-5] [WARN] [1761293373.697512345] [rviz2.moveit.core.robot_model]: Could not identify parent group for end-effector 'end_effector'
1761293373.7054455 [rviz2-5] [WARN] [1761293373.705250082] [kdl_parser]: The root link base_link has an inertia specified in the URDF, but KDL does not support a root link with an inertia.  As a workaround, you can add an extra dummy link to your URDF.
1761293373.7057533 [rviz2-5] [INFO] [1761293373.705382330] [rviz2.moveit.kinematics.kdl_kinematics_plugin]: Joint weights for group 'sekirei_arm': 1 1 1 1 1 1
1761293373.7633677 [rviz2-5] [INFO] [1761293373.762960644] [rviz2.moveit.ros.planning_scene_monitor]: Starting planning scene monitor
1761293373.7644551 [rviz2-5] [INFO] [1761293373.764241569] [rviz2.moveit.ros.planning_scene_monitor]: Listening to '/monitored_planning_scene'
1761293374.1293538 [rviz2-5] [INFO] [1761293374.129192390] [interactive_marker_display_97014072597440]: Connected on namespace: /rviz_moveit_motion_planning_display/robot_interaction_interactive_marker_topic
1761293374.1309888 [rviz2-5] [WARN] [1761293374.130908142] [kdl_parser]: The root link base_link has an inertia specified in the URDF, but KDL does not support a root link with an inertia.  As a workaround, you can add an extra dummy link to your URDF.
1761293374.1356769 [rviz2-5] [INFO] [1761293374.135418972] [rviz2.moveit.ros.motion_planning_frame]: group sekirei_arm
1761293374.1358149 [rviz2-5] [INFO] [1761293374.135455544] [rviz2.moveit.ros.motion_planning_frame]: Constructing new MoveGroup connection for group 'sekirei_arm' in namespace ''
1761293374.1473172 [rviz2-5] [INFO] [1761293374.147116818] [rviz2.moveit.ros.move_group_interface]: Ready to take commands for planning group sekirei_arm.
1761293374.1846678 [rviz2-5] [INFO] [1761293374.184233059] [interactive_marker_display_97014072597440]: Sending request for interactive markers
1761293374.2173958 [rviz2-5] [INFO] [1761293374.217072153] [interactive_marker_display_97014072597440]: Service response received for initialization
1761293409.7725477 [rviz2-5] [INFO] [1761293409.771794728] [rviz2.moveit.ros.move_group_interface]: MoveGroup action client/server ready
1761293409.7761035 [rviz2-5] [INFO] [1761293409.775355047] [rviz2.moveit.ros.move_group_interface]: Planning request accepted
1761293409.8508930 [rviz2-5] [INFO] [1761293409.850786198] [rviz2.moveit.ros.move_group_interface]: Planning request complete!
1761293409.8519120 [rviz2-5] [INFO] [1761293409.851667670] [rviz2.moveit.ros.move_group_interface]: time taken to generate plan: 0.0160191 seconds
1761293411.9986129 [rviz2-5] [INFO] [1761293411.997980418] [rviz2.moveit.ros.move_group_interface]: Execute request accepted
1761293412.0015867 [rviz2-5] [INFO] [1761293411.999259390] [rviz2.moveit.ros.move_group_interface]: Execute request aborted
1761293412.0020909 [rviz2-5] [ERROR] [1761293412.000210286] [rviz2.moveit.ros.move_group_interface]: MoveGroupInterface::execute() failed or timeout reached
1761293413.7220194 [rviz2-5] [INFO] [1761293413.709638792] [rviz2.moveit.ros.move_group_interface]: Plan and Execute request accepted
1761293413.7621317 [rviz2-5] [INFO] [1761293413.760622596] [rviz2.moveit.ros.move_group_interface]: Plan and Execute request aborted
1761293413.7624898 [rviz2-5] [ERROR] [1761293413.760730087] [rviz2.moveit.ros.move_group_interface]: MoveGroupInterface::move() failed or timeout reached
1761293414.2519975 [rviz2-5] [INFO] [1761293414.250247743] [rviz2.moveit.ros.move_group_interface]: Plan and Execute request accepted
1761293414.3611796 [rviz2-5] [INFO] [1761293414.359195654] [rviz2.moveit.ros.move_group_interface]: Plan and Execute request aborted
1761293414.3614511 [rviz2-5] [ERROR] [1761293414.359494396] [rviz2.moveit.ros.move_group_interface]: MoveGroupInterface::move() failed or timeout reached
1761293414.5561178 [rviz2-5] [INFO] [1761293414.555616974] [rviz2.moveit.ros.move_group_interface]: Plan and Execute request accepted
1761293414.6361899 [rviz2-5] [INFO] [1761293414.635510124] [rviz2.moveit.ros.move_group_interface]: Plan and Execute request aborted
1761293414.6363466 [rviz2-5] [ERROR] [1761293414.635794500] [rviz2.moveit.ros.move_group_interface]: MoveGroupInterface::move() failed or timeout reached
1761293418.2992284 [rviz2-5] [INFO] [1761293418.298928362] [rviz2.moveit.ros.move_group_interface]: MoveGroup action client/server ready
1761293418.2998662 [rviz2-5] [INFO] [1761293418.299563006] [rviz2.moveit.ros.move_group_interface]: Planning request accepted
1761293418.3416679 [rviz2-5] [INFO] [1761293418.341557391] [rviz2.moveit.ros.move_group_interface]: Planning request complete!
1761293418.3426740 [rviz2-5] [INFO] [1761293418.342586560] [rviz2.moveit.ros.move_group_interface]: time taken to generate plan: 0.0196955 seconds
1761293420.2796447 [rviz2-5] [INFO] [1761293420.279021492] [rviz2.moveit.ros.move_group_interface]: MoveGroup action client/server ready
1761293420.2815099 [rviz2-5] [INFO] [1761293420.280189329] [rviz2.moveit.ros.move_group_interface]: Planning request accepted
1761293420.3664346 [rviz2-5] [INFO] [1761293420.364480204] [rviz2.moveit.ros.move_group_interface]: Planning request complete!
1761293420.3673489 [rviz2-5] [INFO] [1761293420.365596704] [rviz2.moveit.ros.move_group_interface]: time taken to generate plan: 0.0408414 seconds
1761293420.8394711 [rviz2-5] [INFO] [1761293420.838856323] [rviz2.moveit.ros.move_group_interface]: MoveGroup action client/server ready
1761293420.8403118 [rviz2-5] [INFO] [1761293420.839875908] [rviz2.moveit.ros.move_group_interface]: Planning request accepted
1761293420.9701452 [rviz2-5] [INFO] [1761293420.969039313] [rviz2.moveit.ros.move_group_interface]: Planning request complete!
1761293420.9708643 [rviz2-5] [INFO] [1761293420.970026315] [rviz2.moveit.ros.move_group_interface]: time taken to generate plan: 0.0459302 seconds
1761293422.1922688 [rviz2-5] [INFO] [1761293422.189583268] [rviz2.moveit.ros.move_group_interface]: Execute request accepted
1761293422.1927998 [rviz2-5] [INFO] [1761293422.190125556] [rviz2.moveit.ros.move_group_interface]: Execute request aborted
1761293422.1930060 [rviz2-5] [ERROR] [1761293422.190957568] [rviz2.moveit.ros.move_group_interface]: MoveGroupInterface::execute() failed or timeout reached
1761293434.3003666 [rviz2-5] [INFO] [1761293434.300114534] [rviz2.moveit.ros.move_group_interface]: MoveGroup action client/server ready
1761293434.3011172 [rviz2-5] [INFO] [1761293434.300643327] [rviz2.moveit.ros.move_group_interface]: Planning request accepted
1761293434.3363018 [rviz2-5] [INFO] [1761293434.336009424] [rviz2.moveit.ros.move_group_interface]: Planning request complete!
1761293434.3365228 [rviz2-5] [INFO] [1761293434.336205752] [rviz2.moveit.ros.move_group_interface]: time taken to generate plan: 0.0150928 seconds
1761293435.7092690 [rviz2-5] [INFO] [1761293435.708534599] [rviz2.moveit.ros.move_group_interface]: Execute request accepted
1761293435.7094512 [rviz2-5] [INFO] [1761293435.708701540] [rviz2.moveit.ros.move_group_interface]: Execute request aborted
1761293435.7095850 [rviz2-5] [ERROR] [1761293435.709284561] [rviz2.moveit.ros.move_group_interface]: MoveGroupInterface::execute() failed or timeout reached
1761293436.4275970 [rviz2-5] [INFO] [1761293436.425964962] [rviz2.moveit.ros.move_group_interface]: Plan and Execute request accepted
1761293436.5399895 [rviz2-5] [INFO] [1761293436.539460246] [rviz2.moveit.ros.move_group_interface]: Plan and Execute request aborted
1761293436.5405748 [rviz2-5] [ERROR] [1761293436.540437906] [rviz2.moveit.ros.move_group_interface]: MoveGroupInterface::move() failed or timeout reached
1761293445.4577057 [joint_state_publisher_gui-3] [INFO] [1761293445.457051841] [joint_state_publisher_gui]: Randomizing
1761293446.1011374 [joint_state_publisher_gui-3] [INFO] [1761293446.100877740] [joint_state_publisher_gui]: Randomizing
1761293447.9284639 [joint_state_publisher_gui-3] [INFO] [1761293447.927912822] [joint_state_publisher_gui]: Centering
1761293450.1260161 [INFO] [joint_state_publisher_gui-3]: process has finished cleanly [pid 118335]
1761293459.2257531 [rviz2-5] [INFO] [1761293459.225402371] [rviz2.moveit.ros.planning_scene_monitor]: Stopping planning scene monitor
1761293459.4133143 [INFO] [rviz2-5]: process has finished cleanly [pid 118337]
1761293460.6875601 [WARNING] [launch]: user interrupted with ctrl-c (SIGINT)
1761293460.6903787 [robot_state_publisher-2] [INFO] [1761293460.687268309] [rclcpp]: signal_handler(signum=2)
1761293460.6906173 [static_transform_publisher-1] [INFO] [1761293460.687269164] [rclcpp]: signal_handler(signum=2)
1761293460.7986510 [INFO] [static_transform_publisher-1]: process has finished cleanly [pid 118333]
1761293460.7996593 [INFO] [robot_state_publisher-2]: process has finished cleanly [pid 118334]
1761293460.8503711 [ERROR] [move_group-4]: process has died [pid 118336, exit code -11, cmd '/opt/ros/jazzy/lib/moveit_ros_move_group/move_group --ros-args -r __ns:=/ --params-file /tmp/launch_params_kg9i2866'].
