1761211255.3140154 [INFO] [launch]: All log files can be found below /root/.ros/log/2025-10-23-09-20-55-313138-rodeppc-60300
1761211255.3141983 [INFO] [launch]: Default logging verbosity is set to INFO
1761211255.4379923 [INFO] [static_transform_publisher-1]: process started with pid [60303]
1761211255.4382136 [INFO] [robot_state_publisher-2]: process started with pid [60304]
1761211255.4383497 [INFO] [joint_state_publisher_gui-3]: process started with pid [60305]
1761211255.4384499 [INFO] [move_group-4]: process started with pid [60306]
1761211255.4385405 [INFO] [rviz2-5]: process started with pid [60307]
1761211255.4580567 [static_transform_publisher-1] [WARN] []: Old-style arguments are deprecated; see --help for new-style arguments
1761211255.4776342 [static_transform_publisher-1] [INFO] [static_transform_publisher]: Spinning until stopped - publishing transform
1761211255.4778860 [static_transform_publisher-1] translation: ('0.000000', '0.000000', '0.000000')
1761211255.4780006 [static_transform_publisher-1] rotation: ('0.000000', '0.000000', '0.000000', '1.000000')
1761211255.4780865 [static_transform_publisher-1] from 'world' to 'base_link'
1761211255.4800081 [robot_state_publisher-2] [WARN] [kdl_parser]: The root link base_link has an inertia specified in the URDF, but KDL does not support a root link with an inertia.  As a workaround, you can add an extra dummy link to your URDF.
1761211255.4803042 [robot_state_publisher-2] [INFO] [robot_state_publisher]: Robot initialized
1761211255.4919403 [rviz2-5] QStandardPaths: XDG_RUNTIME_DIR not set, defaulting to '/tmp/runtime-root'
1761211255.7561443 [ERROR] [move_group-4]: process has died [pid 60306, exit code -6, cmd '/opt/ros/jazzy/lib/moveit_ros_move_group/move_group --ros-args --params-file /tmp/launch_params_3omigvw3 --params-file /tmp/launch_params_wz_suvm2 --params-file /tmp/launch_params_5aflhd04 --params-file /tmp/launch_params_0wzbp4ud --params-file /tmp/launch_params_1d3gorli'].
1761211256.2694247 [joint_state_publisher_gui-3] QStandardPaths: XDG_RUNTIME_DIR not set, defaulting to '/tmp/runtime-root'
1761211256.2803938 [rviz2-5] [INFO] [rviz2]: Stereo is NOT SUPPORTED
1761211256.2807174 [rviz2-5] [INFO] [rviz2]: OpenGl version: 4.6 (GLSL 4.6)
1761211256.3189785 [rviz2-5] [INFO] [rviz2]: Stereo is NOT SUPPORTED
1761211256.3278146 [joint_state_publisher_gui-3] [INFO] [joint_state_publisher_gui]: Waiting for robot_description to be published on the robot_description topic...
1761211256.3402407 [joint_state_publisher_gui-3] [INFO] [joint_state_publisher_gui]: Centering
1761211256.4362516 [rviz2-5] Warning: class_loader.impl: SEVERE WARNING!!! A namespace collision has occurred with plugin factory for class rviz_default_plugins::displays::InteractiveMarkerDisplay. New factory will OVERWRITE existing one. This situation occurs when libraries containing plugins are directly linked against an executable (the one running right now generating this message). Please separate plugins out into their own library or just don't link against the library and use either class_loader::ClassLoader/MultiLibraryClassLoader to open.
1761211256.4367135 [rviz2-5]          at line 321 in /opt/ros/jazzy/include/class_loader/class_loader/class_loader_core.hpp
1761211256.4380095 [rviz2-5] [WARN] [rcl.logging_rosout]: Publisher already registered for node name: 'rviz2'. If this is due to multiple nodes with the same name then all logs for the logger named 'rviz2' will go out over the existing publisher. As soon as any node with that name is destructed it will unregister the publisher, preventing any further logs for that name from being published on the rosout topic.
1761211258.5753872 [joint_state_publisher_gui-3] [INFO] [joint_state_publisher_gui]: Centering
1761211259.4700336 [rviz2-5] [ERROR] [rviz2.moveit.ros.motion_planning_frame]: Action server: /recognize_objects not available
1761211259.4833465 [rviz2-5] [INFO] [rviz2.moveit.ros.motion_planning_frame]: MoveGroup namespace changed: / -> . Reloading params.
1761211259.4932098 [rviz2-5] [WARN] [rcl.logging_rosout]: Publisher already registered for node name: 'rviz2'. If this is due to multiple nodes with the same name then all logs for the logger named 'rviz2' will go out over the existing publisher. As soon as any node with that name is destructed it will unregister the publisher, preventing any further logs for that name from being published on the rosout topic.
1761211259.5300500 [rviz2-5] [INFO] [rviz2.moveit.ros.rdf_loader]: Loaded robot model in 0.00200291 seconds
1761211259.5304661 [rviz2-5] [INFO] [rviz2.moveit.core.robot_model]: Loading robot model 'sekirei'...
1761211259.5305650 [rviz2-5] [INFO] [rviz2.moveit.core.robot_model]: No root/virtual joint specified in SRDF. Assuming fixed joint
1761211259.5307407 [rviz2-5] [WARN] [rviz2.moveit.core.robot_model]: Could not identify parent group for end-effector 'end_effector'
1761211259.5340633 [rviz2-5] [WARN] [rviz2.moveit.ros.robot_model_loader]: No kinematics plugins defined. Fill and load kinematics.yaml!
1761211259.5986137 [rviz2-5] [INFO] [rviz2.moveit.ros.planning_scene_monitor]: Starting planning scene monitor
1761211259.5994828 [rviz2-5] [INFO] [rviz2.moveit.ros.planning_scene_monitor]: Listening to '/monitored_planning_scene'
1761211259.9631681 [rviz2-5] [INFO] [interactive_marker_display_98961725193136]: Connected on namespace: /rviz_moveit_motion_planning_display/robot_interaction_interactive_marker_topic
1761211259.9654920 [rviz2-5] [WARN] [kdl_parser]: The root link base_link has an inertia specified in the URDF, but KDL does not support a root link with an inertia.  As a workaround, you can add an extra dummy link to your URDF.
1761211259.9658258 [rviz2-5] [INFO] [rviz2.moveit.ros.robot_interaction]: No active joints or end effectors found for group 'sekirei_arm'. Make sure that kinematics.yaml is loaded in this node's namespace.
1761211260.0338483 [rviz2-5] [INFO] [interactive_marker_display_98961725193136]: Sending request for interactive markers
1761211260.0651066 [rviz2-5] [INFO] [interactive_marker_display_98961725193136]: Service response received for initialization
1761211264.9789829 [rviz2-5] [INFO] [rviz2.moveit.ros.planning_scene_monitor]: Failed to call service get_planning_scene, have you launched move_group or called psm.providePlanningSceneService()?
1761211264.9795294 [rviz2-5] [INFO] [rviz2.moveit.ros.motion_planning_frame]: group sekirei_arm
1761211264.9796505 [rviz2-5] [INFO] [rviz2.moveit.ros.motion_planning_frame]: Constructing new MoveGroup connection for group 'sekirei_arm' in namespace ''
1761211324.9936225 [rviz2-5] [INFO] [rviz2.moveit.ros.move_group_interface]: Ready to take commands for planning group sekirei_arm.
1761211483.3454189 [joint_state_publisher_gui-3] [INFO] [joint_state_publisher_gui]: Centering
1761211485.3398399 [joint_state_publisher_gui-3] [INFO] [joint_state_publisher_gui]: Randomizing
1761211485.8628609 [joint_state_publisher_gui-3] [INFO] [joint_state_publisher_gui]: Randomizing
1761211486.1744187 [joint_state_publisher_gui-3] [INFO] [joint_state_publisher_gui]: Randomizing
1761211486.3283641 [joint_state_publisher_gui-3] [INFO] [joint_state_publisher_gui]: Randomizing
1761211486.4949205 [joint_state_publisher_gui-3] [INFO] [joint_state_publisher_gui]: Randomizing
1761211486.6558092 [joint_state_publisher_gui-3] [INFO] [joint_state_publisher_gui]: Randomizing
1761211486.8064301 [joint_state_publisher_gui-3] [INFO] [joint_state_publisher_gui]: Randomizing
1761211486.9636035 [joint_state_publisher_gui-3] [INFO] [joint_state_publisher_gui]: Randomizing
1761211487.1116955 [joint_state_publisher_gui-3] [INFO] [joint_state_publisher_gui]: Randomizing
1761211487.4143903 [joint_state_publisher_gui-3] [INFO] [joint_state_publisher_gui]: Randomizing
1761211487.5662940 [joint_state_publisher_gui-3] [INFO] [joint_state_publisher_gui]: Randomizing
1761211487.7395096 [joint_state_publisher_gui-3] [INFO] [joint_state_publisher_gui]: Randomizing
1761211487.8730862 [joint_state_publisher_gui-3] [INFO] [joint_state_publisher_gui]: Randomizing
1761211488.0224931 [joint_state_publisher_gui-3] [INFO] [joint_state_publisher_gui]: Randomizing
1761211488.1665189 [joint_state_publisher_gui-3] [INFO] [joint_state_publisher_gui]: Randomizing
1761211488.3385999 [joint_state_publisher_gui-3] [INFO] [joint_state_publisher_gui]: Randomizing
1761211491.3715687 [rviz2-5] [INFO] [rviz2.moveit.ros.move_group_interface]: MoveGroup action client/server not ready
1761211491.7911479 [rviz2-5] [INFO] [rviz2.moveit.ros.move_group_interface]: MoveGroup action client/server not ready
1761211491.9836705 [rviz2-5] [INFO] [rviz2.moveit.ros.move_group_interface]: MoveGroup action client/server not ready
1761211694.7673728 [rviz2-5] [INFO] [rviz2.moveit.ros.move_group_interface]: MoveGroup action client/server not ready
1761211694.9150534 [rviz2-5] [INFO] [rviz2.moveit.ros.move_group_interface]: MoveGroup action client/server not ready
1761211695.0655842 [rviz2-5] [INFO] [rviz2.moveit.ros.move_group_interface]: MoveGroup action client/server not ready
1761211695.2158446 [rviz2-5] [INFO] [rviz2.moveit.ros.move_group_interface]: MoveGroup action client/server not ready
1761211695.3524778 [rviz2-5] [INFO] [rviz2.moveit.ros.move_group_interface]: MoveGroup action client/server not ready
1761211695.4814813 [rviz2-5] [INFO] [rviz2.moveit.ros.move_group_interface]: MoveGroup action client/server not ready
1761211698.4064779 [INFO] [joint_state_publisher_gui-3]: process has finished cleanly [pid 60305]
1761211700.8522294 [rviz2-5] [ERROR] [rviz2.moveit.ros.background_processing]: Exception caught while processing action 'Frame::changePlanningGroup': std::future_error: Broken promise
1761211700.8724675 [rviz2-5] [INFO] [rviz2.moveit.ros.planning_scene_monitor]: Stopping planning scene monitor
1761211701.0513036 [INFO] [rviz2-5]: process has finished cleanly [pid 60307]
1761211763.8454330 [WARNING] [launch]: user interrupted with ctrl-c (SIGINT)
1761211763.8472018 [robot_state_publisher-2] [INFO] [rclcpp]: signal_handler(signum=2)
1761211763.8475606 [static_transform_publisher-1] [INFO] [rclcpp]: signal_handler(signum=2)
1761211763.9539509 [INFO] [static_transform_publisher-1]: process has finished cleanly [pid 60303]
1761211763.9546430 [INFO] [robot_state_publisher-2]: process has finished cleanly [pid 60304]
